
// File generated by darts version V-2024.06#8be6237c82#250729, Tue Jun 30 18:51:10 2026
// Copyright 2014-2024 Synopsys, Inc. All rights reserved.
// darts -I/home/bcloud/torch2aie/toolchain/aietools/data/aie2p/lib -d -h -I/home/bcloud/torch2aie/toolchain/aietools/include -I/home/bcloud/torch2aie/toolchain/aietools/include -I/home/bcloud/torch2aie/toolchain/mlir_aie/include -I/home/bcloud/torch2aie/toolchain/mlir_aie/include/aie_kernels -I/home/bcloud/torch2aie/toolchain/aietools/data/aie2p/lib/runtime_cxx/libcxx-lite/include -I/home/bcloud/torch2aie/toolchain/aietools/data/aie2p/lib/runtime_cxx/libs/libcxx-16/include -I/home/bcloud/torch2aie/toolchain/aietools/data/aie2p/lib/runtime_cxx/libs/libcxxabi-16/include -I/home/bcloud/torch2aie/toolchain/aietools/data/aie2p/lib/runtime/include -D__AIENGINE__ -D__AIE_ARCH__=21 -D__AIEARCH__=21 -DDIM_M=128 -DDIM_K=64 -DDIM_N=128 -D__tct_tgt__=250729 -L +Ihex +nanno mm_128x64x128.o me

// Release: ipp V-2024.06-TGT-250729
.data_segment_name
.bss local 4 _ZL9g_counter DMb 4

.undef local data _ZL9g_counter

.undef global data _ZN12me_primitive11control_satE

.undef global data _ZN12me_primitive11control_rndE

.text_segment_name
.text global 16 matmul_vectorized_different_datatypes
.function_start
	     0    0x10 0x34 0x01 0x18                                                                                                                                                        MOVX r26, #0
	     4    0x78 0x0c 0x80 0x00 0x00 0x02 0x30 0x00 0x10 0xba                                MOVA m3, #960;                                                                            MOVXM p4, #_ZL9g_counter
	    14    0x88 0x10 0x80 0x00 0x48 0x00 0x00 0x00 0x70 0xba                                MOVA m4, #-960;                                                                           PADDXM [sp], #2304
	    24    0x80 0x8a 0xd0 0x00 0x00 0x02 0xb0 0x00 0x10 0xba                                LDA r2, [p4];                                                                             MOVXM p5, #_ZN12me_primitive11control_rndE
	    34    0x01 0xbf 0x00 0x00 0x00 0x00 0x78 0x48 0x10 0xba                                MOVA r31, #13;                                                                            MOVXM ls, #(ZLS_Fmatmul_vectorized_different_datatypes_144 + 0)
	    44    0x03 0x95 0x70 0x00 0x00 0x01 0xb8 0x60 0x10 0xba                                VLDA.CONV.fp32.bf16 cml1, [p0], #64;                                                      MOVXM le, #(ZLE_Fmatmul_vectorized_different_datatypes_192 + 0)
	    54    0xa0 0xf8 0x50 0x00 0x00 0x6a 0xaa 0x60 0x78 0xba                                LDA.s8 r30, [p5];                                                                         MOVX r0, #3;                  MOV r21, p2
	    64    0x0d 0x1d 0x70 0x3f 0xff 0xfc 0x2b 0x80 0x10 0xba                                VLDA.CONV.fp32.bf16 cmh1, [p0], m3;                                                       MOVXM r1, #-2304
	    74    0x03 0xa5 0x70 0x00 0x80 0x02 0x8a 0xf0 0x78 0xba                                VLDA.CONV.fp32.bf16 cml2, [p0], #64;                                                      EVENT #0;                     MOV r20, sp
.aggressive_scheduled_block_id 1
.aggressive_scheduled_block_id first
	    84    0x11 0x2d 0x70 0x00 0x08 0xc8 0x28 0x68 0xa8 0xba                                VLDA.CONV.fp32.bf16 cmh2, [p0], m4;                                                       MOVX lc, #6;                  ADD.NC r1, r1, r20
.aggressive_scheduled_block_id 1
.noswbrkpt
	    94    0x03 0x95 0x70 0x05 0xb0 0x3d 0x30 0x40 0x08 0xba                                VLDA.CONV.fp32.bf16 cml1, [p0], #64;                                                      EQ r27, r2, r0;               ADD.NC p2, r1, #0
.aggressive_scheduled_block_id 1
.nohwbrkpt
.noswbrkpt
	   104    0x0d 0x1d 0x70 0x04 0x2f 0xec 0x08 0x80 0x48 0xba                                VLDA.CONV.fp32.bf16 cmh1, [p0], m3;                                                       LSHL r2, r2, r31;             ADD.NC r0, r2, #1
.aggressive_scheduled_block_id 1
.nohwbrkpt
.noswbrkpt
	   114    0x03 0xa5 0x70 0x00 0x20 0x3f 0xa2 0x01 0xa8 0x95 0x00 0x2b 0x60 0x7e            VLDA.CONV.fp32.bf16 cml2, [p0], #64;NOPB;                   NOPS;                         SEL.EQZ r31, r0, r26, r27;    ADD.NC r0, r21, r2
.aggressive_scheduled_block_id 1
.nohwbrkpt
.noswbrkpt
	   128    0x11 0x2d 0x70 0x00 0x24 0x07 0xf1 0xbd 0xd4 0x00 0x49 0x60 0x78 0x00 0x00 0xe1  VLDA.CONV.fp32.bf16 cmh2, [p0], m4;NOPB;                    ST r31, [p4];                 MOVX crRnd, r30;              MOV r2, p1;                             NOPV
.label ZLS_Fmatmul_vectorized_different_datatypes_144
.loop_nesting 1
.begin_of_loop
.aggressive_scheduled_block_id 1
.nohwbrkpt
.noswbrkpt
	   144    0x03 0x95 0x70 0x00 0x25 0x80 0x83 0x00 0x00 0x00 0x01 0xa5 0x78 0x00 0x00 0xe1  VLDA.CONV.fp32.bf16 cml1, [p0], #64;NOPB;                   VST.PUSH.576.CONV.bfp16ebs8.fp32 dm1, [p2, sf, r26];NOPX;   NOPM;                                   NOPV
.aggressive_scheduled_block_id 1
.nohwbrkpt
.noswbrkpt
	   160    0x0d 0x1d 0x70 0x00 0x21 0x00 0x03 0x00 0x00 0x00 0x01 0xa5 0x78 0x00 0x00 0xe1  VLDA.CONV.fp32.bf16 cmh1, [p0], m3;NOPB;                    VST.FLUSH.512.CONV [p2, sf, r26];NOPX;                      NOPM;                                   NOPV
.aggressive_scheduled_block_id 1
.nohwbrkpt
.noswbrkpt
	   176    0x03 0xa5 0x70 0x00 0x25 0x81 0x03 0x00 0x00 0x00 0x01 0xa5 0x78 0x00 0x00 0xe1  VLDA.CONV.fp32.bf16 cml2, [p0], #64;NOPB;                   VST.PUSH.576.CONV.bfp16ebs8.fp32 dm2, [p2, sf, r26];NOPX;   NOPM;                                   NOPV
.label ZLE_Fmatmul_vectorized_different_datatypes_192
.end_of_loop
.aggressive_scheduled_block_id 1
.nohwbrkpt
.noswbrkpt
	   192    0x11 0x2d 0x70 0x00 0x21 0x00 0x03 0x00 0x00 0x00 0x01 0xa5 0x78 0x00 0x00 0xe1  VLDA.CONV.fp32.bf16 cmh2, [p0], m4;NOPB;                    VST.FLUSH.512.CONV [p2, sf, r26];NOPX;                      NOPM;                                   NOPV
.loop_nesting 0
.aggressive_scheduled_block_id 1
.nohwbrkpt
.noswbrkpt
	   208    0x00 0xc5 0x45 0x80 0x83 0x00 0x00 0x02 0x82 0x00 0x10 0x76                      MOVA lc, #6;                                                VST.PUSH.576.CONV.bfp16ebs8.fp32 dm1, [p2, sf, r26];MOVXM m5, #1024
.aggressive_scheduled_block_id 1
.nohwbrkpt
.noswbrkpt
	   220    0x20 0x00 0x61 0x57 0x20 0x00 0x00 0x00 0x78 0x90 0x10 0x36                                                    PADDB [p0], m5;               VST.FLUSH.512.CONV [p2, sf, r26];MOVXM ls, #(ZLS_Fmatmul_vectorized_different_datatypes_288 + 0)
.aggressive_scheduled_block_id 1
.nohwbrkpt
.noswbrkpt
	   232    0x03 0x95 0x75 0x81 0x03 0x00 0x00 0x01 0xb8 0xa8 0x10 0x76                      VLDA.CONV.fp32.bf16 cml1, [p0], #64;                        VST.PUSH.576.CONV.bfp16ebs8.fp32 dm2, [p2, sf, r26];MOVXM le, #(ZLE_Fmatmul_vectorized_different_datatypes_336 + 0)
.aggressive_scheduled_block_id 1
.nohwbrkpt
.noswbrkpt
	   244    0x0d 0x1d 0x72 0x00 0x06 0x0c                                                    VLDA.CONV.fp32.bf16 cmh1, [p0], m3;                         VST.FLUSH.512.CONV [p2, sf, r26]
.aggressive_scheduled_block_id 1
.nohwbrkpt
.noswbrkpt
	   250    0x00 0x1d 0xab 0x98                                                              VLDA.CONV.fp32.bf16 cml3, [p0], #64
.aggressive_scheduled_block_id 1
.nohwbrkpt
.noswbrkpt
	   254    0x00 0x89 0xeb 0x98                                                              VLDA.CONV.fp32.bf16 cmh3, [p0], m4
.aggressive_scheduled_block_id 1
.nohwbrkpt
.noswbrkpt
	   258    0x03 0x95 0x7b 0x01 0x06 0x0c                                                    VLDA.CONV.fp32.bf16 cml1, [p0], #64;                        VST.PUSH.576.CONV.bfp16ebs8.fp32 dm1, [p2, sf, r26]
.aggressive_scheduled_block_id 1
.nohwbrkpt
.noswbrkpt
	   264    0x0d 0x1d 0x72 0x00 0x06 0x0c                                                    VLDA.CONV.fp32.bf16 cmh1, [p0], m3;                         VST.FLUSH.512.CONV [p2, sf, r26]
.aggressive_scheduled_block_id 1
.nohwbrkpt
.noswbrkpt
	   270    0x03 0xb5 0x7b 0x02 0x06 0x0c                                                    VLDA.CONV.fp32.bf16 cml3, [p0], #64;                        VST.PUSH.576.CONV.bfp16ebs8.fp32 dm2, [p2, sf, r26]
.aggressive_scheduled_block_id 1
.nohwbrkpt
.noswbrkpt
	   276    0x11 0x3d 0x70 0x00 0x20 0x00 0x00 0x00 0x80 0x01 0x81 0x36                      VLDA.CONV.fp32.bf16 cmh3, [p0], m4;NOPB;                    VST.FLUSH.512.CONV [p2, sf, r26];NOPX
.label ZLS_Fmatmul_vectorized_different_datatypes_288
.loop_nesting 1
.begin_of_loop
.aggressive_scheduled_block_id 1
.nohwbrkpt
.noswbrkpt
	   288    0x03 0x95 0x70 0x00 0x25 0x80 0x83 0x00 0x00 0x00 0x01 0xa5 0x78 0x00 0x00 0xe1  VLDA.CONV.fp32.bf16 cml1, [p0], #64;NOPB;                   VST.PUSH.576.CONV.bfp16ebs8.fp32 dm1, [p2, sf, r26];NOPX;   NOPM;                                   NOPV
.aggressive_scheduled_block_id 1
.nohwbrkpt
.noswbrkpt
	   304    0x0d 0x1d 0x70 0x00 0x21 0x00 0x03 0x00 0x00 0x00 0x01 0xa5 0x78 0x00 0x00 0xe1  VLDA.CONV.fp32.bf16 cmh1, [p0], m3;NOPB;                    VST.FLUSH.512.CONV [p2, sf, r26];NOPX;                      NOPM;                                   NOPV
.aggressive_scheduled_block_id 1
.nohwbrkpt
.noswbrkpt
	   320    0x03 0xb5 0x70 0x00 0x25 0x81 0x83 0x00 0x00 0x00 0x01 0xa5 0x78 0x00 0x00 0xe1  VLDA.CONV.fp32.bf16 cml3, [p0], #64;NOPB;                   VST.PUSH.576.CONV.bfp16ebs8.fp32 dm3, [p2, sf, r26];NOPX;   NOPM;                                   NOPV
.label ZLE_Fmatmul_vectorized_different_datatypes_336
.end_of_loop
.aggressive_scheduled_block_id 1
.nohwbrkpt
.noswbrkpt
	   336    0x11 0x3d 0x70 0x00 0x21 0x00 0x03 0x00 0x00 0x00 0x01 0xa5 0x78 0x00 0x00 0xe1  VLDA.CONV.fp32.bf16 cmh3, [p0], m4;NOPB;                    VST.FLUSH.512.CONV [p2, sf, r26];NOPX;                      NOPM;                                   NOPV
.loop_nesting 0
.aggressive_scheduled_block_id 1
.nohwbrkpt
.noswbrkpt
	   352    0x00 0x85 0x45 0x80 0x83 0x00 0x00 0x00 0x78 0xe0 0x10 0x76                      MOVA lc, #4;                                                VST.PUSH.576.CONV.bfp16ebs8.fp32 dm1, [p2, sf, r26];MOVXM ls, #(ZLS_Fmatmul_vectorized_different_datatypes_448 + 0)
.aggressive_scheduled_block_id 1
.nohwbrkpt
.noswbrkpt
	   364    0x61 0x84 0x01 0x00 0x03 0x00 0x00 0x01 0xbb 0x60 0x10 0x76                      MOVA r4, #780;                                              VST.FLUSH.512.CONV [p2, sf, r26];MOVXM le, #(ZLE_Fmatmul_vectorized_different_datatypes_1728 + 0)
.aggressive_scheduled_block_id 1
.aggressive_scheduled_block_id last
.nohwbrkpt
.noswbrkpt
	   376    0x00 0x85 0x05 0x81 0x83 0x3f 0xff 0xfc 0x03 0xa0 0x10 0x76                      MOVA r5, #4;                                                VST.PUSH.576.CONV.bfp16ebs8.fp32 dm3, [p2, sf, r26];MOVXM m0, #-2240
	   388    0xff 0xa6 0x01 0x00 0x03 0x00 0x00 0x00 0x83 0x20 0x10 0x76                      MOVA r6, #-3;                                               VST.FLUSH.512.CONV [p2, sf, r26];MOVXM m1, #1600
	   400    0x01 0x90 0x05 0x80 0x83 0x00 0x00 0x00 0xea 0x40 0x10 0x76                      MOVA r16, #12;                                              VST.PUSH.576.CONV.bfp16ebs8.fp32 dm1, [p2, sf, r26];MOVXM r7, #1152
	   412    0x01 0x11 0x01 0x00 0x03 0x00 0x00 0x01 0x03 0xa0 0x10 0x76                      MOVA r17, #8;                                               VST.FLUSH.512.CONV [p2, sf, r26];MOVXM m2, #1856
	   424    0xb0 0x30 0x60 0x00 0x20 0x24 0x01 0x52                                                                        NOPB;                         VST.PUSH.576.CONV.bfp16ebs8.fp32 dm3, [p2, sf, r26];MOVX r18, #0
	   432    0x00 0x2c 0xf0 0x00 0x21 0x00 0x03 0x00 0x00 0x00 0x01 0xa5 0x78 0x00 0x00 0xe1  NOPA;                         NOPB;                         VST.FLUSH.512.CONV [p2, sf, r26];NOPX;                      NOPM;                                   NOPV
.label ZLS_Fmatmul_vectorized_different_datatypes_448
.loop_nesting 1
.begin_of_loop
	   448    0x00 0x18 0x00 0x25 0x73 0x6e 0xc8 0x90 0x78 0xba                                MOVA r24, #0;                                                                             LSHL r23, r18, r6;            MOV r22, r2
	   458    0x00 0x19 0x00 0x0b 0xc9 0x26 0x68 0x50 0x78 0xba                                MOVA r25, #0;                                                                             AND r28, r5, r18;             MOV r19, r1
	   468    0x3d 0xb8 0xc9 0x32 0x04 0x24                                                                                                                                              MAC r22, r22, r7, r28;        ADD.NC r18, r18, #4
	   474    0x15 0xe6 0x76 0x18                                                                                                                                                        MAC r19, r19, r23, r7
	   478    0xbf 0x61 0xb0 0xd6 0x41 0xe4                                                                                                                                              LSHL r29, r23, r16;           MOV p0, r22
	   484    0x08 0x28 0x28 0x39 0x58 0xec 0xb4 0xd0 0x78 0x3a                                                              VLDB.FILL.512 [p0, lf0, r24];                               LSHL r21, r28, r17;           MOV p1, r19
	   494    0x80 0x11 0x75 0x14 0x14 0x02 0x8f 0x40 0xae 0xba                                VLDA.POP.576 ex2, [p0, lf0, r24];VLDB.FILL.512 [p1, lf1, r25];                                                          ADD.NC r20, r29, r0
	   504    0x80 0x19 0x73 0x00 0x14 0x01 0xb5 0x68 0xae 0xba                                VLDA.POP.576 ex3, [p0, lf0, r24];VLDB.POP.576 ex0, [p1, lf1, r25];                                                      ADD.NC p3, r21, r20
	   514    0x63 0x95 0x76 0x00 0xa8 0x3c                                                    VLDA.CONV.fp32.bf16 cml1, [p3], #64;VLDB.POP.576 ex1, [p1, lf1, r25]
	   520    0x63 0x9d 0x74 0x02 0xa8 0x3c                                                    VLDA.CONV.fp32.bf16 cmh1, [p3], #64;VLDB.POP.576 ex5, [p0, lf0, r24]
	   526    0x63 0xa5 0x76 0x02 0x28 0x3c                                                    VLDA.CONV.fp32.bf16 cml2, [p3], #64;VLDB.POP.576 ex4, [p1, lf1, r25]
	   532    0x69 0x2d 0x74 0x03 0xa8 0x3c                                                    VLDA.CONV.fp32.bf16 cmh2, [p3], m2;VLDB.POP.576 ex7, [p0, lf0, r24]
.aggressive_scheduled_block_id 2
.aggressive_scheduled_block_id first
	   538    0x63 0xb5 0x76 0x03 0x28 0x3c                                                    VLDA.CONV.fp32.bf16 cml3, [p3], #64;VLDB.POP.576 ex6, [p1, lf1, r25]
.aggressive_scheduled_block_id 2
.noswbrkpt
	   544    0x63 0xbd 0x74 0x01 0x28 0x3c                                                    VLDA.CONV.fp32.bf16 cmh3, [p3], #64;VLDB.POP.576 ex2, [p0, lf0, r24]
.aggressive_scheduled_block_id 2
.nohwbrkpt
.noswbrkpt
	   550    0x63 0xc5 0x76 0x00 0x28 0x3c                                                    VLDA.CONV.fp32.bf16 cml4, [p3], #64;VLDB.POP.576 ex0, [p1, lf1, r25]
.aggressive_scheduled_block_id 2
.nohwbrkpt
.noswbrkpt
	   556    0x61 0x4d 0x72 0x00 0xd4 0x1d 0x21 0x20 0x49 0x4a                                VLDA.CONV.fp32.bf16 cmh4, [p3], m0;VLDB.POP.576 ex3, [p0, lf0, r24];                                                                                            VMAC.f dm1, dm1, ex0, ex2, r4
.aggressive_scheduled_block_id 2
.nohwbrkpt
.noswbrkpt
	   566    0x80 0x29 0x73 0x00 0x54 0x1d 0x22 0x40 0x69 0x4a                                VLDA.POP.576 ex5, [p0, lf0, r24];VLDB.POP.576 ex1, [p1, lf1, r25];                                                                                              VMAC.f dm2, dm2, ex0, ex3, r4
.aggressive_scheduled_block_id 2
.nohwbrkpt
.noswbrkpt
	   576    0x80 0x39 0x73 0x01 0x14 0x1d 0x23 0x62 0x49 0x4a                                VLDA.POP.576 ex7, [p0, lf0, r24];VLDB.POP.576 ex4, [p1, lf1, r25];                                                                                              VMAC.f dm3, dm3, ex1, ex2, r4
.aggressive_scheduled_block_id 2
.nohwbrkpt
.noswbrkpt
	   586    0x02 0x81 0x73 0x01 0x94 0x1d 0x21 0x28 0xa9 0x4a                                VLDA.FILL.512 [p0, lf0, r24]; VLDB.POP.576 ex6, [p1, lf1, r25];                                                                                                 VMAC.f dm1, dm1, ex4, ex5, r4
.aggressive_scheduled_block_id 2
.nohwbrkpt
.noswbrkpt
	   596    0x80 0x11 0x75 0x14 0x14 0x1d 0x24 0x82 0x69 0x4a                                VLDA.POP.576 ex2, [p0, lf0, r24];VLDB.FILL.512 [p1, lf1, r25];                                                                                                  VMAC.f dm4, dm4, ex1, ex3, r4
.aggressive_scheduled_block_id 2
.nohwbrkpt
.noswbrkpt
	   606    0x80 0x19 0x73 0x00 0x14 0x1d 0x22 0x48 0xe9 0x4a                                VLDA.POP.576 ex3, [p0, lf0, r24];VLDB.POP.576 ex0, [p1, lf1, r25];                                                                                              VMAC.f dm2, dm2, ex4, ex7, r4
.aggressive_scheduled_block_id 2
.nohwbrkpt
.noswbrkpt
	   616    0x03 0x00 0x54 0x00 0x23 0x6c 0xa9 0x62                                                                        VLDB.POP.576 ex1, [p1, lf1, r25];                                                                                                 VMAC.f dm3, dm3, ex6, ex5, r4
.aggressive_scheduled_block_id 2
.nohwbrkpt
.noswbrkpt
	   624    0x03 0x01 0x14 0x00 0x21 0x20 0x49 0x62                                                                        VLDB.POP.576 ex4, [p1, lf1, r25];                                                                                                 VMAC.f dm1, dm1, ex0, ex2, r4
.aggressive_scheduled_block_id 2
.nohwbrkpt
.noswbrkpt
	   632    0x02 0x01 0x54 0x00 0x24 0x8c 0xe9 0x62                                                                        VLDB.POP.576 ex5, [p0, lf0, r24];                                                                                                 VMAC.f dm4, dm4, ex6, ex7, r4
.aggressive_scheduled_block_id 2
.nohwbrkpt
.noswbrkpt
	   640    0x22 0x40 0x69 0x48                                                                                                                                                                                                                              VMAC.f dm2, dm2, ex0, ex3, r4
.aggressive_scheduled_block_id 2
.nohwbrkpt
.noswbrkpt
	   644    0xa0 0x31 0x72 0x01 0xd4 0x1d 0x21 0x28 0xa9 0x4a                                VLDA.POP.576 ex6, [p1, lf1, r25];VLDB.POP.576 ex7, [p0, lf0, r24];                                                                                              VMAC.f dm1, dm1, ex4, ex5, r4
.aggressive_scheduled_block_id 2
.nohwbrkpt
.noswbrkpt
	   654    0x03 0x00 0x14 0x00 0x23 0x62 0x49 0x62                                                                        VLDB.POP.576 ex0, [p1, lf1, r25];                                                                                                 VMAC.f dm3, dm3, ex1, ex2, r4
.aggressive_scheduled_block_id 2
.nohwbrkpt
.noswbrkpt
	   662    0x02 0x00 0x94 0x00 0x24 0x82 0x69 0x62                                                                        VLDB.POP.576 ex2, [p0, lf0, r24];                                                                                                 VMAC.f dm4, dm4, ex1, ex3, r4
.aggressive_scheduled_block_id 2
.nohwbrkpt
.noswbrkpt
	   670    0x21 0x20 0x49 0x48                                                                                                                                                                                                                              VMAC.f dm1, dm1, ex0, ex2, r4
.aggressive_scheduled_block_id 2
.nohwbrkpt
.noswbrkpt
	   674    0x80 0x19 0x73 0x00 0x54 0x1d 0x22 0x48 0xe9 0x4a                                VLDA.POP.576 ex3, [p0, lf0, r24];VLDB.POP.576 ex1, [p1, lf1, r25];                                                                                              VMAC.f dm2, dm2, ex4, ex7, r4
.aggressive_scheduled_block_id 2
.nohwbrkpt
.noswbrkpt
	   684    0x03 0x01 0x14 0x00 0x23 0x6c 0xa9 0x62                                                                        VLDB.POP.576 ex4, [p1, lf1, r25];                                                                                                 VMAC.f dm3, dm3, ex6, ex5, r4
.aggressive_scheduled_block_id 2
.nohwbrkpt
.noswbrkpt
	   692    0x02 0x01 0x54 0x00 0x21 0x28 0xa9 0x62                                                                        VLDB.POP.576 ex5, [p0, lf0, r24];                                                                                                 VMAC.f dm1, dm1, ex4, ex5, r4
.aggressive_scheduled_block_id 2
.nohwbrkpt
.noswbrkpt
	   700    0x24 0x8c 0xe9 0x48                                                                                                                                                                                                                              VMAC.f dm4, dm4, ex6, ex7, r4
.aggressive_scheduled_block_id 2
.nohwbrkpt
.noswbrkpt
	   704    0x22 0x40 0x69 0x48                                                                                                                                                                                                                              VMAC.f dm2, dm2, ex0, ex3, r4
.aggressive_scheduled_block_id 2
.nohwbrkpt
.noswbrkpt
	   708    0xa0 0x31 0x72 0x01 0xd4 0x1d 0x23 0x62 0x49 0x4a                                VLDA.POP.576 ex6, [p1, lf1, r25];VLDB.POP.576 ex7, [p0, lf0, r24];                                                                                              VMAC.f dm3, dm3, ex1, ex2, r4
.aggressive_scheduled_block_id 2
.nohwbrkpt
.noswbrkpt
	   718    0x82 0x82 0x83 0x20 0x11 0x69 0xa0 0xfa 0x21 0x20 0x49 0x66                                                    VLDB.FILL.512 [p0, lf0, r24];                               MOVX r25, #0;                 MOV p1, r19;                            VMAC.f dm1, dm1, ex0, ex2, r4
.aggressive_scheduled_block_id 2
.nohwbrkpt
.noswbrkpt
	   730    0x80 0x51 0x7a 0x28 0x28 0xc2 0xc0 0xe2 0x24 0x82 0x69 0x66                      VLDA.POP.576 ex10, [p0, lf0, r24];VLDB.FILL.512 [p1, lf1, r25];                                                         MOV dc0, p1;                            VMAC.f dm4, dm4, ex1, ex3, r4
.aggressive_scheduled_block_id 2
.nohwbrkpt
.noswbrkpt
	   742    0x80 0x59 0x73 0x02 0x14 0x1d 0x22 0x48 0xe9 0x4a                                VLDA.POP.576 ex11, [p0, lf0, r24];VLDB.POP.576 ex8, [p1, lf1, r25];                                                                                             VMAC.f dm2, dm2, ex4, ex7, r4
.aggressive_scheduled_block_id 2
.nohwbrkpt
.noswbrkpt
	   752    0x80 0x29 0x73 0x02 0x54 0x1d 0x23 0x6c 0xa9 0x4a                                VLDA.POP.576 ex5, [p0, lf0, r24];VLDB.POP.576 ex9, [p1, lf1, r25];                                                                                              VMAC.f dm3, dm3, ex6, ex5, r4
.aggressive_scheduled_block_id 2
.nohwbrkpt
.noswbrkpt
	   762    0x03 0x01 0x14 0x00 0x21 0x28 0xa9 0x62                                                                        VLDB.POP.576 ex4, [p1, lf1, r25];                                                                                                 VMAC.f dm1, dm1, ex4, ex5, r4
.aggressive_scheduled_block_id 2
.nohwbrkpt
.noswbrkpt
	   770    0x80 0x39 0x73 0x01 0x94 0x1d 0x22 0x40 0x69 0x4a                                VLDA.POP.576 ex7, [p0, lf0, r24];VLDB.POP.576 ex6, [p1, lf1, r25];                                                                                              VMAC.f dm2, dm2, ex0, ex3, r4
.aggressive_scheduled_block_id 2
.nohwbrkpt
.noswbrkpt
	   780    0x24 0x8c 0xe9 0x48                                                                                                                                                                                                                              VMAC.f dm4, dm4, ex6, ex7, r4
.aggressive_scheduled_block_id 2
.nohwbrkpt
.noswbrkpt
	   784    0x23 0x62 0x49 0x48                                                                                                                                                                                                                              VMAC.f dm3, dm3, ex1, ex2, r4
.aggressive_scheduled_block_id 2
.nohwbrkpt
.noswbrkpt
	   788    0x22 0x48 0xe9 0x48                                                                                                                                                                                                                              VMAC.f dm2, dm2, ex4, ex7, r4
.aggressive_scheduled_block_id 2
.nohwbrkpt
.noswbrkpt
	   792    0x24 0x82 0x69 0x48                                                                                                                                                                                                                              VMAC.f dm4, dm4, ex1, ex3, r4
.aggressive_scheduled_block_id 2
.nohwbrkpt
.noswbrkpt
	   796    0x63 0x94 0x60 0x02 0x23 0x6c 0xa9 0x62                                                                                                      VST.CONV.bf16.fp32 cml1, [p3], #64;                                                                 VMAC.f dm3, dm3, ex6, ex5, r4
.aggressive_scheduled_block_id 2
.nohwbrkpt
.noswbrkpt
	   804    0x0b 0x3c 0xe3 0x18                                                                                                                          VST.CONV.bf16.fp32 cmh1, [p3], #192
.aggressive_scheduled_block_id 2
.aggressive_scheduled_block_id last
.nohwbrkpt
.noswbrkpt
	   808    0x63 0x95 0x70 0x04 0x24 0x8c 0xe9 0x62                                          VLDA.CONV.fp32.bf16 cml1, [p3], #64;                                                                                                                            VMAC.f dm4, dm4, ex6, ex7, r4
.aggressive_scheduled_block_id 3
.aggressive_scheduled_block_id first
	   816    0x03 0xdc 0xeb 0x98                                                              VLDA.CONV.fp32.bf16 cmh1, [p3], #-192
.aggressive_scheduled_block_id 3
.noswbrkpt
	   820    0x60 0x42 0x86 0x3a 0x46 0x4c                                                                                  VLDB.POP.576 ex8, [p1, lf1, r25];VST.CONV.bf16.fp32 cml2, [p3], #64
.aggressive_scheduled_block_id 3
.nohwbrkpt
.noswbrkpt
	   826    0x0b 0x3d 0x63 0x18                                                                                                                          VST.CONV.bf16.fp32 cmh2, [p3], #192
.aggressive_scheduled_block_id 3
.nohwbrkpt
.noswbrkpt
	   830    0x03 0x1d 0x2b 0x98                                                              VLDA.CONV.fp32.bf16 cml2, [p3], #64
.aggressive_scheduled_block_id 3
.nohwbrkpt
.noswbrkpt
	   834    0x65 0x2d 0x70 0x04 0x21 0x31 0x49 0x62                                          VLDA.CONV.fp32.bf16 cmh2, [p3], m1;                                                                                                                             VMAC.f dm1, dm1, ex8, ex10, r4
.aggressive_scheduled_block_id 3
.nohwbrkpt
.noswbrkpt
	   842    0x40 0x52 0x86 0x3b 0x46 0x4c                                                                                  VLDB.POP.576 ex10, [p0, lf0, r24];VST.CONV.bf16.fp32 cml3, [p3], #64
.aggressive_scheduled_block_id 3
.nohwbrkpt
.noswbrkpt
	   848    0x0b 0x3d 0xe3 0x18                                                                                                                          VST.CONV.bf16.fp32 cmh3, [p3], #192
.aggressive_scheduled_block_id 3
.nohwbrkpt
.noswbrkpt
	   852    0x63 0xb5 0x70 0x04 0x21 0x28 0xa9 0x62                                          VLDA.CONV.fp32.bf16 cml3, [p3], #64;                                                                                                                            VMAC.f dm1, dm1, ex4, ex5, r4
.aggressive_scheduled_block_id 3
.nohwbrkpt
.noswbrkpt
	   860    0x7b 0xbd 0x70 0x04 0x22 0x51 0x69 0x62                                          VLDA.CONV.fp32.bf16 cmh3, [p3], #-192;                                                                                                                          VMAC.f dm2, dm2, ex8, ex11, r4
.aggressive_scheduled_block_id 3
.nohwbrkpt
.noswbrkpt
	   868    0x80 0x59 0x76 0x04 0xab 0x1e 0x23 0x32                                          VLDA.POP.576 ex11, [p0, lf0, r24];VLDB.POP.576 ex9, [p1, lf1, r25];VST.CONV.bf16.fp32 cml4, [p3], #64
.aggressive_scheduled_block_id 3
.nohwbrkpt
.noswbrkpt
	   876    0x80 0x29 0x76 0x02 0x2b 0x3e 0x63 0x32                                          VLDA.POP.576 ex5, [p0, lf0, r24];VLDB.POP.576 ex4, [p1, lf1, r25];VST.CONV.bf16.fp32 cmh4, [p3], #192
.aggressive_scheduled_block_id 3
.nohwbrkpt
.noswbrkpt
	   884    0x63 0xc5 0x70 0x04 0x22 0x48 0xe9 0x62                                          VLDA.CONV.fp32.bf16 cml4, [p3], #64;                                                                                                                            VMAC.f dm2, dm2, ex4, ex7, r4
.aggressive_scheduled_block_id 3
.nohwbrkpt
.noswbrkpt
	   892    0x61 0x4d 0x73 0x01 0x94 0x1d 0x23 0x73 0x49 0x4a                                VLDA.CONV.fp32.bf16 cmh4, [p3], m0;VLDB.POP.576 ex6, [p1, lf1, r25];                                                                                            VMAC.f dm3, dm3, ex9, ex10, r4
.aggressive_scheduled_block_id 3
.nohwbrkpt
.noswbrkpt
	   902    0x22 0x81 0x72 0x01 0xd4 0x1d 0x21 0x31 0x49 0x4a                                VLDA.FILL.512 [p1, lf1, r25]; VLDB.POP.576 ex7, [p0, lf0, r24];                                                                                                 VMAC.f dm1, dm1, ex8, ex10, r4
.aggressive_scheduled_block_id 3
.nohwbrkpt
.noswbrkpt
	   912    0xa0 0x41 0x78 0x28 0x28 0x3c                                                    VLDA.POP.576 ex8, [p1, lf1, r25];VLDB.FILL.512 [p0, lf0, r24]
.aggressive_scheduled_block_id 3
.nohwbrkpt
.noswbrkpt
	   918    0xa0 0x49 0x72 0x02 0x94 0x1d 0x23 0x6c 0xa9 0x4a                                VLDA.POP.576 ex9, [p1, lf1, r25];VLDB.POP.576 ex10, [p0, lf0, r24];                                                                                             VMAC.f dm3, dm3, ex6, ex5, r4
.aggressive_scheduled_block_id 3
.nohwbrkpt
.noswbrkpt
	   928    0xa0 0x21 0x72 0x02 0xd4 0x1d 0x24 0x93 0x69 0x4a                                VLDA.POP.576 ex4, [p1, lf1, r25];VLDB.POP.576 ex11, [p0, lf0, r24];                                                                                             VMAC.f dm4, dm4, ex9, ex11, r4
.aggressive_scheduled_block_id 3
.nohwbrkpt
.noswbrkpt
	   938    0x02 0x01 0x54 0x00 0x22 0x51 0x69 0x62                                                                        VLDB.POP.576 ex5, [p0, lf0, r24];                                                                                                 VMAC.f dm2, dm2, ex8, ex11, r4
.aggressive_scheduled_block_id 3
.nohwbrkpt
.noswbrkpt
	   946    0x80 0x39 0x73 0x01 0x94 0x1d 0x21 0x28 0xa9 0x4a                                VLDA.POP.576 ex7, [p0, lf0, r24];VLDB.POP.576 ex6, [p1, lf1, r25];                                                                                              VMAC.f dm1, dm1, ex4, ex5, r4
.aggressive_scheduled_block_id 3
.nohwbrkpt
.noswbrkpt
	   956    0x24 0x8c 0xe9 0x48                                                                                                                                                                                                                              VMAC.f dm4, dm4, ex6, ex7, r4
.aggressive_scheduled_block_id 3
.nohwbrkpt
.noswbrkpt
	   960    0x03 0x02 0x14 0x00 0x23 0x73 0x49 0x62                                                                        VLDB.POP.576 ex8, [p1, lf1, r25];                                                                                                 VMAC.f dm3, dm3, ex9, ex10, r4
.aggressive_scheduled_block_id 3
.nohwbrkpt
.noswbrkpt
	   968    0x02 0x02 0x94 0x00 0x22 0x48 0xe9 0x62                                                                        VLDB.POP.576 ex10, [p0, lf0, r24];                                                                                                VMAC.f dm2, dm2, ex4, ex7, r4
.aggressive_scheduled_block_id 3
.nohwbrkpt
.noswbrkpt
	   976    0x24 0x93 0x69 0x48                                                                                                                                                                                                                              VMAC.f dm4, dm4, ex9, ex11, r4
.aggressive_scheduled_block_id 3
.nohwbrkpt
.noswbrkpt
	   980    0x80 0x59 0x73 0x02 0x54 0x1d 0x21 0x31 0x49 0x4a                                VLDA.POP.576 ex11, [p0, lf0, r24];VLDB.POP.576 ex9, [p1, lf1, r25];                                                                                             VMAC.f dm1, dm1, ex8, ex10, r4
.aggressive_scheduled_block_id 3
.nohwbrkpt
.noswbrkpt
	   990    0x03 0x01 0x14 0x00 0x23 0x6c 0xa9 0x62                                                                        VLDB.POP.576 ex4, [p1, lf1, r25];                                                                                                 VMAC.f dm3, dm3, ex6, ex5, r4
.aggressive_scheduled_block_id 3
.nohwbrkpt
.noswbrkpt
	   998    0x02 0x01 0x54 0x00 0x24 0x8c 0xe9 0x62                                                                        VLDB.POP.576 ex5, [p0, lf0, r24];                                                                                                 VMAC.f dm4, dm4, ex6, ex7, r4
.aggressive_scheduled_block_id 3
.nohwbrkpt
.noswbrkpt
	  1006    0x21 0x28 0xa9 0x48                                                                                                                                                                                                                              VMAC.f dm1, dm1, ex4, ex5, r4
.aggressive_scheduled_block_id 3
.nohwbrkpt
.noswbrkpt
	  1010    0x22 0x51 0x69 0x48                                                                                                                                                                                                                              VMAC.f dm2, dm2, ex8, ex11, r4
.aggressive_scheduled_block_id 3
.nohwbrkpt
.noswbrkpt
	  1014    0xa0 0x31 0x72 0x01 0xd4 0x1d 0x23 0x73 0x49 0x4a                                VLDA.POP.576 ex6, [p1, lf1, r25];VLDB.POP.576 ex7, [p0, lf0, r24];                                                                                              VMAC.f dm3, dm3, ex9, ex10, r4
.aggressive_scheduled_block_id 3
.nohwbrkpt
.noswbrkpt
	  1024    0x82 0x82 0x83 0x20 0x11 0x61 0x80 0xfa 0x21 0x31 0x49 0x66                                                    VLDB.FILL.512 [p0, lf0, r24];                               MOVX r25, #0;                 MOV p1, dc0;                            VMAC.f dm1, dm1, ex8, ex10, r4
.aggressive_scheduled_block_id 3
.nohwbrkpt
.noswbrkpt
	  1036    0x80 0x11 0x7a 0x28 0x28 0x42 0xc0 0xe2 0x24 0x93 0x69 0x66                      VLDA.POP.576 ex2, [p0, lf0, r24];VLDB.FILL.512 [p1, lf1, r25];                                                          MOV dn0, p1;                            VMAC.f dm4, dm4, ex9, ex11, r4
.aggressive_scheduled_block_id 3
.nohwbrkpt
.noswbrkpt
	  1048    0x80 0x19 0x73 0x00 0x14 0x1d 0x22 0x48 0xe9 0x4a                                VLDA.POP.576 ex3, [p0, lf0, r24];VLDB.POP.576 ex0, [p1, lf1, r25];                                                                                              VMAC.f dm2, dm2, ex4, ex7, r4
.aggressive_scheduled_block_id 3
.nohwbrkpt
.noswbrkpt
	  1058    0x80 0x29 0x73 0x00 0x54 0x1d 0x23 0x6c 0xa9 0x4a                                VLDA.POP.576 ex5, [p0, lf0, r24];VLDB.POP.576 ex1, [p1, lf1, r25];                                                                                              VMAC.f dm3, dm3, ex6, ex5, r4
.aggressive_scheduled_block_id 3
.nohwbrkpt
.noswbrkpt
	  1068    0x03 0x01 0x14 0x00 0x21 0x28 0xa9 0x62                                                                        VLDB.POP.576 ex4, [p1, lf1, r25];                                                                                                 VMAC.f dm1, dm1, ex4, ex5, r4
.aggressive_scheduled_block_id 3
.nohwbrkpt
.noswbrkpt
	  1076    0x80 0x39 0x73 0x01 0x94 0x1d 0x22 0x51 0x69 0x4a                                VLDA.POP.576 ex7, [p0, lf0, r24];VLDB.POP.576 ex6, [p1, lf1, r25];                                                                                              VMAC.f dm2, dm2, ex8, ex11, r4
.aggressive_scheduled_block_id 3
.nohwbrkpt
.noswbrkpt
	  1086    0x24 0x8c 0xe9 0x48                                                                                                                                                                                                                              VMAC.f dm4, dm4, ex6, ex7, r4
.aggressive_scheduled_block_id 3
.nohwbrkpt
.noswbrkpt
	  1090    0x23 0x73 0x49 0x48                                                                                                                                                                                                                              VMAC.f dm3, dm3, ex9, ex10, r4
.aggressive_scheduled_block_id 3
.nohwbrkpt
.noswbrkpt
	  1094    0x22 0x48 0xe9 0x48                                                                                                                                                                                                                              VMAC.f dm2, dm2, ex4, ex7, r4
.aggressive_scheduled_block_id 3
.nohwbrkpt
.noswbrkpt
	  1098    0x24 0x93 0x69 0x48                                                                                                                                                                                                                              VMAC.f dm4, dm4, ex9, ex11, r4
.aggressive_scheduled_block_id 3
.nohwbrkpt
.noswbrkpt
	  1102    0x63 0x94 0x60 0x02 0x23 0x6c 0xa9 0x62                                                                                                      VST.CONV.bf16.fp32 cml1, [p3], #64;                                                                 VMAC.f dm3, dm3, ex6, ex5, r4
.aggressive_scheduled_block_id 3
.nohwbrkpt
.noswbrkpt
	  1110    0x0b 0x3c 0xe3 0x18                                                                                                                          VST.CONV.bf16.fp32 cmh1, [p3], #192
.aggressive_scheduled_block_id 3
.aggressive_scheduled_block_id last
.nohwbrkpt
.noswbrkpt
	  1114    0x63 0x95 0x70 0x04 0x24 0x8c 0xe9 0x62                                          VLDA.CONV.fp32.bf16 cml1, [p3], #64;                                                                                                                            VMAC.f dm4, dm4, ex6, ex7, r4
.aggressive_scheduled_block_id 4
.aggressive_scheduled_block_id first
	  1122    0x03 0xdc 0xeb 0x98                                                              VLDA.CONV.fp32.bf16 cmh1, [p3], #-192
.aggressive_scheduled_block_id 4
.noswbrkpt
	  1126    0x60 0x02 0x86 0x3a 0x46 0x4c                                                                                  VLDB.POP.576 ex0, [p1, lf1, r25];VST.CONV.bf16.fp32 cml2, [p3], #64
.aggressive_scheduled_block_id 4
.nohwbrkpt
.noswbrkpt
	  1132    0x0b 0x3d 0x63 0x18                                                                                                                          VST.CONV.bf16.fp32 cmh2, [p3], #192
.aggressive_scheduled_block_id 4
.nohwbrkpt
.noswbrkpt
	  1136    0x03 0x1d 0x2b 0x98                                                              VLDA.CONV.fp32.bf16 cml2, [p3], #64
.aggressive_scheduled_block_id 4
.nohwbrkpt
.noswbrkpt
	  1140    0x65 0x2d 0x70 0x04 0x21 0x20 0x49 0x62                                          VLDA.CONV.fp32.bf16 cmh2, [p3], m1;                                                                                                                             VMAC.f dm1, dm1, ex0, ex2, r4
.aggressive_scheduled_block_id 4
.nohwbrkpt
.noswbrkpt
	  1148    0x40 0x12 0x86 0x3b 0x46 0x4c                                                                                  VLDB.POP.576 ex2, [p0, lf0, r24];VST.CONV.bf16.fp32 cml3, [p3], #64
.aggressive_scheduled_block_id 4
.nohwbrkpt
.noswbrkpt
	  1154    0x0b 0x3d 0xe3 0x18                                                                                                                          VST.CONV.bf16.fp32 cmh3, [p3], #192
.aggressive_scheduled_block_id 4
.nohwbrkpt
.noswbrkpt
	  1158    0x63 0xb5 0x70 0x04 0x21 0x28 0xa9 0x62                                          VLDA.CONV.fp32.bf16 cml3, [p3], #64;                                                                                                                            VMAC.f dm1, dm1, ex4, ex5, r4
.aggressive_scheduled_block_id 4
.nohwbrkpt
.noswbrkpt
	  1166    0x7b 0xbd 0x70 0x04 0x22 0x40 0x69 0x62                                          VLDA.CONV.fp32.bf16 cmh3, [p3], #-192;                                                                                                                          VMAC.f dm2, dm2, ex0, ex3, r4
.aggressive_scheduled_block_id 4
.nohwbrkpt
.noswbrkpt
	  1174    0x80 0x19 0x76 0x00 0xab 0x1e 0x23 0x32                                          VLDA.POP.576 ex3, [p0, lf0, r24];VLDB.POP.576 ex1, [p1, lf1, r25];VST.CONV.bf16.fp32 cml4, [p3], #64
.aggressive_scheduled_block_id 4
.nohwbrkpt
.noswbrkpt
	  1182    0x80 0x29 0x76 0x02 0x2b 0x3e 0x63 0x32                                          VLDA.POP.576 ex5, [p0, lf0, r24];VLDB.POP.576 ex4, [p1, lf1, r25];VST.CONV.bf16.fp32 cmh4, [p3], #192
.aggressive_scheduled_block_id 4
.nohwbrkpt
.noswbrkpt
	  1190    0x63 0xc5 0x70 0x04 0x22 0x48 0xe9 0x62                                          VLDA.CONV.fp32.bf16 cml4, [p3], #64;                                                                                                                            VMAC.f dm2, dm2, ex4, ex7, r4
.aggressive_scheduled_block_id 4
.nohwbrkpt
.noswbrkpt
	  1198    0x61 0x4d 0x73 0x01 0x94 0x1d 0x23 0x62 0x49 0x4a                                VLDA.CONV.fp32.bf16 cmh4, [p3], m0;VLDB.POP.576 ex6, [p1, lf1, r25];                                                                                            VMAC.f dm3, dm3, ex1, ex2, r4
.aggressive_scheduled_block_id 4
.nohwbrkpt
.noswbrkpt
	  1208    0x22 0x81 0x72 0x01 0xd4 0x1d 0x21 0x20 0x49 0x4a                                VLDA.FILL.512 [p1, lf1, r25]; VLDB.POP.576 ex7, [p0, lf0, r24];                                                                                                 VMAC.f dm1, dm1, ex0, ex2, r4
.aggressive_scheduled_block_id 4
.nohwbrkpt
.noswbrkpt
	  1218    0xa0 0x01 0x78 0x28 0x28 0x3c                                                    VLDA.POP.576 ex0, [p1, lf1, r25];VLDB.FILL.512 [p0, lf0, r24]
.aggressive_scheduled_block_id 4
.nohwbrkpt
.noswbrkpt
	  1224    0xa0 0x09 0x72 0x00 0x94 0x1d 0x23 0x6c 0xa9 0x4a                                VLDA.POP.576 ex1, [p1, lf1, r25];VLDB.POP.576 ex2, [p0, lf0, r24];                                                                                              VMAC.f dm3, dm3, ex6, ex5, r4
.aggressive_scheduled_block_id 4
.nohwbrkpt
.noswbrkpt
	  1234    0xa0 0x21 0x72 0x00 0xd4 0x1d 0x24 0x82 0x69 0x4a                                VLDA.POP.576 ex4, [p1, lf1, r25];VLDB.POP.576 ex3, [p0, lf0, r24];                                                                                              VMAC.f dm4, dm4, ex1, ex3, r4
.aggressive_scheduled_block_id 4
.nohwbrkpt
.noswbrkpt
	  1244    0x02 0x01 0x54 0x00 0x22 0x40 0x69 0x62                                                                        VLDB.POP.576 ex5, [p0, lf0, r24];                                                                                                 VMAC.f dm2, dm2, ex0, ex3, r4
.aggressive_scheduled_block_id 4
.nohwbrkpt
.noswbrkpt
	  1252    0x80 0x39 0x73 0x01 0x94 0x1d 0x21 0x28 0xa9 0x4a                                VLDA.POP.576 ex7, [p0, lf0, r24];VLDB.POP.576 ex6, [p1, lf1, r25];                                                                                              VMAC.f dm1, dm1, ex4, ex5, r4
.aggressive_scheduled_block_id 4
.nohwbrkpt
.noswbrkpt
	  1262    0x24 0x8c 0xe9 0x48                                                                                                                                                                                                                              VMAC.f dm4, dm4, ex6, ex7, r4
.aggressive_scheduled_block_id 4
.nohwbrkpt
.noswbrkpt
	  1266    0x03 0x00 0x14 0x00 0x23 0x62 0x49 0x62                                                                        VLDB.POP.576 ex0, [p1, lf1, r25];                                                                                                 VMAC.f dm3, dm3, ex1, ex2, r4
.aggressive_scheduled_block_id 4
.nohwbrkpt
.noswbrkpt
	  1274    0x02 0x00 0x94 0x00 0x22 0x48 0xe9 0x62                                                                        VLDB.POP.576 ex2, [p0, lf0, r24];                                                                                                 VMAC.f dm2, dm2, ex4, ex7, r4
.aggressive_scheduled_block_id 4
.nohwbrkpt
.noswbrkpt
	  1282    0x24 0x82 0x69 0x48                                                                                                                                                                                                                              VMAC.f dm4, dm4, ex1, ex3, r4
.aggressive_scheduled_block_id 4
.nohwbrkpt
.noswbrkpt
	  1286    0x80 0x19 0x73 0x00 0x54 0x1d 0x21 0x20 0x49 0x4a                                VLDA.POP.576 ex3, [p0, lf0, r24];VLDB.POP.576 ex1, [p1, lf1, r25];                                                                                              VMAC.f dm1, dm1, ex0, ex2, r4
.aggressive_scheduled_block_id 4
.nohwbrkpt
.noswbrkpt
	  1296    0x03 0x01 0x14 0x00 0x23 0x6c 0xa9 0x62                                                                        VLDB.POP.576 ex4, [p1, lf1, r25];                                                                                                 VMAC.f dm3, dm3, ex6, ex5, r4
.aggressive_scheduled_block_id 4
.nohwbrkpt
.noswbrkpt
	  1304    0x02 0x01 0x54 0x00 0x24 0x8c 0xe9 0x62                                                                        VLDB.POP.576 ex5, [p0, lf0, r24];                                                                                                 VMAC.f dm4, dm4, ex6, ex7, r4
.aggressive_scheduled_block_id 4
.nohwbrkpt
.noswbrkpt
	  1312    0x21 0x28 0xa9 0x48                                                                                                                                                                                                                              VMAC.f dm1, dm1, ex4, ex5, r4
.aggressive_scheduled_block_id 4
.nohwbrkpt
.noswbrkpt
	  1316    0x22 0x40 0x69 0x48                                                                                                                                                                                                                              VMAC.f dm2, dm2, ex0, ex3, r4
.aggressive_scheduled_block_id 4
.nohwbrkpt
.noswbrkpt
	  1320    0xa0 0x31 0x72 0x01 0xd4 0x1d 0x23 0x62 0x49 0x4a                                VLDA.POP.576 ex6, [p1, lf1, r25];VLDB.POP.576 ex7, [p0, lf0, r24];                                                                                              VMAC.f dm3, dm3, ex1, ex2, r4
.aggressive_scheduled_block_id 4
.nohwbrkpt
.noswbrkpt
	  1330    0x82 0x82 0x83 0x20 0x11 0x60 0x80 0xfa 0x21 0x20 0x49 0x66                                                    VLDB.FILL.512 [p0, lf0, r24];                               MOVX r25, #0;                 MOV p1, dn0;                            VMAC.f dm1, dm1, ex0, ex2, r4
.aggressive_scheduled_block_id 4
.nohwbrkpt
.noswbrkpt
	  1342    0x80 0x11 0x75 0x14 0x14 0x1d 0x24 0x82 0x69 0x4a                                VLDA.POP.576 ex2, [p0, lf0, r24];VLDB.FILL.512 [p1, lf1, r25];                                                                                                  VMAC.f dm4, dm4, ex1, ex3, r4
.aggressive_scheduled_block_id 4
.nohwbrkpt
.noswbrkpt
	  1352    0x80 0x19 0x73 0x00 0x14 0x1d 0x22 0x48 0xe9 0x4a                                VLDA.POP.576 ex3, [p0, lf0, r24];VLDB.POP.576 ex0, [p1, lf1, r25];                                                                                              VMAC.f dm2, dm2, ex4, ex7, r4
.aggressive_scheduled_block_id 4
.nohwbrkpt
.noswbrkpt
	  1362    0x80 0x29 0x73 0x00 0x54 0x1d 0x23 0x6c 0xa9 0x4a                                VLDA.POP.576 ex5, [p0, lf0, r24];VLDB.POP.576 ex1, [p1, lf1, r25];                                                                                              VMAC.f dm3, dm3, ex6, ex5, r4
.aggressive_scheduled_block_id 4
.nohwbrkpt
.noswbrkpt
	  1372    0x03 0x01 0x14 0x00 0x21 0x28 0xa9 0x62                                                                        VLDB.POP.576 ex4, [p1, lf1, r25];                                                                                                 VMAC.f dm1, dm1, ex4, ex5, r4
.aggressive_scheduled_block_id 4
.nohwbrkpt
.noswbrkpt
	  1380    0xa0 0x31 0x72 0x01 0xd4 0x1d 0x22 0x40 0x69 0x4a                                VLDA.POP.576 ex6, [p1, lf1, r25];VLDB.POP.576 ex7, [p0, lf0, r24];                                                                                              VMAC.f dm2, dm2, ex0, ex3, r4
.aggressive_scheduled_block_id 4
.nohwbrkpt
.noswbrkpt
	  1390    0x24 0x8c 0xe9 0x48                                                                                                                                                                                                                              VMAC.f dm4, dm4, ex6, ex7, r4
.aggressive_scheduled_block_id 4
.nohwbrkpt
.noswbrkpt
	  1394    0x23 0x62 0x49 0x48                                                                                                                                                                                                                              VMAC.f dm3, dm3, ex1, ex2, r4
.aggressive_scheduled_block_id 4
.nohwbrkpt
.noswbrkpt
	  1398    0x22 0x48 0xe9 0x48                                                                                                                                                                                                                              VMAC.f dm2, dm2, ex4, ex7, r4
.aggressive_scheduled_block_id 4
.nohwbrkpt
.noswbrkpt
	  1402    0x24 0x82 0x69 0x48                                                                                                                                                                                                                              VMAC.f dm4, dm4, ex1, ex3, r4
.aggressive_scheduled_block_id 4
.nohwbrkpt
.noswbrkpt
	  1406    0x63 0x94 0x60 0x02 0x23 0x6c 0xa9 0x62                                                                                                      VST.CONV.bf16.fp32 cml1, [p3], #64;                                                                 VMAC.f dm3, dm3, ex6, ex5, r4
.aggressive_scheduled_block_id 4
.nohwbrkpt
.noswbrkpt
	  1414    0x0b 0x3c 0xe3 0x18                                                                                                                          VST.CONV.bf16.fp32 cmh1, [p3], #192
.aggressive_scheduled_block_id 4
.aggressive_scheduled_block_id last
.nohwbrkpt
.noswbrkpt
	  1418    0x63 0x95 0x70 0x04 0x24 0x8c 0xe9 0x62                                          VLDA.CONV.fp32.bf16 cml1, [p3], #64;                                                                                                                            VMAC.f dm4, dm4, ex6, ex7, r4
.aggressive_scheduled_block_id 5
.aggressive_scheduled_block_id first
	  1426    0x03 0xdc 0xeb 0x98                                                              VLDA.CONV.fp32.bf16 cmh1, [p3], #-192
.aggressive_scheduled_block_id 5
.noswbrkpt
	  1430    0x60 0x02 0x86 0x3a 0x46 0x4c                                                                                  VLDB.POP.576 ex0, [p1, lf1, r25];VST.CONV.bf16.fp32 cml2, [p3], #64
.aggressive_scheduled_block_id 5
.nohwbrkpt
.noswbrkpt
	  1436    0x0b 0x3d 0x63 0x18                                                                                                                          VST.CONV.bf16.fp32 cmh2, [p3], #192
.aggressive_scheduled_block_id 5
.nohwbrkpt
.noswbrkpt
	  1440    0x03 0x1d 0x2b 0x98                                                              VLDA.CONV.fp32.bf16 cml2, [p3], #64
.aggressive_scheduled_block_id 5
.nohwbrkpt
.noswbrkpt
	  1444    0x65 0x2d 0x70 0x04 0x21 0x20 0x49 0x62                                          VLDA.CONV.fp32.bf16 cmh2, [p3], m1;                                                                                                                             VMAC.f dm1, dm1, ex0, ex2, r4
.aggressive_scheduled_block_id 5
.nohwbrkpt
.noswbrkpt
	  1452    0x40 0x12 0x86 0x3b 0x46 0x4c                                                                                  VLDB.POP.576 ex2, [p0, lf0, r24];VST.CONV.bf16.fp32 cml3, [p3], #64
.aggressive_scheduled_block_id 5
.nohwbrkpt
.noswbrkpt
	  1458    0x0b 0x3d 0xe3 0x18                                                                                                                          VST.CONV.bf16.fp32 cmh3, [p3], #192
.aggressive_scheduled_block_id 5
.nohwbrkpt
.noswbrkpt
	  1462    0x63 0xb5 0x70 0x04 0x21 0x28 0xa9 0x62                                          VLDA.CONV.fp32.bf16 cml3, [p3], #64;                                                                                                                            VMAC.f dm1, dm1, ex4, ex5, r4
.aggressive_scheduled_block_id 5
.nohwbrkpt
.noswbrkpt
	  1470    0x7b 0xbd 0x70 0x04 0x22 0x40 0x69 0x62                                          VLDA.CONV.fp32.bf16 cmh3, [p3], #-192;                                                                                                                          VMAC.f dm2, dm2, ex0, ex3, r4
.aggressive_scheduled_block_id 5
.nohwbrkpt
.noswbrkpt
	  1478    0xa0 0x09 0x74 0x01 0xab 0x1e 0x23 0x32                                          VLDA.POP.576 ex1, [p1, lf1, r25];VLDB.POP.576 ex3, [p0, lf0, r24];VST.CONV.bf16.fp32 cml4, [p3], #64
.aggressive_scheduled_block_id 5
.nohwbrkpt
.noswbrkpt
	  1486    0x80 0x29 0x76 0x02 0x2b 0x3e 0x63 0x32                                          VLDA.POP.576 ex5, [p0, lf0, r24];VLDB.POP.576 ex4, [p1, lf1, r25];VST.CONV.bf16.fp32 cmh4, [p3], #192
.aggressive_scheduled_block_id 5
.nohwbrkpt
.noswbrkpt
	  1494    0x63 0xc5 0x70 0x04 0x22 0x48 0xe9 0x62                                          VLDA.CONV.fp32.bf16 cml4, [p3], #64;                                                                                                                            VMAC.f dm2, dm2, ex4, ex7, r4
.aggressive_scheduled_block_id 5
.nohwbrkpt
.noswbrkpt
	  1502    0x61 0x4d 0x72 0x01 0xd4 0x1d 0x23 0x62 0x49 0x4a                                VLDA.CONV.fp32.bf16 cmh4, [p3], m0;VLDB.POP.576 ex7, [p0, lf0, r24];                                                                                            VMAC.f dm3, dm3, ex1, ex2, r4
.aggressive_scheduled_block_id 5
.nohwbrkpt
.noswbrkpt
	  1512    0x02 0x81 0x73 0x01 0x94 0x1d 0x21 0x20 0x49 0x4a                                VLDA.FILL.512 [p0, lf0, r24]; VLDB.POP.576 ex6, [p1, lf1, r25];                                                                                                 VMAC.f dm1, dm1, ex0, ex2, r4
.aggressive_scheduled_block_id 5
.nohwbrkpt
.noswbrkpt
	  1522    0x80 0x11 0x7a 0x28 0x28 0x3c                                                    VLDA.POP.576 ex2, [p0, lf0, r24];VLDB.FILL.512 [p1, lf1, r25]
.aggressive_scheduled_block_id 5
.nohwbrkpt
.noswbrkpt
	  1528    0x80 0x19 0x73 0x00 0x14 0x1d 0x23 0x6c 0xa9 0x4a                                VLDA.POP.576 ex3, [p0, lf0, r24];VLDB.POP.576 ex0, [p1, lf1, r25];                                                                                              VMAC.f dm3, dm3, ex6, ex5, r4
.aggressive_scheduled_block_id 5
.nohwbrkpt
.noswbrkpt
	  1538    0x03 0x00 0x54 0x00 0x24 0x82 0x69 0x62                                                                        VLDB.POP.576 ex1, [p1, lf1, r25];                                                                                                 VMAC.f dm4, dm4, ex1, ex3, r4
.aggressive_scheduled_block_id 5
.nohwbrkpt
.noswbrkpt
	  1546    0x80 0x29 0x73 0x01 0x14 0x1d 0x22 0x40 0x69 0x4a                                VLDA.POP.576 ex5, [p0, lf0, r24];VLDB.POP.576 ex4, [p1, lf1, r25];                                                                                              VMAC.f dm2, dm2, ex0, ex3, r4
.aggressive_scheduled_block_id 5
.nohwbrkpt
.noswbrkpt
	  1556    0x21 0x28 0xa9 0x48                                                                                                                                                                                                                              VMAC.f dm1, dm1, ex4, ex5, r4
.aggressive_scheduled_block_id 5
.nohwbrkpt
.noswbrkpt
	  1560    0xa0 0x31 0x72 0x01 0xd4 0x1d 0x24 0x8c 0xe9 0x4a                                VLDA.POP.576 ex6, [p1, lf1, r25];VLDB.POP.576 ex7, [p0, lf0, r24];                                                                                              VMAC.f dm4, dm4, ex6, ex7, r4
.aggressive_scheduled_block_id 5
.nohwbrkpt
.noswbrkpt
	  1570    0x03 0x00 0x14 0x00 0x23 0x62 0x49 0x62                                                                        VLDB.POP.576 ex0, [p1, lf1, r25];                                                                                                 VMAC.f dm3, dm3, ex1, ex2, r4
.aggressive_scheduled_block_id 5
.nohwbrkpt
.noswbrkpt
	  1578    0x02 0x00 0x94 0x00 0x22 0x48 0xe9 0x62                                                                        VLDB.POP.576 ex2, [p0, lf0, r24];                                                                                                 VMAC.f dm2, dm2, ex4, ex7, r4
.aggressive_scheduled_block_id 5
.nohwbrkpt
.noswbrkpt
	  1586    0x24 0x82 0x69 0x48                                                                                                                                                                                                                              VMAC.f dm4, dm4, ex1, ex3, r4
.aggressive_scheduled_block_id 5
.nohwbrkpt
.noswbrkpt
	  1590    0x80 0x19 0x73 0x00 0x54 0x1d 0x21 0x20 0x49 0x4a                                VLDA.POP.576 ex3, [p0, lf0, r24];VLDB.POP.576 ex1, [p1, lf1, r25];                                                                                              VMAC.f dm1, dm1, ex0, ex2, r4
.aggressive_scheduled_block_id 5
.nohwbrkpt
.noswbrkpt
	  1600    0x03 0x01 0x14 0x00 0x23 0x6c 0xa9 0x62                                                                        VLDB.POP.576 ex4, [p1, lf1, r25];                                                                                                 VMAC.f dm3, dm3, ex6, ex5, r4
.aggressive_scheduled_block_id 5
.nohwbrkpt
.noswbrkpt
	  1608    0x02 0x01 0x54 0x00 0x22 0x40 0x69 0x62                                                                        VLDB.POP.576 ex5, [p0, lf0, r24];                                                                                                 VMAC.f dm2, dm2, ex0, ex3, r4
.aggressive_scheduled_block_id 5
.nohwbrkpt
.noswbrkpt
	  1616    0x24 0x8c 0xe9 0x48                                                                                                                                                                                                                              VMAC.f dm4, dm4, ex6, ex7, r4
.aggressive_scheduled_block_id 5
.nohwbrkpt
.noswbrkpt
	  1620    0x21 0x28 0xa9 0x48                                                                                                                                                                                                                              VMAC.f dm1, dm1, ex4, ex5, r4
.aggressive_scheduled_block_id 5
.nohwbrkpt
.noswbrkpt
	  1624    0xa0 0x31 0x72 0x01 0xd4 0x1d 0x23 0x62 0x49 0x4a                                VLDA.POP.576 ex6, [p1, lf1, r25];VLDB.POP.576 ex7, [p0, lf0, r24];                                                                                              VMAC.f dm3, dm3, ex1, ex2, r4
.aggressive_scheduled_block_id 5
.nohwbrkpt
.noswbrkpt
	  1634    0x22 0x48 0xe9 0x48                                                                                                                                                                                                                              VMAC.f dm2, dm2, ex4, ex7, r4
.aggressive_scheduled_block_id 5
.nohwbrkpt
.noswbrkpt
	  1638    0x24 0x82 0x69 0x48                                                                                                                                                                                                                              VMAC.f dm4, dm4, ex1, ex3, r4
.aggressive_scheduled_block_id 5
.nohwbrkpt
.noswbrkpt
	  1642    0x21 0x20 0x49 0x48                                                                                                                                                                                                                              VMAC.f dm1, dm1, ex0, ex2, r4
.aggressive_scheduled_block_id 5
.nohwbrkpt
.noswbrkpt
	  1646    0x23 0x6c 0xa9 0x48                                                                                                                                                                                                                              VMAC.f dm3, dm3, ex6, ex5, r4
.aggressive_scheduled_block_id 5
.nohwbrkpt
.noswbrkpt
	  1650    0x22 0x40 0x69 0x48                                                                                                                                                                                                                              VMAC.f dm2, dm2, ex0, ex3, r4
.aggressive_scheduled_block_id 5
.nohwbrkpt
.noswbrkpt
	  1654    0x21 0x28 0xa9 0x48                                                                                                                                                                                                                              VMAC.f dm1, dm1, ex4, ex5, r4
.aggressive_scheduled_block_id 5
.aggressive_scheduled_block_id last
.nohwbrkpt
.noswbrkpt
	  1658    0x24 0x8c 0xe9 0x48                                                                                                                                                                                                                              VMAC.f dm4, dm4, ex6, ex7, r4
	  1662    0x22 0x48 0xe9 0x48                                                                                                                                                                                                                              VMAC.f dm2, dm2, ex4, ex7, r4
	  1666    0x23 0x62 0x49 0x48                                                                                                                                                                                                                              VMAC.f dm3, dm3, ex1, ex2, r4
	  1670    0x24 0x82 0x69 0x48                                                                                                                                                                                                                              VMAC.f dm4, dm4, ex1, ex3, r4
	  1674    0x00 0x00                                                                        NOPX
	  1676    0x63 0x94 0x60 0x02 0x23 0x6c 0xa9 0x62                                                                                                      VST.CONV.bf16.fp32 cml1, [p3], #64;                                                                 VMAC.f dm3, dm3, ex6, ex5, r4
	  1684    0x63 0x9c 0x60 0x02 0x24 0x8c 0xe9 0x62                                                                                                      VST.CONV.bf16.fp32 cmh1, [p3], #64;                                                                 VMAC.f dm4, dm4, ex6, ex7, r4
	  1692    0x0b 0x1d 0x23 0x18                                                                                                                          VST.CONV.bf16.fp32 cml2, [p3], #64
	  1696    0x0b 0x49 0x63 0x18                                                                                                                          VST.CONV.bf16.fp32 cmh2, [p3], m2
	  1700    0x00 0x00                                                                        NOPX
	  1702    0x00 0x00                                                                        NOPX
	  1704    0x0b 0x1d 0xa3 0x18                                                                                                                          VST.CONV.bf16.fp32 cml3, [p3], #64
	  1708    0x0b 0x1d 0xe3 0x18                                                                                                                          VST.CONV.bf16.fp32 cmh3, [p3], #64
	  1712    0x00 0x2c 0xf0 0x00 0x23 0x06 0x23 0x00 0x00 0x00 0x01 0xa5 0x78 0x00 0x00 0xe1  NOPA;                         NOPB;                         VST.CONV.bf16.fp32 cml4, [p3];NOPX;                         NOPM;                                   NOPV
.label ZLE_Fmatmul_vectorized_different_datatypes_1728
.end_of_loop
	  1728    0x00 0x2c 0xf0 0x00 0x23 0x16 0x63 0x00 0x00 0x00 0x01 0xa5 0x78 0x00 0x00 0xe1  NOPA;                         NOPB;                         VST.CONV.bf16.fp32 cmh4, [p3, #64];NOPX;                    NOPM;                                   NOPV
.loop_nesting 0
	  1744    0x10 0x28 0x00 0x18                                                                                                                                                        RET lr
.delay_slot
	  1748    0xfe 0xe0 0x00 0x00 0x01 0xc4                                                                                                                                              PADDXM [sp], #-2304
.delay_slot
	  1754    0x12 0x10 0x00 0x18                                                                                                                                                        EVENT #1
.delay_slot
.swstall delay_slot
	  1758    0x00 0x00                                                                        NOPX
.delay_slot
.swstall delay_slot
	  1760    0x00 0x00                                                                        NOPX
.label matmul_vectorized_different_datatypes__end last
.delay_slot
.swstall delay_slot
	  1762    0x00 0x00                                                                        NOPX

.undef global data _ZN12me_primitive11control_rndE

.text_segment_name
.text global 10 zero_kernel_bf16
.function_start
	     0    0x18 0x10 0xc0 0xf8                                                                                                                                                                                      MOV r0, p0
	     4    0x00 0x00 0x80 0xa0 0x00 0x44                                                                                                                                              MOVXM r1, #32768
	    10    0x18 0x50 0x81 0x58                                                                                                                                                                                      ADD.NC r1, r1, r0
	    14    0x10 0x04 0x1b 0x98                                                                                                                                                        GEU r2, r0, r1
	    18    0x10 0x00 0x68 0x40 0x01 0x84                                                                                                                                              JNZ r2, #TGT_Fzero_kernel_bf16_208
.delay_slot
.swstall delay_slot
	    24    0x00 0x00                                                                        NOPX
.delay_slot
.swstall delay_slot
	    26    0x00 0x00                                                                        NOPX
.delay_slot
.swstall delay_slot
	    28    0x00 0x00                                                                        NOPX
.delay_slot
.swstall delay_slot
	    30    0x00 0x00                                                                        NOPX
.delay_slot
.swstall delay_slot
	    32    0x00 0x00                                                                        NOPX
	    34    0x00 0x18 0x00 0x00 0x00 0x00 0x78 0x60 0x10 0xba                                MOVA r24, #0;                                                                             MOVXM ls, #(ZLS_Fzero_kernel_bf16_192 + 0)
	    44    0x00 0x00 0x06 0xe1 0x80 0x44                                                                                                                                              MOVXM le, #(ZLS_Fzero_kernel_bf16_192 + 0)
	    50    0xff 0x40 0x00 0x02 0x20 0x0c 0x68 0x10 0x08 0xba                                MOVA r0, #-6;                                                                             SUB r2, r1, r0;               ADD.NC r3, r0, #64
	    60    0x00 0x21 0x00 0x07 0xb0 0xe4 0x48 0xbf 0xc8 0xba                                MOVA r1, #1;                                                                              LTU r27, r3, r1;              ADD.NC r2, r2, #-1
	    70    0x10 0x01 0xd0 0xc2 0xe5 0xe4                                                                                                                                              ASHL r0, r2, r0;              VBCST.16 x0, r24
	    76    0x00 0x00 0xe0 0x01 0x25 0xe4                                                                                                                                              ADD r0, r0, #1;               VMOV bmll0, x0
	    82    0x10 0x40 0x02 0x18                                                                                                                                                        SEL.EQZ r0, r1, r0, r27
	    86    0x00 0x2c 0xf0 0x00 0x10 0x02 0xb8 0x10 0x7e 0xba                                NOPA;                         NOPB;                                                                                     MOV lc, r0
	    96    0x00 0x2c 0xf0 0x00 0x20 0x01 0x5b 0x00 0x00 0x00 0x01 0xa5 0x78 0x00 0x00 0xe1  NOPA;                         NOPB;                         NOPS;                         NOPX;                         NOPM;                                   NOPV
	   112    0x00 0x2c 0xf0 0x00 0x20 0x01 0x5b 0x00 0x00 0x00 0x01 0xa5 0x78 0x00 0x00 0xe1  NOPA;                         NOPB;                         NOPS;                         NOPX;                         NOPM;                                   NOPV
	   128    0x00 0x2c 0xf0 0x00 0x20 0x01 0x5b 0x00 0x00 0x00 0x01 0xa5 0x78 0x00 0x00 0xe1  NOPA;                         NOPB;                         NOPS;                         NOPX;                         NOPM;                                   NOPV
	   144    0x00 0x2c 0xf0 0x00 0x20 0x01 0x5b 0x00 0x00 0x00 0x01 0xa5 0x78 0x00 0x00 0xe1  NOPA;                         NOPB;                         NOPS;                         NOPX;                         NOPM;                                   NOPV
	   160    0x00 0x2c 0xf0 0x00 0x20 0x01 0x5b 0x00 0x00 0x00 0x01 0xa5 0x78 0x00 0x00 0xe1  NOPA;                         NOPB;                         NOPS;                         NOPX;                         NOPM;                                   NOPV
	   176    0x00 0x2c 0xf0 0x00 0x20 0x01 0x5b 0x00 0x00 0x00 0x01 0xa5 0x78 0x00 0x00 0xe1  NOPA;                         NOPB;                         NOPS;                         NOPX;                         NOPM;                                   NOPV
.label ZLS_Fzero_kernel_bf16_192
.loop_nesting 1
.begin_of_loop
.end_of_loop
	   192    0x00 0x2c 0xf0 0x00 0x20 0x1c 0x06 0x80 0x00 0x00 0x01 0xa5 0x78 0x00 0x00 0xe1  NOPA;                         NOPB;                         VST bmll0, [p0], #64;         NOPX;                         NOPM;                                   NOPV
.label TGT_Fzero_kernel_bf16_208
.loop_nesting 0
	   208    0x10 0x28 0x00 0x18                                                                                                                                                        RET lr
.delay_slot
.swstall delay_slot
	   212    0x00 0x00                                                                        NOPX
.delay_slot
.swstall delay_slot
	   214    0x00 0x00                                                                        NOPX
.delay_slot
.swstall delay_slot
	   216    0x00 0x00                                                                        NOPX
.delay_slot
.swstall delay_slot
	   218    0x00 0x00                                                                        NOPX
.label zero_kernel_bf16__end last
.delay_slot
.swstall delay_slot
	   220    0x00 0x00                                                                        NOPX



.direct_eval +,-,(,)
