
// File generated by darts version V-2024.06#8be6237c82#250729, Sun Jun 28 18:54:02 2026
// Copyright 2014-2024 Synopsys, Inc. All rights reserved.
// darts -I/home/bcloud/torch2aie/toolchain/aietools/data/aie2p/lib -d -h -I/home/bcloud/torch2aie/toolchain/aietools/include -I/home/bcloud/torch2aie/toolchain/aietools/data/aie2p/lib/runtime_cxx/libcxx-lite/include -I/home/bcloud/torch2aie/toolchain/aietools/data/aie2p/lib/runtime_cxx/libs/libcxx-16/include -I/home/bcloud/torch2aie/toolchain/aietools/data/aie2p/lib/runtime_cxx/libs/libcxxabi-16/include -I/home/bcloud/torch2aie/toolchain/aietools/data/aie2p/lib/runtime/include -D__AIENGINE__ -D__AIE_ARCH__=21 -D__AIEARCH__=21 -D__tct_tgt__=250729 -L +Ihex +nanno design_1024_bfp16.mlir.prj/main_core_1_4.o me

// Release: ipp V-2024.06-TGT-250729
.undef global data _ZN12me_primitive11control_satE

.undef global data _ZN12me_primitive11control_rndE

.undef global data AL1_2_1_cons_buff_1

.undef global data AL1_2_1_cons_buff_0

.undef global data BL1_1_2_cons_buff_1

.undef global data BL1_1_2_cons_buff_0

.undef global data CL1_1_2_buff_0

.text_segment_name
.text global 16 core_1_4
.function_start
	     0    0xff 0xe1 0x00 0x9c 0x8b 0x00 0x02 0x00 0x00 0x00 0x70 0x76                      MOVA r1, #-1;                                               MOVS p0, p7;                  PADDXM [sp], #64
	    12    0xff 0xaa 0xb0 0x00 0xb0 0x08 0x0a 0xd0 0x79 0x3a                                                                                            ST r10, [sp, #-4];            MOVX r11, #0;                 MOV r0, r11
	    22    0xfa 0x2e 0xb0 0x00 0x8b 0xd0 0x70 0x02                                                                                                      ST r11, [sp, #-48];                                         MOV r4, r15
	    30    0xff 0x22 0xb0 0x00 0x6b 0x90 0x70 0x02                                                                                                      ST r8, [sp, #-8];                                           MOV r3, r14
	    38    0xfe 0x92 0xb0 0x00 0x4b 0x50 0x70 0x02                                                                                                      ST r4, [sp, #-12];                                          MOV r2, r13
	    46    0xfe 0x0e 0xb0 0x00 0x00 0x03 0xb0 0x00 0x11 0x3a                                                                                            ST r3, [sp, #-16];            MOVXM p7, #CL1_1_2_buff_0
	    56    0x0f 0xe8 0x55 0x98                                                                                                                          ST r2, [sp, #-24]
	    60    0x0f 0xe1 0x95 0x98                                                                                                                          ST r12, [sp, #-32]
	    64    0x0f 0xdc 0x15 0x98                                                                                                                          ST r0, [sp, #-36]
	    68    0x0f 0xd9 0x35 0x98                                                                                                                          ST r9, [sp, #-40]
	    72    0x0f 0xec 0x1d 0x98                                                                                                                          ST p0, [sp, #-20]
	    76    0x0f 0xe7 0x1d 0x98                                                                                                                          ST p6, [sp, #-28]
	    80    0x00 0x2c 0xf0 0x00 0x27 0xd4 0x3d 0x80 0x00 0x00 0x01 0xa5 0x78 0x00 0x00 0xe1  NOPA;                         NOPB;                         ST lr, [sp, #-44];            NOPX;                         NOPM;                                   NOPV
.label TGT_Fcore_1_4_96
.loop_nesting 1
.no_stack_arguments
	    96    0x00 0x00 0x00 0x00 0x01 0x04                                                                                                                                              JL #llvm___aie2p___acquire
.delay_slot
	   102    0x10 0x00 0xd1 0x18                                                                                                                                                        MOVX r0, #52
.delay_slot
.swstall delay_slot
	   106    0x00 0x00                                                                        NOPX
.delay_slot
.swstall delay_slot
	   108    0x00 0x00                                                                        NOPX
.delay_slot
.swstall delay_slot
	   110    0x00 0x00                                                                        NOPX
.delay_slot
.swstall delay_slot
	   112    0x00 0x2c 0xf0 0x00 0x20 0x01 0x5b 0x00 0x00 0x00 0x01 0xa5 0x78 0x00 0x00 0xe1  NOPA;                         NOPB;                         NOPS;                         NOPX;                         NOPM;                                   NOPV
.return_address
.no_stack_arguments
	   128    0x00 0x00 0x00 0x00 0x01 0x04                                                                                                                                              JL #zero_kernel_bf16
.delay_slot
	   134    0x00 0x00 0x0c 0xc0 0x00 0x44                                                                                                                                              MOVXM p6, #CL1_1_2_buff_0
.delay_slot
	   140    0x18 0x6e 0xc0 0xf8                                                                                                                                                                                      MOV p0, p7
.delay_slot
.swstall delay_slot
	   144    0x00 0x00                                                                        NOPX
.delay_slot
.swstall delay_slot
	   146    0x00 0x00                                                                        NOPX
.delay_slot
.swstall delay_slot
	   148    0x00 0x2c 0xf0 0x00 0x20 0x00 0x00 0x00 0x00 0xad 0x81 0x36                      NOPA;                         NOPB;                         NOPS;                         NOPX
.return_address
	   160    0x00 0x2c 0xf0 0x00 0x20 0x01 0x5b 0x00 0x90 0xe8 0x2f 0xff 0x58 0x00 0x00 0xe1  NOPA;                         NOPB;                         NOPS;                         MOVX r9, #7;                  MOV r1, #-1;                            NOPV
.label TGT_Fcore_1_4_176
.loop_nesting 2
.no_stack_arguments
	   176    0x00 0x00 0x00 0x00 0x01 0x04                                                                                                                                              JL #llvm___aie2p___acquire
.delay_slot
	   182    0x10 0x00 0xcd 0x18                                                                                                                                                        MOVX r0, #51
.delay_slot
.swstall delay_slot
	   186    0x00 0x00                                                                        NOPX
.delay_slot
.swstall delay_slot
	   188    0x00 0x00                                                                        NOPX
.delay_slot
.swstall delay_slot
	   190    0x00 0x00                                                                        NOPX
.delay_slot
.swstall delay_slot
	   192    0x00 0x2c 0xf0 0x00 0x20 0x01 0x5b 0x00 0x00 0x00 0x01 0xa5 0x78 0x00 0x00 0xe1  NOPA;                         NOPB;                         NOPS;                         NOPX;                         NOPM;                                   NOPV
.return_address
.no_stack_arguments
	   208    0xff 0xe1 0x00 0x00 0x00 0x00 0x00 0x00 0x40 0xba                                MOVA r1, #-1;                                                                             JL #llvm___aie2p___acquire
.delay_slot
	   218    0x10 0x00 0xc5 0x18                                                                                                                                                        MOVX r0, #49
.delay_slot
.swstall delay_slot
	   222    0x00 0x00                                                                        NOPX
.delay_slot
.swstall delay_slot
	   224    0x00 0x00                                                                        NOPX
.delay_slot
.swstall delay_slot
	   226    0x00 0x00                                                                        NOPX
.delay_slot
.swstall delay_slot
	   228    0x00 0x2c 0xf0 0x00 0x20 0x00 0x00 0x00 0x00 0xad 0x81 0x36                      NOPA;                         NOPB;                         NOPS;                         NOPX
.return_address
.no_stack_arguments
	   240    0x53 0x11 0x60 0x00 0x00 0x00 0x00 0x00 0x41 0x3a                                                                                            MOVS p2, p6;                  JL #matmul_vectorized_different_datatypes
.delay_slot
	   250    0x00 0x00 0x02 0xc0 0x00 0x44                                                                                                                                              MOVXM p1, #BL1_1_2_cons_buff_0
.delay_slot
	   256    0x00 0x00 0x00 0xc0 0x00 0x44                                                                                                                                              MOVXM p0, #AL1_2_1_cons_buff_0
.delay_slot
	   262    0x1f 0x64 0xc0 0xf8                                                                                                                                                                                      MOV p7, p2
.delay_slot
.swstall delay_slot
	   266    0x00 0x00                                                                        NOPX
.delay_slot
.swstall delay_slot
	   268    0x00 0x01 0x67 0x98                                                              NOPA
.return_address
.no_stack_arguments
	   272    0x00 0x21 0x00 0x00 0x00 0x00 0x00 0x00 0x40 0xba                                MOVA r1, #1;                                                                              JL #llvm___aie2p___release
.delay_slot
	   282    0x10 0x00 0xc1 0x18                                                                                                                                                        MOVX r0, #48
.delay_slot
.swstall delay_slot
	   286    0x00 0x00                                                                        NOPX
.delay_slot
.swstall delay_slot
	   288    0x00 0x00                                                                        NOPX
.delay_slot
.swstall delay_slot
	   290    0x00 0x00                                                                        NOPX
.delay_slot
.swstall delay_slot
	   292    0x00 0x2c 0xf0 0x00 0x20 0x00 0x00 0x00 0x00 0xad 0x81 0x36                      NOPA;                         NOPB;                         NOPS;                         NOPX
.return_address
.no_stack_arguments
	   304    0xff 0xe1 0x00 0x00 0x00 0x00 0x00 0x00 0x40 0xba                                MOVA r1, #-1;                                                                             JL #llvm___aie2p___acquire
.delay_slot
	   314    0x10 0x00 0xc5 0x18                                                                                                                                                        MOVX r0, #49
.delay_slot
.swstall delay_slot
	   318    0x00 0x00                                                                        NOPX
.delay_slot
.swstall delay_slot
	   320    0x00 0x00                                                                        NOPX
.delay_slot
.swstall delay_slot
	   322    0x00 0x00                                                                        NOPX
.delay_slot
.swstall delay_slot
	   324    0x00 0x2c 0xf0 0x00 0x20 0x00 0x00 0x00 0x00 0xad 0x81 0x36                      NOPA;                         NOPB;                         NOPS;                         NOPX
.return_address
.no_stack_arguments
	   336    0x53 0x91 0x60 0x00 0x00 0x00 0x00 0x00 0x41 0x3a                                                                                            MOVS p2, p7;                  JL #matmul_vectorized_different_datatypes
.delay_slot
	   346    0x00 0x00 0x00 0xc0 0x00 0x44                                                                                                                                              MOVXM p0, #AL1_2_1_cons_buff_1
.delay_slot
	   352    0x00 0x00 0x02 0xc0 0x00 0x44                                                                                                                                              MOVXM p1, #BL1_1_2_cons_buff_0
.delay_slot
	   358    0x1e 0x64 0xc0 0xf8                                                                                                                                                                                      MOV p6, p2
.delay_slot
.swstall delay_slot
	   362    0x00 0x00                                                                        NOPX
.delay_slot
.swstall delay_slot
	   364    0x00 0x01 0x67 0x98                                                              NOPA
.return_address
.no_stack_arguments
	   368    0x00 0x21 0x00 0x00 0x00 0x00 0x00 0x00 0x40 0xba                                MOVA r1, #1;                                                                              JL #llvm___aie2p___release
.delay_slot
	   378    0x10 0x00 0xc1 0x18                                                                                                                                                        MOVX r0, #48
.delay_slot
.swstall delay_slot
	   382    0x00 0x00                                                                        NOPX
.delay_slot
.swstall delay_slot
	   384    0x00 0x00                                                                        NOPX
.delay_slot
.swstall delay_slot
	   386    0x00 0x00                                                                        NOPX
.delay_slot
.swstall delay_slot
	   388    0x00 0x2c 0xf0 0x00 0x20 0x00 0x00 0x00 0x00 0xad 0x81 0x36                      NOPA;                         NOPB;                         NOPS;                         NOPX
.return_address
.no_stack_arguments
	   400    0xff 0xe1 0x00 0x00 0x00 0x00 0x00 0x00 0x40 0xba                                MOVA r1, #-1;                                                                             JL #llvm___aie2p___acquire
.delay_slot
	   410    0x10 0x00 0xc5 0x18                                                                                                                                                        MOVX r0, #49
.delay_slot
.swstall delay_slot
	   414    0x00 0x00                                                                        NOPX
.delay_slot
.swstall delay_slot
	   416    0x00 0x00                                                                        NOPX
.delay_slot
.swstall delay_slot
	   418    0x00 0x00                                                                        NOPX
.delay_slot
.swstall delay_slot
	   420    0x00 0x2c 0xf0 0x00 0x20 0x00 0x00 0x00 0x00 0xad 0x81 0x36                      NOPA;                         NOPB;                         NOPS;                         NOPX
.return_address
.no_stack_arguments
	   432    0x00 0x00 0x00 0x00 0x01 0x04                                                                                                                                              JL #matmul_vectorized_different_datatypes
.delay_slot
	   438    0x00 0x00 0x00 0xc0 0x00 0x44                                                                                                                                              MOVXM p0, #AL1_2_1_cons_buff_0
.delay_slot
	   444    0x00 0x00 0x02 0xc0 0x00 0x44                                                                                                                                              MOVXM p1, #BL1_1_2_cons_buff_0
.delay_slot
	   450    0x1a 0x6c 0xc0 0xf8                                                                                                                                                                                      MOV p2, p6
.delay_slot
.swstall delay_slot
	   454    0x00 0x00                                                                        NOPX
.delay_slot
.swstall delay_slot
	   456    0x00 0x2c 0xf0 0x04 0x00 0x00 0x1c 0x22                                          NOPA;                                                                                                                                                           NOPV
.return_address
.no_stack_arguments
	   464    0x00 0x21 0x00 0x00 0x00 0x00 0x00 0x00 0x40 0xba                                MOVA r1, #1;                                                                              JL #llvm___aie2p___release
.delay_slot
	   474    0x10 0x00 0xc1 0x18                                                                                                                                                        MOVX r0, #48
.delay_slot
.swstall delay_slot
	   478    0x00 0x00                                                                        NOPX
.delay_slot
.swstall delay_slot
	   480    0x00 0x00                                                                        NOPX
.delay_slot
.swstall delay_slot
	   482    0x00 0x00                                                                        NOPX
.delay_slot
.swstall delay_slot
	   484    0x00 0x2c 0xf0 0x00 0x20 0x00 0x00 0x00 0x00 0xad 0x81 0x36                      NOPA;                         NOPB;                         NOPS;                         NOPX
.return_address
.no_stack_arguments
	   496    0xff 0xe1 0x00 0x00 0x00 0x00 0x00 0x00 0x40 0xba                                MOVA r1, #-1;                                                                             JL #llvm___aie2p___acquire
.delay_slot
	   506    0x10 0x00 0xc5 0x18                                                                                                                                                        MOVX r0, #49
.delay_slot
.swstall delay_slot
	   510    0x00 0x00                                                                        NOPX
.delay_slot
.swstall delay_slot
	   512    0x00 0x00                                                                        NOPX
.delay_slot
.swstall delay_slot
	   514    0x00 0x00                                                                        NOPX
.delay_slot
.swstall delay_slot
	   516    0x00 0x2c 0xf0 0x00 0x20 0x00 0x00 0x00 0x00 0xad 0x81 0x36                      NOPA;                         NOPB;                         NOPS;                         NOPX
.return_address
.no_stack_arguments
	   528    0x00 0x00 0x00 0x00 0x01 0x04                                                                                                                                              JL #matmul_vectorized_different_datatypes
.delay_slot
	   534    0x00 0x00 0x00 0xc0 0x00 0x44                                                                                                                                              MOVXM p0, #AL1_2_1_cons_buff_1
.delay_slot
	   540    0x00 0x00 0x02 0xc0 0x00 0x44                                                                                                                                              MOVXM p1, #BL1_1_2_cons_buff_0
.delay_slot
	   546    0x1a 0x6c 0xc0 0xf8                                                                                                                                                                                      MOV p2, p6
.delay_slot
.swstall delay_slot
	   550    0x00 0x00                                                                        NOPX
.delay_slot
.swstall delay_slot
	   552    0x00 0x2c 0xf0 0x04 0x00 0x00 0x1c 0x22                                          NOPA;                                                                                                                                                           NOPV
.return_address
.no_stack_arguments
	   560    0x00 0x21 0x00 0x00 0x00 0x00 0x00 0x00 0x40 0xba                                MOVA r1, #1;                                                                              JL #llvm___aie2p___release
.delay_slot
	   570    0x10 0x00 0xc1 0x18                                                                                                                                                        MOVX r0, #48
.delay_slot
.swstall delay_slot
	   574    0x00 0x00                                                                        NOPX
.delay_slot
.swstall delay_slot
	   576    0x00 0x00                                                                        NOPX
.delay_slot
.swstall delay_slot
	   578    0x00 0x00                                                                        NOPX
.delay_slot
.swstall delay_slot
	   580    0x00 0x2c 0xf0 0x00 0x20 0x00 0x00 0x00 0x00 0xad 0x81 0x36                      NOPA;                         NOPB;                         NOPS;                         NOPX
.return_address
.no_stack_arguments
	   592    0x00 0x21 0x00 0x00 0x00 0x00 0x00 0x00 0x40 0xba                                MOVA r1, #1;                                                                              JL #llvm___aie2p___release
.delay_slot
	   602    0x10 0x00 0xc9 0x18                                                                                                                                                        MOVX r0, #50
.delay_slot
.swstall delay_slot
	   606    0x00 0x00                                                                        NOPX
.delay_slot
.swstall delay_slot
	   608    0x00 0x00                                                                        NOPX
.delay_slot
.swstall delay_slot
	   610    0x00 0x00                                                                        NOPX
.delay_slot
.swstall delay_slot
	   612    0x00 0x2c 0xf0 0x00 0x20 0x00 0x00 0x00 0x00 0xad 0x81 0x36                      NOPA;                         NOPB;                         NOPS;                         NOPX
.return_address
.no_stack_arguments
	   624    0xff 0xe1 0x00 0x00 0x00 0x00 0x00 0x00 0x40 0xba                                MOVA r1, #-1;                                                                             JL #llvm___aie2p___acquire
.delay_slot
	   634    0x10 0x00 0xcd 0x18                                                                                                                                                        MOVX r0, #51
.delay_slot
.swstall delay_slot
	   638    0x00 0x00                                                                        NOPX
.delay_slot
.swstall delay_slot
	   640    0x00 0x00                                                                        NOPX
.delay_slot
.swstall delay_slot
	   642    0x00 0x00                                                                        NOPX
.delay_slot
.swstall delay_slot
	   644    0x00 0x2c 0xf0 0x00 0x20 0x00 0x00 0x00 0x00 0xad 0x81 0x36                      NOPA;                         NOPB;                         NOPS;                         NOPX
.return_address
.no_stack_arguments
	   656    0xff 0xe1 0x00 0x00 0x00 0x00 0x00 0x00 0x40 0xba                                MOVA r1, #-1;                                                                             JL #llvm___aie2p___acquire
.delay_slot
	   666    0x10 0x00 0xc5 0x18                                                                                                                                                        MOVX r0, #49
.delay_slot
.swstall delay_slot
	   670    0x00 0x00                                                                        NOPX
.delay_slot
.swstall delay_slot
	   672    0x00 0x00                                                                        NOPX
.delay_slot
.swstall delay_slot
	   674    0x00 0x00                                                                        NOPX
.delay_slot
.swstall delay_slot
	   676    0x00 0x2c 0xf0 0x00 0x20 0x00 0x00 0x00 0x00 0xad 0x81 0x36                      NOPA;                         NOPB;                         NOPS;                         NOPX
.return_address
.no_stack_arguments
	   688    0x00 0x00 0x00 0x00 0x01 0x04                                                                                                                                              JL #matmul_vectorized_different_datatypes
.delay_slot
	   694    0x00 0x00 0x00 0xc0 0x00 0x44                                                                                                                                              MOVXM p0, #AL1_2_1_cons_buff_0
.delay_slot
	   700    0x00 0x00 0x02 0xc0 0x00 0x44                                                                                                                                              MOVXM p1, #BL1_1_2_cons_buff_1
.delay_slot
	   706    0x1a 0x6c 0xc0 0xf8                                                                                                                                                                                      MOV p2, p6
.delay_slot
.swstall delay_slot
	   710    0x00 0x00                                                                        NOPX
.delay_slot
.swstall delay_slot
	   712    0x00 0x2c 0xf0 0x04 0x00 0x00 0x1c 0x22                                          NOPA;                                                                                                                                                           NOPV
.return_address
.no_stack_arguments
	   720    0x00 0x21 0x00 0x00 0x00 0x00 0x00 0x00 0x40 0xba                                MOVA r1, #1;                                                                              JL #llvm___aie2p___release
.delay_slot
	   730    0x10 0x00 0xc1 0x18                                                                                                                                                        MOVX r0, #48
.delay_slot
.swstall delay_slot
	   734    0x00 0x00                                                                        NOPX
.delay_slot
.swstall delay_slot
	   736    0x00 0x00                                                                        NOPX
.delay_slot
.swstall delay_slot
	   738    0x00 0x00                                                                        NOPX
.delay_slot
.swstall delay_slot
	   740    0x00 0x2c 0xf0 0x00 0x20 0x00 0x00 0x00 0x00 0xad 0x81 0x36                      NOPA;                         NOPB;                         NOPS;                         NOPX
.return_address
.no_stack_arguments
	   752    0xff 0xe1 0x00 0x00 0x00 0x00 0x00 0x00 0x40 0xba                                MOVA r1, #-1;                                                                             JL #llvm___aie2p___acquire
.delay_slot
	   762    0x10 0x00 0xc5 0x18                                                                                                                                                        MOVX r0, #49
.delay_slot
.swstall delay_slot
	   766    0x00 0x00                                                                        NOPX
.delay_slot
.swstall delay_slot
	   768    0x00 0x00                                                                        NOPX
.delay_slot
.swstall delay_slot
	   770    0x00 0x00                                                                        NOPX
.delay_slot
.swstall delay_slot
	   772    0x00 0x2c 0xf0 0x00 0x20 0x00 0x00 0x00 0x00 0xad 0x81 0x36                      NOPA;                         NOPB;                         NOPS;                         NOPX
.return_address
.no_stack_arguments
	   784    0x00 0x00 0x00 0x00 0x01 0x04                                                                                                                                              JL #matmul_vectorized_different_datatypes
.delay_slot
	   790    0x00 0x00 0x00 0xc0 0x00 0x44                                                                                                                                              MOVXM p0, #AL1_2_1_cons_buff_1
.delay_slot
	   796    0x00 0x00 0x02 0xc0 0x00 0x44                                                                                                                                              MOVXM p1, #BL1_1_2_cons_buff_1
.delay_slot
	   802    0x1a 0x6c 0xc0 0xf8                                                                                                                                                                                      MOV p2, p6
.delay_slot
.swstall delay_slot
	   806    0x00 0x00                                                                        NOPX
.delay_slot
.swstall delay_slot
	   808    0x00 0x2c 0xf0 0x04 0x00 0x00 0x1c 0x22                                          NOPA;                                                                                                                                                           NOPV
.return_address
.no_stack_arguments
	   816    0x00 0x21 0x00 0x00 0x00 0x00 0x00 0x00 0x40 0xba                                MOVA r1, #1;                                                                              JL #llvm___aie2p___release
.delay_slot
	   826    0x10 0x00 0xc1 0x18                                                                                                                                                        MOVX r0, #48
.delay_slot
.swstall delay_slot
	   830    0x00 0x00                                                                        NOPX
.delay_slot
.swstall delay_slot
	   832    0x00 0x00                                                                        NOPX
.delay_slot
.swstall delay_slot
	   834    0x00 0x00                                                                        NOPX
.delay_slot
.swstall delay_slot
	   836    0x00 0x2c 0xf0 0x00 0x20 0x00 0x00 0x00 0x00 0xad 0x81 0x36                      NOPA;                         NOPB;                         NOPS;                         NOPX
.return_address
.no_stack_arguments
	   848    0xff 0xe1 0x00 0x00 0x00 0x00 0x00 0x00 0x40 0xba                                MOVA r1, #-1;                                                                             JL #llvm___aie2p___acquire
.delay_slot
	   858    0x10 0x00 0xc5 0x18                                                                                                                                                        MOVX r0, #49
.delay_slot
.swstall delay_slot
	   862    0x00 0x00                                                                        NOPX
.delay_slot
.swstall delay_slot
	   864    0x00 0x00                                                                        NOPX
.delay_slot
.swstall delay_slot
	   866    0x00 0x00                                                                        NOPX
.delay_slot
.swstall delay_slot
	   868    0x00 0x2c 0xf0 0x00 0x20 0x00 0x00 0x00 0x00 0xad 0x81 0x36                      NOPA;                         NOPB;                         NOPS;                         NOPX
.return_address
.no_stack_arguments
	   880    0x00 0x00 0x00 0x00 0x01 0x04                                                                                                                                              JL #matmul_vectorized_different_datatypes
.delay_slot
	   886    0x00 0x00 0x00 0xc0 0x00 0x44                                                                                                                                              MOVXM p0, #AL1_2_1_cons_buff_0
.delay_slot
	   892    0x00 0x00 0x02 0xc0 0x00 0x44                                                                                                                                              MOVXM p1, #BL1_1_2_cons_buff_1
.delay_slot
	   898    0x1a 0x6c 0xc0 0xf8                                                                                                                                                                                      MOV p2, p6
.delay_slot
.swstall delay_slot
	   902    0x00 0x00                                                                        NOPX
.delay_slot
.swstall delay_slot
	   904    0x00 0x2c 0xf0 0x04 0x00 0x00 0x1c 0x22                                          NOPA;                                                                                                                                                           NOPV
.return_address
.no_stack_arguments
	   912    0x00 0x21 0x00 0x00 0x00 0x00 0x00 0x00 0x40 0xba                                MOVA r1, #1;                                                                              JL #llvm___aie2p___release
.delay_slot
	   922    0x10 0x00 0xc1 0x18                                                                                                                                                        MOVX r0, #48
.delay_slot
.swstall delay_slot
	   926    0x00 0x00                                                                        NOPX
.delay_slot
.swstall delay_slot
	   928    0x00 0x00                                                                        NOPX
.delay_slot
.swstall delay_slot
	   930    0x00 0x00                                                                        NOPX
.delay_slot
.swstall delay_slot
	   932    0x00 0x2c 0xf0 0x00 0x20 0x00 0x00 0x00 0x00 0xad 0x81 0x36                      NOPA;                         NOPB;                         NOPS;                         NOPX
.return_address
.no_stack_arguments
	   944    0x00 0x00 0x00 0x00 0x01 0x04                                                                                                                                              JL #llvm___aie2p___acquire
.delay_slot
	   950    0xff 0xe1 0x00 0x00 0x00 0x03 0xb0 0x58 0x10 0xba                                MOVA r1, #-1;                                                                             MOVXM p7, #(TGT_Fcore_1_4_176 + 0)
.delay_slot
	   960    0x10 0x00 0xc5 0x18                                                                                                                                                        MOVX r0, #49
.delay_slot
.swstall delay_slot
	   964    0x00 0x00                                                                        NOPX
.delay_slot
.swstall delay_slot
	   966    0x00 0x00                                                                        NOPX
.delay_slot
.swstall delay_slot
	   968    0x00 0x2c 0xf0 0x04 0x00 0x00 0x1c 0x22                                          NOPA;                                                                                                                                                           NOPV
.return_address
.no_stack_arguments
	   976    0x00 0x00 0x00 0x00 0x01 0x04                                                                                                                                              JL #matmul_vectorized_different_datatypes
.delay_slot
	   982    0x00 0x00 0x00 0xc0 0x00 0x44                                                                                                                                              MOVXM p0, #AL1_2_1_cons_buff_1
.delay_slot
	   988    0x00 0x00 0x02 0xc0 0x00 0x44                                                                                                                                              MOVXM p1, #BL1_1_2_cons_buff_1
.delay_slot
	   994    0x1a 0x6c 0xc0 0xf8                                                                                                                                                                                      MOV p2, p6
.delay_slot
.swstall delay_slot
	   998    0x00 0x00                                                                        NOPX
.delay_slot
.swstall delay_slot
	  1000    0x00 0x2c 0xf0 0x04 0x00 0x00 0x1c 0x22                                          NOPA;                                                                                                                                                           NOPV
.return_address
.no_stack_arguments
	  1008    0x00 0x21 0x00 0x00 0x00 0x00 0x00 0x00 0x40 0xba                                MOVA r1, #1;                                                                              JL #llvm___aie2p___release
.delay_slot
	  1018    0x10 0x00 0xc1 0x18                                                                                                                                                        MOVX r0, #48
.delay_slot
.swstall delay_slot
	  1022    0x00 0x00                                                                        NOPX
.delay_slot
.swstall delay_slot
	  1024    0x00 0x00                                                                        NOPX
.delay_slot
.swstall delay_slot
	  1026    0x00 0x00                                                                        NOPX
.delay_slot
.swstall delay_slot
	  1028    0x00 0x2c 0xf0 0x00 0x20 0x00 0x00 0x00 0x00 0xad 0x81 0x36                      NOPA;                         NOPB;                         NOPS;                         NOPX
.return_address
.no_stack_arguments
	  1040    0x00 0x21 0x00 0x00 0x00 0x00 0x00 0x00 0x40 0xba                                MOVA r1, #1;                                                                              JL #llvm___aie2p___release
.delay_slot
	  1050    0x10 0x00 0xc9 0x18                                                                                                                                                        MOVX r0, #50
.delay_slot
.swstall delay_slot
	  1054    0x00 0x00                                                                        NOPX
.delay_slot
.swstall delay_slot
	  1056    0x00 0x00                                                                        NOPX
.delay_slot
.swstall delay_slot
	  1058    0x00 0x00                                                                        NOPX
.delay_slot
.swstall delay_slot
	  1060    0x00 0x2c 0xf0 0x00 0x20 0x00 0x00 0x00 0x00 0xad 0x81 0x36                      NOPA;                         NOPB;                         NOPS;                         NOPX
.return_address
	  1072    0x12 0x53 0xe0 0x18                                                                                                                                                        JNZD r9, r9, p7
.delay_slot
	  1076    0x17 0xc2 0xfd 0x18                                                                                                                                                        MOVX r1, #-1
.delay_slot
.swstall delay_slot
	  1080    0x00 0x00                                                                        NOPX
.delay_slot
.swstall delay_slot
	  1082    0x00 0x00                                                                        NOPX
.delay_slot
.swstall delay_slot
	  1084    0x00 0x00                                                                        NOPX
.delay_slot
.swstall delay_slot
	  1086    0x00 0x00                                                                        NOPX
.loop_nesting 1
.no_stack_arguments
	  1088    0x06 0xa0 0x00 0x00 0x00 0x00 0x00 0x00 0x40 0xba                                MOVA r0, #53;                                                                             JL #llvm___aie2p___release
.delay_slot
	  1098    0x10 0x02 0x05 0x18                                                                                                                                                        MOVX r1, #1
.delay_slot
.swstall delay_slot
	  1102    0x00 0x00                                                                        NOPX
.delay_slot
.swstall delay_slot
	  1104    0x00 0x00                                                                        NOPX
.delay_slot
.swstall delay_slot
	  1106    0x00 0x00                                                                        NOPX
.delay_slot
.swstall delay_slot
	  1108    0x00 0x2c 0xf0 0x00 0x20 0x00 0x00 0x00 0x00 0xad 0x81 0x36                      NOPA;                         NOPB;                         NOPS;                         NOPX
.return_address
.no_stack_arguments
	  1120    0x06 0x80 0x00 0x00 0x00 0x00 0x00 0x00 0x40 0xba                                MOVA r0, #52;                                                                             JL #llvm___aie2p___acquire
.delay_slot
	  1130    0x17 0xc2 0xfd 0x18                                                                                                                                                        MOVX r1, #-1
.delay_slot
.swstall delay_slot
	  1134    0x00 0x00                                                                        NOPX
.delay_slot
.swstall delay_slot
	  1136    0x00 0x00                                                                        NOPX
.delay_slot
.swstall delay_slot
	  1138    0x00 0x00                                                                        NOPX
.delay_slot
.swstall delay_slot
	  1140    0x00 0x2c 0xf0 0x00 0x20 0x00 0x00 0x00 0x00 0xad 0x81 0x36                      NOPA;                         NOPB;                         NOPS;                         NOPX
.return_address
.no_stack_arguments
	  1152    0x00 0x00 0x00 0x00 0x01 0x04                                                                                                                                              JL #zero_kernel_bf16
.delay_slot
	  1158    0x00 0x00 0x0e 0xc0 0x00 0x44                                                                                                                                              MOVXM p7, #CL1_1_2_buff_0
.delay_slot
	  1164    0x18 0x6c 0xc0 0xf8                                                                                                                                                                                      MOV p0, p6
.delay_slot
.swstall delay_slot
	  1168    0x00 0x00                                                                        NOPX
.delay_slot
.swstall delay_slot
	  1170    0x00 0x00                                                                        NOPX
.delay_slot
.swstall delay_slot
	  1172    0x00 0x2c 0xf0 0x00 0x20 0x00 0x00 0x00 0x00 0xad 0x81 0x36                      NOPA;                         NOPB;                         NOPS;                         NOPX
.return_address
	  1184    0x00 0x2c 0xf0 0x00 0x20 0x01 0x5b 0x00 0x90 0xe8 0x2f 0xff 0x58 0x00 0x00 0xe1  NOPA;                         NOPB;                         NOPS;                         MOVX r9, #7;                  MOV r1, #-1;                            NOPV
.label TGT_Fcore_1_4_1200
.loop_nesting 2
.no_stack_arguments
	  1200    0x00 0x00 0x00 0x00 0x01 0x04                                                                                                                                              JL #llvm___aie2p___acquire
.delay_slot
	  1206    0x10 0x00 0xcd 0x18                                                                                                                                                        MOVX r0, #51
.delay_slot
.swstall delay_slot
	  1210    0x00 0x00                                                                        NOPX
.delay_slot
.swstall delay_slot
	  1212    0x00 0x00                                                                        NOPX
.delay_slot
.swstall delay_slot
	  1214    0x00 0x00                                                                        NOPX
.delay_slot
.swstall delay_slot
	  1216    0x00 0x2c 0xf0 0x00 0x20 0x01 0x5b 0x00 0x00 0x00 0x01 0xa5 0x78 0x00 0x00 0xe1  NOPA;                         NOPB;                         NOPS;                         NOPX;                         NOPM;                                   NOPV
.return_address
.no_stack_arguments
	  1232    0xff 0xe1 0x00 0x00 0x00 0x00 0x00 0x00 0x40 0xba                                MOVA r1, #-1;                                                                             JL #llvm___aie2p___acquire
.delay_slot
	  1242    0x10 0x00 0xc5 0x18                                                                                                                                                        MOVX r0, #49
.delay_slot
.swstall delay_slot
	  1246    0x00 0x00                                                                        NOPX
.delay_slot
.swstall delay_slot
	  1248    0x00 0x00                                                                        NOPX
.delay_slot
.swstall delay_slot
	  1250    0x00 0x00                                                                        NOPX
.delay_slot
.swstall delay_slot
	  1252    0x00 0x2c 0xf0 0x00 0x20 0x00 0x00 0x00 0x00 0xad 0x81 0x36                      NOPA;                         NOPB;                         NOPS;                         NOPX
.return_address
.no_stack_arguments
	  1264    0x00 0x00 0x00 0x00 0x01 0x04                                                                                                                                              JL #matmul_vectorized_different_datatypes
.delay_slot
	  1270    0x00 0x00 0x02 0xc0 0x00 0x44                                                                                                                                              MOVXM p1, #BL1_1_2_cons_buff_0
.delay_slot
	  1276    0x00 0x00 0x00 0xc0 0x00 0x44                                                                                                                                              MOVXM p0, #AL1_2_1_cons_buff_0
.delay_slot
	  1282    0x1a 0x6e 0xc0 0xf8                                                                                                                                                                                      MOV p2, p7
.delay_slot
.swstall delay_slot
	  1286    0x00 0x00                                                                        NOPX
.delay_slot
.swstall delay_slot
	  1288    0x00 0x2c 0xf0 0x04 0x00 0x00 0x1c 0x22                                          NOPA;                                                                                                                                                           NOPV
.return_address
.no_stack_arguments
	  1296    0x00 0x21 0x00 0x00 0x00 0x00 0x00 0x00 0x40 0xba                                MOVA r1, #1;                                                                              JL #llvm___aie2p___release
.delay_slot
	  1306    0x10 0x00 0xc1 0x18                                                                                                                                                        MOVX r0, #48
.delay_slot
.swstall delay_slot
	  1310    0x00 0x00                                                                        NOPX
.delay_slot
.swstall delay_slot
	  1312    0x00 0x00                                                                        NOPX
.delay_slot
.swstall delay_slot
	  1314    0x00 0x00                                                                        NOPX
.delay_slot
.swstall delay_slot
	  1316    0x00 0x2c 0xf0 0x00 0x20 0x00 0x00 0x00 0x00 0xad 0x81 0x36                      NOPA;                         NOPB;                         NOPS;                         NOPX
.return_address
.no_stack_arguments
	  1328    0xff 0xe1 0x00 0x00 0x00 0x00 0x00 0x00 0x40 0xba                                MOVA r1, #-1;                                                                             JL #llvm___aie2p___acquire
.delay_slot
	  1338    0x10 0x00 0xc5 0x18                                                                                                                                                        MOVX r0, #49
.delay_slot
.swstall delay_slot
	  1342    0x00 0x00                                                                        NOPX
.delay_slot
.swstall delay_slot
	  1344    0x00 0x00                                                                        NOPX
.delay_slot
.swstall delay_slot
	  1346    0x00 0x00                                                                        NOPX
.delay_slot
.swstall delay_slot
	  1348    0x00 0x2c 0xf0 0x00 0x20 0x00 0x00 0x00 0x00 0xad 0x81 0x36                      NOPA;                         NOPB;                         NOPS;                         NOPX
.return_address
.no_stack_arguments
	  1360    0x53 0x91 0x60 0x00 0x00 0x00 0x00 0x00 0x41 0x3a                                                                                            MOVS p2, p7;                  JL #matmul_vectorized_different_datatypes
.delay_slot
	  1370    0x00 0x00 0x00 0xc0 0x00 0x44                                                                                                                                              MOVXM p0, #AL1_2_1_cons_buff_1
.delay_slot
	  1376    0x00 0x00 0x02 0xc0 0x00 0x44                                                                                                                                              MOVXM p1, #BL1_1_2_cons_buff_0
.delay_slot
	  1382    0x1e 0x64 0xc0 0xf8                                                                                                                                                                                      MOV p6, p2
.delay_slot
.swstall delay_slot
	  1386    0x00 0x00                                                                        NOPX
.delay_slot
.swstall delay_slot
	  1388    0x00 0x01 0x67 0x98                                                              NOPA
.return_address
.no_stack_arguments
	  1392    0x00 0x21 0x00 0x00 0x00 0x00 0x00 0x00 0x40 0xba                                MOVA r1, #1;                                                                              JL #llvm___aie2p___release
.delay_slot
	  1402    0x10 0x00 0xc1 0x18                                                                                                                                                        MOVX r0, #48
.delay_slot
.swstall delay_slot
	  1406    0x00 0x00                                                                        NOPX
.delay_slot
.swstall delay_slot
	  1408    0x00 0x00                                                                        NOPX
.delay_slot
.swstall delay_slot
	  1410    0x00 0x00                                                                        NOPX
.delay_slot
.swstall delay_slot
	  1412    0x00 0x2c 0xf0 0x00 0x20 0x00 0x00 0x00 0x00 0xad 0x81 0x36                      NOPA;                         NOPB;                         NOPS;                         NOPX
.return_address
.no_stack_arguments
	  1424    0xff 0xe1 0x00 0x00 0x00 0x00 0x00 0x00 0x40 0xba                                MOVA r1, #-1;                                                                             JL #llvm___aie2p___acquire
.delay_slot
	  1434    0x10 0x00 0xc5 0x18                                                                                                                                                        MOVX r0, #49
.delay_slot
.swstall delay_slot
	  1438    0x00 0x00                                                                        NOPX
.delay_slot
.swstall delay_slot
	  1440    0x00 0x00                                                                        NOPX
.delay_slot
.swstall delay_slot
	  1442    0x00 0x00                                                                        NOPX
.delay_slot
.swstall delay_slot
	  1444    0x00 0x2c 0xf0 0x00 0x20 0x00 0x00 0x00 0x00 0xad 0x81 0x36                      NOPA;                         NOPB;                         NOPS;                         NOPX
.return_address
.no_stack_arguments
	  1456    0x00 0x00 0x00 0x00 0x01 0x04                                                                                                                                              JL #matmul_vectorized_different_datatypes
.delay_slot
	  1462    0x00 0x00 0x00 0xc0 0x00 0x44                                                                                                                                              MOVXM p0, #AL1_2_1_cons_buff_0
.delay_slot
	  1468    0x00 0x00 0x02 0xc0 0x00 0x44                                                                                                                                              MOVXM p1, #BL1_1_2_cons_buff_0
.delay_slot
	  1474    0x1a 0x6c 0xc0 0xf8                                                                                                                                                                                      MOV p2, p6
.delay_slot
.swstall delay_slot
	  1478    0x00 0x00                                                                        NOPX
.delay_slot
.swstall delay_slot
	  1480    0x00 0x2c 0xf0 0x04 0x00 0x00 0x1c 0x22                                          NOPA;                                                                                                                                                           NOPV
.return_address
.no_stack_arguments
	  1488    0x00 0x21 0x00 0x00 0x00 0x00 0x00 0x00 0x40 0xba                                MOVA r1, #1;                                                                              JL #llvm___aie2p___release
.delay_slot
	  1498    0x10 0x00 0xc1 0x18                                                                                                                                                        MOVX r0, #48
.delay_slot
.swstall delay_slot
	  1502    0x00 0x00                                                                        NOPX
.delay_slot
.swstall delay_slot
	  1504    0x00 0x00                                                                        NOPX
.delay_slot
.swstall delay_slot
	  1506    0x00 0x00                                                                        NOPX
.delay_slot
.swstall delay_slot
	  1508    0x00 0x2c 0xf0 0x00 0x20 0x00 0x00 0x00 0x00 0xad 0x81 0x36                      NOPA;                         NOPB;                         NOPS;                         NOPX
.return_address
.no_stack_arguments
	  1520    0xff 0xe1 0x00 0x00 0x00 0x00 0x00 0x00 0x40 0xba                                MOVA r1, #-1;                                                                             JL #llvm___aie2p___acquire
.delay_slot
	  1530    0x10 0x00 0xc5 0x18                                                                                                                                                        MOVX r0, #49
.delay_slot
.swstall delay_slot
	  1534    0x00 0x00                                                                        NOPX
.delay_slot
.swstall delay_slot
	  1536    0x00 0x00                                                                        NOPX
.delay_slot
.swstall delay_slot
	  1538    0x00 0x00                                                                        NOPX
.delay_slot
.swstall delay_slot
	  1540    0x00 0x2c 0xf0 0x00 0x20 0x00 0x00 0x00 0x00 0xad 0x81 0x36                      NOPA;                         NOPB;                         NOPS;                         NOPX
.return_address
.no_stack_arguments
	  1552    0x00 0x00 0x00 0x00 0x01 0x04                                                                                                                                              JL #matmul_vectorized_different_datatypes
.delay_slot
	  1558    0x00 0x00 0x00 0xc0 0x00 0x44                                                                                                                                              MOVXM p0, #AL1_2_1_cons_buff_1
.delay_slot
	  1564    0x00 0x00 0x02 0xc0 0x00 0x44                                                                                                                                              MOVXM p1, #BL1_1_2_cons_buff_0
.delay_slot
	  1570    0x1a 0x6c 0xc0 0xf8                                                                                                                                                                                      MOV p2, p6
.delay_slot
.swstall delay_slot
	  1574    0x00 0x00                                                                        NOPX
.delay_slot
.swstall delay_slot
	  1576    0x00 0x2c 0xf0 0x04 0x00 0x00 0x1c 0x22                                          NOPA;                                                                                                                                                           NOPV
.return_address
.no_stack_arguments
	  1584    0x00 0x21 0x00 0x00 0x00 0x00 0x00 0x00 0x40 0xba                                MOVA r1, #1;                                                                              JL #llvm___aie2p___release
.delay_slot
	  1594    0x10 0x00 0xc1 0x18                                                                                                                                                        MOVX r0, #48
.delay_slot
.swstall delay_slot
	  1598    0x00 0x00                                                                        NOPX
.delay_slot
.swstall delay_slot
	  1600    0x00 0x00                                                                        NOPX
.delay_slot
.swstall delay_slot
	  1602    0x00 0x00                                                                        NOPX
.delay_slot
.swstall delay_slot
	  1604    0x00 0x2c 0xf0 0x00 0x20 0x00 0x00 0x00 0x00 0xad 0x81 0x36                      NOPA;                         NOPB;                         NOPS;                         NOPX
.return_address
.no_stack_arguments
	  1616    0x00 0x21 0x00 0x00 0x00 0x00 0x00 0x00 0x40 0xba                                MOVA r1, #1;                                                                              JL #llvm___aie2p___release
.delay_slot
	  1626    0x10 0x00 0xc9 0x18                                                                                                                                                        MOVX r0, #50
.delay_slot
.swstall delay_slot
	  1630    0x00 0x00                                                                        NOPX
.delay_slot
.swstall delay_slot
	  1632    0x00 0x00                                                                        NOPX
.delay_slot
.swstall delay_slot
	  1634    0x00 0x00                                                                        NOPX
.delay_slot
.swstall delay_slot
	  1636    0x00 0x2c 0xf0 0x00 0x20 0x00 0x00 0x00 0x00 0xad 0x81 0x36                      NOPA;                         NOPB;                         NOPS;                         NOPX
.return_address
.no_stack_arguments
	  1648    0xff 0xe1 0x00 0x00 0x00 0x00 0x00 0x00 0x40 0xba                                MOVA r1, #-1;                                                                             JL #llvm___aie2p___acquire
.delay_slot
	  1658    0x10 0x00 0xcd 0x18                                                                                                                                                        MOVX r0, #51
.delay_slot
.swstall delay_slot
	  1662    0x00 0x00                                                                        NOPX
.delay_slot
.swstall delay_slot
	  1664    0x00 0x00                                                                        NOPX
.delay_slot
.swstall delay_slot
	  1666    0x00 0x00                                                                        NOPX
.delay_slot
.swstall delay_slot
	  1668    0x00 0x2c 0xf0 0x00 0x20 0x00 0x00 0x00 0x00 0xad 0x81 0x36                      NOPA;                         NOPB;                         NOPS;                         NOPX
.return_address
.no_stack_arguments
	  1680    0xff 0xe1 0x00 0x00 0x00 0x00 0x00 0x00 0x40 0xba                                MOVA r1, #-1;                                                                             JL #llvm___aie2p___acquire
.delay_slot
	  1690    0x10 0x00 0xc5 0x18                                                                                                                                                        MOVX r0, #49
.delay_slot
.swstall delay_slot
	  1694    0x00 0x00                                                                        NOPX
.delay_slot
.swstall delay_slot
	  1696    0x00 0x00                                                                        NOPX
.delay_slot
.swstall delay_slot
	  1698    0x00 0x00                                                                        NOPX
.delay_slot
.swstall delay_slot
	  1700    0x00 0x2c 0xf0 0x00 0x20 0x00 0x00 0x00 0x00 0xad 0x81 0x36                      NOPA;                         NOPB;                         NOPS;                         NOPX
.return_address
.no_stack_arguments
	  1712    0x00 0x00 0x00 0x00 0x01 0x04                                                                                                                                              JL #matmul_vectorized_different_datatypes
.delay_slot
	  1718    0x00 0x00 0x00 0xc0 0x00 0x44                                                                                                                                              MOVXM p0, #AL1_2_1_cons_buff_0
.delay_slot
	  1724    0x00 0x00 0x02 0xc0 0x00 0x44                                                                                                                                              MOVXM p1, #BL1_1_2_cons_buff_1
.delay_slot
	  1730    0x1a 0x6c 0xc0 0xf8                                                                                                                                                                                      MOV p2, p6
.delay_slot
.swstall delay_slot
	  1734    0x00 0x00                                                                        NOPX
.delay_slot
.swstall delay_slot
	  1736    0x00 0x2c 0xf0 0x04 0x00 0x00 0x1c 0x22                                          NOPA;                                                                                                                                                           NOPV
.return_address
.no_stack_arguments
	  1744    0x00 0x21 0x00 0x00 0x00 0x00 0x00 0x00 0x40 0xba                                MOVA r1, #1;                                                                              JL #llvm___aie2p___release
.delay_slot
	  1754    0x10 0x00 0xc1 0x18                                                                                                                                                        MOVX r0, #48
.delay_slot
.swstall delay_slot
	  1758    0x00 0x00                                                                        NOPX
.delay_slot
.swstall delay_slot
	  1760    0x00 0x00                                                                        NOPX
.delay_slot
.swstall delay_slot
	  1762    0x00 0x00                                                                        NOPX
.delay_slot
.swstall delay_slot
	  1764    0x00 0x2c 0xf0 0x00 0x20 0x00 0x00 0x00 0x00 0xad 0x81 0x36                      NOPA;                         NOPB;                         NOPS;                         NOPX
.return_address
.no_stack_arguments
	  1776    0xff 0xe1 0x00 0x00 0x00 0x00 0x00 0x00 0x40 0xba                                MOVA r1, #-1;                                                                             JL #llvm___aie2p___acquire
.delay_slot
	  1786    0x10 0x00 0xc5 0x18                                                                                                                                                        MOVX r0, #49
.delay_slot
.swstall delay_slot
	  1790    0x00 0x00                                                                        NOPX
.delay_slot
.swstall delay_slot
	  1792    0x00 0x00                                                                        NOPX
.delay_slot
.swstall delay_slot
	  1794    0x00 0x00                                                                        NOPX
.delay_slot
.swstall delay_slot
	  1796    0x00 0x2c 0xf0 0x00 0x20 0x00 0x00 0x00 0x00 0xad 0x81 0x36                      NOPA;                         NOPB;                         NOPS;                         NOPX
.return_address
.no_stack_arguments
	  1808    0x00 0x00 0x00 0x00 0x01 0x04                                                                                                                                              JL #matmul_vectorized_different_datatypes
.delay_slot
	  1814    0x00 0x00 0x00 0xc0 0x00 0x44                                                                                                                                              MOVXM p0, #AL1_2_1_cons_buff_1
.delay_slot
	  1820    0x00 0x00 0x02 0xc0 0x00 0x44                                                                                                                                              MOVXM p1, #BL1_1_2_cons_buff_1
.delay_slot
	  1826    0x1a 0x6c 0xc0 0xf8                                                                                                                                                                                      MOV p2, p6
.delay_slot
.swstall delay_slot
	  1830    0x00 0x00                                                                        NOPX
.delay_slot
.swstall delay_slot
	  1832    0x00 0x2c 0xf0 0x04 0x00 0x00 0x1c 0x22                                          NOPA;                                                                                                                                                           NOPV
.return_address
.no_stack_arguments
	  1840    0x00 0x21 0x00 0x00 0x00 0x00 0x00 0x00 0x40 0xba                                MOVA r1, #1;                                                                              JL #llvm___aie2p___release
.delay_slot
	  1850    0x10 0x00 0xc1 0x18                                                                                                                                                        MOVX r0, #48
.delay_slot
.swstall delay_slot
	  1854    0x00 0x00                                                                        NOPX
.delay_slot
.swstall delay_slot
	  1856    0x00 0x00                                                                        NOPX
.delay_slot
.swstall delay_slot
	  1858    0x00 0x00                                                                        NOPX
.delay_slot
.swstall delay_slot
	  1860    0x00 0x2c 0xf0 0x00 0x20 0x00 0x00 0x00 0x00 0xad 0x81 0x36                      NOPA;                         NOPB;                         NOPS;                         NOPX
.return_address
.no_stack_arguments
	  1872    0xff 0xe1 0x00 0x00 0x00 0x00 0x00 0x00 0x40 0xba                                MOVA r1, #-1;                                                                             JL #llvm___aie2p___acquire
.delay_slot
	  1882    0x10 0x00 0xc5 0x18                                                                                                                                                        MOVX r0, #49
.delay_slot
.swstall delay_slot
	  1886    0x00 0x00                                                                        NOPX
.delay_slot
.swstall delay_slot
	  1888    0x00 0x00                                                                        NOPX
.delay_slot
.swstall delay_slot
	  1890    0x00 0x00                                                                        NOPX
.delay_slot
.swstall delay_slot
	  1892    0x00 0x2c 0xf0 0x00 0x20 0x00 0x00 0x00 0x00 0xad 0x81 0x36                      NOPA;                         NOPB;                         NOPS;                         NOPX
.return_address
.no_stack_arguments
	  1904    0x00 0x00 0x00 0x00 0x01 0x04                                                                                                                                              JL #matmul_vectorized_different_datatypes
.delay_slot
	  1910    0x00 0x00 0x00 0xc0 0x00 0x44                                                                                                                                              MOVXM p0, #AL1_2_1_cons_buff_0
.delay_slot
	  1916    0x00 0x00 0x02 0xc0 0x00 0x44                                                                                                                                              MOVXM p1, #BL1_1_2_cons_buff_1
.delay_slot
	  1922    0x1a 0x6c 0xc0 0xf8                                                                                                                                                                                      MOV p2, p6
.delay_slot
.swstall delay_slot
	  1926    0x00 0x00                                                                        NOPX
.delay_slot
.swstall delay_slot
	  1928    0x00 0x2c 0xf0 0x04 0x00 0x00 0x1c 0x22                                          NOPA;                                                                                                                                                           NOPV
.return_address
.no_stack_arguments
	  1936    0x00 0x21 0x00 0x00 0x00 0x00 0x00 0x00 0x40 0xba                                MOVA r1, #1;                                                                              JL #llvm___aie2p___release
.delay_slot
	  1946    0x10 0x00 0xc1 0x18                                                                                                                                                        MOVX r0, #48
.delay_slot
.swstall delay_slot
	  1950    0x00 0x00                                                                        NOPX
.delay_slot
.swstall delay_slot
	  1952    0x00 0x00                                                                        NOPX
.delay_slot
.swstall delay_slot
	  1954    0x00 0x00                                                                        NOPX
.delay_slot
.swstall delay_slot
	  1956    0x00 0x2c 0xf0 0x00 0x20 0x00 0x00 0x00 0x00 0xad 0x81 0x36                      NOPA;                         NOPB;                         NOPS;                         NOPX
.return_address
.no_stack_arguments
	  1968    0x00 0x00 0x00 0x00 0x01 0x04                                                                                                                                              JL #llvm___aie2p___acquire
.delay_slot
	  1974    0xff 0xe1 0x00 0x00 0x00 0x03 0x32 0x58 0x10 0xba                                MOVA r1, #-1;                                                                             MOVXM p6, #(TGT_Fcore_1_4_1200 + 0)
.delay_slot
	  1984    0x10 0x00 0xc5 0x18                                                                                                                                                        MOVX r0, #49
.delay_slot
.swstall delay_slot
	  1988    0x00 0x00                                                                        NOPX
.delay_slot
.swstall delay_slot
	  1990    0x00 0x00                                                                        NOPX
.delay_slot
.swstall delay_slot
	  1992    0x00 0x2c 0xf0 0x04 0x00 0x00 0x1c 0x22                                          NOPA;                                                                                                                                                           NOPV
.return_address
.no_stack_arguments
	  2000    0x00 0x00 0x00 0x00 0x01 0x04                                                                                                                                              JL #matmul_vectorized_different_datatypes
.delay_slot
	  2006    0x00 0x00 0x00 0xc0 0x00 0x44                                                                                                                                              MOVXM p0, #AL1_2_1_cons_buff_1
.delay_slot
	  2012    0x00 0x00 0x02 0xc0 0x00 0x44                                                                                                                                              MOVXM p1, #BL1_1_2_cons_buff_1
.delay_slot
	  2018    0x1a 0x6e 0xc0 0xf8                                                                                                                                                                                      MOV p2, p7
.delay_slot
.swstall delay_slot
	  2022    0x00 0x00                                                                        NOPX
.delay_slot
.swstall delay_slot
	  2024    0x00 0x2c 0xf0 0x04 0x00 0x00 0x1c 0x22                                          NOPA;                                                                                                                                                           NOPV
.return_address
.no_stack_arguments
	  2032    0x00 0x21 0x00 0x00 0x00 0x00 0x00 0x00 0x40 0xba                                MOVA r1, #1;                                                                              JL #llvm___aie2p___release
.delay_slot
	  2042    0x10 0x00 0xc1 0x18                                                                                                                                                        MOVX r0, #48
.delay_slot
.swstall delay_slot
	  2046    0x00 0x00                                                                        NOPX
.delay_slot
.swstall delay_slot
	  2048    0x00 0x00                                                                        NOPX
.delay_slot
.swstall delay_slot
	  2050    0x00 0x00                                                                        NOPX
.delay_slot
.swstall delay_slot
	  2052    0x00 0x2c 0xf0 0x00 0x20 0x00 0x00 0x00 0x00 0xad 0x81 0x36                      NOPA;                         NOPB;                         NOPS;                         NOPX
.return_address
.no_stack_arguments
	  2064    0x00 0x21 0x00 0x00 0x00 0x00 0x00 0x00 0x40 0xba                                MOVA r1, #1;                                                                              JL #llvm___aie2p___release
.delay_slot
	  2074    0x10 0x00 0xc9 0x18                                                                                                                                                        MOVX r0, #50
.delay_slot
.swstall delay_slot
	  2078    0x00 0x00                                                                        NOPX
.delay_slot
.swstall delay_slot
	  2080    0x00 0x00                                                                        NOPX
.delay_slot
.swstall delay_slot
	  2082    0x00 0x00                                                                        NOPX
.delay_slot
.swstall delay_slot
	  2084    0x00 0x2c 0xf0 0x00 0x20 0x00 0x00 0x00 0x00 0xad 0x81 0x36                      NOPA;                         NOPB;                         NOPS;                         NOPX
.return_address
	  2096    0x12 0x53 0xa0 0x18                                                                                                                                                        JNZD r9, r9, p6
.delay_slot
	  2100    0x17 0xc2 0xfd 0x18                                                                                                                                                        MOVX r1, #-1
.delay_slot
.swstall delay_slot
	  2104    0x00 0x00                                                                        NOPX
.delay_slot
.swstall delay_slot
	  2106    0x00 0x00                                                                        NOPX
.delay_slot
.swstall delay_slot
	  2108    0x00 0x00                                                                        NOPX
.delay_slot
.swstall delay_slot
	  2110    0x00 0x00                                                                        NOPX
.loop_nesting 1
.no_stack_arguments
	  2112    0x06 0xa0 0x00 0x00 0x00 0x00 0x00 0x00 0x40 0xba                                MOVA r0, #53;                                                                             JL #llvm___aie2p___release
.delay_slot
	  2122    0x17 0xd2 0xfd 0x18                                                                                                                                                        MOVX r9, #-1
.delay_slot
	  2126    0x10 0x02 0x05 0x18                                                                                                                                                        MOVX r1, #1
.delay_slot
.swstall delay_slot
	  2130    0x00 0x00                                                                        NOPX
.delay_slot
.swstall delay_slot
	  2132    0x00 0x00                                                                        NOPX
.delay_slot
.swstall delay_slot
	  2134    0x00 0x2c 0xf0 0x00 0x10 0x00 0x01 0xa5 0x7e 0xba                                NOPA;                         NOPB;                                                                                     NOPM
.return_address
	  2144    0xfa 0x4a 0x20 0x16 0xb0 0x3a 0x08 0x00 0x58 0xba                                LDA r18, [sp, #-48];                                                                      ADD r11, r11, #1;             MOV r16, #0
	  2154    0x5c 0x53 0x10 0xbf 0xfd 0x64                                                                                                                                              NE r17, r11, r9;              MOV r1, #-1
	  2160    0x00 0x00                                                                        NOPX
	  2162    0x00 0x00                                                                        NOPX
	  2164    0x00 0x00                                                                        NOPX
	  2166    0x00 0x00                                                                        NOPX
	  2168    0x00 0x00                                                                        NOPX
	  2170    0x14 0xa5 0x02 0x98                                                                                                                                                        ADC r18, r18, r16
	  2174    0x14 0xa6 0xd0 0x18                                                                                                                                                        EQZ r19, r18
	  2178    0x14 0xa1 0x0a 0x98                                                                                                                                                        LT r16, r18, r16
	  2182    0x14 0xe3 0x14 0x98                                                                                                                                                        AND r17, r19, r17
	  2186    0x14 0x61 0x05 0x98                                                                                                                                                        OR r16, r17, r16
	  2190    0x80 0x00 0x30 0x40 0x01 0x84                                                                                                                                              JNZ r16, #TGT_Fcore_1_4_96
.delay_slot
	  2196    0x0f 0xd2 0x55 0x98                                                                                                                          ST r18, [sp, #-48]
.delay_slot
.swstall delay_slot
	  2200    0x00 0x00                                                                        NOPX
.delay_slot
.swstall delay_slot
	  2202    0x00 0x00                                                                        NOPX
.delay_slot
.swstall delay_slot
	  2204    0x00 0x00                                                                        NOPX
.delay_slot
.swstall delay_slot
	  2206    0x00 0x00                                                                        NOPX
.loop_nesting 0
	  2208    0x07 0xd4 0x39 0x18                                                              LDA lr, [sp, #-44]
	  2212    0x07 0xd9 0x31 0x18                                                              LDA r9, [sp, #-40]
	  2216    0x07 0xdd 0x71 0x18                                                              LDA r11, [sp, #-36]
	  2220    0x07 0xe1 0x91 0x18                                                              LDA r12, [sp, #-32]
	  2224    0x07 0xe9 0xb1 0x18                                                              LDA r13, [sp, #-24]
	  2228    0x07 0xf1 0xd1 0x18                                                              LDA r14, [sp, #-16]
	  2232    0x07 0xf5 0xf1 0x18                                                              LDA r15, [sp, #-12]
	  2236    0x07 0xf9 0x11 0x18                                                              LDA r8, [sp, #-8]
	  2240    0x07 0xfd 0x51 0x18                                                              LDA r10, [sp, #-4]
	  2244    0x07 0xe7 0x19 0x18                                                              LDA p6, [sp, #-28]
	  2248    0x07 0xef 0x99 0x18                                                              LDA p7, [sp, #-20]
	  2252    0x10 0x28 0x00 0x18                                                                                                                                                        RET lr
.delay_slot
	  2256    0xff 0xf8 0x00 0x00 0x01 0xc4                                                                                                                                              PADDXM [sp], #-64
.delay_slot
.swstall delay_slot
	  2262    0x00 0x00                                                                        NOPX
.delay_slot
.swstall delay_slot
	  2264    0x00 0x00                                                                        NOPX
.delay_slot
.swstall delay_slot
	  2266    0x00 0x00                                                                        NOPX
.label core_1_4__end last
.delay_slot
.swstall delay_slot
	  2268    0x00 0x00                                                                        NOPX

.undef global data CL1_1_2_buff_0

.undef global data AL1_2_1_cons_buff_0

.undef global data BL1_1_2_cons_buff_0

.undef global data AL1_2_1_cons_buff_1

.undef global data BL1_1_2_cons_buff_1

.undef global text llvm___aie2p___acquire

.undef global text zero_kernel_bf16

.undef global text matmul_vectorized_different_datatypes

.undef global text llvm___aie2p___release

.text_segment_name
.text global 10 llvm___aie2p___acquire
.function_start
	     0    0x10 0x12 0x18 0x18                                                                                                                                                        ACQ r0, r1
	     4    0x10 0x28 0x00 0x18                                                                                                                                                        RET lr
.delay_slot
.swstall delay_slot
	     8    0x00 0x00                                                                        NOPX
.delay_slot
.swstall delay_slot
	    10    0x00 0x00                                                                        NOPX
.delay_slot
.swstall delay_slot
	    12    0x00 0x00                                                                        NOPX
.delay_slot
.swstall delay_slot
	    14    0x00 0x00                                                                        NOPX
.label llvm___aie2p___acquire__end last
.delay_slot
.swstall delay_slot
	    16    0x00 0x00                                                                        NOPX

.text_segment_name
.text global 10 llvm___aie2p___release
.function_start
	     0    0x10 0x10 0x18 0x18                                                                                                                                                        REL r0, r1
	     4    0x10 0x28 0x00 0x18                                                                                                                                                        RET lr
.delay_slot
.swstall delay_slot
	     8    0x00 0x00                                                                        NOPX
.delay_slot
.swstall delay_slot
	    10    0x00 0x00                                                                        NOPX
.delay_slot
.swstall delay_slot
	    12    0x00 0x00                                                                        NOPX
.delay_slot
.swstall delay_slot
	    14    0x00 0x00                                                                        NOPX
.label llvm___aie2p___release__end last
.delay_slot
.swstall delay_slot
	    16    0x00 0x00                                                                        NOPX

.text_segment_name
.text global 10 llvm___aie___event0
.function_start
	     0    0x10 0x28 0x00 0x18                                                                                                                                                        RET lr
.delay_slot
	     4    0x10 0x10 0x00 0x18                                                                                                                                                        EVENT #0
.delay_slot
.swstall delay_slot
	     8    0x00 0x00                                                                        NOPX
.delay_slot
.swstall delay_slot
	    10    0x00 0x00                                                                        NOPX
.delay_slot
.swstall delay_slot
	    12    0x00 0x00                                                                        NOPX
.label llvm___aie___event0__end last
.delay_slot
.swstall delay_slot
	    14    0x00 0x00                                                                        NOPX

.text_segment_name
.text global 10 llvm___aie___event1
.function_start
	     0    0x10 0x28 0x00 0x18                                                                                                                                                        RET lr
.delay_slot
	     4    0x12 0x10 0x00 0x18                                                                                                                                                        EVENT #1
.delay_slot
.swstall delay_slot
	     8    0x00 0x00                                                                        NOPX
.delay_slot
.swstall delay_slot
	    10    0x00 0x00                                                                        NOPX
.delay_slot
.swstall delay_slot
	    12    0x00 0x00                                                                        NOPX
.label llvm___aie___event1__end last
.delay_slot
.swstall delay_slot
	    14    0x00 0x00                                                                        NOPX



.direct_eval +,-,(,)
