
// File generated by darts version V-2024.06#8be6237c82#250729, Mon Jun 29 08:46:43 2026
// Copyright 2014-2024 Synopsys, Inc. All rights reserved.
// darts -I/home/bcloud/torch2aie/toolchain/aietools/data/aie2p/lib -d -h -I/home/bcloud/torch2aie/toolchain/aietools/include -I/home/bcloud/torch2aie/toolchain/aietools/include -I/home/bcloud/torch2aie/toolchain/mlir_aie/include -I/home/bcloud/torch2aie/toolchain/mlir_aie/include/aie_kernels -I/home/bcloud/torch2aie/toolchain/aietools/data/aie2p/lib/runtime_cxx/libcxx-lite/include -I/home/bcloud/torch2aie/toolchain/aietools/data/aie2p/lib/runtime_cxx/libs/libcxx-16/include -I/home/bcloud/torch2aie/toolchain/aietools/data/aie2p/lib/runtime_cxx/libs/libcxxabi-16/include -I/home/bcloud/torch2aie/toolchain/aietools/data/aie2p/lib/runtime/include -D__AIENGINE__ -D__AIE_ARCH__=21 -D__AIEARCH__=21 -DDIM_M=32 -DDIM_K=64 -DDIM_N=128 -Di8_i32_ONLY -D__tct_tgt__=250729 -L +Ihex +nanno /home/bcloud/npu-sandbox/npu-infer/build/int8/mm_i8_i32_32x64x128.o me

// Release: ipp V-2024.06-TGT-250729
.undef global data _ZN12me_primitive11control_satE

.undef global data _ZN12me_primitive11control_rndE

.text_segment_name
.text global 16 matmul_i8_i32
.function_start
	     0    0x00 0x07 0x00 0x00 0x80 0x00 0x88 0x60 0x78 0xba                                MOVA r7, #0;                                                                              EVENT #0;                     MOV r4, p0
	    10    0x00 0x21 0x00 0x00 0x1a 0x00 0x00 0x00 0x70 0xba                                MOVA r1, #1;                                                                              PADDXM [sp], #832
	    20    0x01 0x22 0x00 0x00 0x31 0x88 0x0a 0x60 0x78 0xba                                MOVA r2, #9;                                                                              MOVX r3, #12;                 MOV r0, p2
	    30    0x61 0x84 0x20 0x0f 0x01 0x64                                                                                                                                              MOVX r6, #776;                MOV m0, #960
	    36    0x00 0x2c 0xf0 0x00 0x20 0x3f 0xff 0xf8 0x82 0x20 0x10 0xb6                      NOPA;                         NOPB;                                                       MOVXM m1, #-7104
	    48    0x80 0x08 0x80 0x00 0x20 0x01 0x5b 0x00 0x00 0x00 0x30 0x20 0x10 0x00 0x00 0xe1  MOVA m2, #-1024;              NOPB;                         NOPS;                         MOVXM p0, #(TGT_Fmatmul_i8_i32_64 + 0);                               NOPV
.label TGT_Fmatmul_i8_i32_64
.loop_nesting 1
	    64    0x01 0x05 0x40 0x0f 0x11 0x6e 0x09 0xc0 0x48 0xba                                MOVA lc, #8;                                                                              LSHL r17, r7, r2;             ADD.NC r16, r7, #1
	    74    0x84 0x45 0xb8 0xd1 0x22 0xa4                                                                                                                                              LSHL r17, r16, r2;            ADD.NC p4, r17, r4
	    80    0x83 0xce 0xb0 0x0e 0x71 0xee 0xb4 0x48 0xa8 0xba                                VLDA bmhh4, [p4], #64;                                                                    LSHL r7, r7, r3;              ADD.NC p5, r17, r4
	    90    0xa3 0xbb 0x78 0x38 0x68 0x20 0x71 0xed 0x31 0xc0 0xa8 0xb6                      VLDA x7, [p5], #64;           VLDB x0, [p4], #64;                                         LSHL r7, r16, r3;             ADD.NC p2, r7, r0
	   102    0xa3 0x92 0xb8 0x38 0xe8 0x00 0x00 0x00 0x78 0x60 0x10 0xb6                      VLDA bmll1, [p5], #64;        VLDB x1, [p4], #64;                                         MOVXM ls, #(ZLS_Fmatmul_i8_i32_192 + 0)
	   114    0xa3 0x90 0xf8 0x39 0x68 0x00 0x00 0x01 0xb9 0x80 0x10 0xb6                      VLDA lfl0, [p5], #64;         VLDB x2, [p4], #64;                                         MOVXM le, #(ZLE_Fmatmul_i8_i32_768 + 0)
	   126    0xa3 0x80 0xf4 0x1c 0xf4 0x01 0xb1 0xc0 0xae 0xba                                VLDA lfh0, [p5], #64;         VLDB x3, [p4], #64;                                                                       ADD.NC p3, r7, r0
	   136    0xa3 0xb3 0x78 0x3a 0x68 0x3c                                                    VLDA x6, [p5], #64;           VLDB x4, [p4], #64
	   142    0x3c 0x16 0x34 0x18                                                                                            VLDB x8, [p4, #64]
	   146    0xa3 0xae 0x8f 0xfc 0xed 0x4c                                                                                  VLDB x5, [p5], #64;           VST bmhh4, [sp, #-64]
	   152    0x0f 0xf9 0xf3 0x18                                                                                                                          VST x7, [sp, #-128]
	   156    0x00 0x00                                                                        NOPX
	   158    0x0f 0xf4 0xeb 0x18                                                                                                                          VST lfl0, [sp, #-192]
	   162    0x0f 0xf0 0x6b 0x18                                                                                                                          VST lfh0, [sp, #-256]
	   166    0x80 0x96 0xbf 0xdb 0x66 0x0c                                                    VLDA bmlh1, [p4];                                           VST x6, [sp, #-320]
	   172    0xa0 0x9a 0xbf 0xd4 0x66 0x0c                                                    VLDA bmhl1, [p5];                                           VST x8, [sp, #-384]
	   178    0xa2 0x9e 0xbf 0xca 0xe6 0x00 0x00 0x40 0x1a 0x57 0x00 0x00 0x1c 0x2e            VLDA bmhh1, [p5, #64];                                      VST x5, [sp, #-448];                                        NOPM;                                   NOPV
.label ZLS_Fmatmul_i8_i32_192
.loop_nesting 2
.begin_of_loop
	   192    0x03 0x1c 0x15 0x98                                                              VLDA bmll0, [p3], #64
	   196    0x63 0x86 0xb2 0x3d 0x68 0x3c                                                    VLDA bmlh0, [p3], #64;        VLDB x10, [p1], #64
	   202    0x01 0x09 0x75 0x98                                                              VLDA bmhh2, [p1], m0
	   206    0x03 0x16 0x75 0x98                                                              VLDA bmhh4, [p3, #64]
	   210    0x03 0x1c 0x55 0x98                                                              VLDA bmhl0, [p3], #64
	   214    0x00 0x00                                                                        NOPX
	   216    0x00 0x00                                                                        NOPX
.aggressive_scheduled_block_id 1
.aggressive_scheduled_block_id first
	   218    0x00 0x00                                                                        NOPX
.aggressive_scheduled_block_id 1
.noswbrkpt
	   220    0x03 0x1c 0x75 0x98                                                              VLDA bmhh0, [p3], #64
.aggressive_scheduled_block_id 1
.nohwbrkpt
.noswbrkpt
	   224    0x03 0x1d 0x15 0x98                                                              VLDA bmll2, [p3], #64
.aggressive_scheduled_block_id 1
.nohwbrkpt
.noswbrkpt
	   228    0xff 0x5f 0x78 0x00 0x25 0xd4                                                    VLDA x11, [sp, #-128];                                                                                                  VMOV bmll4, bmll0
.aggressive_scheduled_block_id 1
.nohwbrkpt
.noswbrkpt
	   234    0x1c 0x41 0x12 0xf8                                                                                                                                                                                      VMOV bmlh4, bmlh0
.aggressive_scheduled_block_id 1
.aggressive_scheduled_block_id last
.nohwbrkpt
.noswbrkpt
	   238    0x1c 0x82 0x12 0xf8                                                                                                                                                                                      VMOV bmhl4, bmhl0
.aggressive_scheduled_block_id 2
.aggressive_scheduled_block_id first
	   242    0x00 0x00                                                                        NOPX
.aggressive_scheduled_block_id 2
.noswbrkpt
	   244    0x02 0x1e 0x15 0x98                                                              VLDA bmll4, [p2], #64
.aggressive_scheduled_block_id 2
.nohwbrkpt
.noswbrkpt
	   248    0x63 0xa6 0xb0 0x08 0x25 0xd4                                                    VLDA bmlh2, [p3], #64;                                                                                                  VMOV bmll0, bmll1
.aggressive_scheduled_block_id 2
.nohwbrkpt
.noswbrkpt
	   254    0x43 0xc6 0xb0 0x8a 0x25 0xd4                                                    VLDA bmlh4, [p2], #64;                                                                                                  VMOV bmlh0, bmlh1
.aggressive_scheduled_block_id 2
.nohwbrkpt
.noswbrkpt
	   260    0x42 0xbe 0xb0 0x87 0x12 0xe2 0x31 0x97 0x41 0x0a                                VLDA bmhh3, [p2, #64];                                                                                                  VMOV bmhl0, bmhh1;                      VMAC dm1, dm4, x11, x10,r6
.aggressive_scheduled_block_id 2
.nohwbrkpt
.noswbrkpt
	   270    0x43 0xca 0xb1 0x8c 0x25 0xd4                                                    VLDA bmhl4, [p2], #64;                                                                                                  VMOV bmhh0, bmhl1
.aggressive_scheduled_block_id 2
.noswbrkpt
	   276    0x02 0x1e 0x75 0x98                                                              VLDA bmhh4, [p2], #64
.aggressive_scheduled_block_id 2
.nohwbrkpt
.noswbrkpt
	   280    0x07 0xfe 0x7b 0x98                                                              VLDA x9, [sp, #-64]
.aggressive_scheduled_block_id 2
.nohwbrkpt
.noswbrkpt
	   284    0x00 0x00                                                                        NOPX
.aggressive_scheduled_block_id 2
.nohwbrkpt
.noswbrkpt
	   286    0x00 0x00                                                                        NOPX
.aggressive_scheduled_block_id 2
.nohwbrkpt
.noswbrkpt
	   288    0x43 0xc2 0xb0 0x04 0x04 0x20 0x1d 0x22                                          VLDA bmll4, [p2], #64;                                                                                                                                          VMOV.D dm4, dm1
.aggressive_scheduled_block_id 2
.nohwbrkpt
.noswbrkpt
	   296    0x02 0x1e 0x35 0x98                                                              VLDA bmlh4, [p2], #64
.aggressive_scheduled_block_id 2
.nohwbrkpt
.noswbrkpt
	   300    0xfe 0xbf 0x76 0x20 0x25 0xd4                                                    VLDA x7, [sp, #-192];                                                                                                   VMOV bmll3, bmll4
.aggressive_scheduled_block_id 2
.nohwbrkpt
.noswbrkpt
	   306    0x43 0xca 0xb2 0x3d 0x6c 0x88 0x8b 0x00 0x00 0x01 0xa8 0x89 0x78 0x1c 0x00 0xe9  VLDA bmhl4, [p2], #64;        VLDB x10, [p1], #64;          MOVS p4, p2;                  NOPX;                         VMOV bmlh3, bmlh4;                      VMOV.D dm3, dm4
.aggressive_scheduled_block_id 2
.nohwbrkpt
.noswbrkpt
	   322    0x62 0xae 0xb2 0x15 0xeb 0x92 0x12 0xe2 0x31 0x73 0x41 0x26                      VLDA bmhh2, [p3, #64];        VLDB x11, [p1], m0;                                                                       VMOV bmhl3, bmhl4;                      VMAC dm1, dm3, x9, x10,r6
.aggressive_scheduled_block_id 2
.nohwbrkpt
.noswbrkpt
	   334    0x63 0xaa 0xb2 0x3c 0xe8 0x3c                                                    VLDA bmhl2, [p3], #64;        VLDB x9, [p1], #64
.aggressive_scheduled_block_id 2
.nohwbrkpt
.noswbrkpt
	   340    0x53 0xce 0xb1 0x0a 0xf4 0x02 0x95 0x89 0x7e 0xba                                VLDA bmhh4, [p2], #-448;      VLDB x11, [p1], m0;                                                                       VMOV x10, bmhh2
.aggressive_scheduled_block_id 2
.nohwbrkpt
.noswbrkpt
	   350    0x1c 0x4b 0x12 0xf8                                                                                                                                                                                      VMOV bmlh4, bmhh2
.aggressive_scheduled_block_id 2
.nohwbrkpt
.noswbrkpt
	   354    0xfc 0x46 0xd0 0x02 0x50 0x09 0x70 0x02                                                                                                      VST bmlh4, [sp, #-512];                                     VMOV x9, bmll0
.aggressive_scheduled_block_id 2
.nohwbrkpt
.noswbrkpt
	   362    0x01 0x1e 0xb4 0x00 0x30 0x57 0x41 0x22                                                                        VLDB x10, [p1], #64;                                                                                                              VMAC dm0, dm2, x11, x10,r6
.aggressive_scheduled_block_id 2
.nohwbrkpt
.noswbrkpt
	   370    0xfe 0x37 0x70 0x04 0x33 0x73 0x41 0x22                                          VLDA x6, [sp, #-256];                                                                                                                                           VMAC dm3, dm3, x9, x10,r6
.aggressive_scheduled_block_id 2
.nohwbrkpt
.noswbrkpt
	   378    0xfd 0xc7 0x72 0x13 0xea 0xa0 0x12 0xe2 0x30 0x13 0x61 0x26                      VLDA x8, [sp, #-320];         VLDB x7, [p1], m0;                                                                        VMOV x5, bmll0;                         VMAC dm0, dm0, x9, x11,r6
.aggressive_scheduled_block_id 2
.nohwbrkpt
.noswbrkpt
	   390    0xfa 0xde 0x62 0x3d 0x6c 0x01 0x12 0xe6 0x31 0x21 0x41 0x26                                                    VLDB x10, [p1], #64;          VST x11, [sp, #-704];                                       VMOV bmll4, bmlh0;                      VMAC dm1, dm1, x0, x10,r6
.aggressive_scheduled_block_id 2
.nohwbrkpt
.noswbrkpt
	   402    0xfb 0xc2 0xd4 0x83 0x12 0xe4 0x30 0x0f 0x61 0x0a                                                                                            VST bmll4, [sp, #-576];                                     VMOV bmhl4, bmhh0;                      VMAC dm0, dm0, x7, x11,r6
.aggressive_scheduled_block_id 2
.nohwbrkpt
.noswbrkpt
	   412    0xfb 0x4a 0xd2 0x13 0x6c 0xc2 0x12 0xe6 0x31 0x23 0x21 0x26                                                    VLDB x6, [p1], m0;            VST bmhl4, [sp, #-640];                                     VMOV bmhh4, bmhl0;                      VMAC dm1, dm1, x1, x9,r6
.aggressive_scheduled_block_id 2
.nohwbrkpt
.noswbrkpt
	   424    0xfc 0xcf 0x71 0x1e 0xb4 0x1d 0x33 0x6f 0x21 0x0a                                VLDA x9, [sp, #-448];         VLDB x10, [p1], #64;                                                                                                              VMAC dm3, dm3, x7, x9,r6
.aggressive_scheduled_block_id 2
.nohwbrkpt
.noswbrkpt
	   434    0x02 0x14 0x6b 0x72 0x12 0xe6 0x31 0x25 0x41 0x0a                                                              VLDB x8, [p1], m0;                                                                        VMOV sfl, bmhl4;                        VMAC dm1, dm1, x2, x10,r6
.aggressive_scheduled_block_id 2
.nohwbrkpt
.noswbrkpt
	   444    0x01 0x1e 0x74 0x00 0x33 0x6d 0x41 0x22                                                                        VLDB x9, [p1], #64;                                                                                                               VMAC dm3, dm3, x6, x10,r6
.aggressive_scheduled_block_id 2
.nohwbrkpt
.noswbrkpt
	   452    0x02 0x15 0x6c 0x6d 0x92 0xe6 0x30 0x0c 0xe1 0x0a                                                              VLDB x10, [p1], m0;                                                                       VMOV lfh1, sfl;                         VMAC dm0, dm0, x6, x7,r6
.aggressive_scheduled_block_id 2
.nohwbrkpt
.noswbrkpt
	   462    0x31 0x27 0x41 0x08                                                                                                                                                                                                                              VMAC dm1, dm1, x3, x10,r6
.aggressive_scheduled_block_id 2
.nohwbrkpt
.noswbrkpt
	   466    0x33 0x71 0x41 0x08                                                                                                                                                                                                                              VMAC dm3, dm3, x8, x10,r6
.aggressive_scheduled_block_id 2
.nohwbrkpt
.noswbrkpt
	   470    0xfd 0x2f 0x71 0x1e 0x74 0x1d 0x30 0x10 0xc1 0x0a                                VLDA x5, [sp, #-384];         VLDB x9, [p1], #64;                                                                                                               VMAC dm0, dm0, x8, x6,r6
.aggressive_scheduled_block_id 2
.nohwbrkpt
.noswbrkpt
	   480    0x33 0x73 0x41 0x08                                                                                                                                                                                                                              VMAC dm3, dm3, x9, x10,r6
.aggressive_scheduled_block_id 2
.nohwbrkpt
.noswbrkpt
	   484    0x04 0x32 0x12 0xe6 0x30 0x13 0x01 0x22                                                                                                                                                                  VMOV x8, bmhl4;                         VMAC dm0, dm0, x9, x8,r6
.aggressive_scheduled_block_id 2
.nohwbrkpt
.noswbrkpt
	   492    0xfa 0x46 0x65 0x30 0x12 0xe4 0x31 0x29 0x41 0x0a                                                                                            VST x8, [sp, #-768];                                        VMOV x10, bmll4;                        VMAC dm1, dm1, x4, x10,r6
.aggressive_scheduled_block_id 2
.nohwbrkpt
.noswbrkpt
	   502    0xf9 0xd6 0x60 0x02 0x30 0x11 0x41 0x22                                                                                                      VST x10, [sp, #-832];                                                                               VMAC dm0, dm0, x8, x10,r6
.aggressive_scheduled_block_id 2
.nohwbrkpt
.noswbrkpt
	   510    0x02 0xca 0x92 0xe6 0x31 0x35 0x21 0x22                                                                                                                                                                  VMOV bmhh2, x5;                         VMAC dm1, dm1, x10, x9,r6
.aggressive_scheduled_block_id 2
.aggressive_scheduled_block_id last
.nohwbrkpt
.noswbrkpt
	   518    0x04 0x33 0x12 0xe6 0x33 0x71 0x21 0x22                                                                                                                                                                  VMOV x8, bmhh4;                         VMAC dm3, dm3, x8, x9,r6
.aggressive_scheduled_block_id 3
.aggressive_scheduled_block_id first
	   526    0x31 0x2b 0x21 0x08                                                                                                                                                                                                                              VMAC dm1, dm1, x5, x9,r6
.aggressive_scheduled_block_id 3
.noswbrkpt
	   530    0x06 0x71 0x12 0xe6 0x31 0x71 0x21 0x22                                                                                                                                                                  VMOV sfh, bmlh4;                        VMAC dm1, dm3, x8, x9,r6
.aggressive_scheduled_block_id 3
.nohwbrkpt
.noswbrkpt
	   538    0x03 0x70 0x12 0xe6 0x04 0x20 0x1d 0x22                                                                                                                                                                  VMOV sfl, bmll4;                        VMOV.D dm4, dm1
.aggressive_scheduled_block_id 3
.aggressive_scheduled_block_id last
.nohwbrkpt
.noswbrkpt
	   546    0x82 0xbe 0xb5 0x66 0x25 0xd4                                                    VLDA bmhh3, [p4, #64];                                                                                                  VMOV x5, bmhh4
	   552    0x1c 0xb9 0x92 0xf8                                                                                                                                                                                      VMOV x9, sfh
.aggressive_scheduled_block_id 4
.aggressive_scheduled_block_id first
	   556    0x1e 0x71 0x92 0xf8                                                                                                                                                                                      VMOV sfh, lfh1
.aggressive_scheduled_block_id 4
.noswbrkpt
	   560    0xfb 0x39 0xb6 0x95 0x25 0xd4                                                    VLDA bmhl3, [sp, #-640];                                                                                                VMOV bmlh3, x5
.aggressive_scheduled_block_id 4
.nohwbrkpt
.noswbrkpt
	   566    0x1b 0x99 0x92 0xf8                                                                                                                                                                                      VMOV bmhl3, sfh
.aggressive_scheduled_block_id 4
.nohwbrkpt
.noswbrkpt
	   570    0x43 0xc0 0xd0 0x01 0x56 0xc9 0x70 0x02                                                                                                      VST bmll4, [p2], #64;                                       VMOV x5, sfl
.aggressive_scheduled_block_id 4
.nohwbrkpt
.noswbrkpt
	   578    0x43 0xc4 0xd0 0x02 0x47 0x09 0x70 0x02                                                                                                      VST bmlh4, [p2], #64;                                       VMOV bmhl4, bmhl3
.aggressive_scheduled_block_id 4
.nohwbrkpt
.noswbrkpt
	   586    0x43 0xc8 0xd0 0x01 0x85 0x49 0x70 0x02                                                                                                      VST bmhl4, [p2], #64;                                       VMOV bmll3, x5
.aggressive_scheduled_block_id 4
.nohwbrkpt
.noswbrkpt
	   594    0xfb 0xb1 0xb5 0x64 0x25 0xd4                                                    VLDA bmll3, [sp, #-576];                                                                                                VMOV x5, bmhl4
.aggressive_scheduled_block_id 4
.nohwbrkpt
.noswbrkpt
	   600    0xff 0xaf 0x79 0x14 0x25 0xd4                                                    VLDA x5, [sp, #-64];                                                                                                    VMOV bmhl4, bmhl2
.aggressive_scheduled_block_id 4
.nohwbrkpt
.noswbrkpt
	   606    0x1a 0x8b 0x12 0xf8                                                                                                                                                                                      VMOV bmhl2, bmhh2
.aggressive_scheduled_block_id 4
.nohwbrkpt
.noswbrkpt
	   610    0xfa 0xcf 0x75 0x98 0x25 0xd4                                                    VLDA x9, [sp, #-704];                                                                                                   VMOV bmhh2, bmll3
.aggressive_scheduled_block_id 4
.nohwbrkpt
.noswbrkpt
	   616    0xfc 0x35 0xb6 0x1a 0x25 0xd4                                                    VLDA bmlh3, [sp, #-512];                                                                                                VMOV bmll3, bmlh3
.aggressive_scheduled_block_id 4
.nohwbrkpt
.noswbrkpt
	   622    0x00 0x00                                                                        NOPX
.aggressive_scheduled_block_id 4
.nohwbrkpt
.noswbrkpt
	   624    0x1c 0x8c 0x12 0xf8                                                                                                                                                                                      VMOV bmhl4, bmll3
.aggressive_scheduled_block_id 4
.nohwbrkpt
.noswbrkpt
	   628    0x1b 0x4a 0x92 0xf8                                                                                                                                                                                      VMOV bmlh3, x5
.aggressive_scheduled_block_id 4
.nohwbrkpt
.noswbrkpt
	   632    0x04 0x08 0x12 0xe6 0x32 0x6b 0x21 0x22                                                                                                                                                                  VMOV bmll4, bmll2;                      VMAC dm2, dm3, x5, x9,r6
.aggressive_scheduled_block_id 4
.nohwbrkpt
.noswbrkpt
	   640    0x0a 0x1e 0x66 0x98                                                                                                                          VST bmhh4, [p2], #64
.aggressive_scheduled_block_id 4
.nohwbrkpt
.noswbrkpt
	   644    0xfa 0x3f 0x72 0x55 0xec 0x0d 0x12 0xe2 0x32 0x41 0x21 0x26                      VLDA x7, [sp, #-768];         VLDB x11, [p1], m1;                                                                       VMOV bmll4, bmlh3;                      VMAC dm2, dm2, x0, x9,r6
.aggressive_scheduled_block_id 4
.nohwbrkpt
.noswbrkpt
	   656    0x73 0xce 0xb8 0x92 0x25 0xd4                                                    VLDA bmhh4, [p3], #-448;                                                                                                VMOV bmlh4, bmlh2
.aggressive_scheduled_block_id 4
.nohwbrkpt
.noswbrkpt
	   662    0x63 0x90 0xd1 0x4b 0x12 0xe4 0x32 0x43 0x61 0x0a                                                                                            VST bmll1, [p3], #64;                                       VMOV bmlh1, bmhh2;                      VMAC dm2, dm2, x1, x11,r6
.aggressive_scheduled_block_id 4
.nohwbrkpt
.noswbrkpt
	   672    0xf9 0xcf 0x73 0x1c 0xa6 0x80 0x85 0x09 0x72 0xba                                VLDA x9, [sp, #-832];                                       VST bmlh1, [p3], #64;                                       VMOV bmll1, bmhl2
.aggressive_scheduled_block_id 4
.nohwbrkpt
.noswbrkpt
	   682    0x32 0x44 0xe1 0x08                                                                                                                                                                                                                              VMAC dm2, dm2, x2, x7,r6
.aggressive_scheduled_block_id 4
.nohwbrkpt
.noswbrkpt
	   686    0x07 0xe9 0x7b 0x98                                                              VLDA x5, [sp, #-384]
.aggressive_scheduled_block_id 4
.nohwbrkpt
.noswbrkpt
	   690    0x32 0x46 0xc1 0x08                                                                                                                                                                                                                              VMAC dm2, dm2, x3, x6,r6
.aggressive_scheduled_block_id 4
.nohwbrkpt
.noswbrkpt
	   694    0x33 0x11 0x61 0x08                                                                                                                                                                                                                              VMAC dm3, dm0, x8, x11,r6
.aggressive_scheduled_block_id 4
.nohwbrkpt
.noswbrkpt
	   698    0x32 0x48 0xe1 0x08                                                                                                                                                                                                                              VMAC dm2, dm2, x4, x7,r6
.aggressive_scheduled_block_id 4
.nohwbrkpt
.noswbrkpt
	   702    0x00 0x00                                                                        NOPX
.aggressive_scheduled_block_id 4
.nohwbrkpt
.noswbrkpt
	   704    0x32 0x55 0x21 0x08                                                                                                                                                                                                                              VMAC dm2, dm2, x10, x9,r6
.aggressive_scheduled_block_id 4
.nohwbrkpt
.noswbrkpt
	   708    0x00 0x00                                                                        NOPX
.aggressive_scheduled_block_id 4
.nohwbrkpt
.noswbrkpt
	   710    0x63 0x98 0xd0 0x02 0x32 0x4b 0x61 0x22                                                                                                      VST bmhl1, [p3], #64;                                                                               VMAC dm2, dm2, x5, x11,r6
.aggressive_scheduled_block_id 4
.aggressive_scheduled_block_id last
.nohwbrkpt
.noswbrkpt
	   718    0x0b 0x1c 0xe6 0x98                                                                                                                          VST bmhh1, [p3], #64
	   722    0x0b 0x1d 0x86 0x98                                                                                                                          VST bmll3, [p3], #64
	   726    0x0b 0x1d 0xa6 0x98                                                                                                                          VST bmlh3, [p3], #64
	   730    0x0b 0x1d 0xc6 0x98                                                                                                                          VST bmhl3, [p3], #64
	   734    0x0b 0x1d 0xe6 0x98                                                                                                                          VST bmhh3, [p3], #64
	   738    0x0a 0x1d 0x06 0x98                                                                                                                          VST bmll2, [p2], #64
	   742    0x00 0x2c 0xf2 0x1d 0x26 0x80 0x00 0x00 0x00 0x7a                                NOPA;                                                       VST bmlh2, [p2], #64;         NOPX
	   752    0x00 0x2c 0xf0 0x00 0x22 0x1d 0x46 0x80 0x00 0x00 0xe9 0x09 0x78 0x00 0x00 0xe1  NOPA;                         NOPB;                         VST bmhl2, [p2], #64;         NOPX;                         VMOV bmhh1, bmhl4;                      NOPV
.label ZLE_Fmatmul_i8_i32_768
.end_of_loop
	   768    0x00 0x2c 0xf0 0x00 0x22 0x1d 0x66 0x80 0x00 0x00 0xc8 0x09 0x78 0x00 0x00 0xe1  NOPA;                         NOPB;                         VST bmhh2, [p2], #64;         NOPX;                         VMOV bmhl1, bmll4;                      NOPV
.loop_nesting 1
	   784    0x29 0x72 0x00 0x84 0x40 0x1c                                                                                  PADDB [p1], m2;                                             JNZD r1, r1, p0
.delay_slot
	   790    0x10 0x0e 0x09 0x18                                                                                                                                                        MOVX r7, #2
.delay_slot
.swstall delay_slot
	   794    0x00 0x00                                                                        NOPX
.delay_slot
.swstall delay_slot
	   796    0x00 0x00                                                                        NOPX
.delay_slot
.swstall delay_slot
	   798    0x00 0x00                                                                        NOPX
.delay_slot
.swstall delay_slot
	   800    0x00 0x00                                                                        NOPX
.loop_nesting 0
	   802    0x10 0x28 0x00 0x18                                                                                                                                                        RET lr
.delay_slot
	   806    0xff 0x98 0x00 0x00 0x01 0xc4                                                                                                                                              PADDXM [sp], #-832
.delay_slot
	   812    0x12 0x10 0x00 0x18                                                                                                                                                        EVENT #1
.delay_slot
.swstall delay_slot
	   816    0x00 0x00                                                                        NOPX
.delay_slot
.swstall delay_slot
	   818    0x00 0x00                                                                        NOPX
.label matmul_i8_i32__end last
.delay_slot
.swstall delay_slot
	   820    0x00 0x00                                                                        NOPX

.text_segment_name
.text global 10 matmul_scalar_i8_i32
.function_start
	     0    0x10 0x00 0x80 0x00 0x80 0x00 0x28 0x1f 0x58 0xba                                MOVA m0, #128;                                                                            EVENT #0;                     MOV r1, #31
	    10    0x00 0x00 0x01 0xe1 0x20 0x44                                                                                                                                              MOVXM ls, #(ZLS_Fmatmul_scalar_i8_i32_144 + 0)
	    16    0x00 0x00 0x06 0xe1 0x60 0x44                                                                                                                                              MOVXM le, #(ZLE_Fmatmul_scalar_i8_i32_176 + 0)
	    22    0xff 0xff 0xe2 0x00 0x02 0x44                                                                                                                                              MOVXM m1, #-8191
	    28    0x00 0x00 0x06 0xc0 0x80 0x44                                                                                                                                              MOVXM p3, #(TGT_Fmatmul_scalar_i8_i32_64 + 0)
	    34    0x00 0x2c 0xf0 0x00 0x20 0x00 0x00 0x46 0x03 0x02 0x00 0x2b 0x60 0x7e            NOPA;                         NOPB;                         NOPS;                         MOVXM p4, #(TGT_Fmatmul_scalar_i8_i32_48 + 0)
.label TGT_Fmatmul_scalar_i8_i32_48
.loop_nesting 1
	    48    0x00 0x2c 0xf0 0x00 0x20 0x01 0x5b 0x02 0x37 0xe8 0x01 0xa5 0x78 0x00 0x00 0xe1  NOPA;                         NOPB;                         NOPS;                         MOVX r3, #127;                NOPM;                                   NOPV
.label TGT_Fmatmul_scalar_i8_i32_64
.loop_nesting 2
	    64    0x21 0x18 0x50 0x00 0x0f 0xa8 0x88 0x00 0x58 0xba                                LDA.s8 r6, [p1], m0;                                                                      MOVX lc, #61;                 MOV r4, #0
.aggressive_scheduled_block_id 1
.aggressive_scheduled_block_id first
	    74    0x00 0x1c 0xe2 0x98                                                              LDA.s8 r7, [p0], #1
.aggressive_scheduled_block_id 1
.noswbrkpt
	    78    0x01 0x08 0xc2 0x98                                                              LDA.s8 r6, [p1], m0
.aggressive_scheduled_block_id 1
.nohwbrkpt
.noswbrkpt
	    82    0x00 0x00                                                                        NOPX
.aggressive_scheduled_block_id 1
.nohwbrkpt
.noswbrkpt
	    84    0x03 0x9c 0x50 0x00 0x20 0x00 0x00 0x00 0x00 0xad 0x81 0x36                      LDA.s8 r7, [p0], #1;          NOPB;                         NOPS;                         NOPX
.aggressive_scheduled_block_id 1
.nohwbrkpt
.noswbrkpt
	    96    0x21 0x18 0x50 0x00 0x20 0x01 0x5b 0x00 0x00 0x00 0x01 0xa5 0x78 0x00 0x00 0xe1  LDA.s8 r6, [p1], m0;          NOPB;                         NOPS;                         NOPX;                         NOPM;                                   NOPV
.aggressive_scheduled_block_id 1
.nohwbrkpt
.noswbrkpt
	   112    0x00 0x2c 0xf0 0x00 0x20 0x01 0x5b 0x00 0x00 0x00 0x01 0xa5 0x78 0x00 0x00 0xe1  NOPA;                         NOPB;                         NOPS;                         NOPX;                         NOPM;                                   NOPV
.aggressive_scheduled_block_id 1
.nohwbrkpt
.noswbrkpt
	   128    0x03 0x9c 0x50 0x00 0x20 0x01 0x5b 0x00 0x00 0x00 0x01 0xa5 0x78 0x00 0x00 0xe1  LDA.s8 r7, [p0], #1;          NOPB;                         NOPS;                         NOPX;                         NOPM;                                   NOPV
.label ZLS_Fmatmul_scalar_i8_i32_144
.loop_nesting 3
.begin_of_loop
.aggressive_scheduled_block_id 1
.nohwbrkpt
.noswbrkpt
	   144    0x21 0x18 0x50 0x00 0x20 0x01 0x5b 0x0e 0x43 0x30 0x01 0xa5 0x78 0x00 0x00 0xe1  LDA.s8 r6, [p1], m0;          NOPB;                         NOPS;                         MAC r4, r4, r7, r6;           NOPM;                                   NOPV
.aggressive_scheduled_block_id 1
.nohwbrkpt
.noswbrkpt
	   160    0x00 0x2c 0xf0 0x00 0x20 0x01 0x5b 0x00 0x00 0x00 0x01 0xa5 0x78 0x00 0x00 0xe1  NOPA;                         NOPB;                         NOPS;                         NOPX;                         NOPM;                                   NOPV
.label ZLE_Fmatmul_scalar_i8_i32_176
.end_of_loop
.aggressive_scheduled_block_id 1
.nohwbrkpt
.noswbrkpt
	   176    0x03 0x9c 0x50 0x00 0x20 0x01 0x5b 0x00 0x00 0x00 0x01 0xa5 0x78 0x00 0x00 0xe1  LDA.s8 r7, [p0], #1;          NOPB;                         NOPS;                         NOPX;                         NOPM;                                   NOPV
.loop_nesting 2
.aggressive_scheduled_block_id 1
.nohwbrkpt
.noswbrkpt
	   192    0x40 0x96 0xd2 0x57 0x20 0x0e 0x43 0x30 0x7e 0x2d 0x81 0x36                      LDA r5, [p2];                 PADDB [p1], m1;               PADDS [p0], #-64;             MAC r4, r4, r7, r6
.aggressive_scheduled_block_id 1
.nohwbrkpt
.noswbrkpt
	   204    0x00 0x00                                                                        NOPX
.aggressive_scheduled_block_id 1
.nohwbrkpt
.noswbrkpt
	   206    0x00 0x00                                                                        NOPX
.aggressive_scheduled_block_id 1
.aggressive_scheduled_block_id last
.nohwbrkpt
.noswbrkpt
	   208    0x11 0xc8 0x66 0x18                                                                                                                                                        MAC r4, r4, r7, r6
	   212    0x10 0xc6 0xe0 0x18                                                                                                                                                        JNZD r3, r3, p3
.delay_slot
.swstall delay_slot
	   216    0x00 0x00                                                                        NOPX
.delay_slot
	   218    0x11 0xc8 0x66 0x18                                                                                                                                                        MAC r4, r4, r7, r6
.delay_slot
.swstall delay_slot
	   222    0x00 0x00                                                                        NOPX
.delay_slot
	   224    0x11 0x48 0x40 0x98                                                                                                                                                        ADD r4, r5, r4
.delay_slot
	   228    0x0a 0x1c 0x91 0x98                                                                                                                          ST r4, [p2], #4
.loop_nesting 1
	   232    0x3d 0xf2 0x00 0x86 0x40 0x1c                                                                                  PADDB [p1], #-128;                                          JNZD r1, r1, p4
.delay_slot
	   238    0x38 0x1f 0x90 0x18                                                                                            PADDB [p0], #64
.delay_slot
.swstall delay_slot
	   242    0x00 0x00                                                                        NOPX
.delay_slot
.swstall delay_slot
	   244    0x00 0x00                                                                        NOPX
.delay_slot
.swstall delay_slot
	   246    0x00 0x00                                                                        NOPX
.delay_slot
.swstall delay_slot
	   248    0x00 0x00                                                                        NOPX
.loop_nesting 0
	   250    0x10 0x28 0x00 0x18                                                                                                                                                        RET lr
.delay_slot
	   254    0x12 0x10 0x00 0x18                                                                                                                                                        EVENT #1
.delay_slot
.swstall delay_slot
	   258    0x00 0x00                                                                        NOPX
.delay_slot
.swstall delay_slot
	   260    0x00 0x00                                                                        NOPX
.delay_slot
.swstall delay_slot
	   262    0x00 0x00                                                                        NOPX
.label matmul_scalar_i8_i32__end last
.delay_slot
.swstall delay_slot
	   264    0x00 0x00                                                                        NOPX

.text_segment_name
.text global 10 zero_i32
.function_start
	     0    0x18 0x10 0xc0 0xf8                                                                                                                                                                                      MOV r0, p0
	     4    0x00 0x00 0x40 0xa0 0x00 0x44                                                                                                                                              MOVXM r1, #16384
	    10    0x18 0x50 0x81 0x58                                                                                                                                                                                      ADD.NC r1, r1, r0
	    14    0x10 0x04 0x1b 0x98                                                                                                                                                        GEU r2, r0, r1
	    18    0x10 0x00 0x68 0x40 0x01 0x84                                                                                                                                              JNZ r2, #TGT_Fzero_i32_208
.delay_slot
	    24    0x10 0x10 0x00 0x18                                                                                                                                                        EVENT #0
.delay_slot
.swstall delay_slot
	    28    0x00 0x00                                                                        NOPX
.delay_slot
.swstall delay_slot
	    30    0x00 0x00                                                                        NOPX
.delay_slot
.swstall delay_slot
	    32    0x00 0x00                                                                        NOPX
.delay_slot
.swstall delay_slot
	    34    0x00 0x00                                                                        NOPX
	    36    0x00 0x18 0x00 0x00 0x00 0x00 0x78 0x60 0x10 0xba                                MOVA r24, #0;                                                                             MOVXM ls, #(ZLS_Fzero_i32_192 + 0)
	    46    0x00 0x00 0x06 0xe1 0x80 0x44                                                                                                                                              MOVXM le, #(ZLS_Fzero_i32_192 + 0)
	    52    0xff 0x40 0x00 0x02 0x20 0x0c 0x68 0x10 0x08 0xba                                MOVA r0, #-6;                                                                             SUB r2, r1, r0;               ADD.NC r3, r0, #64
	    62    0x00 0x21 0x00 0x07 0xb0 0xe4 0x48 0xbf 0xc8 0xba                                MOVA r1, #1;                                                                              LTU r27, r3, r1;              ADD.NC r2, r2, #-1
	    72    0x10 0x01 0xd0 0xc4 0xe5 0xe4                                                                                                                                              ASHL r0, r2, r0;              VBCST.32 x0, r24
	    78    0x00 0x00 0xe0 0x01 0x25 0xe4                                                                                                                                              ADD r0, r0, #1;               VMOV bmll0, x0
	    84    0x10 0x40 0x02 0x18                                                                                                                                                        SEL.EQZ r0, r1, r0, r27
	    88    0x00 0x2b 0x60 0x02 0xb8 0x10 0x70 0x02                                                                                                      NOPS;                                                       MOV lc, r0
	    96    0x00 0x2c 0xf0 0x00 0x20 0x01 0x5b 0x00 0x00 0x00 0x01 0xa5 0x78 0x00 0x00 0xe1  NOPA;                         NOPB;                         NOPS;                         NOPX;                         NOPM;                                   NOPV
	   112    0x00 0x2c 0xf0 0x00 0x20 0x01 0x5b 0x00 0x00 0x00 0x01 0xa5 0x78 0x00 0x00 0xe1  NOPA;                         NOPB;                         NOPS;                         NOPX;                         NOPM;                                   NOPV
	   128    0x00 0x2c 0xf0 0x00 0x20 0x01 0x5b 0x00 0x00 0x00 0x01 0xa5 0x78 0x00 0x00 0xe1  NOPA;                         NOPB;                         NOPS;                         NOPX;                         NOPM;                                   NOPV
	   144    0x00 0x2c 0xf0 0x00 0x20 0x01 0x5b 0x00 0x00 0x00 0x01 0xa5 0x78 0x00 0x00 0xe1  NOPA;                         NOPB;                         NOPS;                         NOPX;                         NOPM;                                   NOPV
	   160    0x00 0x2c 0xf0 0x00 0x20 0x01 0x5b 0x00 0x00 0x00 0x01 0xa5 0x78 0x00 0x00 0xe1  NOPA;                         NOPB;                         NOPS;                         NOPX;                         NOPM;                                   NOPV
	   176    0x00 0x2c 0xf0 0x00 0x20 0x01 0x5b 0x00 0x00 0x00 0x01 0xa5 0x78 0x00 0x00 0xe1  NOPA;                         NOPB;                         NOPS;                         NOPX;                         NOPM;                                   NOPV
.label ZLS_Fzero_i32_192
.loop_nesting 1
.begin_of_loop
.end_of_loop
	   192    0x00 0x2c 0xf0 0x00 0x20 0x1c 0x06 0x80 0x00 0x00 0x01 0xa5 0x78 0x00 0x00 0xe1  NOPA;                         NOPB;                         VST bmll0, [p0], #64;         NOPX;                         NOPM;                                   NOPV
.label TGT_Fzero_i32_208
.loop_nesting 0
	   208    0x10 0x28 0x00 0x18                                                                                                                                                        RET lr
.delay_slot
	   212    0x12 0x10 0x00 0x18                                                                                                                                                        EVENT #1
.delay_slot
.swstall delay_slot
	   216    0x00 0x00                                                                        NOPX
.delay_slot
.swstall delay_slot
	   218    0x00 0x00                                                                        NOPX
.delay_slot
.swstall delay_slot
	   220    0x00 0x00                                                                        NOPX
.label zero_i32__end last
.delay_slot
.swstall delay_slot
	   222    0x00 0x00                                                                        NOPX

.text_segment_name
.text global 10 zero_scalar_i32
.tail_call
.function_start
	     0    0x00 0x00 0x00 0x00 0x00 0x00 0x00 0x00 0x20 0xba                                MOVA r0, #0;                                                                              J #memset
.delay_slot
	    10    0x00 0x00 0x40 0xa0 0x00 0x44                                                                                                                                              MOVXM r1, #16384
.delay_slot
	    16    0x19 0x60 0xc0 0xf8                                                                                                                                                                                      MOV p1, p0
.delay_slot
.swstall delay_slot
	    20    0x00 0x00                                                                        NOPX
.delay_slot
.swstall delay_slot
	    22    0x00 0x00                                                                        NOPX
.label zero_scalar_i32__end last
.delay_slot
.swstall delay_slot
	    24    0x00 0x00                                                                        NOPX

.undef global text memset



.direct_eval +,-,(,)
