
// File generated by darts version V-2024.06#8be6237c82#250729, Mon Jun 29 07:57:40 2026
// Copyright 2014-2024 Synopsys, Inc. All rights reserved.
// darts -I/home/bcloud/torch2aie/toolchain/aietools/data/aie2p/lib -d -h -I/home/bcloud/torch2aie/toolchain/aietools/include -I/home/bcloud/torch2aie/toolchain/aietools/include -I/home/bcloud/torch2aie/toolchain/mlir_aie/include -I/home/bcloud/torch2aie/toolchain/mlir_aie/include/aie_kernels -I/home/bcloud/torch2aie/toolchain/aietools/data/aie2p/lib/runtime_cxx/libcxx-lite/include -I/home/bcloud/torch2aie/toolchain/aietools/data/aie2p/lib/runtime_cxx/libs/libcxx-16/include -I/home/bcloud/torch2aie/toolchain/aietools/data/aie2p/lib/runtime_cxx/libs/libcxxabi-16/include -I/home/bcloud/torch2aie/toolchain/aietools/data/aie2p/lib/runtime/include -D__AIENGINE__ -D__AIE_ARCH__=21 -D__AIEARCH__=21 -DDIM_M=128 -DDIM_K=64 -DDIM_N=128 -Di8_i16_ONLY -DSKIP_VECTORIZED -D__tct_tgt__=250729 -L +Ihex +nanno /home/bcloud/npu-sandbox/npu-infer/build/int8/mm_i8.o me

// Release: ipp V-2024.06-TGT-250729
.undef global data _ZN12me_primitive11control_satE

.undef global data _ZN12me_primitive11control_rndE

.text_segment_name
.text global 16 matmul_i8_i16
.function_start
	     0    0x40 0x00 0x80 0x00 0x0c 0x00 0x00 0x00 0x70 0xba                                MOVA m0, #512;                                                                            PADDXM [sp], #384
	    10    0x01 0x0e 0xb5 0x80 0x8b 0x00 0x00 0x01 0xb0 0x00 0x10 0x76                      VLDA bmhh0, [p0], m0;                                       MOVS p5, p0;                  MOVXM p3, #_ZN12me_primitive11control_rndE
	    22    0x60 0x8c 0x50 0x00 0x00 0x01 0xb0 0x00 0x10 0xba                                LDA.s8 r3, [p3];                                                                          MOVXM p3, #_ZN12me_primitive11control_satE
	    32    0x60 0x8a 0xda 0x3f 0x20 0x3c                                                    LDA r2, [p3];                 PADDB [p5], #64
.aggressive_scheduled_block_id 1
.aggressive_scheduled_block_id first
	    38    0xa3 0xca 0xb8 0xc1 0x81 0xd4                                                    VLDA bmhl4, [p5], #64;                                                                                                  MOV p4, p0
.aggressive_scheduled_block_id 1
.noswbrkpt
	    44    0x43 0x90 0x68 0x39 0xe8 0x3c                                                    VLDA.UPS.2x cml1, s0, upsSign0, [p2], #64;VLDB x3, [p4], #64
.aggressive_scheduled_block_id 1
.nohwbrkpt
.noswbrkpt
	    50    0x83 0x8a 0xb0 0x00 0x00 0x01 0x83 0xc0 0x10 0xba                                VLDA bmhl0, [p4], #64;                                                                    MOVXM m3, #1920
.aggressive_scheduled_block_id 1
.nohwbrkpt
.noswbrkpt
	    60    0x43 0x98 0x67 0xd6 0xc1 0xd4                                                    VLDA.UPS.2x cmh1, s0, upsSign0, [p2], #64;                                                                              MOV srsSign0, crMCDEn
.aggressive_scheduled_block_id 1
.nohwbrkpt
.noswbrkpt
	    66    0x4d 0x30 0x60 0x3f 0xff 0xfe 0x84 0x20 0x10 0xba                                VLDA.UPS.2x cml3, s0, upsSign0, [p2], m3;                                                 MOVXM m5, #-1984
.aggressive_scheduled_block_id 1
.nohwbrkpt
.noswbrkpt
	    76    0x43 0xa0 0x60 0x00 0xd8 0x00 0x70 0x00 0x58 0xba                                VLDA.UPS.2x cml2, s0, upsSign0, [p2], #64;                                                MOVX crSRSMode, #0;           MOV s0, #0
.aggressive_scheduled_block_id 1
.nohwbrkpt
.noswbrkpt
	    86    0x43 0xa8 0x67 0xfc 0x76 0x85 0xdc 0x00 0x1b 0xe0 0x78 0x76                      VLDA.UPS.2x cmh2, s0, upsSign0, [p2], #64;                  VST bmhh0, [sp, #-64];        MOVX crSat, r2;               MOV upsSign0, srsSign0
.aggressive_scheduled_block_id 1
.aggressive_scheduled_block_id last
.nohwbrkpt
.noswbrkpt
	    98    0xff 0xc7 0x7c 0xf1 0xc1 0xd4                                                    VLDA x8, [sp, #-64];                                                                                                    MOV crUPSMode, crSRSMode
	   104    0x55 0x00 0x62 0x3d 0xe8 0x00 0x00 0x03 0x04 0x00 0x10 0xb6                      VLDA.UPS.2x cml0, s0, upsSign0, [p2], m5;VLDB x11, [p1], #64;                             MOVXM m6, #2048
.aggressive_scheduled_block_id 2
.aggressive_scheduled_block_id first
	   116    0xa3 0x90 0xfe 0x0f 0x01 0x54                                                    VLDA lfl0, [p5], #64;                                                                                                   MOV m7, #960
.aggressive_scheduled_block_id 2
.noswbrkpt
	   122    0x59 0x18 0x63 0xd5 0x6f 0xf8 0xf3 0x32                                          VLDA.UPS.2x cmh1, s0, upsSign0, [p2], m6;VLDB x10, [p1], m7;VST x3, [sp, #-128]
.aggressive_scheduled_block_id 2
.nohwbrkpt
.noswbrkpt
	   130    0xff 0x4f 0x70 0x3f 0xff 0xfd 0x03 0xa0 0x10 0xba                                VLDA x9, [sp, #-128];                                                                     MOVXM m2, #-2240
.aggressive_scheduled_block_id 2
.nohwbrkpt
.noswbrkpt
	   140    0x02 0x48 0x43 0x18                                                              VLDA.UPS.2x cmh0, s0, upsSign0, [p2], m2
.aggressive_scheduled_block_id 2
.nohwbrkpt
.noswbrkpt
	   144    0xa3 0x80 0xf2 0x3c 0x68 0x3c                                                    VLDA lfh0, [p5], #64;         VLDB x8, [p1], #64
.aggressive_scheduled_block_id 2
.nohwbrkpt
.noswbrkpt
	   150    0xfd 0x0a 0xd3 0xd5 0x6b 0x00 0x21 0x52                                                                        VLDB x10, [p1], m7;           VST bmhl0, [sp, #-384];       MOVX r0, #776
.aggressive_scheduled_block_id 2
.nohwbrkpt
.noswbrkpt
	   158    0xfd 0x4f 0x70 0x04 0x03 0x31 0x61 0x22                                          VLDA x9, [sp, #-384];                                                                                                                                           VMAC dm3, dm1, x8, x11,r0
.aggressive_scheduled_block_id 2
.nohwbrkpt
.noswbrkpt
	   166    0xa3 0xb3 0x72 0x3b 0xef 0xf4 0xeb 0x00 0x46 0x45 0x70 0xf6                      VLDA x6, [p5], #64;           VLDB x7, [p1], #64;           VST lfl0, [sp, #-192];                                      VMOV cmh0, cml3
.aggressive_scheduled_block_id 2
.nohwbrkpt
.noswbrkpt
	   178    0xfe 0xb7 0x73 0xd4 0xeb 0xb2 0x12 0xe2 0x01 0x31 0x41 0x26                      VLDA x6, [sp, #-192];         VLDB x9, [p1], m7;                                                                        VMOV x7, bmhl4;                         VMAC dm1, dm1, x8, x10,r0
.aggressive_scheduled_block_id 2
.nohwbrkpt
.noswbrkpt
	   190    0x08 0x38 0x69 0x02 0x8a 0xe6 0x00 0x13 0x41 0x0a                                                              VLDB x0, [p4], #64;                                                                       VMOV cml1, cmh0;                        VMAC dm0, dm0, x9, x10,r0
.aggressive_scheduled_block_id 2
.nohwbrkpt
.noswbrkpt
	   200    0x02 0x53 0x61 0x08                                                                                                                                                                                                                              VMAC dm2, dm2, x9, x11,r0
.aggressive_scheduled_block_id 2
.nohwbrkpt
.noswbrkpt
	   204    0xfe 0x0d 0x60 0x02 0x03 0x6f 0x01 0x22                                                                                                      VST lfh0, [sp, #-256];                                                                              VMAC dm3, dm3, x7, x8,r0
.aggressive_scheduled_block_id 2
.nohwbrkpt
.noswbrkpt
	   212    0xfe 0x57 0x71 0x1e 0x74 0x1d 0x01 0x2f 0x41 0x0a                                VLDA x10, [sp, #-256];        VLDB x9, [p1], #64;                                                                                                               VMAC dm1, dm1, x7, x10,r0
.aggressive_scheduled_block_id 2
.nohwbrkpt
.noswbrkpt
	   222    0x04 0x1c 0xb4 0x00 0x00 0x13 0x41 0x22                                                                        VLDB x2, [p4], #64;                                                                                                               VMAC dm0, dm0, x9, x10,r0
.aggressive_scheduled_block_id 2
.nohwbrkpt
.noswbrkpt
	   230    0xfd 0xb6 0x61 0xe9 0xb4 0x01 0x02 0x53 0x01 0x0a                                                              VLDB x6, [p1], m7;            VST x6, [sp, #-320];                                                                                VMAC dm2, dm2, x9, x8,r0
.aggressive_scheduled_block_id 2
.nohwbrkpt
.noswbrkpt
	   240    0xfd 0xc7 0x71 0x1e 0x74 0x1d 0x01 0x2d 0x21 0x0a                                VLDA x8, [sp, #-320];         VLDB x9, [p1], #64;                                                                                                               VMAC dm1, dm1, x6, x9,r0
.aggressive_scheduled_block_id 2
.nohwbrkpt
.noswbrkpt
	   250    0xa3 0xce 0xb4 0x1d 0x34 0x1d 0x00 0x01 0x21 0x0a                                VLDA bmhh4, [p5], #64;        VLDB x4, [p4], #64;                                                                                                               VMAC dm0, dm0, x0, x9,r0
.aggressive_scheduled_block_id 2
.nohwbrkpt
.noswbrkpt
	   260    0x01 0xea 0xb4 0x00 0x03 0x6c 0xe1 0x22                                                                        VLDB x10, [p1], m7;                                                                                                               VMAC dm3, dm3, x6, x7,r0
.aggressive_scheduled_block_id 2
.nohwbrkpt
.noswbrkpt
	   268    0x01 0x1e 0x74 0x00 0x02 0x40 0xe1 0x22                                                                        VLDB x9, [p1], #64;                                                                                                               VMAC dm2, dm2, x0, x7,r0
.aggressive_scheduled_block_id 2
.nohwbrkpt
.noswbrkpt
	   276    0x03 0x75 0x21 0x08                                                                                                                                                                                                                              VMAC dm3, dm3, x10, x9,r0
.aggressive_scheduled_block_id 2
.nohwbrkpt
.noswbrkpt
	   280    0xa0 0xc2 0xb1 0xea 0x34 0x1d 0x02 0x45 0x21 0x0a                                VLDA bmll4, [p5];             VLDB x8, [p1], m7;                                                                                                                VMAC dm2, dm2, x2, x9,r0
.aggressive_scheduled_block_id 2
.nohwbrkpt
.noswbrkpt
	   290    0x83 0xc6 0xb0 0x04 0x01 0x34 0xc1 0x22                                          VLDA bmlh4, [p4], #64;                                                                                                                                          VMAC dm1, dm1, x10, x6,r0
.aggressive_scheduled_block_id 2
.nohwbrkpt
.noswbrkpt
	   298    0x01 0x1d 0xf4 0x00 0x03 0x71 0x21 0x22                                                                        VLDB x7, [p1], #64;                                                                                                               VMAC dm3, dm3, x8, x9,r0
.aggressive_scheduled_block_id 2
.nohwbrkpt
.noswbrkpt
	   306    0x03 0xb3 0x12 0xe6 0x02 0x49 0x21 0x22                                                                                                                                                                  VMOV x7, bmhh4;                         VMAC dm2, dm2, x4, x9,r0
.aggressive_scheduled_block_id 2
.nohwbrkpt
.noswbrkpt
	   314    0x01 0xea 0xb4 0x00 0x01 0x31 0x41 0x22                                                                        VLDB x10, [p1], m7;                                                                                                               VMAC dm1, dm1, x8, x10,r0
.aggressive_scheduled_block_id 2
.nohwbrkpt
.noswbrkpt
	   322    0x04 0x04 0xf4 0x00 0x03 0x6f 0x21 0x22                                                                        VLDB x3, [p4];                                                                                                                    VMAC dm3, dm3, x7, x9,r0
.aggressive_scheduled_block_id 2
.nohwbrkpt
.noswbrkpt
	   330    0xa2 0x8b 0x72 0x3b 0x6f 0xff 0xff 0x10 0x44 0x02 0x00 0x04 0xc1 0x0e            VLDA x1, [p5, #64];           VLDB x6, [p1], #64;                                         MOVXM m1, #-7104;                                                     VMAC dm0, dm0, x2, x6,r0
.aggressive_scheduled_block_id 2
.nohwbrkpt
.noswbrkpt
	   344    0x08 0x2a 0xeb 0x30 0x12 0xe6 0x01 0x2f 0x01 0x0a                                                              VLDB x5, [p4, #64];                                                                       VMOV x6, bmll4;                         VMAC dm1, dm1, x7, x8,r0
.aggressive_scheduled_block_id 2
.nohwbrkpt
.noswbrkpt
	   354    0x05 0xb1 0x12 0xe6 0x00 0x09 0x41 0x22                                                                                                                                                                  VMOV x11, bmlh4;                        VMAC dm0, dm0, x4, x10,r0
.aggressive_scheduled_block_id 2
.nohwbrkpt
.noswbrkpt
	   362    0x01 0x2a 0x74 0x00 0x03 0x6c 0xe1 0x22                                                                        VLDB x9, [p1], m1;                                                                                                                VMAC dm3, dm3, x6, x7,r0
.aggressive_scheduled_block_id 2
.nohwbrkpt
.noswbrkpt
	   370    0x02 0x57 0x21 0x08                                                                                                                                                                                                                              VMAC dm2, dm2, x11, x9,r0
.aggressive_scheduled_block_id 2
.aggressive_scheduled_block_id last
.nohwbrkpt
.noswbrkpt
	   374    0x01 0x2d 0x41 0x08                                                                                                                                                                                                                              VMAC dm1, dm1, x6, x10,r0
	   378    0x02 0x46 0xe1 0x08                                                                                                                                                                                                                              VMAC dm2, dm2, x3, x7,r0
	   382    0x03 0x62 0xc1 0x08                                                                                                                                                                                                                              VMAC dm3, dm3, x1, x6,r0
	   386    0x02 0x4a 0xc1 0x08                                                                                                                                                                                                                              VMAC dm2, dm2, x5, x6,r0
.aggressive_scheduled_block_id 3
.aggressive_scheduled_block_id first
	   390    0x00 0x17 0x01 0x08                                                                                                                                                                                                                              VMAC dm0, dm0, x11, x8,r0
.aggressive_scheduled_block_id 3
.noswbrkpt
	   394    0x03 0x23 0x21 0x08                                                                                                                                                                                                                              VMAC dm3, dm1, x1, x9,r0
.aggressive_scheduled_block_id 3
.nohwbrkpt
.noswbrkpt
	   398    0x00 0x07 0x41 0x08                                                                                                                                                                                                                              VMAC dm0, dm0, x3, x10,r0
.aggressive_scheduled_block_id 3
.nohwbrkpt
.noswbrkpt
	   402    0x10 0xfa 0x80 0x18                                                                                                                                                        MOVX crRnd, r3
.aggressive_scheduled_block_id 3
.nohwbrkpt
.noswbrkpt
	   406    0x43 0xb4 0x00 0x00 0x00 0x40 0x7c 0x02 0x00 0x0b 0x21 0x16                                                                                  VST.SRS.2x cml3, s0, srsSign0, [p2], #64;MOVXM m4, #1984;                                           VMAC dm0, dm0, x5, x9,r0
.aggressive_scheduled_block_id 3
.aggressive_scheduled_block_id last
.nohwbrkpt
.noswbrkpt
	   418    0x0a 0x89 0xe0 0x18                                                                                                                          VST.SRS.2x cmh3, s0, srsSign0, [p2], m4
	   422    0x0a 0x1d 0x20 0x18                                                                                                                          VST.SRS.2x cml2, s0, srsSign0, [p2], #64
.aggressive_scheduled_block_id 4
.aggressive_scheduled_block_id first
	   426    0x55 0x2c 0x00 0x20 0x00 0x5c                                                                                                                VST.SRS.2x cmh2, s0, srsSign0, [p2], m5;EVENT #0
.aggressive_scheduled_block_id 4
.noswbrkpt
	   432    0x00 0xc1 0x00 0x00 0x22 0x1d 0xa0 0x00 0x00 0x01 0xb0 0xe0 0x10 0x00 0x00 0xe1  MOVA r1, #6;                  NOPB;                         VST.SRS.2x cml3, s0, srsSign0, [p2], #64;MOVXM p3, #(TGT_Fmatmul_i8_i16_448 + 0);                   NOPV
.label TGT_Fmatmul_i8_i16_448
.loop_nesting 1
.aggressive_scheduled_block_id 4
.nohwbrkpt
.noswbrkpt
	   448    0x00 0x2c 0xf0 0x00 0x22 0x89 0xe0 0x00 0x00 0x00 0x78 0xf0 0x10 0x00 0x00 0xe1  NOPA;                         NOPB;                         VST.SRS.2x cmh3, s0, srsSign0, [p2], m4;MOVXM ls, #(ZLS_Fmatmul_i8_i16_480 + 0);                    NOPV
.aggressive_scheduled_block_id 4
.aggressive_scheduled_block_id last
.nohwbrkpt
.noswbrkpt
	   464    0x00 0xe5 0x40 0x00 0x22 0x1c 0x20 0x00 0x00 0x01 0xb9 0x80 0x10 0x00 0x00 0xe1  MOVA lc, #7;                  NOPB;                         VST.SRS.2x cml0, s0, srsSign0, [p2], #64;MOVXM le, #(ZLE_Fmatmul_i8_i16_768 + 0);                   NOPV
.label ZLS_Fmatmul_i8_i16_480
.loop_nesting 2
.begin_of_loop
	   480    0xff 0xc7 0x72 0x3d 0xea 0xa8 0x60 0x01 0xd9 0x09 0x70 0xf6                      VLDA x8, [sp, #-64];          VLDB x11, [p1], #64;          VST.SRS.2x cmh0, s0, srsSign0, [p2], m5;                    VMOV x7, bmhl4
	   492    0x43 0x90 0x63 0xd5 0x68 0x3c                                                    VLDA.UPS.2x cml1, s0, upsSign0, [p2], #64;VLDB x10, [p1], m7
	   498    0x02 0x1c 0xc3 0x18                                                              VLDA.UPS.2x cmh1, s0, upsSign0, [p2], #64
	   502    0x02 0x69 0x83 0x18                                                              VLDA.UPS.2x cml3, s0, upsSign0, [p2], m3
	   506    0x02 0x1d 0x03 0x18                                                              VLDA.UPS.2x cml2, s0, upsSign0, [p2], #64
	   510    0x02 0x1d 0x43 0x18                                                              VLDA.UPS.2x cmh2, s0, upsSign0, [p2], #64
	   514    0x02 0xa8 0x03 0x18                                                              VLDA.UPS.2x cml0, s0, upsSign0, [p2], m5
.aggressive_scheduled_block_id 5
.aggressive_scheduled_block_id first
	   518    0x07 0xfa 0x7b 0x98                                                              VLDA x9, [sp, #-128]
.aggressive_scheduled_block_id 5
.noswbrkpt
	   522    0x02 0xc8 0xc3 0x18                                                              VLDA.UPS.2x cmh1, s0, upsSign0, [p2], m6
.aggressive_scheduled_block_id 5
.nohwbrkpt
.noswbrkpt
	   526    0xfe 0xb7 0x71 0x1e 0x34 0x1d 0x03 0x31 0x61 0x0a                                VLDA x6, [sp, #-192];         VLDB x8, [p1], #64;                                                                                                               VMAC dm3, dm1, x8, x11,r0
.aggressive_scheduled_block_id 5
.nohwbrkpt
.noswbrkpt
	   536    0x49 0x08 0x63 0xd5 0x68 0x3c                                                    VLDA.UPS.2x cmh0, s0, upsSign0, [p2], m2;VLDB x10, [p1], m7
.aggressive_scheduled_block_id 5
.nohwbrkpt
.noswbrkpt
	   542    0x07 0xea 0x7b 0x98                                                              VLDA x9, [sp, #-384]
.aggressive_scheduled_block_id 5
.nohwbrkpt
.noswbrkpt
	   546    0x39 0x1d 0xf4 0x18                                                                                            VLDB x7, [p1], #64
.aggressive_scheduled_block_id 5
.nohwbrkpt
.noswbrkpt
	   550    0xfd 0xc7 0x7b 0x62 0x25 0xd4                                                    VLDA x8, [sp, #-320];                                                                                                   VMOV x11, bmlh4
.aggressive_scheduled_block_id 5
.nohwbrkpt
.noswbrkpt
	   556    0xfe 0x57 0x73 0xd4 0xe8 0x8c 0x8a 0xe2 0x02 0x53 0x61 0x26                      VLDA x10, [sp, #-256];        VLDB x9, [p1], m7;                                                                        VMOV cmh0, cml3;                        VMAC dm2, dm2, x9, x11,r0
.aggressive_scheduled_block_id 5
.nohwbrkpt
.noswbrkpt
	   568    0x01 0x31 0x41 0x08                                                                                                                                                                                                                              VMAC dm1, dm1, x8, x10,r0
.aggressive_scheduled_block_id 5
.nohwbrkpt
.noswbrkpt
	   572    0x02 0x3c 0xe9 0x02 0x8a 0xe6 0x00 0x13 0x41 0x0a                                                              VLDB x9, [p1], #64;                                                                       VMOV cml1, cmh0;                        VMAC dm0, dm0, x9, x10,r0
.aggressive_scheduled_block_id 5
.nohwbrkpt
.noswbrkpt
	   582    0x01 0xe9 0xb4 0x00 0x03 0x6f 0x01 0x22                                                                        VLDB x6, [p1], m7;                                                                                                                VMAC dm3, dm3, x7, x8,r0
.aggressive_scheduled_block_id 5
.nohwbrkpt
.noswbrkpt
	   590    0x01 0x2f 0x41 0x08                                                                                                                                                                                                                              VMAC dm1, dm1, x7, x10,r0
.aggressive_scheduled_block_id 5
.nohwbrkpt
.noswbrkpt
	   594    0x02 0x53 0x01 0x08                                                                                                                                                                                                                              VMAC dm2, dm2, x9, x8,r0
.aggressive_scheduled_block_id 5
.nohwbrkpt
.noswbrkpt
	   598    0x01 0x1e 0x74 0x00 0x00 0x13 0x41 0x22                                                                        VLDB x9, [p1], #64;                                                                                                               VMAC dm0, dm0, x9, x10,r0
.aggressive_scheduled_block_id 5
.nohwbrkpt
.noswbrkpt
	   606    0x01 0xea 0xb4 0x00 0x01 0x2d 0x21 0x22                                                                        VLDB x10, [p1], m7;                                                                                                               VMAC dm1, dm1, x6, x9,r0
.aggressive_scheduled_block_id 5
.nohwbrkpt
.noswbrkpt
	   614    0x00 0x01 0x21 0x08                                                                                                                                                                                                                              VMAC dm0, dm0, x0, x9,r0
.aggressive_scheduled_block_id 5
.nohwbrkpt
.noswbrkpt
	   618    0x02 0x3c 0xeb 0xb3 0x12 0xe6 0x03 0x6c 0xe1 0x0a                                                              VLDB x9, [p1], #64;                                                                       VMOV x7, bmhh4;                         VMAC dm3, dm3, x6, x7,r0
.aggressive_scheduled_block_id 5
.nohwbrkpt
.noswbrkpt
	   628    0x01 0xea 0x34 0x00 0x02 0x40 0xe1 0x22                                                                        VLDB x8, [p1], m7;                                                                                                                VMAC dm2, dm2, x0, x7,r0
.aggressive_scheduled_block_id 5
.nohwbrkpt
.noswbrkpt
	   636    0x03 0x75 0x21 0x08                                                                                                                                                                                                                              VMAC dm3, dm3, x10, x9,r0
.aggressive_scheduled_block_id 5
.nohwbrkpt
.noswbrkpt
	   640    0x01 0x1d 0xf4 0x00 0x02 0x45 0x21 0x22                                                                        VLDB x7, [p1], #64;                                                                                                               VMAC dm2, dm2, x2, x9,r0
.aggressive_scheduled_block_id 5
.nohwbrkpt
.noswbrkpt
	   648    0x01 0x34 0xc1 0x08                                                                                                                                                                                                                              VMAC dm1, dm1, x10, x6,r0
.aggressive_scheduled_block_id 5
.nohwbrkpt
.noswbrkpt
	   652    0x03 0x71 0x21 0x08                                                                                                                                                                                                                              VMAC dm3, dm3, x8, x9,r0
.aggressive_scheduled_block_id 5
.nohwbrkpt
.noswbrkpt
	   656    0x01 0xea 0xb4 0x00 0x02 0x49 0x21 0x22                                                                        VLDB x10, [p1], m7;                                                                                                               VMAC dm2, dm2, x4, x9,r0
.aggressive_scheduled_block_id 5
.nohwbrkpt
.noswbrkpt
	   664    0x01 0x1d 0xb4 0x00 0x01 0x31 0x41 0x22                                                                        VLDB x6, [p1], #64;                                                                                                               VMAC dm1, dm1, x8, x10,r0
.aggressive_scheduled_block_id 5
.nohwbrkpt
.noswbrkpt
	   672    0x01 0x2a 0x74 0x00 0x03 0x6f 0x21 0x22                                                                        VLDB x9, [p1], m1;                                                                                                                VMAC dm3, dm3, x7, x9,r0
.aggressive_scheduled_block_id 5
.nohwbrkpt
.noswbrkpt
	   680    0x03 0x30 0x12 0xe6 0x01 0x2f 0x01 0x22                                                                                                                                                                  VMOV x6, bmll4;                         VMAC dm1, dm1, x7, x8,r0
.aggressive_scheduled_block_id 5
.nohwbrkpt
.noswbrkpt
	   688    0x00 0x04 0xc1 0x08                                                                                                                                                                                                                              VMAC dm0, dm0, x2, x6,r0
.aggressive_scheduled_block_id 5
.nohwbrkpt
.noswbrkpt
	   692    0x03 0x6c 0xe1 0x08                                                                                                                                                                                                                              VMAC dm3, dm3, x6, x7,r0
.aggressive_scheduled_block_id 5
.nohwbrkpt
.noswbrkpt
	   696    0x00 0x09 0x41 0x08                                                                                                                                                                                                                              VMAC dm0, dm0, x4, x10,r0
.aggressive_scheduled_block_id 5
.nohwbrkpt
.noswbrkpt
	   700    0x01 0x2d 0x41 0x08                                                                                                                                                                                                                              VMAC dm1, dm1, x6, x10,r0
.aggressive_scheduled_block_id 5
.aggressive_scheduled_block_id last
.nohwbrkpt
.noswbrkpt
	   704    0x02 0x57 0x21 0x08                                                                                                                                                                                                                              VMAC dm2, dm2, x11, x9,r0
	   708    0x03 0x62 0xc1 0x08                                                                                                                                                                                                                              VMAC dm3, dm3, x1, x6,r0
	   712    0x02 0x46 0xe1 0x08                                                                                                                                                                                                                              VMAC dm2, dm2, x3, x7,r0
	   716    0x00 0x17 0x01 0x08                                                                                                                                                                                                                              VMAC dm0, dm0, x11, x8,r0
.aggressive_scheduled_block_id 6
.aggressive_scheduled_block_id first
	   720    0x02 0x4a 0xc1 0x08                                                                                                                                                                                                                              VMAC dm2, dm2, x5, x6,r0
.aggressive_scheduled_block_id 6
.noswbrkpt
	   724    0x03 0x23 0x21 0x08                                                                                                                                                                                                                              VMAC dm3, dm1, x1, x9,r0
.aggressive_scheduled_block_id 6
.nohwbrkpt
.noswbrkpt
	   728    0x00 0x07 0x41 0x08                                                                                                                                                                                                                              VMAC dm0, dm0, x3, x10,r0
.aggressive_scheduled_block_id 6
.nohwbrkpt
.noswbrkpt
	   732    0x0a 0x1d 0xa0 0x18                                                                                                                          VST.SRS.2x cml3, s0, srsSign0, [p2], #64
.aggressive_scheduled_block_id 6
.aggressive_scheduled_block_id last
.nohwbrkpt
.noswbrkpt
	   736    0x51 0x3c 0x00 0x02 0x00 0x0b 0x21 0x22                                                                                                      VST.SRS.2x cmh3, s0, srsSign0, [p2], m4;                                                            VMAC dm0, dm0, x5, x9,r0
	   744    0x00 0x00                                                                        NOPX
	   746    0x0a 0x1d 0x20 0x18                                                                                                                          VST.SRS.2x cml2, s0, srsSign0, [p2], #64
	   750    0x0a 0xa9 0x60 0x18                                                                                                                          VST.SRS.2x cmh2, s0, srsSign0, [p2], m5
	   754    0x0a 0x1d 0xa0 0x18                                                                                                                          VST.SRS.2x cml3, s0, srsSign0, [p2], #64
	   758    0x00 0x2c 0xf2 0x89 0xe0 0x00 0x00 0x00 0x00 0x7a                                NOPA;                                                       VST.SRS.2x cmh3, s0, srsSign0, [p2], m4;NOPX
.label ZLE_Fmatmul_i8_i16_768
.end_of_loop
.aggressive_scheduled_block_id 7
.aggressive_scheduled_block_id first
	   768    0x00 0x2c 0xf0 0x00 0x22 0x1c 0x20 0x00 0x00 0x00 0x01 0xa5 0x78 0x00 0x00 0xe1  NOPA;                         NOPB;                         VST.SRS.2x cml0, s0, srsSign0, [p2], #64;NOPX;              NOPM;                                   NOPV
.loop_nesting 1
.aggressive_scheduled_block_id 7
.nohwbrkpt
.noswbrkpt
	   784    0x01 0x72 0x05 0x50 0xc0 0x4c                                                                                  PADDB [p0], m0;               VST.SRS.2x cmh0, s0, srsSign0, [p2], m5
.aggressive_scheduled_block_id 7
.nohwbrkpt
.noswbrkpt
	   790    0x01 0x0e 0xb2 0xcb 0x90 0x02 0xb0 0x60 0x7e 0xba                                VLDA bmhh0, [p0], m0;         PADDB [p2], m6;                                                                           MOV p5, p0
.aggressive_scheduled_block_id 7
.nohwbrkpt
.noswbrkpt
	   800    0x43 0x90 0x6a 0x3f 0x20 0x3c                                                    VLDA.UPS.2x cml1, s0, upsSign0, [p2], #64;PADDB [p5], #64
.aggressive_scheduled_block_id 7
.nohwbrkpt
.noswbrkpt
	   806    0xa3 0xca 0xb8 0xc1 0x81 0xd4                                                    VLDA bmhl4, [p5], #64;                                                                                                  MOV p4, p0
.aggressive_scheduled_block_id 7
.nohwbrkpt
.noswbrkpt
	   812    0x43 0x98 0x68 0x39 0xe8 0x3c                                                    VLDA.UPS.2x cmh1, s0, upsSign0, [p2], #64;VLDB x3, [p4], #64
.aggressive_scheduled_block_id 7
.nohwbrkpt
.noswbrkpt
	   818    0x04 0x1c 0x55 0x98                                                              VLDA bmhl0, [p4], #64
.aggressive_scheduled_block_id 7
.nohwbrkpt
.noswbrkpt
	   822    0x02 0x69 0x83 0x18                                                              VLDA.UPS.2x cml3, s0, upsSign0, [p2], m3
.aggressive_scheduled_block_id 7
.nohwbrkpt
.noswbrkpt
	   826    0x02 0x1d 0x03 0x18                                                              VLDA.UPS.2x cml2, s0, upsSign0, [p2], #64
.aggressive_scheduled_block_id 7
.nohwbrkpt
.noswbrkpt
	   830    0x43 0xa8 0x6e 0x10 0x01 0x54                                                    VLDA.UPS.2x cmh2, s0, upsSign0, [p2], #64;                                                                              MOV m7, #-1024
.aggressive_scheduled_block_id 7
.nohwbrkpt
.noswbrkpt
	   836    0x55 0x00 0x63 0xd7 0x27 0xfc 0x76 0xb2                                          VLDA.UPS.2x cml0, s0, upsSign0, [p2], m5;PADDB [p1], m7;    VST bmhh0, [sp, #-64]
.aggressive_scheduled_block_id 7
.nohwbrkpt
.noswbrkpt
	   844    0xff 0xc7 0x72 0x3d 0xe8 0x3c                                                    VLDA x8, [sp, #-64];          VLDB x11, [p1], #64
.aggressive_scheduled_block_id 7
.nohwbrkpt
.noswbrkpt
	   850    0xa3 0x90 0xfe 0x0f 0x01 0x54                                                    VLDA lfl0, [p5], #64;                                                                                                   MOV m7, #960
.aggressive_scheduled_block_id 7
.nohwbrkpt
.noswbrkpt
	   856    0x59 0x18 0x63 0xd5 0x6f 0xf8 0xf3 0x32                                          VLDA.UPS.2x cmh1, s0, upsSign0, [p2], m6;VLDB x10, [p1], m7;VST x3, [sp, #-128]
.aggressive_scheduled_block_id 7
.nohwbrkpt
.noswbrkpt
	   864    0x07 0xfa 0x7b 0x98                                                              VLDA x9, [sp, #-128]
.aggressive_scheduled_block_id 7
.nohwbrkpt
.noswbrkpt
	   868    0x02 0x48 0x43 0x18                                                              VLDA.UPS.2x cmh0, s0, upsSign0, [p2], m2
.aggressive_scheduled_block_id 7
.nohwbrkpt
.noswbrkpt
	   872    0xa3 0x80 0xf2 0x3c 0x68 0x3c                                                    VLDA lfh0, [p5], #64;         VLDB x8, [p1], #64
.aggressive_scheduled_block_id 7
.nohwbrkpt
.noswbrkpt
	   878    0x3d 0x56 0x8f 0xd0 0xad 0x4c                                                                                  VLDB x10, [p1], m7;           VST bmhl0, [sp, #-384]
.aggressive_scheduled_block_id 7
.nohwbrkpt
.noswbrkpt
	   884    0xfd 0x4f 0x70 0x04 0x03 0x31 0x61 0x22                                          VLDA x9, [sp, #-384];                                                                                                                                           VMAC dm3, dm1, x8, x11,r0
.aggressive_scheduled_block_id 7
.nohwbrkpt
.noswbrkpt
	   892    0xa3 0xb3 0x72 0x3b 0xef 0xf4 0xeb 0x00 0x46 0x45 0x70 0xf6                      VLDA x6, [p5], #64;           VLDB x7, [p1], #64;           VST lfl0, [sp, #-192];                                      VMOV cmh0, cml3
.aggressive_scheduled_block_id 7
.nohwbrkpt
.noswbrkpt
	   904    0xfe 0xb7 0x73 0xd4 0xeb 0xb2 0x12 0xe2 0x01 0x31 0x41 0x26                      VLDA x6, [sp, #-192];         VLDB x9, [p1], m7;                                                                        VMOV x7, bmhl4;                         VMAC dm1, dm1, x8, x10,r0
.aggressive_scheduled_block_id 7
.nohwbrkpt
.noswbrkpt
	   916    0x08 0x38 0x69 0x02 0x8a 0xe6 0x00 0x13 0x41 0x0a                                                              VLDB x0, [p4], #64;                                                                       VMOV cml1, cmh0;                        VMAC dm0, dm0, x9, x10,r0
.aggressive_scheduled_block_id 7
.nohwbrkpt
.noswbrkpt
	   926    0x02 0x53 0x61 0x08                                                                                                                                                                                                                              VMAC dm2, dm2, x9, x11,r0
.aggressive_scheduled_block_id 7
.nohwbrkpt
.noswbrkpt
	   930    0xfe 0x0d 0x60 0x02 0x03 0x6f 0x01 0x22                                                                                                      VST lfh0, [sp, #-256];                                                                              VMAC dm3, dm3, x7, x8,r0
.aggressive_scheduled_block_id 7
.nohwbrkpt
.noswbrkpt
	   938    0xfe 0x57 0x71 0x1e 0x74 0x1d 0x01 0x2f 0x41 0x0a                                VLDA x10, [sp, #-256];        VLDB x9, [p1], #64;                                                                                                               VMAC dm1, dm1, x7, x10,r0
.aggressive_scheduled_block_id 7
.nohwbrkpt
.noswbrkpt
	   948    0x04 0x1c 0xb4 0x00 0x00 0x13 0x41 0x22                                                                        VLDB x2, [p4], #64;                                                                                                               VMAC dm0, dm0, x9, x10,r0
.aggressive_scheduled_block_id 7
.nohwbrkpt
.noswbrkpt
	   956    0xfd 0xb6 0x61 0xe9 0xb4 0x01 0x02 0x53 0x01 0x0a                                                              VLDB x6, [p1], m7;            VST x6, [sp, #-320];                                                                                VMAC dm2, dm2, x9, x8,r0
.aggressive_scheduled_block_id 7
.nohwbrkpt
.noswbrkpt
	   966    0xfd 0xc7 0x71 0x1e 0x74 0x1d 0x01 0x2d 0x21 0x0a                                VLDA x8, [sp, #-320];         VLDB x9, [p1], #64;                                                                                                               VMAC dm1, dm1, x6, x9,r0
.aggressive_scheduled_block_id 7
.nohwbrkpt
.noswbrkpt
	   976    0xa3 0xce 0xb4 0x1d 0x34 0x1d 0x00 0x01 0x21 0x0a                                VLDA bmhh4, [p5], #64;        VLDB x4, [p4], #64;                                                                                                               VMAC dm0, dm0, x0, x9,r0
.aggressive_scheduled_block_id 7
.nohwbrkpt
.noswbrkpt
	   986    0x01 0xea 0xb4 0x00 0x03 0x6c 0xe1 0x22                                                                        VLDB x10, [p1], m7;                                                                                                               VMAC dm3, dm3, x6, x7,r0
.aggressive_scheduled_block_id 7
.nohwbrkpt
.noswbrkpt
	   994    0x01 0x1e 0x74 0x00 0x02 0x40 0xe1 0x22                                                                        VLDB x9, [p1], #64;                                                                                                               VMAC dm2, dm2, x0, x7,r0
.aggressive_scheduled_block_id 7
.nohwbrkpt
.noswbrkpt
	  1002    0x03 0x75 0x21 0x08                                                                                                                                                                                                                              VMAC dm3, dm3, x10, x9,r0
.aggressive_scheduled_block_id 7
.nohwbrkpt
.noswbrkpt
	  1006    0xa0 0xc2 0xb1 0xea 0x34 0x1d 0x02 0x45 0x21 0x0a                                VLDA bmll4, [p5];             VLDB x8, [p1], m7;                                                                                                                VMAC dm2, dm2, x2, x9,r0
.aggressive_scheduled_block_id 7
.nohwbrkpt
.noswbrkpt
	  1016    0x83 0xc6 0xb0 0x04 0x01 0x34 0xc1 0x22                                          VLDA bmlh4, [p4], #64;                                                                                                                                          VMAC dm1, dm1, x10, x6,r0
.aggressive_scheduled_block_id 7
.nohwbrkpt
.noswbrkpt
	  1024    0x01 0x1d 0xf4 0x00 0x03 0x71 0x21 0x22                                                                        VLDB x7, [p1], #64;                                                                                                               VMAC dm3, dm3, x8, x9,r0
.aggressive_scheduled_block_id 7
.nohwbrkpt
.noswbrkpt
	  1032    0x03 0xb3 0x12 0xe6 0x02 0x49 0x21 0x22                                                                                                                                                                  VMOV x7, bmhh4;                         VMAC dm2, dm2, x4, x9,r0
.aggressive_scheduled_block_id 7
.nohwbrkpt
.noswbrkpt
	  1040    0x01 0xea 0xb4 0x00 0x01 0x31 0x41 0x22                                                                        VLDB x10, [p1], m7;                                                                                                               VMAC dm1, dm1, x8, x10,r0
.aggressive_scheduled_block_id 7
.nohwbrkpt
.noswbrkpt
	  1048    0x04 0x04 0xf4 0x00 0x03 0x6f 0x21 0x22                                                                        VLDB x3, [p4];                                                                                                                    VMAC dm3, dm3, x7, x9,r0
.aggressive_scheduled_block_id 7
.nohwbrkpt
.noswbrkpt
	  1056    0xa2 0x8b 0x71 0x1d 0xb4 0x1d 0x00 0x04 0xc1 0x0a                                VLDA x1, [p5, #64];           VLDB x6, [p1], #64;                                                                                                               VMAC dm0, dm0, x2, x6,r0
.aggressive_scheduled_block_id 7
.nohwbrkpt
.noswbrkpt
	  1066    0x03 0x30 0x12 0xe6 0x01 0x2f 0x01 0x22                                                                                                                                                                  VMOV x6, bmll4;                         VMAC dm1, dm1, x7, x8,r0
.aggressive_scheduled_block_id 7
.nohwbrkpt
.noswbrkpt
	  1074    0x08 0x2a 0xed 0xb1 0x12 0xe6 0x00 0x09 0x41 0x0a                                                              VLDB x5, [p4, #64];                                                                       VMOV x11, bmlh4;                        VMAC dm0, dm0, x4, x10,r0
.aggressive_scheduled_block_id 7
.nohwbrkpt
.noswbrkpt
	  1084    0x03 0x6c 0xe1 0x08                                                                                                                                                                                                                              VMAC dm3, dm3, x6, x7,r0
.aggressive_scheduled_block_id 7
.nohwbrkpt
.noswbrkpt
	  1088    0x01 0x2a 0x74 0x00 0x02 0x57 0x21 0x22                                                                        VLDB x9, [p1], m1;                                                                                                                VMAC dm2, dm2, x11, x9,r0
.aggressive_scheduled_block_id 7
.nohwbrkpt
.noswbrkpt
	  1096    0x01 0x2d 0x41 0x08                                                                                                                                                                                                                              VMAC dm1, dm1, x6, x10,r0
.aggressive_scheduled_block_id 7
.nohwbrkpt
.noswbrkpt
	  1100    0x02 0x46 0xe1 0x08                                                                                                                                                                                                                              VMAC dm2, dm2, x3, x7,r0
.aggressive_scheduled_block_id 7
.nohwbrkpt
.noswbrkpt
	  1104    0x03 0x62 0xc1 0x08                                                                                                                                                                                                                              VMAC dm3, dm3, x1, x6,r0
.aggressive_scheduled_block_id 7
.nohwbrkpt
.noswbrkpt
	  1108    0x00 0x17 0x01 0x08                                                                                                                                                                                                                              VMAC dm0, dm0, x11, x8,r0
.aggressive_scheduled_block_id 7
.nohwbrkpt
.noswbrkpt
	  1112    0x02 0x4a 0xc1 0x08                                                                                                                                                                                                                              VMAC dm2, dm2, x5, x6,r0
.aggressive_scheduled_block_id 7
.nohwbrkpt
.noswbrkpt
	  1116    0x00 0x07 0x41 0x08                                                                                                                                                                                                                              VMAC dm0, dm0, x3, x10,r0
.aggressive_scheduled_block_id 7
.nohwbrkpt
.noswbrkpt
	  1120    0x03 0x23 0x21 0x08                                                                                                                                                                                                                              VMAC dm3, dm1, x1, x9,r0
.aggressive_scheduled_block_id 7
.nohwbrkpt
.noswbrkpt
	  1124    0x10 0x42 0xe0 0x18                                                                                                                                                        JNZD r1, r1, p3
.delay_slot
.aggressive_scheduled_block_id 7
.nohwbrkpt
.noswbrkpt
	  1128    0x43 0xb4 0x00 0x02 0x00 0x0b 0x21 0x22                                                                                                      VST.SRS.2x cml3, s0, srsSign0, [p2], #64;                                                           VMAC dm0, dm0, x5, x9,r0
.delay_slot
.aggressive_scheduled_block_id 7
.nohwbrkpt
.noswbrkpt
	  1136    0x0a 0x89 0xe0 0x18                                                                                                                          VST.SRS.2x cmh3, s0, srsSign0, [p2], m4
.delay_slot
.aggressive_scheduled_block_id 7
.nohwbrkpt
.noswbrkpt
	  1140    0x0a 0x1d 0x20 0x18                                                                                                                          VST.SRS.2x cml2, s0, srsSign0, [p2], #64
.delay_slot
.aggressive_scheduled_block_id 7
.nohwbrkpt
.noswbrkpt
	  1144    0x0a 0xa9 0x60 0x18                                                                                                                          VST.SRS.2x cmh2, s0, srsSign0, [p2], m5
.delay_slot
.aggressive_scheduled_block_id 7
.nohwbrkpt
.noswbrkpt
	  1148    0x0a 0x1d 0xa0 0x18                                                                                                                          VST.SRS.2x cml3, s0, srsSign0, [p2], #64
.loop_nesting 0
.aggressive_scheduled_block_id 7
.nohwbrkpt
.noswbrkpt
	  1152    0x00 0x2c 0xf0 0x00 0x22 0x89 0xe0 0x00 0x00 0x00 0x7a 0x50 0x10 0x00 0x00 0xe1  NOPA;                         NOPB;                         VST.SRS.2x cmh3, s0, srsSign0, [p2], m4;MOVXM ls, #(ZLS_Fmatmul_i8_i16_1184 + 0);                   NOPV
.aggressive_scheduled_block_id 7
.aggressive_scheduled_block_id last
.nohwbrkpt
.noswbrkpt
	  1168    0x00 0xe5 0x40 0x00 0x22 0x1c 0x20 0x00 0x00 0x01 0xba 0xe0 0x10 0x00 0x00 0xe1  MOVA lc, #7;                  NOPB;                         VST.SRS.2x cml0, s0, srsSign0, [p2], #64;MOVXM le, #(ZLE_Fmatmul_i8_i16_1472 + 0);                  NOPV
.label ZLS_Fmatmul_i8_i16_1184
.loop_nesting 1
.begin_of_loop
	  1184    0xff 0xc7 0x72 0x3d 0xea 0xa8 0x60 0x01 0xd9 0x09 0x70 0xf6                      VLDA x8, [sp, #-64];          VLDB x11, [p1], #64;          VST.SRS.2x cmh0, s0, srsSign0, [p2], m5;                    VMOV x7, bmhl4
	  1196    0x43 0x90 0x63 0xd5 0x68 0x3c                                                    VLDA.UPS.2x cml1, s0, upsSign0, [p2], #64;VLDB x10, [p1], m7
	  1202    0x02 0x1c 0xc3 0x18                                                              VLDA.UPS.2x cmh1, s0, upsSign0, [p2], #64
	  1206    0x02 0x69 0x83 0x18                                                              VLDA.UPS.2x cml3, s0, upsSign0, [p2], m3
	  1210    0x02 0x1d 0x03 0x18                                                              VLDA.UPS.2x cml2, s0, upsSign0, [p2], #64
	  1214    0x02 0x1d 0x43 0x18                                                              VLDA.UPS.2x cmh2, s0, upsSign0, [p2], #64
	  1218    0x02 0xa8 0x03 0x18                                                              VLDA.UPS.2x cml0, s0, upsSign0, [p2], m5
.aggressive_scheduled_block_id 8
.aggressive_scheduled_block_id first
	  1222    0x07 0xfa 0x7b 0x98                                                              VLDA x9, [sp, #-128]
.aggressive_scheduled_block_id 8
.noswbrkpt
	  1226    0x02 0xc8 0xc3 0x18                                                              VLDA.UPS.2x cmh1, s0, upsSign0, [p2], m6
.aggressive_scheduled_block_id 8
.nohwbrkpt
.noswbrkpt
	  1230    0xfe 0xb7 0x71 0x1e 0x34 0x1d 0x03 0x31 0x61 0x0a                                VLDA x6, [sp, #-192];         VLDB x8, [p1], #64;                                                                                                               VMAC dm3, dm1, x8, x11,r0
.aggressive_scheduled_block_id 8
.nohwbrkpt
.noswbrkpt
	  1240    0x49 0x08 0x63 0xd5 0x68 0x3c                                                    VLDA.UPS.2x cmh0, s0, upsSign0, [p2], m2;VLDB x10, [p1], m7
.aggressive_scheduled_block_id 8
.nohwbrkpt
.noswbrkpt
	  1246    0x07 0xea 0x7b 0x98                                                              VLDA x9, [sp, #-384]
.aggressive_scheduled_block_id 8
.nohwbrkpt
.noswbrkpt
	  1250    0x39 0x1d 0xf4 0x18                                                                                            VLDB x7, [p1], #64
.aggressive_scheduled_block_id 8
.nohwbrkpt
.noswbrkpt
	  1254    0xfd 0xc7 0x7b 0x62 0x25 0xd4                                                    VLDA x8, [sp, #-320];                                                                                                   VMOV x11, bmlh4
.aggressive_scheduled_block_id 8
.nohwbrkpt
.noswbrkpt
	  1260    0xfe 0x57 0x73 0xd4 0xe8 0x8c 0x8a 0xe2 0x02 0x53 0x61 0x26                      VLDA x10, [sp, #-256];        VLDB x9, [p1], m7;                                                                        VMOV cmh0, cml3;                        VMAC dm2, dm2, x9, x11,r0
.aggressive_scheduled_block_id 8
.nohwbrkpt
.noswbrkpt
	  1272    0x01 0x31 0x41 0x08                                                                                                                                                                                                                              VMAC dm1, dm1, x8, x10,r0
.aggressive_scheduled_block_id 8
.nohwbrkpt
.noswbrkpt
	  1276    0x02 0x3c 0xe9 0x02 0x8a 0xe6 0x00 0x13 0x41 0x0a                                                              VLDB x9, [p1], #64;                                                                       VMOV cml1, cmh0;                        VMAC dm0, dm0, x9, x10,r0
.aggressive_scheduled_block_id 8
.nohwbrkpt
.noswbrkpt
	  1286    0x01 0xe9 0xb4 0x00 0x03 0x6f 0x01 0x22                                                                        VLDB x6, [p1], m7;                                                                                                                VMAC dm3, dm3, x7, x8,r0
.aggressive_scheduled_block_id 8
.nohwbrkpt
.noswbrkpt
	  1294    0x01 0x2f 0x41 0x08                                                                                                                                                                                                                              VMAC dm1, dm1, x7, x10,r0
.aggressive_scheduled_block_id 8
.nohwbrkpt
.noswbrkpt
	  1298    0x02 0x53 0x01 0x08                                                                                                                                                                                                                              VMAC dm2, dm2, x9, x8,r0
.aggressive_scheduled_block_id 8
.nohwbrkpt
.noswbrkpt
	  1302    0x01 0x1e 0x74 0x00 0x00 0x13 0x41 0x22                                                                        VLDB x9, [p1], #64;                                                                                                               VMAC dm0, dm0, x9, x10,r0
.aggressive_scheduled_block_id 8
.nohwbrkpt
.noswbrkpt
	  1310    0x01 0xea 0xb4 0x00 0x01 0x2d 0x21 0x22                                                                        VLDB x10, [p1], m7;                                                                                                               VMAC dm1, dm1, x6, x9,r0
.aggressive_scheduled_block_id 8
.nohwbrkpt
.noswbrkpt
	  1318    0x00 0x01 0x21 0x08                                                                                                                                                                                                                              VMAC dm0, dm0, x0, x9,r0
.aggressive_scheduled_block_id 8
.nohwbrkpt
.noswbrkpt
	  1322    0x02 0x3c 0xeb 0xb3 0x12 0xe6 0x03 0x6c 0xe1 0x0a                                                              VLDB x9, [p1], #64;                                                                       VMOV x7, bmhh4;                         VMAC dm3, dm3, x6, x7,r0
.aggressive_scheduled_block_id 8
.nohwbrkpt
.noswbrkpt
	  1332    0x01 0xea 0x34 0x00 0x02 0x40 0xe1 0x22                                                                        VLDB x8, [p1], m7;                                                                                                                VMAC dm2, dm2, x0, x7,r0
.aggressive_scheduled_block_id 8
.nohwbrkpt
.noswbrkpt
	  1340    0x03 0x75 0x21 0x08                                                                                                                                                                                                                              VMAC dm3, dm3, x10, x9,r0
.aggressive_scheduled_block_id 8
.nohwbrkpt
.noswbrkpt
	  1344    0x01 0x1d 0xf4 0x00 0x02 0x45 0x21 0x22                                                                        VLDB x7, [p1], #64;                                                                                                               VMAC dm2, dm2, x2, x9,r0
.aggressive_scheduled_block_id 8
.nohwbrkpt
.noswbrkpt
	  1352    0x01 0x34 0xc1 0x08                                                                                                                                                                                                                              VMAC dm1, dm1, x10, x6,r0
.aggressive_scheduled_block_id 8
.nohwbrkpt
.noswbrkpt
	  1356    0x03 0x71 0x21 0x08                                                                                                                                                                                                                              VMAC dm3, dm3, x8, x9,r0
.aggressive_scheduled_block_id 8
.nohwbrkpt
.noswbrkpt
	  1360    0x01 0xea 0xb4 0x00 0x02 0x49 0x21 0x22                                                                        VLDB x10, [p1], m7;                                                                                                               VMAC dm2, dm2, x4, x9,r0
.aggressive_scheduled_block_id 8
.nohwbrkpt
.noswbrkpt
	  1368    0x01 0x1d 0xb4 0x00 0x01 0x31 0x41 0x22                                                                        VLDB x6, [p1], #64;                                                                                                               VMAC dm1, dm1, x8, x10,r0
.aggressive_scheduled_block_id 8
.nohwbrkpt
.noswbrkpt
	  1376    0x01 0x2a 0x74 0x00 0x03 0x6f 0x21 0x22                                                                        VLDB x9, [p1], m1;                                                                                                                VMAC dm3, dm3, x7, x9,r0
.aggressive_scheduled_block_id 8
.nohwbrkpt
.noswbrkpt
	  1384    0x03 0x30 0x12 0xe6 0x01 0x2f 0x01 0x22                                                                                                                                                                  VMOV x6, bmll4;                         VMAC dm1, dm1, x7, x8,r0
.aggressive_scheduled_block_id 8
.nohwbrkpt
.noswbrkpt
	  1392    0x00 0x04 0xc1 0x08                                                                                                                                                                                                                              VMAC dm0, dm0, x2, x6,r0
.aggressive_scheduled_block_id 8
.nohwbrkpt
.noswbrkpt
	  1396    0x03 0x6c 0xe1 0x08                                                                                                                                                                                                                              VMAC dm3, dm3, x6, x7,r0
.aggressive_scheduled_block_id 8
.nohwbrkpt
.noswbrkpt
	  1400    0x00 0x09 0x41 0x08                                                                                                                                                                                                                              VMAC dm0, dm0, x4, x10,r0
.aggressive_scheduled_block_id 8
.nohwbrkpt
.noswbrkpt
	  1404    0x01 0x2d 0x41 0x08                                                                                                                                                                                                                              VMAC dm1, dm1, x6, x10,r0
.aggressive_scheduled_block_id 8
.aggressive_scheduled_block_id last
.nohwbrkpt
.noswbrkpt
	  1408    0x02 0x57 0x21 0x08                                                                                                                                                                                                                              VMAC dm2, dm2, x11, x9,r0
	  1412    0x03 0x62 0xc1 0x08                                                                                                                                                                                                                              VMAC dm3, dm3, x1, x6,r0
	  1416    0x02 0x46 0xe1 0x08                                                                                                                                                                                                                              VMAC dm2, dm2, x3, x7,r0
	  1420    0x00 0x17 0x01 0x08                                                                                                                                                                                                                              VMAC dm0, dm0, x11, x8,r0
.aggressive_scheduled_block_id 9
.aggressive_scheduled_block_id first
	  1424    0x02 0x4a 0xc1 0x08                                                                                                                                                                                                                              VMAC dm2, dm2, x5, x6,r0
.aggressive_scheduled_block_id 9
.noswbrkpt
	  1428    0x03 0x23 0x21 0x08                                                                                                                                                                                                                              VMAC dm3, dm1, x1, x9,r0
.aggressive_scheduled_block_id 9
.nohwbrkpt
.noswbrkpt
	  1432    0x00 0x07 0x41 0x08                                                                                                                                                                                                                              VMAC dm0, dm0, x3, x10,r0
.aggressive_scheduled_block_id 9
.nohwbrkpt
.noswbrkpt
	  1436    0x0a 0x1d 0xa0 0x18                                                                                                                          VST.SRS.2x cml3, s0, srsSign0, [p2], #64
.aggressive_scheduled_block_id 9
.aggressive_scheduled_block_id last
.nohwbrkpt
.noswbrkpt
	  1440    0x51 0x3c 0x00 0x02 0x00 0x0b 0x21 0x22                                                                                                      VST.SRS.2x cmh3, s0, srsSign0, [p2], m4;                                                            VMAC dm0, dm0, x5, x9,r0
	  1448    0x00 0x00                                                                        NOPX
	  1450    0x0a 0x1d 0x20 0x18                                                                                                                          VST.SRS.2x cml2, s0, srsSign0, [p2], #64
	  1454    0x0a 0xa9 0x60 0x18                                                                                                                          VST.SRS.2x cmh2, s0, srsSign0, [p2], m5
	  1458    0x0a 0x1d 0xa0 0x18                                                                                                                          VST.SRS.2x cml3, s0, srsSign0, [p2], #64
	  1462    0x00 0x2c 0xf2 0x89 0xe0 0x00 0x00 0x00 0x00 0x7a                                NOPA;                                                       VST.SRS.2x cmh3, s0, srsSign0, [p2], m4;NOPX
.label ZLE_Fmatmul_i8_i16_1472
.end_of_loop
	  1472    0x00 0x2c 0xf0 0x00 0x22 0x1c 0x20 0x00 0x00 0x00 0x01 0xa5 0x78 0x00 0x00 0xe1  NOPA;                         NOPB;                         VST.SRS.2x cml0, s0, srsSign0, [p2], #64;NOPX;              NOPM;                                   NOPV
.loop_nesting 0
	  1488    0x10 0x28 0x00 0x18                                                                                                                                                        RET lr
.delay_slot
	  1492    0x55 0x0c 0x00 0x3f 0xf4 0x00 0x00 0x00 0x71 0x3a                                                                                            VST.SRS.2x cmh0, s0, srsSign0, [p2], m5;PADDXM [sp], #-384
.delay_slot
	  1502    0x59 0x72 0x04 0x20 0x00 0x1c                                                                                  PADDB [p2], m6;                                             EVENT #1
.delay_slot
.swstall delay_slot
	  1508    0x00 0x00                                                                        NOPX
.delay_slot
	  1510    0x1f 0x08 0x00 0xb8                                                                                                                                                                                      MOV m7, #-1024
.label matmul_i8_i16__end last
.delay_slot
	  1514    0x01 0x0c 0xf3 0xd7 0x20 0x3c                                                    PADDA [p0], m0;               PADDB [p1], m7

.undef global data _ZN12me_primitive11control_satE

.undef global data _ZN12me_primitive11control_rndE

.text_segment_name
.text global 10 matmul_scalar_i8_i16
.function_start
	     0    0x0f 0xe2 0x00 0x00 0x80 0x00 0x00 0x80 0x58 0xba                                MOVA r2, #127;                                                                            EVENT #0;                     MOV m0, #128
	    10    0x00 0x00 0x01 0xe1 0x20 0x44                                                                                                                                              MOVXM ls, #(ZLS_Fmatmul_scalar_i8_i16_144 + 0)
	    16    0x00 0x00 0x06 0xe1 0x60 0x44                                                                                                                                              MOVXM le, #(ZLE_Fmatmul_scalar_i8_i16_176 + 0)
	    22    0xff 0xff 0xe2 0x00 0x02 0x44                                                                                                                                              MOVXM m1, #-8191
	    28    0x00 0x00 0x06 0xc0 0x80 0x44                                                                                                                                              MOVXM p3, #(TGT_Fmatmul_scalar_i8_i16_64 + 0)
	    34    0x00 0x2c 0xf0 0x00 0x20 0x00 0x00 0x46 0x03 0x02 0x00 0x2b 0x60 0x7e            NOPA;                         NOPB;                         NOPS;                         MOVXM p4, #(TGT_Fmatmul_scalar_i8_i16_48 + 0)
.label TGT_Fmatmul_scalar_i8_i16_48
.loop_nesting 1
	    48    0x00 0x2c 0xf0 0x00 0x20 0x01 0x5b 0x02 0x37 0xe8 0x01 0xa5 0x78 0x00 0x00 0xe1  NOPA;                         NOPB;                         NOPS;                         MOVX r3, #127;                NOPM;                                   NOPV
.label TGT_Fmatmul_scalar_i8_i16_64
.loop_nesting 2
	    64    0x21 0x18 0x50 0x00 0x0f 0xa8 0x88 0x00 0x58 0xba                                LDA.s8 r6, [p1], m0;                                                                      MOVX lc, #61;                 MOV r4, #0
.aggressive_scheduled_block_id 1
.aggressive_scheduled_block_id first
	    74    0x00 0x1c 0xe2 0x98                                                              LDA.s8 r7, [p0], #1
.aggressive_scheduled_block_id 1
.noswbrkpt
	    78    0x01 0x08 0xc2 0x98                                                              LDA.s8 r6, [p1], m0
.aggressive_scheduled_block_id 1
.nohwbrkpt
.noswbrkpt
	    82    0x00 0x00                                                                        NOPX
.aggressive_scheduled_block_id 1
.nohwbrkpt
.noswbrkpt
	    84    0x03 0x9c 0x50 0x00 0x20 0x00 0x00 0x00 0x00 0xad 0x81 0x36                      LDA.s8 r7, [p0], #1;          NOPB;                         NOPS;                         NOPX
.aggressive_scheduled_block_id 1
.nohwbrkpt
.noswbrkpt
	    96    0x21 0x18 0x50 0x00 0x20 0x01 0x5b 0x00 0x00 0x00 0x01 0xa5 0x78 0x00 0x00 0xe1  LDA.s8 r6, [p1], m0;          NOPB;                         NOPS;                         NOPX;                         NOPM;                                   NOPV
.aggressive_scheduled_block_id 1
.nohwbrkpt
.noswbrkpt
	   112    0x00 0x2c 0xf0 0x00 0x20 0x01 0x5b 0x00 0x00 0x00 0x01 0xa5 0x78 0x00 0x00 0xe1  NOPA;                         NOPB;                         NOPS;                         NOPX;                         NOPM;                                   NOPV
.aggressive_scheduled_block_id 1
.nohwbrkpt
.noswbrkpt
	   128    0x03 0x9c 0x50 0x00 0x20 0x01 0x5b 0x00 0x00 0x00 0x01 0xa5 0x78 0x00 0x00 0xe1  LDA.s8 r7, [p0], #1;          NOPB;                         NOPS;                         NOPX;                         NOPM;                                   NOPV
.label ZLS_Fmatmul_scalar_i8_i16_144
.loop_nesting 3
.begin_of_loop
.aggressive_scheduled_block_id 1
.nohwbrkpt
.noswbrkpt
	   144    0x21 0x18 0x50 0x00 0x20 0x01 0x5b 0x0e 0x43 0x30 0x01 0xa5 0x78 0x00 0x00 0xe1  LDA.s8 r6, [p1], m0;          NOPB;                         NOPS;                         MAC r4, r4, r7, r6;           NOPM;                                   NOPV
.aggressive_scheduled_block_id 1
.nohwbrkpt
.noswbrkpt
	   160    0x00 0x2c 0xf0 0x00 0x20 0x01 0x5b 0x00 0x00 0x00 0x01 0xa5 0x78 0x00 0x00 0xe1  NOPA;                         NOPB;                         NOPS;                         NOPX;                         NOPM;                                   NOPV
.label ZLE_Fmatmul_scalar_i8_i16_176
.end_of_loop
.aggressive_scheduled_block_id 1
.nohwbrkpt
.noswbrkpt
	   176    0x03 0x9c 0x50 0x00 0x20 0x01 0x5b 0x00 0x00 0x00 0x01 0xa5 0x78 0x00 0x00 0xe1  LDA.s8 r7, [p0], #1;          NOPB;                         NOPS;                         NOPX;                         NOPM;                                   NOPV
.loop_nesting 2
.aggressive_scheduled_block_id 1
.nohwbrkpt
.noswbrkpt
	   192    0x40 0x97 0x52 0x57 0x21 0xc8 0x66 0x12                                          LDA.u16 r5, [p2];             PADDB [p1], m1;                                             MAC r4, r4, r7, r6
.aggressive_scheduled_block_id 1
.nohwbrkpt
.noswbrkpt
	   200    0x00 0x00                                                                        NOPX
.aggressive_scheduled_block_id 1
.nohwbrkpt
.noswbrkpt
	   202    0x00 0x00                                                                        NOPX
.aggressive_scheduled_block_id 1
.nohwbrkpt
.noswbrkpt
	   204    0x43 0x92 0xe3 0x90 0xcc 0x2c                                                    ST.s16 r4, [p2], #2;                                                                      MAC r4, r4, r7, r6
.aggressive_scheduled_block_id 1
.nohwbrkpt
.noswbrkpt
	   210    0x10 0xc6 0xe0 0x18                                                                                                                                                        JNZD r3, r3, p3
.delay_slot
.aggressive_scheduled_block_id 1
.nohwbrkpt
.noswbrkpt
	   214    0x38 0xff 0x90 0x18                                                                                            PADDB [p0], #-64
.delay_slot
.aggressive_scheduled_block_id 1
.nohwbrkpt
.noswbrkpt
	   218    0x11 0xc8 0x66 0x18                                                                                                                                                        MAC r4, r4, r7, r6
.delay_slot
.swstall delay_slot
.aggressive_scheduled_block_id 1
.nohwbrkpt
.noswbrkpt
	   222    0x00 0x00                                                                        NOPX
.delay_slot
.aggressive_scheduled_block_id 1
.aggressive_scheduled_block_id last
.nohwbrkpt
.noswbrkpt
	   224    0x11 0x48 0x40 0x98                                                                                                                                                        ADD r4, r5, r4
.delay_slot
.swstall delay_slot
	   228    0x00 0x00                                                                        NOPX
.loop_nesting 1
	   230    0x3d 0xf2 0x01 0x0a 0x40 0x1c                                                                                  PADDB [p1], #-128;                                          JNZD r2, r2, p4
.delay_slot
	   236    0x38 0x1f 0x90 0x18                                                                                            PADDB [p0], #64
.delay_slot
.swstall delay_slot
	   240    0x00 0x00                                                                        NOPX
.delay_slot
.swstall delay_slot
	   242    0x00 0x00                                                                        NOPX
.delay_slot
.swstall delay_slot
	   244    0x00 0x00                                                                        NOPX
.delay_slot
.swstall delay_slot
	   246    0x00 0x00                                                                        NOPX
.loop_nesting 0
	   248    0x10 0x28 0x00 0x18                                                                                                                                                        RET lr
.delay_slot
	   252    0x12 0x10 0x00 0x18                                                                                                                                                        EVENT #1
.delay_slot
.swstall delay_slot
	   256    0x00 0x00                                                                        NOPX
.delay_slot
.swstall delay_slot
	   258    0x00 0x00                                                                        NOPX
.delay_slot
.swstall delay_slot
	   260    0x00 0x00                                                                        NOPX
.label matmul_scalar_i8_i16__end last
.delay_slot
.swstall delay_slot
	   262    0x00 0x00                                                                        NOPX

.text_segment_name
.text global 10 zero_i16
.function_start
	     0    0x18 0x10 0xc0 0xf8                                                                                                                                                                                      MOV r0, p0
	     4    0x00 0x00 0x80 0xa0 0x00 0x44                                                                                                                                              MOVXM r1, #32768
	    10    0x18 0x50 0x81 0x58                                                                                                                                                                                      ADD.NC r1, r1, r0
	    14    0x10 0x04 0x1b 0x98                                                                                                                                                        GEU r2, r0, r1
	    18    0x10 0x00 0x68 0x40 0x01 0x84                                                                                                                                              JNZ r2, #TGT_Fzero_i16_208
.delay_slot
	    24    0x10 0x10 0x00 0x18                                                                                                                                                        EVENT #0
.delay_slot
.swstall delay_slot
	    28    0x00 0x00                                                                        NOPX
.delay_slot
.swstall delay_slot
	    30    0x00 0x00                                                                        NOPX
.delay_slot
.swstall delay_slot
	    32    0x00 0x00                                                                        NOPX
.delay_slot
.swstall delay_slot
	    34    0x00 0x00                                                                        NOPX
	    36    0x00 0x18 0x00 0x00 0x00 0x00 0x78 0x60 0x10 0xba                                MOVA r24, #0;                                                                             MOVXM ls, #(ZLS_Fzero_i16_192 + 0)
	    46    0x00 0x00 0x06 0xe1 0x80 0x44                                                                                                                                              MOVXM le, #(ZLS_Fzero_i16_192 + 0)
	    52    0xff 0x40 0x00 0x02 0x20 0x0c 0x68 0x10 0x08 0xba                                MOVA r0, #-6;                                                                             SUB r2, r1, r0;               ADD.NC r3, r0, #64
	    62    0x00 0x21 0x00 0x07 0xb0 0xe4 0x48 0xbf 0xc8 0xba                                MOVA r1, #1;                                                                              LTU r27, r3, r1;              ADD.NC r2, r2, #-1
	    72    0x10 0x01 0xd0 0xc2 0xe5 0xe4                                                                                                                                              ASHL r0, r2, r0;              VBCST.16 x0, r24
	    78    0x00 0x00 0xe0 0x01 0x25 0xe4                                                                                                                                              ADD r0, r0, #1;               VMOV bmll0, x0
	    84    0x10 0x40 0x02 0x18                                                                                                                                                        SEL.EQZ r0, r1, r0, r27
	    88    0x00 0x2b 0x60 0x02 0xb8 0x10 0x70 0x02                                                                                                      NOPS;                                                       MOV lc, r0
	    96    0x00 0x2c 0xf0 0x00 0x20 0x01 0x5b 0x00 0x00 0x00 0x01 0xa5 0x78 0x00 0x00 0xe1  NOPA;                         NOPB;                         NOPS;                         NOPX;                         NOPM;                                   NOPV
	   112    0x00 0x2c 0xf0 0x00 0x20 0x01 0x5b 0x00 0x00 0x00 0x01 0xa5 0x78 0x00 0x00 0xe1  NOPA;                         NOPB;                         NOPS;                         NOPX;                         NOPM;                                   NOPV
	   128    0x00 0x2c 0xf0 0x00 0x20 0x01 0x5b 0x00 0x00 0x00 0x01 0xa5 0x78 0x00 0x00 0xe1  NOPA;                         NOPB;                         NOPS;                         NOPX;                         NOPM;                                   NOPV
	   144    0x00 0x2c 0xf0 0x00 0x20 0x01 0x5b 0x00 0x00 0x00 0x01 0xa5 0x78 0x00 0x00 0xe1  NOPA;                         NOPB;                         NOPS;                         NOPX;                         NOPM;                                   NOPV
	   160    0x00 0x2c 0xf0 0x00 0x20 0x01 0x5b 0x00 0x00 0x00 0x01 0xa5 0x78 0x00 0x00 0xe1  NOPA;                         NOPB;                         NOPS;                         NOPX;                         NOPM;                                   NOPV
	   176    0x00 0x2c 0xf0 0x00 0x20 0x01 0x5b 0x00 0x00 0x00 0x01 0xa5 0x78 0x00 0x00 0xe1  NOPA;                         NOPB;                         NOPS;                         NOPX;                         NOPM;                                   NOPV
.label ZLS_Fzero_i16_192
.loop_nesting 1
.begin_of_loop
.end_of_loop
	   192    0x00 0x2c 0xf0 0x00 0x20 0x1c 0x06 0x80 0x00 0x00 0x01 0xa5 0x78 0x00 0x00 0xe1  NOPA;                         NOPB;                         VST bmll0, [p0], #64;         NOPX;                         NOPM;                                   NOPV
.label TGT_Fzero_i16_208
.loop_nesting 0
	   208    0x10 0x28 0x00 0x18                                                                                                                                                        RET lr
.delay_slot
	   212    0x12 0x10 0x00 0x18                                                                                                                                                        EVENT #1
.delay_slot
.swstall delay_slot
	   216    0x00 0x00                                                                        NOPX
.delay_slot
.swstall delay_slot
	   218    0x00 0x00                                                                        NOPX
.delay_slot
.swstall delay_slot
	   220    0x00 0x00                                                                        NOPX
.label zero_i16__end last
.delay_slot
.swstall delay_slot
	   222    0x00 0x00                                                                        NOPX

.text_segment_name
.text global 10 zero_scalar_i16
.tail_call
.function_start
	     0    0x00 0x00 0x00 0x00 0x00 0x00 0x00 0x00 0x20 0xba                                MOVA r0, #0;                                                                              J #memset
.delay_slot
	    10    0x00 0x00 0x80 0xa0 0x00 0x44                                                                                                                                              MOVXM r1, #32768
.delay_slot
	    16    0x19 0x60 0xc0 0xf8                                                                                                                                                                                      MOV p1, p0
.delay_slot
.swstall delay_slot
	    20    0x00 0x00                                                                        NOPX
.delay_slot
.swstall delay_slot
	    22    0x00 0x00                                                                        NOPX
.label zero_scalar_i16__end last
.delay_slot
.swstall delay_slot
	    24    0x00 0x00                                                                        NOPX

.undef global text memset



.direct_eval +,-,(,)
