
// File generated by darts version V-2024.06#8be6237c82#250729, Mon Jun 29 08:53:08 2026
// Copyright 2014-2024 Synopsys, Inc. All rights reserved.
// darts -I/home/bcloud/torch2aie/toolchain/aietools/data/aie2p/lib -d -h -I/home/bcloud/torch2aie/toolchain/aietools/include -I/home/bcloud/torch2aie/toolchain/aietools/include -I/home/bcloud/torch2aie/toolchain/mlir_aie/include -I/home/bcloud/torch2aie/toolchain/mlir_aie/include/aie_kernels -I/home/bcloud/torch2aie/toolchain/aietools/data/aie2p/lib/runtime_cxx/libcxx-lite/include -I/home/bcloud/torch2aie/toolchain/aietools/data/aie2p/lib/runtime_cxx/libs/libcxx-16/include -I/home/bcloud/torch2aie/toolchain/aietools/data/aie2p/lib/runtime_cxx/libs/libcxxabi-16/include -I/home/bcloud/torch2aie/toolchain/aietools/data/aie2p/lib/runtime/include -D__AIENGINE__ -D__AIE_ARCH__=21 -D__AIEARCH__=21 -DDIM_M=32 -DDIM_K=64 -DDIM_N=128 -Di8_i16_ONLY -D__tct_tgt__=250729 -L +Ihex +nanno /home/bcloud/npu-sandbox/npu-infer/build/int8/mm_vec_32x64x128.o me

// Release: ipp V-2024.06-TGT-250729
.undef global data _ZN12me_primitive11control_satE

.undef global data _ZN12me_primitive11control_rndE

.text_segment_name
.text global 16 matmul_i8_i16
.function_start
	     0    0x00 0x20 0x00 0x00 0x00 0x01 0xb0 0x00 0x10 0xba                                MOVA r0, #1;                                                                              MOVXM p3, #_ZN12me_primitive11control_satE
	    10    0x60 0xc6 0xd0 0x00 0x00 0x01 0xb0 0x00 0x10 0xba                                LDA r17, [p3];                                                                            MOVXM p3, #_ZN12me_primitive11control_rndE
	    20    0x01 0x61 0x00 0x02 0xc6 0x00 0x88 0x60 0x78 0xba                                MOVA r1, #11;                                                                             MOVX srsSign0, #1;            MOV r4, p0
	    30    0x60 0xc0 0x50 0x00 0x80 0x00 0x4a 0x60 0x78 0xba                                LDA.s8 r16, [p3];                                                                         EVENT #0;                     MOV r2, p2
	    40    0x01 0x23 0x00 0x00 0x0c 0x00 0x00 0x00 0x70 0xba                                MOVA r3, #9;                                                                              PADDXM [sp], #384
	    50    0x00 0x07 0x00 0x00 0xe0 0x02 0x38 0x00 0x58 0xba                                MOVA r7, #0;                                                                              MOVX crUPSMode, #0;           MOV crSRSMode, #0
	    60    0x78 0x00 0x80 0x18 0x51 0x08 0x70 0x00 0x58 0xba                                MOVA m0, #960;                                                                            MOVX r5, #776;                MOV s0, #0
	    70    0xff 0xff 0xe4 0x08 0x80 0x44                                                                                                                                              MOVXM m2, #-7104
	    76    0x80 0x04 0x80 0x23 0xdc 0x00 0x1b 0xe0 0x78 0xba                                MOVA m1, #-1024;                                                                          MOVX crSat, r17;              MOV upsSign0, srsSign0
	    86    0x00 0x00 0x00 0xc0 0xc0 0x44                                                                                                                                              MOVXM p0, #(TGT_Fmatmul_i8_i16_96 + 0)
	    92    0x14 0x3a 0x80 0x18                                                                                                                                                        MOVX crRnd, r16
.label TGT_Fmatmul_i8_i16_96
.loop_nesting 1
	    96    0x00 0xe5 0x42 0x3c 0x68 0x0f 0x11 0xee 0x09 0xc0 0x48 0xb6                      MOVA lc, #7;                  VLDB x8, [p1], #64;                                         LSHL r17, r7, r3;             ADD.NC r16, r7, #1
	   108    0x02 0x14 0xe8 0x21 0x11 0xee 0x34 0x48 0xa8 0x3a                                                              VLDB x9, [p1], m0;                                          LSHL r17, r16, r3;            ADD.NC p4, r17, r4
	   118    0x83 0xca 0xb0 0x0e 0x70 0xee 0xb4 0x48 0xa8 0xba                                VLDA bmhl4, [p4], #64;                                                                    LSHL r7, r7, r1;              ADD.NC p5, r17, r4
	   128    0xa3 0x8e 0xb8 0x38 0x68 0x20 0x70 0xed 0x31 0xc4 0xa8 0xb6                      VLDA bmhh0, [p5], #64;        VLDB x0, [p4], #64;                                         LSHL r7, r16, r1;             ADD.NC p2, r7, r2
	   140    0xa3 0x8a 0xb4 0x1c 0x74 0x01 0xb1 0xc4 0xae 0xba                                VLDA bmhl0, [p5], #64;        VLDB x1, [p4], #64;                                                                       ADD.NC p3, r7, r2
	   150    0xa3 0xba 0xb8 0x39 0x68 0x00 0x00 0x00 0x79 0x00 0x10 0xb6                      VLDA bmhl3, [p5], #64;        VLDB x2, [p4], #64;                                         MOVXM ls, #(ZLS_Fmatmul_i8_i16_512 + 0)
	   162    0xa3 0xbe 0xb8 0x39 0xe8 0x00 0x00 0x01 0xb9 0xa8 0x10 0xb6                      VLDA bmhh3, [p5], #64;        VLDB x3, [p4], #64;                                         MOVXM le, #(ZLE_Fmatmul_i8_i16_848 + 0)
	   174    0xa3 0x82 0xb8 0x3a 0x68 0x3c                                                    VLDA bmll0, [p5], #64;        VLDB x4, [p4], #64
	   180    0x43 0xa0 0x6a 0x3b 0x6f 0xf6 0x73 0x32                                          VLDA.UPS.2x cml2, s0, upsSign0, [p2], #64;VLDB x6, [p5], #64;VST x9, [sp, #-192]
	   188    0x43 0xa8 0x68 0x0a 0xef 0xfe 0x56 0xb2                                          VLDA.UPS.2x cmh2, s0, upsSign0, [p2], #64;VLDB x5, [p4];    VST bmhl4, [sp, #-64]
.aggressive_scheduled_block_id 1
.aggressive_scheduled_block_id first
	   196    0xff 0xbf 0x7b 0x46 0x25 0xd4                                                    VLDA x7, [sp, #-64];                                                                                                    VMOV x11, bmhh0
.aggressive_scheduled_block_id 1
.noswbrkpt
	   202    0x63 0x90 0x62 0x3b 0xe8 0x3c                                                    VLDA.UPS.2x cml1, s0, upsSign0, [p3], #64;VLDB x7, [p1], #64
.aggressive_scheduled_block_id 1
.nohwbrkpt
.noswbrkpt
	   208    0x63 0x98 0x62 0x15 0x68 0x3c                                                    VLDA.UPS.2x cmh1, s0, upsSign0, [p3], #64;VLDB x10, [p1], m0
.aggressive_scheduled_block_id 1
.nohwbrkpt
.noswbrkpt
	   214    0x63 0xc0 0x62 0x3b 0x68 0x3c                                                    VLDA.UPS.2x cml4, s0, upsSign0, [p3], #64;VLDB x6, [p1], #64
.aggressive_scheduled_block_id 1
.nohwbrkpt
.noswbrkpt
	   220    0x03 0xde 0x43 0x18                                                              VLDA.UPS.2x cmh4, s0, upsSign0, [p3], #-192
.aggressive_scheduled_block_id 1
.nohwbrkpt
.noswbrkpt
	   224    0x0f 0xf9 0xb3 0x18                                                                                                                          VST x6, [sp, #-128]
.aggressive_scheduled_block_id 1
.nohwbrkpt
.noswbrkpt
	   228    0xff 0x3f 0x72 0x14 0xe8 0x3c                                                    VLDA x7, [sp, #-128];         VLDB x9, [p1], m0
.aggressive_scheduled_block_id 1
.nohwbrkpt
.noswbrkpt
	   234    0xa0 0xb2 0xb4 0x20 0x12 0xe2 0x2a 0x4f 0x01 0x0a                                VLDA bmll3, [p5];                                                                                                       VMOV x8, bmll0;                         VMAC dm2, dm2, x7, x8,r5
.aggressive_scheduled_block_id 1
.nohwbrkpt
.noswbrkpt
	   244    0xa2 0xb6 0xb1 0x1d 0xb4 0x1d 0x29 0x37 0x01 0x0a                                VLDA bmlh3, [p5, #64];        VLDB x6, [p1], #64;                                                                                                               VMAC dm1, dm1, x11, x8,r5
.aggressive_scheduled_block_id 1
.nohwbrkpt
.noswbrkpt
	   254    0x82 0x86 0xb2 0x14 0xef 0xf2 0xb3 0x00 0x00 0x02 0x51 0x09 0x79 0x52 0x07 0x09  VLDA bmlh0, [p4, #64];        VLDB x9, [p1], m0;            VST x10, [sp, #-256];         NOPX;                         VMOV x9, bmhl0;                         VMAC dm2, dm2, x0, x7,r5
.aggressive_scheduled_block_id 1
.nohwbrkpt
.noswbrkpt
	   270    0x2c 0x97 0x21 0x08                                                                                                                                                                                                                              VMAC dm4, dm4, x11, x9,r5
.aggressive_scheduled_block_id 1
.nohwbrkpt
.noswbrkpt
	   274    0x02 0x3c 0xed 0x2e 0x12 0xe6 0x29 0x32 0xe1 0x0a                                                              VLDB x9, [p1], #64;                                                                       VMOV x10, bmhl3;                        VMAC dm1, dm1, x9, x7,r5
.aggressive_scheduled_block_id 1
.nohwbrkpt
.noswbrkpt
	   284    0x01 0x0a 0xb4 0x00 0x2c 0x93 0x41 0x22                                                                        VLDB x10, [p1], m0;                                                                                                               VMAC dm4, dm4, x9, x10,r5
.aggressive_scheduled_block_id 1
.nohwbrkpt
.noswbrkpt
	   292    0xfd 0xce 0x60 0x02 0x2a 0x42 0xc1 0x22                                                                                                      VST x9, [sp, #-320];                                                                                VMAC dm2, dm2, x1, x6,r5
.aggressive_scheduled_block_id 1
.nohwbrkpt
.noswbrkpt
	   300    0x02 0x3c 0xed 0x2f 0x12 0xe6 0x29 0x34 0xc1 0x0a                                                              VLDB x9, [p1], #64;                                                                       VMOV x10, bmhh3;                        VMAC dm1, dm1, x10, x6,r5
.aggressive_scheduled_block_id 1
.nohwbrkpt
.noswbrkpt
	   310    0x01 0x0a 0x34 0x00 0x2c 0x95 0x21 0x22                                                                        VLDB x8, [p1], m0;                                                                                                                VMAC dm4, dm4, x10, x9,r5
.aggressive_scheduled_block_id 1
.nohwbrkpt
.noswbrkpt
	   318    0xfd 0x4e 0x60 0x02 0x2a 0x44 0xc1 0x22                                                                                                      VST x9, [sp, #-384];                                                                                VMAC dm2, dm2, x2, x6,r5
.aggressive_scheduled_block_id 1
.nohwbrkpt
.noswbrkpt
	   326    0x03 0x2c 0x12 0xe6 0x2c 0x95 0x21 0x22                                                                                                                                                                  VMOV x6, bmll3;                         VMAC dm4, dm4, x10, x9,r5
.aggressive_scheduled_block_id 1
.nohwbrkpt
.noswbrkpt
	   334    0x01 0x1d 0xf4 0x00 0x29 0x34 0xc1 0x22                                                                        VLDB x7, [p1], #64;                                                                                                               VMAC dm1, dm1, x10, x6,r5
.aggressive_scheduled_block_id 1
.nohwbrkpt
.noswbrkpt
	   342    0x01 0x0a 0xf4 0x00 0x2a 0x47 0x21 0x22                                                                        VLDB x11, [p1], m0;                                                                                                               VMAC dm2, dm2, x3, x9,r5
.aggressive_scheduled_block_id 1
.nohwbrkpt
.noswbrkpt
	   350    0x01 0x1d 0xf4 0x00 0x29 0x31 0x21 0x22                                                                        VLDB x7, [p1], #64;                                                                                                               VMAC dm1, dm1, x8, x9,r5
.aggressive_scheduled_block_id 1
.nohwbrkpt
.noswbrkpt
	   358    0x2c 0x91 0x41 0x08                                                                                                                                                                                                                              VMAC dm4, dm4, x8, x10,r5
.aggressive_scheduled_block_id 1
.nohwbrkpt
.noswbrkpt
	   362    0x04 0xad 0x12 0xe6 0x2a 0x49 0x21 0x22                                                                                                                                                                  VMOV x9, bmlh3;                         VMAC dm2, dm2, x4, x9,r5
.aggressive_scheduled_block_id 1
.nohwbrkpt
.noswbrkpt
	   370    0xff 0xbf 0x70 0x04 0x29 0x2f 0x21 0x22                                          VLDA x7, [sp, #-64];                                                                                                                                            VMAC dm1, dm1, x7, x9,r5
.aggressive_scheduled_block_id 1
.nohwbrkpt
.noswbrkpt
	   378    0x2c 0x8f 0x01 0x08                                                                                                                                                                                                                              VMAC dm4, dm4, x7, x8,r5
.aggressive_scheduled_block_id 1
.nohwbrkpt
.noswbrkpt
	   382    0x2a 0x4a 0xe1 0x08                                                                                                                                                                                                                              VMAC dm2, dm2, x5, x7,r5
.aggressive_scheduled_block_id 1
.nohwbrkpt
.noswbrkpt
	   386    0x43 0x90 0x63 0x21 0x12 0xe2 0x29 0x2c 0xe1 0x0a                                VLDA.UPS.2x cml1, s0, upsSign0, [p2], #64;                                                                              VMOV x6, bmlh0;                         VMAC dm1, dm1, x6, x7,r5
.aggressive_scheduled_block_id 1
.nohwbrkpt
.noswbrkpt
	   396    0x5b 0x98 0x60 0x04 0x2c 0x8d 0x61 0x22                                          VLDA.UPS.2x cmh1, s0, upsSign0, [p2], #-192;                                                                                                                    VMAC dm4, dm4, x6, x11,r5
.aggressive_scheduled_block_id 1
.nohwbrkpt
.noswbrkpt
	   404    0x29 0x32 0xe1 0x08                                                                                                                                                                                                                              VMAC dm1, dm1, x9, x7,r5
.aggressive_scheduled_block_id 1
.nohwbrkpt
.noswbrkpt
	   408    0x2a 0x4c 0xe1 0x08                                                                                                                                                                                                                              VMAC dm2, dm2, x6, x7,r5
.aggressive_scheduled_block_id 1
.nohwbrkpt
.noswbrkpt
	   412    0x07 0xf6 0xbb 0x98                                                              VLDA x10, [sp, #-192]
.aggressive_scheduled_block_id 1
.nohwbrkpt
.noswbrkpt
	   416    0x07 0xf1 0xfb 0x98                                                              VLDA x7, [sp, #-256]
.aggressive_scheduled_block_id 1
.nohwbrkpt
.noswbrkpt
	   420    0x07 0xee 0xbb 0x98                                                              VLDA x10, [sp, #-320]
.aggressive_scheduled_block_id 1
.nohwbrkpt
.noswbrkpt
	   424    0x07 0xe9 0xfb 0x98                                                              VLDA x7, [sp, #-384]
.aggressive_scheduled_block_id 1
.nohwbrkpt
.noswbrkpt
	   428    0x0b 0x1c 0xa0 0x18                                                                                                                          VST.SRS.2x cml1, s0, srsSign0, [p3], #64
.aggressive_scheduled_block_id 1
.nohwbrkpt
.noswbrkpt
	   432    0x29 0x56 0x86 0x39 0xc0 0x4c                                                                                  VLDB x10, [p1], m2;           VST.SRS.2x cmh1, s0, srsSign0, [p3], #64
.aggressive_scheduled_block_id 1
.nohwbrkpt
.noswbrkpt
	   438    0x43 0xa4 0x00 0x01 0x4a 0x49 0x70 0x02                                                                                                      VST.SRS.2x cml2, s0, srsSign0, [p2], #64;                   VMOV bmhl2, x10
.aggressive_scheduled_block_id 1
.nohwbrkpt
.noswbrkpt
	   446    0x43 0xac 0x00 0x02 0x29 0x2f 0x41 0x22                                                                                                      VST.SRS.2x cmh2, s0, srsSign0, [p2], #64;                                                           VMAC dm1, dm1, x7, x10,r5
.aggressive_scheduled_block_id 1
.nohwbrkpt
.noswbrkpt
	   454    0x00 0x00                                                                        NOPX
.aggressive_scheduled_block_id 1
.nohwbrkpt
.noswbrkpt
	   456    0x29 0x20 0xe1 0x08                                                                                                                                                                                                                              VMAC dm1, dm1, x0, x7,r5
.aggressive_scheduled_block_id 1
.nohwbrkpt
.noswbrkpt
	   460    0x00 0x00                                                                        NOPX
.aggressive_scheduled_block_id 1
.nohwbrkpt
.noswbrkpt
	   462    0x29 0x23 0x41 0x08                                                                                                                                                                                                                              VMAC dm1, dm1, x1, x10,r5
.aggressive_scheduled_block_id 1
.noswbrkpt
	   466    0x03 0xaa 0x12 0xe6 0x2a 0x93 0x41 0x22                                                                                                                                                                  VMOV x7, bmhl2;                         VMAC dm2, dm4, x9, x10,r5
.aggressive_scheduled_block_id 1
.aggressive_scheduled_block_id last
.nohwbrkpt
.noswbrkpt
	   474    0x29 0x24 0xe1 0x08                                                                                                                                                                                                                              VMAC dm1, dm1, x2, x7,r5
	   478    0x00 0x00                                                                        NOPX
	   480    0x29 0x26 0xe1 0x08                                                                                                                                                                                                                              VMAC dm1, dm1, x3, x7,r5
	   484    0x00 0x00                                                                        NOPX
	   486    0x29 0x29 0x01 0x08                                                                                                                                                                                                                              VMAC dm1, dm1, x4, x8,r5
	   490    0x0b 0x1d 0x20 0x18                                                                                                                          VST.SRS.2x cml2, s0, srsSign0, [p3], #64
	   494    0x63 0xac 0x00 0x02 0x29 0x2b 0x61 0x22                                                                                                      VST.SRS.2x cmh2, s0, srsSign0, [p3], #64;                                                           VMAC dm1, dm1, x5, x11,r5
	   502    0x00 0x2c 0xf0 0x00 0x10 0x00 0x01 0xa5 0x7e 0xba                                NOPA;                         NOPB;                                                                                     NOPM
.label ZLS_Fmatmul_i8_i16_512
.loop_nesting 2
.begin_of_loop
	   512    0xff 0xbf 0x72 0x3c 0x6d 0xa3 0x12 0xe2 0x29 0x2d 0x41 0x26                      VLDA x7, [sp, #-64];          VLDB x8, [p1], #64;                                                                       VMOV x11, bmhh0;                        VMAC dm1, dm1, x6, x10,r5
.aggressive_scheduled_block_id 2
.aggressive_scheduled_block_id first
	   524    0x39 0x0a 0x74 0x18                                                                                            VLDB x9, [p1], m0
.aggressive_scheduled_block_id 2
.noswbrkpt
	   528    0x03 0x1c 0x83 0x18                                                              VLDA.UPS.2x cml1, s0, upsSign0, [p3], #64
.aggressive_scheduled_block_id 2
.nohwbrkpt
.noswbrkpt
	   532    0x03 0x1c 0xc3 0x18                                                              VLDA.UPS.2x cmh1, s0, upsSign0, [p3], #64
.aggressive_scheduled_block_id 2
.nohwbrkpt
.noswbrkpt
	   536    0x03 0x1e 0x03 0x18                                                              VLDA.UPS.2x cml4, s0, upsSign0, [p3], #64
.aggressive_scheduled_block_id 2
.nohwbrkpt
.noswbrkpt
	   540    0x03 0xde 0x43 0x18                                                              VLDA.UPS.2x cmh4, s0, upsSign0, [p3], #-192
.aggressive_scheduled_block_id 2
.nohwbrkpt
.noswbrkpt
	   544    0x0a 0x1c 0xa0 0x18                                                                                                                          VST.SRS.2x cml1, s0, srsSign0, [p2], #64
.aggressive_scheduled_block_id 2
.aggressive_scheduled_block_id last
.nohwbrkpt
.noswbrkpt
	   548    0x0a 0x1c 0xe0 0x18                                                                                                                          VST.SRS.2x cmh1, s0, srsSign0, [p2], #64
	   552    0x00 0x00                                                                        NOPX
.aggressive_scheduled_block_id 3
.aggressive_scheduled_block_id first
	   554    0x29 0x37 0x01 0x08                                                                                                                                                                                                                              VMAC dm1, dm1, x11, x8,r5
.aggressive_scheduled_block_id 3
.noswbrkpt
	   558    0x43 0xa0 0x67 0xf6 0x73 0x02 0x51 0x09 0x72 0xba                                VLDA.UPS.2x cml2, s0, upsSign0, [p2], #64;                  VST x9, [sp, #-192];                                        VMOV x9, bmhl0
.aggressive_scheduled_block_id 3
.nohwbrkpt
.noswbrkpt
	   568    0x43 0xa8 0x61 0x1d 0xf4 0x1d 0x2c 0x97 0x21 0x0a                                VLDA.UPS.2x cmh2, s0, upsSign0, [p2], #64;VLDB x7, [p1], #64;                                                                                                   VMAC dm4, dm4, x11, x9,r5
.aggressive_scheduled_block_id 3
.nohwbrkpt
.noswbrkpt
	   578    0x39 0x0a 0xb4 0x18                                                                                            VLDB x10, [p1], m0
.aggressive_scheduled_block_id 3
.nohwbrkpt
.noswbrkpt
	   582    0x39 0x1d 0xb4 0x18                                                                                            VLDB x6, [p1], #64
.aggressive_scheduled_block_id 3
.nohwbrkpt
.noswbrkpt
	   586    0xff 0x3f 0x72 0x14 0xe8 0x3c                                                    VLDA x7, [sp, #-128];         VLDB x9, [p1], m0
.aggressive_scheduled_block_id 3
.nohwbrkpt
.noswbrkpt
	   592    0x00 0x00                                                                        NOPX
.aggressive_scheduled_block_id 3
.nohwbrkpt
.noswbrkpt
	   594    0x23 0xb6 0x88 0x40 0x25 0xf4                                                                                  VLDB x6, [p1], #64;                                                                       VMOV x8, bmll0
.aggressive_scheduled_block_id 3
.nohwbrkpt
.noswbrkpt
	   600    0x01 0x0a 0x74 0x00 0x2a 0x4f 0x01 0x22                                                                        VLDB x9, [p1], m0;                                                                                                                VMAC dm2, dm2, x7, x8,r5
.aggressive_scheduled_block_id 3
.nohwbrkpt
.noswbrkpt
	   608    0x05 0x2e 0x12 0xe6 0x29 0x32 0xe1 0x22                                                                                                                                                                  VMOV x10, bmhl3;                        VMAC dm1, dm1, x9, x7,r5
.aggressive_scheduled_block_id 3
.nohwbrkpt
.noswbrkpt
	   616    0xfe 0x56 0x61 0x1e 0x74 0x01 0x2c 0x93 0x41 0x0a                                                              VLDB x9, [p1], #64;           VST x10, [sp, #-256];                                                                               VMAC dm4, dm4, x9, x10,r5
.aggressive_scheduled_block_id 3
.nohwbrkpt
.noswbrkpt
	   626    0x01 0x0a 0xb4 0x00 0x2a 0x40 0xe1 0x22                                                                        VLDB x10, [p1], m0;                                                                                                               VMAC dm2, dm2, x0, x7,r5
.aggressive_scheduled_block_id 3
.nohwbrkpt
.noswbrkpt
	   634    0xfd 0xce 0x60 0x02 0x29 0x34 0xc1 0x22                                                                                                      VST x9, [sp, #-320];                                                                                VMAC dm1, dm1, x10, x6,r5
.aggressive_scheduled_block_id 3
.nohwbrkpt
.noswbrkpt
	   642    0x02 0x3c 0xed 0x2f 0x12 0xe6 0x2a 0x42 0xc1 0x0a                                                              VLDB x9, [p1], #64;                                                                       VMOV x10, bmhh3;                        VMAC dm2, dm2, x1, x6,r5
.aggressive_scheduled_block_id 3
.nohwbrkpt
.noswbrkpt
	   652    0x01 0x0a 0x34 0x00 0x2c 0x95 0x21 0x22                                                                        VLDB x8, [p1], m0;                                                                                                                VMAC dm4, dm4, x10, x9,r5
.aggressive_scheduled_block_id 3
.nohwbrkpt
.noswbrkpt
	   660    0xfd 0x4e 0x60 0x02 0x29 0x34 0xc1 0x22                                                                                                      VST x9, [sp, #-384];                                                                                VMAC dm1, dm1, x10, x6,r5
.aggressive_scheduled_block_id 3
.nohwbrkpt
.noswbrkpt
	   668    0x02 0x3b 0xeb 0x2c 0x12 0xe6 0x2c 0x95 0x21 0x0a                                                              VLDB x7, [p1], #64;                                                                       VMOV x6, bmll3;                         VMAC dm4, dm4, x10, x9,r5
.aggressive_scheduled_block_id 3
.nohwbrkpt
.noswbrkpt
	   678    0x01 0x0a 0xf4 0x00 0x2a 0x44 0xc1 0x22                                                                        VLDB x11, [p1], m0;                                                                                                               VMAC dm2, dm2, x2, x6,r5
.aggressive_scheduled_block_id 3
.nohwbrkpt
.noswbrkpt
	   686    0x29 0x31 0x21 0x08                                                                                                                                                                                                                              VMAC dm1, dm1, x8, x9,r5
.aggressive_scheduled_block_id 3
.nohwbrkpt
.noswbrkpt
	   690    0x01 0x1d 0xf4 0x00 0x2a 0x47 0x21 0x22                                                                        VLDB x7, [p1], #64;                                                                                                               VMAC dm2, dm2, x3, x9,r5
.aggressive_scheduled_block_id 3
.nohwbrkpt
.noswbrkpt
	   698    0x2c 0x91 0x41 0x08                                                                                                                                                                                                                              VMAC dm4, dm4, x8, x10,r5
.aggressive_scheduled_block_id 3
.nohwbrkpt
.noswbrkpt
	   702    0x29 0x2f 0x21 0x08                                                                                                                                                                                                                              VMAC dm1, dm1, x7, x9,r5
.aggressive_scheduled_block_id 3
.nohwbrkpt
.noswbrkpt
	   706    0xff 0xbf 0x74 0xad 0x12 0xe2 0x2c 0x8f 0x01 0x0a                                VLDA x7, [sp, #-64];                                                                                                    VMOV x9, bmlh3;                         VMAC dm4, dm4, x7, x8,r5
.aggressive_scheduled_block_id 3
.nohwbrkpt
.noswbrkpt
	   716    0x2a 0x49 0x21 0x08                                                                                                                                                                                                                              VMAC dm2, dm2, x4, x9,r5
.aggressive_scheduled_block_id 3
.nohwbrkpt
.noswbrkpt
	   720    0x43 0x90 0x60 0x04 0x29 0x2c 0xe1 0x22                                          VLDA.UPS.2x cml1, s0, upsSign0, [p2], #64;                                                                                                                      VMAC dm1, dm1, x6, x7,r5
.aggressive_scheduled_block_id 3
.nohwbrkpt
.noswbrkpt
	   728    0x5b 0x98 0x60 0x04 0x2a 0x4a 0xe1 0x22                                          VLDA.UPS.2x cmh1, s0, upsSign0, [p2], #-192;                                                                                                                    VMAC dm2, dm2, x5, x7,r5
.aggressive_scheduled_block_id 3
.nohwbrkpt
.noswbrkpt
	   736    0x03 0x21 0x12 0xe6 0x29 0x32 0xe1 0x22                                                                                                                                                                  VMOV x6, bmlh0;                         VMAC dm1, dm1, x9, x7,r5
.aggressive_scheduled_block_id 3
.nohwbrkpt
.noswbrkpt
	   744    0x2c 0x8d 0x61 0x08                                                                                                                                                                                                                              VMAC dm4, dm4, x6, x11,r5
.aggressive_scheduled_block_id 3
.nohwbrkpt
.noswbrkpt
	   748    0xfe 0xd7 0x70 0x04 0x2a 0x4c 0xe1 0x22                                          VLDA x10, [sp, #-192];                                                                                                                                          VMAC dm2, dm2, x6, x7,r5
.aggressive_scheduled_block_id 3
.nohwbrkpt
.noswbrkpt
	   756    0x07 0xf1 0xfb 0x98                                                              VLDA x7, [sp, #-256]
.aggressive_scheduled_block_id 3
.nohwbrkpt
.noswbrkpt
	   760    0x07 0xee 0xbb 0x98                                                              VLDA x10, [sp, #-320]
.aggressive_scheduled_block_id 3
.nohwbrkpt
.noswbrkpt
	   764    0x07 0xe9 0xfb 0x98                                                              VLDA x7, [sp, #-384]
.aggressive_scheduled_block_id 3
.nohwbrkpt
.noswbrkpt
	   768    0x0b 0x1c 0xa0 0x18                                                                                                                          VST.SRS.2x cml1, s0, srsSign0, [p3], #64
.aggressive_scheduled_block_id 3
.nohwbrkpt
.noswbrkpt
	   772    0x29 0x56 0x86 0x39 0xc0 0x4c                                                                                  VLDB x10, [p1], m2;           VST.SRS.2x cmh1, s0, srsSign0, [p3], #64
.aggressive_scheduled_block_id 3
.nohwbrkpt
.noswbrkpt
	   778    0x43 0xa4 0x00 0x01 0x4a 0x49 0x70 0x02                                                                                                      VST.SRS.2x cml2, s0, srsSign0, [p2], #64;                   VMOV bmhl2, x10
.aggressive_scheduled_block_id 3
.nohwbrkpt
.noswbrkpt
	   786    0x43 0xac 0x00 0x02 0x29 0x2f 0x41 0x22                                                                                                      VST.SRS.2x cmh2, s0, srsSign0, [p2], #64;                                                           VMAC dm1, dm1, x7, x10,r5
.aggressive_scheduled_block_id 3
.nohwbrkpt
.noswbrkpt
	   794    0x00 0x00                                                                        NOPX
.aggressive_scheduled_block_id 3
.nohwbrkpt
.noswbrkpt
	   796    0x29 0x20 0xe1 0x08                                                                                                                                                                                                                              VMAC dm1, dm1, x0, x7,r5
.aggressive_scheduled_block_id 3
.nohwbrkpt
.noswbrkpt
	   800    0x00 0x00                                                                        NOPX
.aggressive_scheduled_block_id 3
.nohwbrkpt
.noswbrkpt
	   802    0x29 0x23 0x41 0x08                                                                                                                                                                                                                              VMAC dm1, dm1, x1, x10,r5
.aggressive_scheduled_block_id 3
.noswbrkpt
	   806    0x03 0xaa 0x12 0xe6 0x2a 0x93 0x41 0x22                                                                                                                                                                  VMOV x7, bmhl2;                         VMAC dm2, dm4, x9, x10,r5
.aggressive_scheduled_block_id 3
.aggressive_scheduled_block_id last
.nohwbrkpt
.noswbrkpt
	   814    0x29 0x24 0xe1 0x08                                                                                                                                                                                                                              VMAC dm1, dm1, x2, x7,r5
	   818    0x00 0x00                                                                        NOPX
	   820    0x29 0x26 0xe1 0x08                                                                                                                                                                                                                              VMAC dm1, dm1, x3, x7,r5
	   824    0x00 0x00                                                                        NOPX
	   826    0x29 0x29 0x01 0x08                                                                                                                                                                                                                              VMAC dm1, dm1, x4, x8,r5
	   830    0x0b 0x1d 0x20 0x18                                                                                                                          VST.SRS.2x cml2, s0, srsSign0, [p3], #64
	   834    0x00 0x2c 0xf6 0x3a 0xc0 0x00 0x00 0x40 0x1a 0x57 0x29 0x2b 0x61 0x2e            NOPA;                                                       VST.SRS.2x cmh2, s0, srsSign0, [p3], #64;                   NOPM;                                   VMAC dm1, dm1, x5, x11,r5
.label ZLE_Fmatmul_i8_i16_848
.end_of_loop
	   848    0x00 0x2c 0xf0 0x00 0x20 0x01 0x5b 0x00 0x00 0x00 0x01 0xa5 0x78 0x00 0x00 0xe1  NOPA;                         NOPB;                         NOPS;                         NOPX;                         NOPM;                                   NOPV
.loop_nesting 1
	   864    0x02 0x57 0x20 0x00 0x70 0x4a 0x29 0x2d 0x41 0x2a                                                              PADDB [p1], m1;                                             MOVX r7, #2;                                                          VMAC dm1, dm1, x6, x10,r5
	   874    0x00 0x00                                                                        NOPX
	   876    0x10 0x00 0x20 0x18                                                                                                                                                        JNZD r0, r0, p0
.delay_slot
.swstall delay_slot
	   880    0x00 0x00                                                                        NOPX
.delay_slot
.swstall delay_slot
	   882    0x00 0x00                                                                        NOPX
.delay_slot
.swstall delay_slot
	   884    0x00 0x00                                                                        NOPX
.delay_slot
	   886    0x0a 0x1c 0xa0 0x18                                                                                                                          VST.SRS.2x cml1, s0, srsSign0, [p2], #64
.delay_slot
	   890    0x0a 0x1c 0xe0 0x18                                                                                                                          VST.SRS.2x cmh1, s0, srsSign0, [p2], #64
.loop_nesting 0
	   894    0x10 0x28 0x00 0x18                                                                                                                                                        RET lr
.delay_slot
	   898    0xff 0xd0 0x00 0x00 0x01 0xc4                                                                                                                                              PADDXM [sp], #-384
.delay_slot
	   904    0x12 0x10 0x00 0x18                                                                                                                                                        EVENT #1
.delay_slot
.swstall delay_slot
	   908    0x00 0x00                                                                        NOPX
.delay_slot
.swstall delay_slot
	   910    0x00 0x00                                                                        NOPX
.label matmul_i8_i16__end last
.delay_slot
.swstall delay_slot
	   912    0x00 0x00                                                                        NOPX

.undef global data _ZN12me_primitive11control_satE

.undef global data _ZN12me_primitive11control_rndE

.text_segment_name
.text global 10 matmul_scalar_i8_i16
.function_start
	     0    0x10 0x00 0x80 0x00 0x80 0x00 0x28 0x1f 0x58 0xba                                MOVA m0, #128;                                                                            EVENT #0;                     MOV r1, #31
	    10    0x00 0x00 0x01 0xe1 0x20 0x44                                                                                                                                              MOVXM ls, #(ZLS_Fmatmul_scalar_i8_i16_144 + 0)
	    16    0x00 0x00 0x06 0xe1 0x60 0x44                                                                                                                                              MOVXM le, #(ZLE_Fmatmul_scalar_i8_i16_176 + 0)
	    22    0xff 0xff 0xe2 0x00 0x02 0x44                                                                                                                                              MOVXM m1, #-8191
	    28    0x00 0x00 0x06 0xc0 0x80 0x44                                                                                                                                              MOVXM p3, #(TGT_Fmatmul_scalar_i8_i16_64 + 0)
	    34    0x00 0x2c 0xf0 0x00 0x20 0x00 0x00 0x46 0x03 0x02 0x00 0x2b 0x60 0x7e            NOPA;                         NOPB;                         NOPS;                         MOVXM p4, #(TGT_Fmatmul_scalar_i8_i16_48 + 0)
.label TGT_Fmatmul_scalar_i8_i16_48
.loop_nesting 1
	    48    0x00 0x2c 0xf0 0x00 0x20 0x01 0x5b 0x02 0x37 0xe8 0x01 0xa5 0x78 0x00 0x00 0xe1  NOPA;                         NOPB;                         NOPS;                         MOVX r3, #127;                NOPM;                                   NOPV
.label TGT_Fmatmul_scalar_i8_i16_64
.loop_nesting 2
	    64    0x21 0x18 0x50 0x00 0x0f 0xa8 0x88 0x00 0x58 0xba                                LDA.s8 r6, [p1], m0;                                                                      MOVX lc, #61;                 MOV r4, #0
.aggressive_scheduled_block_id 1
.aggressive_scheduled_block_id first
	    74    0x00 0x1c 0xe2 0x98                                                              LDA.s8 r7, [p0], #1
.aggressive_scheduled_block_id 1
.noswbrkpt
	    78    0x01 0x08 0xc2 0x98                                                              LDA.s8 r6, [p1], m0
.aggressive_scheduled_block_id 1
.nohwbrkpt
.noswbrkpt
	    82    0x00 0x00                                                                        NOPX
.aggressive_scheduled_block_id 1
.nohwbrkpt
.noswbrkpt
	    84    0x03 0x9c 0x50 0x00 0x20 0x00 0x00 0x00 0x00 0xad 0x81 0x36                      LDA.s8 r7, [p0], #1;          NOPB;                         NOPS;                         NOPX
.aggressive_scheduled_block_id 1
.nohwbrkpt
.noswbrkpt
	    96    0x21 0x18 0x50 0x00 0x20 0x01 0x5b 0x00 0x00 0x00 0x01 0xa5 0x78 0x00 0x00 0xe1  LDA.s8 r6, [p1], m0;          NOPB;                         NOPS;                         NOPX;                         NOPM;                                   NOPV
.aggressive_scheduled_block_id 1
.nohwbrkpt
.noswbrkpt
	   112    0x00 0x2c 0xf0 0x00 0x20 0x01 0x5b 0x00 0x00 0x00 0x01 0xa5 0x78 0x00 0x00 0xe1  NOPA;                         NOPB;                         NOPS;                         NOPX;                         NOPM;                                   NOPV
.aggressive_scheduled_block_id 1
.nohwbrkpt
.noswbrkpt
	   128    0x03 0x9c 0x50 0x00 0x20 0x01 0x5b 0x00 0x00 0x00 0x01 0xa5 0x78 0x00 0x00 0xe1  LDA.s8 r7, [p0], #1;          NOPB;                         NOPS;                         NOPX;                         NOPM;                                   NOPV
.label ZLS_Fmatmul_scalar_i8_i16_144
.loop_nesting 3
.begin_of_loop
.aggressive_scheduled_block_id 1
.nohwbrkpt
.noswbrkpt
	   144    0x21 0x18 0x50 0x00 0x20 0x01 0x5b 0x0e 0x43 0x30 0x01 0xa5 0x78 0x00 0x00 0xe1  LDA.s8 r6, [p1], m0;          NOPB;                         NOPS;                         MAC r4, r4, r7, r6;           NOPM;                                   NOPV
.aggressive_scheduled_block_id 1
.nohwbrkpt
.noswbrkpt
	   160    0x00 0x2c 0xf0 0x00 0x20 0x01 0x5b 0x00 0x00 0x00 0x01 0xa5 0x78 0x00 0x00 0xe1  NOPA;                         NOPB;                         NOPS;                         NOPX;                         NOPM;                                   NOPV
.label ZLE_Fmatmul_scalar_i8_i16_176
.end_of_loop
.aggressive_scheduled_block_id 1
.nohwbrkpt
.noswbrkpt
	   176    0x03 0x9c 0x50 0x00 0x20 0x01 0x5b 0x00 0x00 0x00 0x01 0xa5 0x78 0x00 0x00 0xe1  LDA.s8 r7, [p0], #1;          NOPB;                         NOPS;                         NOPX;                         NOPM;                                   NOPV
.loop_nesting 2
.aggressive_scheduled_block_id 1
.nohwbrkpt
.noswbrkpt
	   192    0x40 0x97 0x52 0x57 0x21 0xc8 0x66 0x12                                          LDA.u16 r5, [p2];             PADDB [p1], m1;                                             MAC r4, r4, r7, r6
.aggressive_scheduled_block_id 1
.nohwbrkpt
.noswbrkpt
	   200    0x00 0x00                                                                        NOPX
.aggressive_scheduled_block_id 1
.nohwbrkpt
.noswbrkpt
	   202    0x00 0x00                                                                        NOPX
.aggressive_scheduled_block_id 1
.nohwbrkpt
.noswbrkpt
	   204    0x43 0x92 0xe3 0x90 0xcc 0x2c                                                    ST.s16 r4, [p2], #2;                                                                      MAC r4, r4, r7, r6
.aggressive_scheduled_block_id 1
.nohwbrkpt
.noswbrkpt
	   210    0x10 0xc6 0xe0 0x18                                                                                                                                                        JNZD r3, r3, p3
.delay_slot
.aggressive_scheduled_block_id 1
.nohwbrkpt
.noswbrkpt
	   214    0x38 0xff 0x90 0x18                                                                                            PADDB [p0], #-64
.delay_slot
.aggressive_scheduled_block_id 1
.nohwbrkpt
.noswbrkpt
	   218    0x11 0xc8 0x66 0x18                                                                                                                                                        MAC r4, r4, r7, r6
.delay_slot
.swstall delay_slot
.aggressive_scheduled_block_id 1
.nohwbrkpt
.noswbrkpt
	   222    0x00 0x00                                                                        NOPX
.delay_slot
.aggressive_scheduled_block_id 1
.aggressive_scheduled_block_id last
.nohwbrkpt
.noswbrkpt
	   224    0x11 0x48 0x40 0x98                                                                                                                                                        ADD r4, r5, r4
.delay_slot
.swstall delay_slot
	   228    0x00 0x00                                                                        NOPX
.loop_nesting 1
	   230    0x3d 0xf2 0x00 0x86 0x40 0x1c                                                                                  PADDB [p1], #-128;                                          JNZD r1, r1, p4
.delay_slot
	   236    0x38 0x1f 0x90 0x18                                                                                            PADDB [p0], #64
.delay_slot
.swstall delay_slot
	   240    0x00 0x00                                                                        NOPX
.delay_slot
.swstall delay_slot
	   242    0x00 0x00                                                                        NOPX
.delay_slot
.swstall delay_slot
	   244    0x00 0x00                                                                        NOPX
.delay_slot
.swstall delay_slot
	   246    0x00 0x00                                                                        NOPX
.loop_nesting 0
	   248    0x10 0x28 0x00 0x18                                                                                                                                                        RET lr
.delay_slot
	   252    0x12 0x10 0x00 0x18                                                                                                                                                        EVENT #1
.delay_slot
.swstall delay_slot
	   256    0x00 0x00                                                                        NOPX
.delay_slot
.swstall delay_slot
	   258    0x00 0x00                                                                        NOPX
.delay_slot
.swstall delay_slot
	   260    0x00 0x00                                                                        NOPX
.label matmul_scalar_i8_i16__end last
.delay_slot
.swstall delay_slot
	   262    0x00 0x00                                                                        NOPX

.text_segment_name
.text global 10 zero_i16
.function_start
	     0    0x18 0x10 0xc0 0xf8                                                                                                                                                                                      MOV r0, p0
	     4    0x00 0x00 0x20 0xa0 0x00 0x44                                                                                                                                              MOVXM r1, #8192
	    10    0x18 0x50 0x81 0x58                                                                                                                                                                                      ADD.NC r1, r1, r0
	    14    0x10 0x04 0x1b 0x98                                                                                                                                                        GEU r2, r0, r1
	    18    0x10 0x00 0x68 0x40 0x01 0x84                                                                                                                                              JNZ r2, #TGT_Fzero_i16_208
.delay_slot
	    24    0x10 0x10 0x00 0x18                                                                                                                                                        EVENT #0
.delay_slot
.swstall delay_slot
	    28    0x00 0x00                                                                        NOPX
.delay_slot
.swstall delay_slot
	    30    0x00 0x00                                                                        NOPX
.delay_slot
.swstall delay_slot
	    32    0x00 0x00                                                                        NOPX
.delay_slot
.swstall delay_slot
	    34    0x00 0x00                                                                        NOPX
	    36    0x00 0x18 0x00 0x00 0x00 0x00 0x78 0x60 0x10 0xba                                MOVA r24, #0;                                                                             MOVXM ls, #(ZLS_Fzero_i16_192 + 0)
	    46    0x00 0x00 0x06 0xe1 0x80 0x44                                                                                                                                              MOVXM le, #(ZLS_Fzero_i16_192 + 0)
	    52    0xff 0x40 0x00 0x02 0x20 0x0c 0x68 0x10 0x08 0xba                                MOVA r0, #-6;                                                                             SUB r2, r1, r0;               ADD.NC r3, r0, #64
	    62    0x00 0x21 0x00 0x07 0xb0 0xe4 0x48 0xbf 0xc8 0xba                                MOVA r1, #1;                                                                              LTU r27, r3, r1;              ADD.NC r2, r2, #-1
	    72    0x10 0x01 0xd0 0xc2 0xe5 0xe4                                                                                                                                              ASHL r0, r2, r0;              VBCST.16 x0, r24
	    78    0x00 0x00 0xe0 0x01 0x25 0xe4                                                                                                                                              ADD r0, r0, #1;               VMOV bmll0, x0
	    84    0x10 0x40 0x02 0x18                                                                                                                                                        SEL.EQZ r0, r1, r0, r27
	    88    0x00 0x2b 0x60 0x02 0xb8 0x10 0x70 0x02                                                                                                      NOPS;                                                       MOV lc, r0
	    96    0x00 0x2c 0xf0 0x00 0x20 0x01 0x5b 0x00 0x00 0x00 0x01 0xa5 0x78 0x00 0x00 0xe1  NOPA;                         NOPB;                         NOPS;                         NOPX;                         NOPM;                                   NOPV
	   112    0x00 0x2c 0xf0 0x00 0x20 0x01 0x5b 0x00 0x00 0x00 0x01 0xa5 0x78 0x00 0x00 0xe1  NOPA;                         NOPB;                         NOPS;                         NOPX;                         NOPM;                                   NOPV
	   128    0x00 0x2c 0xf0 0x00 0x20 0x01 0x5b 0x00 0x00 0x00 0x01 0xa5 0x78 0x00 0x00 0xe1  NOPA;                         NOPB;                         NOPS;                         NOPX;                         NOPM;                                   NOPV
	   144    0x00 0x2c 0xf0 0x00 0x20 0x01 0x5b 0x00 0x00 0x00 0x01 0xa5 0x78 0x00 0x00 0xe1  NOPA;                         NOPB;                         NOPS;                         NOPX;                         NOPM;                                   NOPV
	   160    0x00 0x2c 0xf0 0x00 0x20 0x01 0x5b 0x00 0x00 0x00 0x01 0xa5 0x78 0x00 0x00 0xe1  NOPA;                         NOPB;                         NOPS;                         NOPX;                         NOPM;                                   NOPV
	   176    0x00 0x2c 0xf0 0x00 0x20 0x01 0x5b 0x00 0x00 0x00 0x01 0xa5 0x78 0x00 0x00 0xe1  NOPA;                         NOPB;                         NOPS;                         NOPX;                         NOPM;                                   NOPV
.label ZLS_Fzero_i16_192
.loop_nesting 1
.begin_of_loop
.end_of_loop
	   192    0x00 0x2c 0xf0 0x00 0x20 0x1c 0x06 0x80 0x00 0x00 0x01 0xa5 0x78 0x00 0x00 0xe1  NOPA;                         NOPB;                         VST bmll0, [p0], #64;         NOPX;                         NOPM;                                   NOPV
.label TGT_Fzero_i16_208
.loop_nesting 0
	   208    0x10 0x28 0x00 0x18                                                                                                                                                        RET lr
.delay_slot
	   212    0x12 0x10 0x00 0x18                                                                                                                                                        EVENT #1
.delay_slot
.swstall delay_slot
	   216    0x00 0x00                                                                        NOPX
.delay_slot
.swstall delay_slot
	   218    0x00 0x00                                                                        NOPX
.delay_slot
.swstall delay_slot
	   220    0x00 0x00                                                                        NOPX
.label zero_i16__end last
.delay_slot
.swstall delay_slot
	   222    0x00 0x00                                                                        NOPX

.text_segment_name
.text global 10 zero_scalar_i16
.tail_call
.function_start
	     0    0x00 0x00 0x00 0x00 0x00 0x00 0x00 0x00 0x20 0xba                                MOVA r0, #0;                                                                              J #memset
.delay_slot
	    10    0x00 0x00 0x20 0xa0 0x00 0x44                                                                                                                                              MOVXM r1, #8192
.delay_slot
	    16    0x19 0x60 0xc0 0xf8                                                                                                                                                                                      MOV p1, p0
.delay_slot
.swstall delay_slot
	    20    0x00 0x00                                                                        NOPX
.delay_slot
.swstall delay_slot
	    22    0x00 0x00                                                                        NOPX
.label zero_scalar_i16__end last
.delay_slot
.swstall delay_slot
	    24    0x00 0x00                                                                        NOPX

.undef global text memset



.direct_eval +,-,(,)
