
// File generated by darts version V-2024.06#8be6237c82#250729, Mon Jun 29 03:23:57 2026
// Copyright 2014-2024 Synopsys, Inc. All rights reserved.
// darts -I/home/bcloud/torch2aie/toolchain/aietools/data/aie2p/lib -d -h -I/home/bcloud/torch2aie/toolchain/aietools/include -I/home/bcloud/torch2aie/toolchain/aietools/data/aie2p/lib/runtime_cxx/libcxx-lite/include -I/home/bcloud/torch2aie/toolchain/aietools/data/aie2p/lib/runtime_cxx/libs/libcxx-16/include -I/home/bcloud/torch2aie/toolchain/aietools/data/aie2p/lib/runtime_cxx/libs/libcxxabi-16/include -I/home/bcloud/torch2aie/toolchain/aietools/data/aie2p/lib/runtime/include -D__AIENGINE__ -D__AIE_ARCH__=21 -D__AIEARCH__=21 -D__tct_tgt__=250729 -L +Ihex +nanno +u /home/bcloud/npu-sandbox/npu-infer/build/int8/O.mlir.prj/main_core_3_2.elf me

// Release: ipp V-2024.06-TGT-250729

.text_segment PM      0
.entry_point
.label __AIE_ARCH_MODEL_VERSION__21011400__inlined__1__me_basic___main_init_
.label _main_init
.function_start
           0    0x00 0x07 0x09 0xe0 0x00 0x44                                                                                                                                              MOVXM sp, #458752
           6    0x00 0x00 0x04 0x20 0x00 0x44                                                                                                                                              MOVXM r8, #0
          12    0x00 0x00 0x08 0x20 0x00 0x44                                                                                                                                              MOVXM r16, #0
          18    0x12 0x21 0x07 0x98                                                                                                                                                        EQ r16, r8, r16
          22    0x80 0x00 0x40 0x40 0x01 0x84                                                                                                                                              JNZ r16, #128
.delay_slot
.swstall delay_slot
          28    0x00 0x00                                                                        NOPX
.delay_slot
.swstall delay_slot
          30    0x00 0x00                                                                        NOPX
.delay_slot
.swstall delay_slot
          32    0x00 0x00                                                                        NOPX
.delay_slot
.swstall delay_slot
          34    0x00 0x00                                                                        NOPX
.delay_slot
.swstall delay_slot
          36    0x00 0x00                                                                        NOPX
          38    0x00 0x2c 0xf7 0x80 0x8b 0x01 0x28 0x50 0x72 0xba                                NOPA;                                                       MOVS p7, p0;                                                MOV r9, r1
          48    0x00 0x2c 0xf0 0x00 0x20 0x01 0x5b 0x3f 0xff 0xff 0x37 0xfe 0x10 0x00 0x00 0xe1  NOPA;                         NOPB;                         NOPS;                         MOVXM p6, #-4;                                                        NOPV
.label TGT_F_main_init_64
.loop_nesting 1
          64    0xdf 0x83 0xd5 0x39 0x81 0xd4                                                    LDA p0, [p6], #-4;                                                                                                      MOV r10, p6
          70    0x00 0x00                                                                        NOPX
          72    0x00 0x00                                                                        NOPX
          74    0x00 0x00                                                                        NOPX
          76    0x00 0x00                                                                        NOPX
          78    0x00 0x00                                                                        NOPX
          80    0x00 0x00                                                                        NOPX
.no_stack_arguments
          82    0x10 0x30 0x00 0x18                                                                                                                                                        JL p0
.delay_slot
.swstall delay_slot
          86    0x00 0x00                                                                        NOPX
.delay_slot
.swstall delay_slot
          88    0x00 0x00                                                                        NOPX
.delay_slot
.swstall delay_slot
          90    0x00 0x00                                                                        NOPX
.delay_slot
.swstall delay_slot
          92    0x00 0x00                                                                        NOPX
.delay_slot
.swstall delay_slot
          94    0x00 0x00                                                                        NOPX
.return_address
          96    0x12 0xa0 0x88 0x98                                                                                                                                                        NE r16, r10, r8
         100    0x80 0x00 0x20 0x40 0x01 0x84                                                                                                                                              JNZ r16, #64
.delay_slot
.swstall delay_slot
         106    0x00 0x00                                                                        NOPX
.delay_slot
.swstall delay_slot
         108    0x00 0x00                                                                        NOPX
.delay_slot
.swstall delay_slot
         110    0x00 0x00                                                                        NOPX
.delay_slot
.swstall delay_slot
         112    0x00 0x00                                                                        NOPX
.delay_slot
.swstall delay_slot
         114    0x00 0x00                                                                        NOPX
.loop_nesting 0
         116    0x00 0x2c 0xf0 0x00 0x20 0x9c 0x8b 0x00 0x2a 0x50 0x70 0xf6                      NOPA;                         NOPB;                         MOVS p0, p7;                                                MOV r1, r9
.label TGT_F_main_init_128
.no_stack_arguments
         128    0x00 0x00 0x70 0x00 0x01 0x04                                                                                                                                              JL #224
.delay_slot
.swstall delay_slot
         134    0x00 0x00                                                                        NOPX
.delay_slot
.swstall delay_slot
         136    0x00 0x00                                                                        NOPX
.delay_slot
.swstall delay_slot
         138    0x00 0x00                                                                        NOPX
.delay_slot
.swstall delay_slot
         140    0x00 0x00                                                                        NOPX
.delay_slot
.swstall delay_slot
         142    0x00 0x00                                                                        NOPX
.return_address
.no_stack_arguments
         144    0x00 0x03 0xd8 0x00 0x01 0x04                                                                                                                                              JL #1968
.delay_slot
         150    0x18 0x60 0x00 0xb8                                                                                                                                                                                      MOV p0, #0
.delay_slot
.swstall delay_slot
         154    0x00 0x00                                                                        NOPX
.delay_slot
.swstall delay_slot
         156    0x00 0x00                                                                        NOPX
.delay_slot
.swstall delay_slot
         158    0x00 0x00                                                                        NOPX
.delay_slot
.swstall delay_slot
         160    0x00 0x2c 0xf0 0x00 0x20 0x01 0x5b 0x00 0x00 0x00 0x01 0xa5 0x78 0x00 0x00 0xe1  NOPA;                         NOPB;                         NOPS;                         NOPX;                         NOPM;                                   NOPV
.return_address
.swstall chess_separator_scheduler
         176    0x00 0x00                                                                        NOPX
.swstall chess_separator_scheduler
         178    0x00 0x00                                                                        NOPX
.swstall chess_separator_scheduler
         180    0x00 0x00                                                                        NOPX
.swstall chess_separator_scheduler
         182    0x00 0x00                                                                        NOPX
.swstall chess_separator_scheduler
         184    0x00 0x00                                                                        NOPX
.swstall chess_separator_scheduler
         186    0x00 0x00                                                                        NOPX
         188    0x10 0x08 0x00 0x18                                                                                                                                                        DONE
.swstall chess_separator_scheduler
         192    0x00 0x00                                                                        NOPX
.swstall chess_separator_scheduler
         194    0x00 0x00                                                                        NOPX
.swstall chess_separator_scheduler
         196    0x00 0x00                                                                        NOPX
.swstall chess_separator_scheduler
         198    0x00 0x00                                                                        NOPX
.swstall chess_separator_scheduler
         200    0x00 0x00                                                                        NOPX
.swstall chess_separator_scheduler
         202    0x00 0x00                                                                        NOPX
.swstall for_chess_exit
.exit
         204    0x00 0x01 0x67 0x98                                                              NOPA
.label TGT_F_main_init_208
.loop_nesting 1
         208    0x00 0x00 0x68 0x00 0x00 0x84                                                                                                                                              J #208
.delay_slot
.swstall delay_slot
         214    0x00 0x00                                                                        NOPX
.delay_slot
.swstall delay_slot
         216    0x00 0x00                                                                        NOPX
.delay_slot
.swstall delay_slot
         218    0x00 0x00                                                                        NOPX
.delay_slot
.swstall delay_slot
         220    0x00 0x00                                                                        NOPX
.delay_slot
.swstall delay_slot
         222    0x00 0x00                                                                        NOPX
.label _main_init__end
.label core_3_2
.function_start
         224    0x00 0x18 0x02 0x9c 0x8b 0x00 0x02 0x00 0x00 0x00 0x70 0x76                      MOVA r24, #0;                                               MOVS p2, p7;                  PADDXM [sp], #64
         236    0x00 0x10 0x07 0xd3 0x15 0x80 0x01 0xf7 0xb6 0x80 0x10 0x76                      MOVA r16, #0;                                               ST r24, [sp, #-48];           MOVXM p7, #515328
         248    0xe3 0xe2 0x30 0x00 0xab 0xd0 0x70 0x02                                                                                                      ST r24, [p7], #4;                                           MOV r5, r15
         256    0xe0 0xe2 0x30 0x00 0x8b 0x90 0x70 0x02                                                                                                      ST r24, [p7];                                               MOV r4, r14
         264    0xff 0x96 0xb0 0x00 0x6b 0x50 0x70 0x02                                                                                                      ST r5, [sp, #-4];                                           MOV r3, r13
         272    0xff 0x12 0xb0 0x00 0x4b 0x10 0x70 0x02                                                                                                      ST r4, [sp, #-8];                                           MOV r2, r12
         280    0xfe 0x8e 0xb0 0x00 0xb0 0x28 0x2a 0xd0 0x79 0x3a                                                                                            ST r3, [sp, #-12];            MOVX r11, #1;                 MOV r1, r11
         290    0xfe 0x0a 0xb0 0x00 0x0a 0x90 0x70 0x02                                                                                                      ST r2, [sp, #-16];                                          MOV r0, r10
         298    0xfd 0x06 0xb0 0x00 0x01 0xf5 0xca 0x80 0x11 0x3a                                                                                            ST r1, [sp, #-24];            MOVXM r14, #513280
         308    0xfc 0x02 0xb0 0x00 0x01 0xf1 0xee 0x80 0x11 0x3a                                                                                            ST r0, [sp, #-32];            MOVXM r15, #511232
         318    0x0f 0xdd 0x35 0x98                                                                                                                          ST r9, [sp, #-36]
         322    0x0f 0xd9 0x15 0x98                                                                                                                          ST r8, [sp, #-40]
         326    0x0f 0xed 0x1d 0x98                                                                                                                          ST p2, [sp, #-20]
         330    0x0f 0xe7 0x1d 0x98                                                                                                                          ST p6, [sp, #-28]
         334    0x0f 0xd4 0x3d 0x98                                                                                                                          ST lr, [sp, #-44]
         338    0x00 0x2c 0xfe 0x2e 0x23 0x00 0x00 0x40 0x1a 0x57 0x00 0x00 0x1c 0x2e            NOPA;                                                       ST r24, [p7, #4];                                           NOPM;                                   NOPV
.label TGT_Fcore_3_2_128
.loop_nesting 1
.no_stack_arguments
         352    0x06 0x80 0x07 0xce 0x15 0x80 0x00 0x9c 0x00 0x00 0x40 0x76                      MOVA r0, #52;                                               ST r16, [sp, #-52];           JL #1248
.delay_slot
         364    0x1e 0x6e 0xc0 0xf8                                                                                                                                                                                      MOV p6, p7
.delay_slot
         368    0x17 0xc2 0xfd 0x18                                                                                                                                                        MOVX r1, #-1
.delay_slot
.swstall delay_slot
         372    0x00 0x00                                                                        NOPX
.delay_slot
.swstall delay_slot
         374    0x00 0x00                                                                        NOPX
.delay_slot
.swstall delay_slot
         376    0x00 0x2c 0xf0 0x04 0x00 0x00 0x1c 0x22                                          NOPA;                                                                                                                                                           NOPV
.return_address
.no_stack_arguments
         384    0x00 0x03 0x18 0x00 0x01 0x04                                                                                                                                              JL #1584
.delay_slot
         390    0x00 0x07 0x00 0xda 0x00 0x44                                                                                                                                              MOVXM p0, #462080
.delay_slot
.swstall delay_slot
         396    0x00 0x00                                                                        NOPX
.delay_slot
.swstall delay_slot
         398    0x00 0x00                                                                        NOPX
.delay_slot
.swstall delay_slot
         400    0x00 0x00                                                                        NOPX
.delay_slot
.swstall delay_slot
         402    0x00 0x2c 0xf0 0x02 0xb6 0x00 0x00 0x40 0x1a 0x57 0x00 0x00 0x1c 0x2e            NOPA;                                                       NOPS;                                                       NOPM;                                   NOPV
.return_address
         416    0x00 0x2c 0xf0 0x00 0x20 0x01 0x5b 0x00 0x83 0xe8 0x01 0xa5 0x78 0x00 0x00 0xe1  NOPA;                         NOPB;                         NOPS;                         MOVX r8, #31;                 NOPM;                                   NOPV
.label TGT_Fcore_3_2_208
.loop_nesting 2
.no_stack_arguments
         432    0x06 0x60 0x00 0x00 0x00 0x9c 0x00 0x00 0x40 0xba                                MOVA r0, #51;                                                                             JL #1248
.delay_slot
         442    0x17 0xc2 0xfd 0x18                                                                                                                                                        MOVX r1, #-1
.delay_slot
.swstall delay_slot
         446    0x00 0x00                                                                        NOPX
.delay_slot
.swstall delay_slot
         448    0x00 0x00                                                                        NOPX
.delay_slot
.swstall delay_slot
         450    0x00 0x00                                                                        NOPX
.delay_slot
.swstall delay_slot
         452    0x00 0x2c 0xf0 0x00 0x20 0x00 0x00 0x00 0x00 0xad 0x81 0x36                      NOPA;                         NOPB;                         NOPS;                         NOPX
.return_address
         464    0xc0 0xca 0xd0 0x3e 0x17 0xe8 0x08 0x31 0x58 0xba                                LDA r18, [p6];                                                                            MOVX r1, #-1;                 MOV r0, #49
         474    0x00 0x00                                                                        NOPX
         476    0x00 0x00                                                                        NOPX
.no_stack_arguments
         478    0x00 0x02 0x70 0x00 0x01 0x04                                                                                                                                              JL #1248
.delay_slot
         484    0x00 0x07 0xa8 0x3a 0x00 0x44                                                                                                                                              MOVXM r16, #503040
.delay_slot
         490    0x00 0x07 0x88 0xba 0x00 0x44                                                                                                                                              MOVXM r17, #494848
.delay_slot
.swstall delay_slot
         496    0x00 0x00                                                                        NOPX
.delay_slot
         498    0x12 0xf7 0x27 0x98                                                                                                                                                        EQ r27, r11, r18
.delay_slot
         502    0x00 0x2c 0xf0 0x01 0x5b 0x00 0x04 0x53 0x02 0x7a                                NOPA;                                                       NOPS;                         SEL.EQZ r9, r17, r16, r27
.return_address
         512    0xc2 0xc2 0xd2 0xc9 0x41 0xd4                                                    LDA r16, [p6, #4];                                                                                                      MOV p1, r9
         518    0x1f 0x62 0xc0 0xf8                                                                                                                                                                                      MOV p7, p1
         522    0x00 0x00                                                                        NOPX
         524    0x00 0x00                                                                        NOPX
.no_stack_arguments
         526    0x00 0x02 0x90 0x00 0x01 0x04                                                                                                                                              JL #1312
.delay_slot
         532    0x00 0x07 0x04 0xda 0x00 0x44                                                                                                                                              MOVXM p2, #462080
.delay_slot
.swstall delay_slot
         538    0x00 0x00                                                                        NOPX
.delay_slot
         540    0x12 0xf7 0x07 0x98                                                                                                                                                        EQ r27, r11, r16
.delay_slot
         544    0x13 0xe0 0xe2 0x18                                                                                                                                                        SEL.EQZ r16, r15, r14, r27
.delay_slot
         548    0x00 0x2c 0xf0 0x00 0x20 0x01 0x5b 0x00 0x34 0x10 0x70 0xf6                      NOPA;                         NOPB;                         NOPS;                                                       MOV p0, r16
.return_address
.no_stack_arguments
         560    0x00 0x21 0x00 0x00 0x00 0xa0 0x00 0x00 0x40 0xba                                MOVA r1, #1;                                                                              JL #1280
.delay_slot
         570    0x10 0x00 0xc1 0x18                                                                                                                                                        MOVX r0, #48
.delay_slot
.swstall delay_slot
         574    0x00 0x00                                                                        NOPX
.delay_slot
.swstall delay_slot
         576    0x00 0x00                                                                        NOPX
.delay_slot
.swstall delay_slot
         578    0x00 0x00                                                                        NOPX
.delay_slot
.swstall delay_slot
         580    0x00 0x2c 0xf0 0x00 0x20 0x00 0x00 0x00 0x00 0xad 0x81 0x36                      NOPA;                         NOPB;                         NOPS;                         NOPX
.return_address
         592    0xc2 0xc2 0xd0 0x3e 0x17 0xe8 0x08 0x31 0x58 0xba                                LDA r16, [p6, #4];                                                                        MOVX r1, #-1;                 MOV r0, #49
         602    0x00 0x00                                                                        NOPX
         604    0x00 0x00                                                                        NOPX
         606    0x00 0x00                                                                        NOPX
         608    0x00 0x00                                                                        NOPX
.no_stack_arguments
         610    0x00 0x02 0x70 0x00 0x01 0x04                                                                                                                                              JL #1248
.delay_slot
.swstall delay_slot
         616    0x00 0x00                                                                        NOPX
.delay_slot
         618    0x14 0x20 0x07 0x18                                                                                                                                                        ADD r16, r16, #1
.delay_slot
         622    0x5e 0xe1 0x58 0xb0 0xfe 0x24                                                                                                                                              LT r27, r11, r16;             ADD.NC r17, r16, #-2
.delay_slot
         628    0x14 0x21 0x12 0x18                                                                                                                                                        SEL.EQZ r16, r16, r17, r27
.delay_slot
         632    0xc2 0xc2 0x30 0x00 0x01 0xa5 0x70 0x02                                                                                                      ST r16, [p6, #4];                                           NOPM
.return_address
         640    0xc2 0xc2 0xd2 0xdd 0x81 0xd4                                                    LDA r16, [p6, #4];                                                                                                      MOV p1, p7
         646    0x00 0x00                                                                        NOPX
         648    0x00 0x00                                                                        NOPX
         650    0x00 0x00                                                                        NOPX
.no_stack_arguments
         652    0x00 0x02 0x90 0x00 0x01 0x04                                                                                                                                              JL #1312
.delay_slot
         658    0x00 0x07 0x04 0xda 0x00 0x44                                                                                                                                              MOVXM p2, #462080
.delay_slot
.swstall delay_slot
         664    0x00 0x00                                                                        NOPX
.delay_slot
         666    0x12 0xf7 0x07 0x98                                                                                                                                                        EQ r27, r11, r16
.delay_slot
         670    0x13 0xe0 0xe2 0x18                                                                                                                                                        SEL.EQZ r16, r15, r14, r27
.delay_slot
         674    0x00 0x2c 0xf0 0x02 0xb6 0x00 0x00 0x43 0x41 0x07 0x00 0x00 0x1c 0x2e            NOPA;                                                       NOPS;                                                       MOV p0, r16;                            NOPV
.return_address
.no_stack_arguments
         688    0x00 0x21 0x00 0x00 0x00 0xa0 0x00 0x00 0x40 0xba                                MOVA r1, #1;                                                                              JL #1280
.delay_slot
         698    0x10 0x00 0xc1 0x18                                                                                                                                                        MOVX r0, #48
.delay_slot
.swstall delay_slot
         702    0x00 0x00                                                                        NOPX
.delay_slot
.swstall delay_slot
         704    0x00 0x00                                                                        NOPX
.delay_slot
.swstall delay_slot
         706    0x00 0x00                                                                        NOPX
.delay_slot
.swstall delay_slot
         708    0x00 0x2c 0xf0 0x00 0x20 0x00 0x00 0x00 0x00 0xad 0x81 0x36                      NOPA;                         NOPB;                         NOPS;                         NOPX
.return_address
         720    0xc2 0xc2 0xd0 0x3e 0x17 0xe8 0x08 0x31 0x58 0xba                                LDA r16, [p6, #4];                                                                        MOVX r1, #-1;                 MOV r0, #49
         730    0x00 0x00                                                                        NOPX
         732    0x00 0x00                                                                        NOPX
         734    0x00 0x00                                                                        NOPX
         736    0x00 0x00                                                                        NOPX
.no_stack_arguments
         738    0x00 0x02 0x70 0x00 0x01 0x04                                                                                                                                              JL #1248
.delay_slot
.swstall delay_slot
         744    0x00 0x00                                                                        NOPX
.delay_slot
         746    0x14 0x20 0x07 0x18                                                                                                                                                        ADD r16, r16, #1
.delay_slot
         750    0x5e 0xe1 0x58 0xb0 0xfe 0x24                                                                                                                                              LT r27, r11, r16;             ADD.NC r17, r16, #-2
.delay_slot
         756    0x14 0x21 0x12 0x18                                                                                                                                                        SEL.EQZ r16, r16, r17, r27
.delay_slot
         760    0xc2 0xc2 0x30 0x00 0x01 0xa5 0x70 0x02                                                                                                      ST r16, [p6, #4];                                           NOPM
.return_address
         768    0xc2 0xc2 0xd2 0xdd 0x81 0xd4                                                    LDA r16, [p6, #4];                                                                                                      MOV p1, p7
         774    0x00 0x00                                                                        NOPX
         776    0x00 0x00                                                                        NOPX
         778    0x00 0x00                                                                        NOPX
.no_stack_arguments
         780    0x00 0x02 0x90 0x00 0x01 0x04                                                                                                                                              JL #1312
.delay_slot
         786    0x00 0x07 0x04 0xda 0x00 0x44                                                                                                                                              MOVXM p2, #462080
.delay_slot
.swstall delay_slot
         792    0x00 0x00                                                                        NOPX
.delay_slot
         794    0x12 0xf7 0x07 0x98                                                                                                                                                        EQ r27, r11, r16
.delay_slot
         798    0x13 0xe0 0xe2 0x18                                                                                                                                                        SEL.EQZ r16, r15, r14, r27
.delay_slot
         802    0x00 0x2c 0xf0 0x02 0xb6 0x00 0x00 0x43 0x41 0x07 0x00 0x00 0x1c 0x2e            NOPA;                                                       NOPS;                                                       MOV p0, r16;                            NOPV
.return_address
.no_stack_arguments
         816    0x00 0x21 0x00 0x00 0x00 0xa0 0x00 0x00 0x40 0xba                                MOVA r1, #1;                                                                              JL #1280
.delay_slot
         826    0x10 0x00 0xc1 0x18                                                                                                                                                        MOVX r0, #48
.delay_slot
.swstall delay_slot
         830    0x00 0x00                                                                        NOPX
.delay_slot
.swstall delay_slot
         832    0x00 0x00                                                                        NOPX
.delay_slot
.swstall delay_slot
         834    0x00 0x00                                                                        NOPX
.delay_slot
.swstall delay_slot
         836    0x00 0x2c 0xf0 0x00 0x20 0x00 0x00 0x00 0x00 0xad 0x81 0x36                      NOPA;                         NOPB;                         NOPS;                         NOPX
.return_address
         848    0xc2 0xc2 0xd0 0x3e 0x17 0xe8 0x08 0x31 0x58 0xba                                LDA r16, [p6, #4];                                                                        MOVX r1, #-1;                 MOV r0, #49
         858    0x00 0x00                                                                        NOPX
         860    0x00 0x00                                                                        NOPX
         862    0x00 0x00                                                                        NOPX
         864    0x00 0x00                                                                        NOPX
.no_stack_arguments
         866    0x00 0x02 0x70 0x00 0x01 0x04                                                                                                                                              JL #1248
.delay_slot
.swstall delay_slot
         872    0x00 0x00                                                                        NOPX
.delay_slot
         874    0x14 0x20 0x07 0x18                                                                                                                                                        ADD r16, r16, #1
.delay_slot
         878    0x5e 0xe1 0x58 0xb0 0xfe 0x24                                                                                                                                              LT r27, r11, r16;             ADD.NC r17, r16, #-2
.delay_slot
         884    0x14 0x21 0x12 0x18                                                                                                                                                        SEL.EQZ r16, r16, r17, r27
.delay_slot
         888    0xc2 0xc2 0x30 0x00 0x01 0xa5 0x70 0x02                                                                                                      ST r16, [p6, #4];                                           NOPM
.return_address
         896    0xc2 0xc2 0xd2 0xdd 0x81 0xd4                                                    LDA r16, [p6, #4];                                                                                                      MOV p1, p7
         902    0x00 0x00                                                                        NOPX
         904    0x00 0x00                                                                        NOPX
         906    0x00 0x00                                                                        NOPX
.no_stack_arguments
         908    0x00 0x02 0x90 0x00 0x01 0x04                                                                                                                                              JL #1312
.delay_slot
         914    0x00 0x07 0x04 0xda 0x00 0x44                                                                                                                                              MOVXM p2, #462080
.delay_slot
.swstall delay_slot
         920    0x00 0x00                                                                        NOPX
.delay_slot
         922    0x12 0xf7 0x07 0x98                                                                                                                                                        EQ r27, r11, r16
.delay_slot
         926    0x13 0xe0 0xe2 0x18                                                                                                                                                        SEL.EQZ r16, r15, r14, r27
.delay_slot
         930    0x00 0x2c 0xf0 0x02 0xb6 0x00 0x00 0x43 0x41 0x07 0x00 0x00 0x1c 0x2e            NOPA;                                                       NOPS;                                                       MOV p0, r16;                            NOPV
.return_address
.no_stack_arguments
         944    0x00 0x21 0x00 0x00 0x00 0xa0 0x00 0x00 0x40 0xba                                MOVA r1, #1;                                                                              JL #1280
.delay_slot
         954    0x10 0x00 0xc1 0x18                                                                                                                                                        MOVX r0, #48
.delay_slot
.swstall delay_slot
         958    0x00 0x00                                                                        NOPX
.delay_slot
.swstall delay_slot
         960    0x00 0x00                                                                        NOPX
.delay_slot
.swstall delay_slot
         962    0x00 0x00                                                                        NOPX
.delay_slot
.swstall delay_slot
         964    0x00 0x2c 0xf0 0x00 0x20 0x00 0x00 0x00 0x00 0xad 0x81 0x36                      NOPA;                         NOPB;                         NOPS;                         NOPX
.return_address
         976    0xc2 0xc2 0xd0 0x00 0x06 0x48 0x28 0x01 0x58 0xba                                LDA r16, [p6, #4];                                                                        MOVX r0, #50;                 MOV r1, #1
         986    0x00 0x00                                                                        NOPX
         988    0x00 0x00                                                                        NOPX
         990    0x00 0x00                                                                        NOPX
         992    0x00 0x00                                                                        NOPX
.no_stack_arguments
         994    0x00 0x02 0x80 0x00 0x01 0x04                                                                                                                                              JL #1280
.delay_slot
.swstall delay_slot
        1000    0x00 0x00                                                                        NOPX
.delay_slot
        1002    0x14 0x20 0x07 0x18                                                                                                                                                        ADD r16, r16, #1
.delay_slot
        1006    0x5e 0xe1 0x58 0xb0 0xfe 0x24                                                                                                                                              LT r27, r11, r16;             ADD.NC r17, r16, #-2
.delay_slot
        1012    0x14 0x21 0x12 0x18                                                                                                                                                        SEL.EQZ r16, r16, r17, r27
.delay_slot
        1016    0xc2 0xc2 0x30 0x00 0x01 0xa5 0x70 0x02                                                                                                      ST r16, [p6, #4];                                           NOPM
.return_address
        1024    0xc0 0xc2 0xd0 0x00 0x00 0x03 0xb0 0xd8 0x10 0xba                                LDA r16, [p6];                                                                            MOVXM p7, #432
        1034    0x00 0x00                                                                        NOPX
        1036    0x00 0x00                                                                        NOPX
        1038    0x00 0x00                                                                        NOPX
        1040    0x00 0x00                                                                        NOPX
        1042    0x12 0x11 0xe0 0x18                                                                                                                                                        JNZD r8, r8, p7
.delay_slot
.swstall delay_slot
        1046    0x00 0x00                                                                        NOPX
.delay_slot
        1048    0x14 0x20 0x07 0x18                                                                                                                                                        ADD r16, r16, #1
.delay_slot
        1052    0x5e 0xe1 0x58 0xb0 0xfe 0x24                                                                                                                                              LT r27, r11, r16;             ADD.NC r17, r16, #-2
.delay_slot
        1058    0x14 0x21 0x12 0x18                                                                                                                                                        SEL.EQZ r16, r16, r17, r27
.delay_slot
        1062    0x0e 0x06 0x11 0x98                                                                                                                          ST r16, [p6]
.loop_nesting 1
        1066    0xfa 0x22 0x20 0x00 0x06 0xaa 0x0e 0x60 0x78 0xba                                LDA r8, [sp, #-48];                                                                       MOVX r0, #53;                 MOV r16, p6
.no_stack_arguments
        1076    0x00 0x21 0x00 0x00 0x00 0xa0 0x00 0x00 0x40 0xba                                MOVA r1, #1;                                                                              JL #1280
.delay_slot
        1086    0x17 0xd2 0xf9 0x18                                                                                                                                                        MOVX r9, #-2
.delay_slot
        1090    0x1f 0x68 0x7e 0x18                                                                                                                                                                                      ADD.NC p7, r16, #-4
.delay_slot
.swstall delay_slot
        1094    0x00 0x00                                                                        NOPX
.delay_slot
.swstall delay_slot
        1096    0x00 0x00                                                                        NOPX
.delay_slot
.swstall delay_slot
        1098    0x00 0x2c 0xf0 0x00 0x20 0x3c                                                    NOPA;                         NOPB
.return_address
        1104    0xf9 0xc2 0x20 0x11 0x50 0x3a 0x28 0x00 0x58 0xba                                LDA r16, [sp, #-52];                                                                      ADD r21, r8, #1;              MOV r17, #0
        1114    0xde 0xce 0xd7 0xd2 0xb5 0x91 0x24 0xe7 0x08 0x00 0x58 0x76                      LDA r19, [p6, #-4];                                         ST r21, [sp, #-48];           LTU r18, r8, r9;              MOV r24, #0
        1126    0x00 0x00                                                                        NOPX
        1128    0x00 0x00                                                                        NOPX
        1130    0x00 0x00                                                                        NOPX
        1132    0x00 0x00                                                                        NOPX
        1134    0x00 0x00                                                                        NOPX
        1136    0x14 0x2a 0xd0 0x18                                                                                                                                                        EQZ r21, r16
        1140    0x15 0x65 0x24 0x98                                                                                                                                                        AND r18, r21, r18
        1144    0x14 0x63 0x25 0x98                                                                                                                                                        OR r17, r17, r18
        1148    0x88 0x00 0xb0 0x40 0x01 0x84                                                                                                                                              JNZ r17, #352
.delay_slot
        1154    0x7f 0xff 0xfa 0x3f 0xfc 0x44                                                                                                                                              MOVXM r20, #2147483646
.delay_slot
        1160    0x15 0x29 0x3c 0x98                                                                                                                                                        LTU r20, r20, r19
.delay_slot
        1164    0x16 0x21 0x02 0x98                                                                                                                                                        ADC r16, r24, r16
.delay_slot
        1168    0x14 0xe7 0x40 0x98                                                                                                                                                        ADD r19, r19, r20
.delay_slot
        1172    0x0f 0x1e 0x71 0x98                                                                                                                          ST r19, [p7], #4
.loop_nesting 0
        1176    0x07 0xd4 0x39 0x18                                                              LDA lr, [sp, #-44]
        1180    0x07 0xd9 0x11 0x18                                                              LDA r8, [sp, #-40]
        1184    0x07 0xdd 0x31 0x18                                                              LDA r9, [sp, #-36]
        1188    0x07 0xe1 0x51 0x18                                                              LDA r10, [sp, #-32]
        1192    0x07 0xe9 0x71 0x18                                                              LDA r11, [sp, #-24]
        1196    0x07 0xf1 0x91 0x18                                                              LDA r12, [sp, #-16]
        1200    0x07 0xf5 0xb1 0x18                                                              LDA r13, [sp, #-12]
        1204    0x07 0xf9 0xd1 0x18                                                              LDA r14, [sp, #-8]
        1208    0x07 0xfd 0xf1 0x18                                                              LDA r15, [sp, #-4]
        1212    0x07 0xe7 0x19 0x18                                                              LDA p6, [sp, #-28]
        1216    0x07 0xef 0x99 0x18                                                              LDA p7, [sp, #-20]
        1220    0x10 0x28 0x00 0x18                                                                                                                                                        RET lr
.delay_slot
        1224    0xff 0xf8 0x00 0x00 0x01 0xc4                                                                                                                                              PADDXM [sp], #-64
.delay_slot
.swstall delay_slot
        1230    0x00 0x00                                                                        NOPX
.delay_slot
.swstall delay_slot
        1232    0x00 0x00                                                                        NOPX
.delay_slot
.swstall delay_slot
        1234    0x00 0x00                                                                        NOPX
.delay_slot
.swstall delay_slot
        1236    0x00 0x00                                                                        NOPX
.label core_3_2__end

.text_segment PM   1248
.label llvm___aie2p___acquire
.function_start
        1248    0x10 0x12 0x18 0x18                                                                                                                                                        ACQ r0, r1
        1252    0x10 0x28 0x00 0x18                                                                                                                                                        RET lr
.delay_slot
.swstall delay_slot
        1256    0x00 0x00                                                                        NOPX
.delay_slot
.swstall delay_slot
        1258    0x00 0x00                                                                        NOPX
.delay_slot
.swstall delay_slot
        1260    0x00 0x00                                                                        NOPX
.delay_slot
.swstall delay_slot
        1262    0x00 0x00                                                                        NOPX
.delay_slot
.swstall delay_slot
        1264    0x00 0x00                                                                        NOPX
.label llvm___aie2p___acquire__end

.text_segment PM   1280
.label llvm___aie2p___release
.function_start
        1280    0x10 0x10 0x18 0x18                                                                                                                                                        REL r0, r1
        1284    0x10 0x28 0x00 0x18                                                                                                                                                        RET lr
.delay_slot
.swstall delay_slot
        1288    0x00 0x00                                                                        NOPX
.delay_slot
.swstall delay_slot
        1290    0x00 0x00                                                                        NOPX
.delay_slot
.swstall delay_slot
        1292    0x00 0x00                                                                        NOPX
.delay_slot
.swstall delay_slot
        1294    0x00 0x00                                                                        NOPX
.delay_slot
.swstall delay_slot
        1296    0x00 0x00                                                                        NOPX
.label llvm___aie2p___release__end

.text_segment PM   1312
.label matmul_scalar_i8_i16
.function_start
        1312    0x0f 0xe2 0x00 0x00 0x80 0x00 0x00 0x80 0x58 0xba                                MOVA r2, #127;                                                                            EVENT #0;                     MOV m0, #128
        1322    0x00 0x00 0x01 0xeb 0x60 0x44                                                                                                                                              MOVXM ls, #1456
        1328    0x00 0x00 0x06 0xeb 0xa0 0x44                                                                                                                                              MOVXM le, #1488
        1334    0xff 0xff 0xe2 0x00 0x02 0x44                                                                                                                                              MOVXM m1, #-8191
        1340    0x00 0x00 0x06 0xca 0xc0 0x44                                                                                                                                              MOVXM p3, #1376
        1346    0x00 0x2c 0xf0 0x00 0x20 0x00 0x00 0x46 0x55 0x02 0x00 0x2b 0x60 0x7e            NOPA;                         NOPB;                         NOPS;                         MOVXM p4, #1360
.label TGT_Fmatmul_scalar_i8_i16_48
.loop_nesting 1
        1360    0x00 0x2c 0xf0 0x00 0x20 0x01 0x5b 0x02 0x37 0xe8 0x01 0xa5 0x78 0x00 0x00 0xe1  NOPA;                         NOPB;                         NOPS;                         MOVX r3, #127;                NOPM;                                   NOPV
.label TGT_Fmatmul_scalar_i8_i16_64
.loop_nesting 2
        1376    0x21 0x18 0x50 0x00 0x0f 0xa8 0x88 0x00 0x58 0xba                                LDA.s8 r6, [p1], m0;                                                                      MOVX lc, #61;                 MOV r4, #0
.aggressive_scheduled_block_id 1
.aggressive_scheduled_block_id first
        1386    0x00 0x1c 0xe2 0x98                                                              LDA.s8 r7, [p0], #1
.aggressive_scheduled_block_id 1
.noswbrkpt
        1390    0x01 0x08 0xc2 0x98                                                              LDA.s8 r6, [p1], m0
.aggressive_scheduled_block_id 1
.nohwbrkpt
.noswbrkpt
        1394    0x00 0x00                                                                        NOPX
.aggressive_scheduled_block_id 1
.nohwbrkpt
.noswbrkpt
        1396    0x03 0x9c 0x50 0x00 0x20 0x00 0x00 0x00 0x00 0xad 0x81 0x36                      LDA.s8 r7, [p0], #1;          NOPB;                         NOPS;                         NOPX
.aggressive_scheduled_block_id 1
.nohwbrkpt
.noswbrkpt
        1408    0x21 0x18 0x50 0x00 0x20 0x01 0x5b 0x00 0x00 0x00 0x01 0xa5 0x78 0x00 0x00 0xe1  LDA.s8 r6, [p1], m0;          NOPB;                         NOPS;                         NOPX;                         NOPM;                                   NOPV
.aggressive_scheduled_block_id 1
.nohwbrkpt
.noswbrkpt
        1424    0x00 0x2c 0xf0 0x00 0x20 0x01 0x5b 0x00 0x00 0x00 0x01 0xa5 0x78 0x00 0x00 0xe1  NOPA;                         NOPB;                         NOPS;                         NOPX;                         NOPM;                                   NOPV
.aggressive_scheduled_block_id 1
.nohwbrkpt
.noswbrkpt
        1440    0x03 0x9c 0x50 0x00 0x20 0x01 0x5b 0x00 0x00 0x00 0x01 0xa5 0x78 0x00 0x00 0xe1  LDA.s8 r7, [p0], #1;          NOPB;                         NOPS;                         NOPX;                         NOPM;                                   NOPV
.label ZLS_Fmatmul_scalar_i8_i16_144
.loop_nesting 3
.begin_of_loop
.aggressive_scheduled_block_id 1
.nohwbrkpt
.noswbrkpt
        1456    0x21 0x18 0x50 0x00 0x20 0x01 0x5b 0x0e 0x43 0x30 0x01 0xa5 0x78 0x00 0x00 0xe1  LDA.s8 r6, [p1], m0;          NOPB;                         NOPS;                         MAC r4, r4, r7, r6;           NOPM;                                   NOPV
.aggressive_scheduled_block_id 1
.nohwbrkpt
.noswbrkpt
        1472    0x00 0x2c 0xf0 0x00 0x20 0x01 0x5b 0x00 0x00 0x00 0x01 0xa5 0x78 0x00 0x00 0xe1  NOPA;                         NOPB;                         NOPS;                         NOPX;                         NOPM;                                   NOPV
.label ZLE_Fmatmul_scalar_i8_i16_176
.end_of_loop
.aggressive_scheduled_block_id 1
.nohwbrkpt
.noswbrkpt
        1488    0x03 0x9c 0x50 0x00 0x20 0x01 0x5b 0x00 0x00 0x00 0x01 0xa5 0x78 0x00 0x00 0xe1  LDA.s8 r7, [p0], #1;          NOPB;                         NOPS;                         NOPX;                         NOPM;                                   NOPV
.loop_nesting 2
.aggressive_scheduled_block_id 1
.nohwbrkpt
.noswbrkpt
        1504    0x40 0x97 0x52 0x57 0x21 0xc8 0x66 0x12                                          LDA.u16 r5, [p2];             PADDB [p1], m1;                                             MAC r4, r4, r7, r6
.aggressive_scheduled_block_id 1
.nohwbrkpt
.noswbrkpt
        1512    0x00 0x00                                                                        NOPX
.aggressive_scheduled_block_id 1
.nohwbrkpt
.noswbrkpt
        1514    0x00 0x00                                                                        NOPX
.aggressive_scheduled_block_id 1
.nohwbrkpt
.noswbrkpt
        1516    0x43 0x92 0xe3 0x90 0xcc 0x2c                                                    ST.s16 r4, [p2], #2;                                                                      MAC r4, r4, r7, r6
.aggressive_scheduled_block_id 1
.nohwbrkpt
.noswbrkpt
        1522    0x10 0xc6 0xe0 0x18                                                                                                                                                        JNZD r3, r3, p3
.delay_slot
.aggressive_scheduled_block_id 1
.nohwbrkpt
.noswbrkpt
        1526    0x38 0xff 0x90 0x18                                                                                            PADDB [p0], #-64
.delay_slot
.aggressive_scheduled_block_id 1
.nohwbrkpt
.noswbrkpt
        1530    0x11 0xc8 0x66 0x18                                                                                                                                                        MAC r4, r4, r7, r6
.delay_slot
.swstall delay_slot
.aggressive_scheduled_block_id 1
.nohwbrkpt
.noswbrkpt
        1534    0x00 0x00                                                                        NOPX
.delay_slot
.aggressive_scheduled_block_id 1
.aggressive_scheduled_block_id last
.nohwbrkpt
.noswbrkpt
        1536    0x11 0x48 0x40 0x98                                                                                                                                                        ADD r4, r5, r4
.delay_slot
.swstall delay_slot
        1540    0x00 0x00                                                                        NOPX
.loop_nesting 1
        1542    0x3d 0xf2 0x01 0x0a 0x40 0x1c                                                                                  PADDB [p1], #-128;                                          JNZD r2, r2, p4
.delay_slot
        1548    0x38 0x1f 0x90 0x18                                                                                            PADDB [p0], #64
.delay_slot
.swstall delay_slot
        1552    0x00 0x00                                                                        NOPX
.delay_slot
.swstall delay_slot
        1554    0x00 0x00                                                                        NOPX
.delay_slot
.swstall delay_slot
        1556    0x00 0x00                                                                        NOPX
.delay_slot
.swstall delay_slot
        1558    0x00 0x00                                                                        NOPX
.loop_nesting 0
        1560    0x10 0x28 0x00 0x18                                                                                                                                                        RET lr
.delay_slot
        1564    0x12 0x10 0x00 0x18                                                                                                                                                        EVENT #1
.delay_slot
.swstall delay_slot
        1568    0x00 0x00                                                                        NOPX
.delay_slot
.swstall delay_slot
        1570    0x00 0x00                                                                        NOPX
.delay_slot
.swstall delay_slot
        1572    0x00 0x00                                                                        NOPX
.delay_slot
.swstall delay_slot
        1574    0x00 0x00                                                                        NOPX
.label matmul_scalar_i8_i16__end

.text_segment PM   1584
.label zero_scalar_i16
.tail_call
.function_start
        1584    0x00 0x00 0x00 0x00 0x00 0xe0 0x00 0x00 0x20 0xba                                MOVA r0, #0;                                                                              J #1792
.delay_slot
        1594    0x00 0x00 0x80 0xa0 0x00 0x44                                                                                                                                              MOVXM r1, #32768
.delay_slot
        1600    0x19 0x60 0xc0 0xf8                                                                                                                                                                                      MOV p1, p0
.delay_slot
.swstall delay_slot
        1604    0x00 0x00                                                                        NOPX
.delay_slot
.swstall delay_slot
        1606    0x00 0x00                                                                        NOPX
.delay_slot
.swstall delay_slot
        1608    0x00 0x00                                                                        NOPX
.label zero_scalar_i16__end

.text_segment PM   1616
.label _fini
.function_start
        1616    0x00 0x08 0x00 0x00 0x01 0xc4                                                                                                                                              PADDXM [sp], #64
        1622    0xff 0x3a 0xb0 0x00 0x00 0x02 0x08 0x00 0x11 0x3a                                                                                            ST r14, [sp, #-8];            MOVXM r16, #0
        1632    0xfe 0xf3 0xb0 0x00 0x00 0x01 0xc8 0x00 0x11 0x3a                                                                                            ST p7, [sp, #-12];            MOVXM r14, #0
        1642    0x74 0x20 0xfe 0xd0 0x41 0xe4                                                                                                                                              EQ r16, r14, r16;             MOV p7, r16
        1648    0x80 0x03 0x68 0x40 0x01 0x84                                                                                                                                              JNZ r16, #1744
.delay_slot
        1654    0x0f 0xfd 0xf5 0x98                                                                                                                          ST r15, [sp, #-4]
.delay_slot
        1658    0x0f 0xf0 0x3d 0x98                                                                                                                          ST lr, [sp, #-16]
.delay_slot
.swstall delay_slot
        1662    0x00 0x00                                                                        NOPX
.delay_slot
.swstall delay_slot
        1664    0x00 0x00                                                                        NOPX
.delay_slot
.swstall delay_slot
        1666    0x00 0x2c 0xf0 0x02 0xb6 0x00 0x00 0x40 0x1a 0x57 0x00 0x00 0x1c 0x2e            NOPA;                                                       NOPS;                                                       NOPM;                                   NOPV
.label TGT_F_fini_64
.loop_nesting 1
        1680    0x07 0x1c 0x1e 0x98                                                              LDA p0, [p7], #4
        1684    0x00 0x00                                                                        NOPX
        1686    0x00 0x00                                                                        NOPX
        1688    0x00 0x00                                                                        NOPX
        1690    0x00 0x00                                                                        NOPX
        1692    0x00 0x00                                                                        NOPX
        1694    0x00 0x00                                                                        NOPX
.no_stack_arguments
        1696    0x10 0x30 0x00 0x18                                                                                                                                                        JL p0
.delay_slot
        1700    0x1b 0xde 0xc0 0xf8                                                                                                                                                                                      MOV r15, p7
.delay_slot
.swstall delay_slot
        1704    0x00 0x00                                                                        NOPX
.delay_slot
.swstall delay_slot
        1706    0x00 0x00                                                                        NOPX
.delay_slot
.swstall delay_slot
        1708    0x00 0x00                                                                        NOPX
.delay_slot
.swstall delay_slot
        1710    0x00 0x00                                                                        NOPX
.return_address
        1712    0x13 0xe0 0xe8 0x98                                                                                                                                                        NE r16, r15, r14
        1716    0x80 0x03 0x48 0x40 0x01 0x84                                                                                                                                              JNZ r16, #1680
.delay_slot
.swstall delay_slot
        1722    0x00 0x00                                                                        NOPX
.delay_slot
.swstall delay_slot
        1724    0x00 0x00                                                                        NOPX
.delay_slot
.swstall delay_slot
        1726    0x00 0x00                                                                        NOPX
.delay_slot
.swstall delay_slot
        1728    0x00 0x00                                                                        NOPX
.delay_slot
.swstall delay_slot
        1730    0x00 0x2c 0xf0 0x02 0xb6 0x00 0x00 0x40 0x1a 0x57 0x00 0x00 0x1c 0x2e            NOPA;                                                       NOPS;                                                       NOPM;                                   NOPV
.label TGT_F_fini_128
.loop_nesting 0
        1744    0x07 0xf0 0x39 0x18                                                              LDA lr, [sp, #-16]
        1748    0x07 0xf9 0xd1 0x18                                                              LDA r14, [sp, #-8]
        1752    0x07 0xfd 0xf1 0x18                                                              LDA r15, [sp, #-4]
        1756    0x07 0xf7 0x99 0x18                                                              LDA p7, [sp, #-12]
        1760    0x00 0x00                                                                        NOPX
        1762    0x00 0x00                                                                        NOPX
        1764    0x00 0x00                                                                        NOPX
        1766    0x10 0x28 0x00 0x18                                                                                                                                                        RET lr
.delay_slot
        1770    0xff 0xf8 0x00 0x00 0x01 0xc4                                                                                                                                              PADDXM [sp], #-64
.delay_slot
.swstall delay_slot
        1776    0x00 0x00                                                                        NOPX
.delay_slot
.swstall delay_slot
        1778    0x00 0x00                                                                        NOPX
.delay_slot
.swstall delay_slot
        1780    0x00 0x00                                                                        NOPX
.delay_slot
.swstall delay_slot
        1782    0x00 0x00                                                                        NOPX
.label _fini__end

.text_segment PM   1792
.label memset
.function_start
        1792    0x08 0x03 0xd0 0x00 0x01 0x84                                                                                                                                              JZ r1, #1952
.delay_slot
        1798    0x18 0x62 0xc0 0xf8                                                                                                                                                                                      MOV p0, p1
.delay_slot
.swstall delay_slot
        1802    0x00 0x00                                                                        NOPX
.delay_slot
.swstall delay_slot
        1804    0x00 0x00                                                                        NOPX
.delay_slot
.swstall delay_slot
        1806    0x00 0x00                                                                        NOPX
.delay_slot
.swstall delay_slot
        1808    0x00 0x00                                                                        NOPX
        1810    0x30 0x11 0x60 0x02 0xb8 0x50 0x70 0x02                                                                                                      MOVS p1, p0;                                                MOV lc, r1
        1818    0x00 0x00 0x01 0xee 0x60 0x44                                                                                                                                              MOVXM ls, #1840
        1824    0x00 0x2c 0xf0 0x00 0x20 0x01 0x5b 0x00 0x00 0x01 0xbb 0xc8 0x10 0x00 0x00 0xe1  NOPA;                         NOPB;                         NOPS;                         MOVXM le, #1936;                                                      NOPV
.label ZLS_Fmemset_48
.loop_nesting 1
.begin_of_loop
        1840    0x23 0x80 0xe0 0x00 0x20 0x01 0x5b 0x00 0x00 0x00 0x01 0xa5 0x78 0x00 0x00 0xe1  ST.s8 r0, [p1], #1;           NOPB;                         NOPS;                         NOPX;                         NOPM;                                   NOPV
        1856    0x00 0x2c 0xf0 0x00 0x20 0x01 0x5b 0x00 0x00 0x00 0x01 0xa5 0x78 0x00 0x00 0xe1  NOPA;                         NOPB;                         NOPS;                         NOPX;                         NOPM;                                   NOPV
        1872    0x00 0x2c 0xf0 0x00 0x20 0x01 0x5b 0x00 0x00 0x00 0x01 0xa5 0x78 0x00 0x00 0xe1  NOPA;                         NOPB;                         NOPS;                         NOPX;                         NOPM;                                   NOPV
        1888    0x00 0x2c 0xf0 0x00 0x20 0x01 0x5b 0x00 0x00 0x00 0x01 0xa5 0x78 0x00 0x00 0xe1  NOPA;                         NOPB;                         NOPS;                         NOPX;                         NOPM;                                   NOPV
        1904    0x00 0x2c 0xf0 0x00 0x20 0x01 0x5b 0x00 0x00 0x00 0x01 0xa5 0x78 0x00 0x00 0xe1  NOPA;                         NOPB;                         NOPS;                         NOPX;                         NOPM;                                   NOPV
        1920    0x00 0x2c 0xf0 0x00 0x20 0x01 0x5b 0x00 0x00 0x00 0x01 0xa5 0x78 0x00 0x00 0xe1  NOPA;                         NOPB;                         NOPS;                         NOPX;                         NOPM;                                   NOPV
.label ZLE_Fmemset_144
.end_of_loop
        1936    0x00 0x2c 0xf0 0x00 0x20 0x01 0x5b 0x00 0x00 0x00 0x01 0xa5 0x78 0x00 0x00 0xe1  NOPA;                         NOPB;                         NOPS;                         NOPX;                         NOPM;                                   NOPV
.label TGT_Fmemset_160
.loop_nesting 0
        1952    0x10 0x28 0x00 0x18                                                                                                                                                        RET lr
.delay_slot
.swstall delay_slot
        1956    0x00 0x00                                                                        NOPX
.delay_slot
.swstall delay_slot
        1958    0x00 0x00                                                                        NOPX
.delay_slot
.swstall delay_slot
        1960    0x00 0x00                                                                        NOPX
.delay_slot
.swstall delay_slot
        1962    0x00 0x00                                                                        NOPX
.delay_slot
.swstall delay_slot
        1964    0x00 0x00                                                                        NOPX
.label memset__end

.text_segment PM   1968
.label __cxa_finalize
.function_start
        1968    0xff 0xa1 0x00 0x00 0x02 0x00 0x00 0x00 0x70 0xba                                MOVA r1, #-3;                                                                             PADDXM [sp], #64
        1978    0xfa 0x82 0xb0 0x00 0x41 0x08 0x6d 0xe0 0x79 0x3a                                                                                            ST r0, [sp, #-44];            MOVX r4, #8;                  MOV r3, packSign1
        1988    0xfb 0x0e 0xb0 0x00 0x6e 0x30 0x70 0x02                                                                                                      ST r3, [sp, #-40];                                          MOV r3, unpackSign1
        1996    0xfc 0x0e 0xb0 0x00 0x6a 0x30 0x70 0x02                                                                                                      ST r3, [sp, #-32];                                          MOV r3, unpackSign0
        2004    0xfc 0x8e 0xb0 0x00 0x6c 0x70 0x70 0x02                                                                                                      ST r3, [sp, #-28];                                          MOV r3, crSRSMode
        2012    0xfd 0x8e 0xb0 0x00 0x6b 0xb0 0x70 0x02                                                                                                      ST r3, [sp, #-20];                                          MOV r3, crPackSize
        2020    0xfe 0x8e 0xb0 0x00 0x01 0xf4 0x36 0x96 0x11 0x3a                                                                                            ST r3, [sp, #-12];            MOVXM p0, #515372
        2030    0x00 0x8a 0xd7 0xdc 0x3d 0x80 0x6a 0x70 0x72 0xba                                LDA r2, [p0];                                               ST lr, [sp, #-36];                                          MOV r3, crSat
        2040    0xff 0x8e 0xb0 0x00 0x69 0x70 0x70 0x02                                                                                                      ST r3, [sp, #-4];                                           MOV r3, crUnpackSize
        2048    0x00 0x92 0x30 0x01 0x4c 0x30 0x70 0x02                                                                                                      ST r4, [p0];                                                MOV r10, upsSign1
        2056    0xff 0x0e 0xb0 0x01 0x08 0x30 0x70 0x02                                                                                                      ST r3, [sp, #-8];                                           MOV r8, upsSign0
        2064    0x1b 0x1a 0x60 0xf8                                                                                                                                                                                      MOV r12, vaddSign1
        2068    0x1a 0x52 0x60 0xf8                                                                                                                                                                                      MOV r9, vaddSign0
        2072    0x1a 0xdf 0xc0 0xf8                                                                                                                                                                                      MOV r11, srsSign1
        2076    0x10 0xbc 0x66 0xaf 0x81 0xe4                                                                                                                                              ADD r2, r2, #-8;              MOV r13, srsSign0
        2082    0x13 0x83 0xd0 0xbe 0xc1 0xe4                                                                                                                                              ASHL r14, r2, r1;             MOV r1, crRnd
        2088    0xfe 0x06 0xb0 0x00 0x2e 0x70 0x70 0x02                                                                                                      ST r1, [sp, #-16];                                          MOV r1, crUPSMode
        2096    0xfd 0x06 0xb0 0x01 0xe9 0xe0 0x70 0x02                                                                                                      ST r1, [sp, #-24];                                          MOV r15, packSign0
        2104    0x00 0x07 0xd0 0xba 0x18 0x44                                                                                                                                              MOVXM r1, #515340
        2110    0x1e 0x60 0x89 0x58                                                                                                                                                                                      ADD.NC p6, r1, r2
        2114    0x00 0x2c 0xf0 0x00 0x20 0x00 0x00 0x76 0x85 0x02 0x00 0x2b 0x60 0x7e            NOPA;                         NOPB;                         NOPS;                         MOVXM p7, #2128
.label TGT_F__cxa_finalize_160
.loop_nesting 1
        2128    0x06 0x1c 0x9e 0x98                                                              LDA p1, [p6], #4
        2132    0x06 0xdc 0x1e 0x98                                                              LDA p0, [p6], #-12
        2136    0x00 0x00                                                                        NOPX
        2138    0x00 0x00                                                                        NOPX
        2140    0x00 0x00                                                                        NOPX
        2142    0x00 0x00                                                                        NOPX
        2144    0x00 0x00                                                                        NOPX
.no_stack_arguments
        2146    0x10 0x30 0x40 0x18                                                                                                                                                        JL p1
.delay_slot
.swstall delay_slot
        2150    0x00 0x00                                                                        NOPX
.delay_slot
.swstall delay_slot
        2152    0x00 0x00                                                                        NOPX
.delay_slot
.swstall delay_slot
        2154    0x00 0x00                                                                        NOPX
.delay_slot
.swstall delay_slot
        2156    0x00 0x00                                                                        NOPX
.delay_slot
.swstall delay_slot
        2158    0x00 0x00                                                                        NOPX
.return_address
        2160    0x13 0x9d 0xe0 0x18                                                                                                                                                        JNZD r14, r14, p7
.delay_slot
.swstall delay_slot
        2164    0x00 0x00                                                                        NOPX
.delay_slot
.swstall delay_slot
        2166    0x00 0x00                                                                        NOPX
.delay_slot
.swstall delay_slot
        2168    0x00 0x00                                                                        NOPX
.delay_slot
.swstall delay_slot
        2170    0x00 0x00                                                                        NOPX
.delay_slot
.swstall delay_slot
        2172    0x00 0x00                                                                        NOPX
.loop_nesting 0
        2174    0xfb 0x87 0x20 0x15 0xea 0x02 0x9b 0x10 0x78 0xba                                LDA lr, [sp, #-36];                                                                       MOVX upsSign1, r10;           MOV vaddSign1, r12
        2184    0xfb 0x06 0x20 0x11 0xca 0x00 0x9a 0x50 0x78 0xba                                LDA r1, [sp, #-40];                                                                       MOVX upsSign0, r8;            MOV vaddSign0, r9
        2194    0xfc 0x0a 0x20 0x17 0xe6 0x00 0xf3 0xd0 0x78 0xba                                LDA r2, [sp, #-32];                                                                       MOVX srsSign1, r11;           MOV packSign0, r15
        2204    0xfd 0x82 0x26 0xf1 0x80 0x2c                                                    LDA r0, [sp, #-20];                                                                       MOVX srsSign0, r13
        2210    0x07 0xe4 0xb1 0x18                                                              LDA r5, [sp, #-28]
        2214    0x07 0xf4 0x71 0x18                                                              LDA r3, [sp, #-12]
        2218    0x07 0xfc 0x91 0x18                                                              LDA r4, [sp, #-4]
        2222    0x07 0xf8 0xd1 0x18                                                              LDA r6, [sp, #-8]
        2226    0xfe 0x06 0x20 0xf8 0x80 0x2c                                                    LDA r1, [sp, #-16];                                                                       MOVX packSign1, r1
        2232    0xfd 0x0a 0x21 0x7b 0x80 0x2c                                                    LDA r2, [sp, #-24];                                                                       MOVX unpackSign1, r2
        2238    0xfa 0x82 0x20 0x76 0x00 0x2c                                                    LDA r0, [sp, #-44];                                                                       MOVX crSRSMode, r0
        2244    0x05 0x00 0x04 0x65 0x41 0xe4                                                                                                                                              RET lr;                       MOV unpackSign0, r5
.delay_slot
        2250    0xff 0xf8 0x00 0x00 0x01 0xc4                                                                                                                                              PADDXM [sp], #-64
.delay_slot
        2256    0x1f 0x40 0x04 0xe4 0x41 0xe4                                                                                                                                              MOVX crPackSize, r3;          MOV crSat, r4
.delay_slot
        2262    0x11 0xbc 0x80 0x18                                                                                                                                                        MOVX crUnpackSize, r6
.delay_slot
        2266    0x10 0x7a 0x80 0x18                                                                                                                                                        MOVX crRnd, r1
.delay_slot
        2270    0x10 0xbc 0x00 0x18                                                                                                                                                        MOVX crUPSMode, r2
.label __cxa_finalize__end

.data_segment DMb 515340
.label _ZL7atexits
	0x50
	0x6
	0x0
	0x0
	0x0
	0x0
	0x0
	0x0
	0x0
	0x0
	0x0
	0x0
	0x0
	0x0
	0x0
	0x0
	0x0
	0x0
	0x0
	0x0
	0x0
	0x0
	0x0
	0x0
	0x0
	0x0
	0x0
	0x0
	0x0
	0x0
	0x0
	0x0
.label _ZL10atexit_cnt
	0x8
	0x0
	0x0
	0x0

.stack DM_stack 458752 462080
