
// File generated by darts version V-2024.06#8be6237c82#250729, Mon Jun 29 08:31:08 2026
// Copyright 2014-2024 Synopsys, Inc. All rights reserved.
// darts -I/home/bcloud/torch2aie/toolchain/aietools/data/aie2p/lib -d -h -I/home/bcloud/torch2aie/toolchain/aietools/include -I/home/bcloud/torch2aie/toolchain/aietools/data/aie2p/lib/runtime_cxx/libcxx-lite/include -I/home/bcloud/torch2aie/toolchain/aietools/data/aie2p/lib/runtime_cxx/libs/libcxx-16/include -I/home/bcloud/torch2aie/toolchain/aietools/data/aie2p/lib/runtime_cxx/libs/libcxxabi-16/include -I/home/bcloud/torch2aie/toolchain/aietools/data/aie2p/lib/runtime/include -D__AIENGINE__ -D__AIE_ARCH__=21 -D__AIEARCH__=21 -D__tct_tgt__=250729 -L +Ihex +nanno minimal_i8.mlir.prj/main_core_0_2.o me

// Release: ipp V-2024.06-TGT-250729
.undef global data _ZN12me_primitive11control_satE

.undef global data _ZN12me_primitive11control_rndE

.undef global data a_c_cons_buff_0

.undef global data b_c_cons_buff_0

.undef global data c_c_buff_0

.text_segment_name
.text global 16 core_0_2
.function_start
	     0    0xff 0xe1 0x00 0x00 0x02 0x00 0x00 0x00 0x70 0xba                                MOVA r1, #-1;                                                                             PADDXM [sp], #64
	    10    0x0f 0xfc 0x3d 0x98                                                                                                                          ST lr, [sp, #-4]
.no_stack_arguments
	    14    0x00 0x00 0x00 0x00 0x01 0x04                                                                                                                                              JL #llvm___aie2p___acquire
.delay_slot
	    20    0x10 0x00 0xd1 0x18                                                                                                                                                        MOVX r0, #52
.delay_slot
.swstall delay_slot
	    24    0x00 0x00                                                                        NOPX
.delay_slot
.swstall delay_slot
	    26    0x00 0x00                                                                        NOPX
.delay_slot
.swstall delay_slot
	    28    0x00 0x00                                                                        NOPX
.delay_slot
.swstall delay_slot
	    30    0x00 0x00                                                                        NOPX
.return_address
.no_stack_arguments
	    32    0x00 0x00 0x00 0x00 0x01 0x04                                                                                                                                              JL #zero_i16
.delay_slot
	    38    0x00 0x00 0x00 0xc0 0x00 0x44                                                                                                                                              MOVXM p0, #c_c_buff_0
.delay_slot
.swstall delay_slot
	    44    0x00 0x00                                                                        NOPX
.delay_slot
.swstall delay_slot
	    46    0x00 0x00                                                                        NOPX
.delay_slot
.swstall delay_slot
	    48    0x00 0x00                                                                        NOPX
.delay_slot
.swstall delay_slot
	    50    0x00 0x2c 0xf0 0x02 0xb6 0x00 0x00 0x40 0x1a 0x57 0x00 0x00 0x1c 0x2e            NOPA;                                                       NOPS;                                                       NOPM;                                   NOPV
.return_address
.no_stack_arguments
	    64    0xff 0xe1 0x00 0x00 0x00 0x00 0x00 0x00 0x40 0xba                                MOVA r1, #-1;                                                                             JL #llvm___aie2p___acquire
.delay_slot
	    74    0x10 0x00 0xc5 0x18                                                                                                                                                        MOVX r0, #49
.delay_slot
.swstall delay_slot
	    78    0x00 0x00                                                                        NOPX
.delay_slot
.swstall delay_slot
	    80    0x00 0x00                                                                        NOPX
.delay_slot
.swstall delay_slot
	    82    0x00 0x00                                                                        NOPX
.delay_slot
.swstall delay_slot
	    84    0x00 0x2c 0xf0 0x00 0x20 0x00 0x00 0x00 0x00 0xad 0x81 0x36                      NOPA;                         NOPB;                         NOPS;                         NOPX
.return_address
.no_stack_arguments
	    96    0xff 0xe1 0x00 0x00 0x00 0x00 0x00 0x00 0x40 0xba                                MOVA r1, #-1;                                                                             JL #llvm___aie2p___acquire
.delay_slot
	   106    0x10 0x00 0xcd 0x18                                                                                                                                                        MOVX r0, #51
.delay_slot
.swstall delay_slot
	   110    0x00 0x00                                                                        NOPX
.delay_slot
.swstall delay_slot
	   112    0x00 0x00                                                                        NOPX
.delay_slot
.swstall delay_slot
	   114    0x00 0x00                                                                        NOPX
.delay_slot
.swstall delay_slot
	   116    0x00 0x2c 0xf0 0x00 0x20 0x00 0x00 0x00 0x00 0xad 0x81 0x36                      NOPA;                         NOPB;                         NOPS;                         NOPX
.return_address
.no_stack_arguments
	   128    0x00 0x00 0x00 0x00 0x01 0x04                                                                                                                                              JL #matmul_i8_i16
.delay_slot
	   134    0x00 0x00 0x04 0xc0 0x00 0x44                                                                                                                                              MOVXM p2, #c_c_buff_0
.delay_slot
	   140    0x00 0x00 0x00 0xc0 0x00 0x44                                                                                                                                              MOVXM p0, #a_c_cons_buff_0
.delay_slot
	   146    0x00 0x00 0x02 0xc0 0x00 0x44                                                                                                                                              MOVXM p1, #b_c_cons_buff_0
.delay_slot
.swstall delay_slot
	   152    0x00 0x00                                                                        NOPX
.delay_slot
.swstall delay_slot
	   154    0x00 0x2c 0xf0 0x00 0x20 0x3c                                                    NOPA;                         NOPB
.return_address
.no_stack_arguments
	   160    0x00 0x21 0x00 0x00 0x00 0x00 0x00 0x00 0x40 0xba                                MOVA r1, #1;                                                                              JL #llvm___aie2p___release
.delay_slot
	   170    0x10 0x00 0xc1 0x18                                                                                                                                                        MOVX r0, #48
.delay_slot
.swstall delay_slot
	   174    0x00 0x00                                                                        NOPX
.delay_slot
.swstall delay_slot
	   176    0x00 0x00                                                                        NOPX
.delay_slot
.swstall delay_slot
	   178    0x00 0x00                                                                        NOPX
.delay_slot
.swstall delay_slot
	   180    0x00 0x2c 0xf0 0x00 0x20 0x00 0x00 0x00 0x00 0xad 0x81 0x36                      NOPA;                         NOPB;                         NOPS;                         NOPX
.return_address
.no_stack_arguments
	   192    0x00 0x21 0x00 0x00 0x00 0x00 0x00 0x00 0x40 0xba                                MOVA r1, #1;                                                                              JL #llvm___aie2p___release
.delay_slot
	   202    0x10 0x00 0xc9 0x18                                                                                                                                                        MOVX r0, #50
.delay_slot
.swstall delay_slot
	   206    0x00 0x00                                                                        NOPX
.delay_slot
.swstall delay_slot
	   208    0x00 0x00                                                                        NOPX
.delay_slot
.swstall delay_slot
	   210    0x00 0x00                                                                        NOPX
.delay_slot
.swstall delay_slot
	   212    0x00 0x2c 0xf0 0x00 0x20 0x00 0x00 0x00 0x00 0xad 0x81 0x36                      NOPA;                         NOPB;                         NOPS;                         NOPX
.return_address
	   224    0xff 0x87 0x20 0x01 0xaa 0x2c                                                    LDA lr, [sp, #-4];                                                                        MOVX r0, #53
.tail_call
	   230    0x00 0x00 0x00 0x00 0x00 0x84                                                                                                                                              J #llvm___aie2p___release
.delay_slot
	   236    0x10 0x02 0x05 0x18                                                                                                                                                        MOVX r1, #1
.delay_slot
	   240    0xff 0xf8 0x00 0x00 0x01 0xc4                                                                                                                                              PADDXM [sp], #-64
.delay_slot
.swstall delay_slot
	   246    0x00 0x00                                                                        NOPX
.delay_slot
.swstall delay_slot
	   248    0x00 0x00                                                                        NOPX
.label core_0_2__end last
.delay_slot
.swstall delay_slot
	   250    0x00 0x00                                                                        NOPX

.undef global data c_c_buff_0

.undef global data a_c_cons_buff_0

.undef global data b_c_cons_buff_0

.undef global text llvm___aie2p___acquire

.undef global text zero_i16

.undef global text matmul_i8_i16

.undef global text llvm___aie2p___release

.text_segment_name
.text global 10 llvm___aie2p___acquire
.function_start
	     0    0x10 0x12 0x18 0x18                                                                                                                                                        ACQ r0, r1
	     4    0x10 0x28 0x00 0x18                                                                                                                                                        RET lr
.delay_slot
.swstall delay_slot
	     8    0x00 0x00                                                                        NOPX
.delay_slot
.swstall delay_slot
	    10    0x00 0x00                                                                        NOPX
.delay_slot
.swstall delay_slot
	    12    0x00 0x00                                                                        NOPX
.delay_slot
.swstall delay_slot
	    14    0x00 0x00                                                                        NOPX
.label llvm___aie2p___acquire__end last
.delay_slot
.swstall delay_slot
	    16    0x00 0x00                                                                        NOPX

.text_segment_name
.text global 10 llvm___aie2p___release
.function_start
	     0    0x10 0x10 0x18 0x18                                                                                                                                                        REL r0, r1
	     4    0x10 0x28 0x00 0x18                                                                                                                                                        RET lr
.delay_slot
.swstall delay_slot
	     8    0x00 0x00                                                                        NOPX
.delay_slot
.swstall delay_slot
	    10    0x00 0x00                                                                        NOPX
.delay_slot
.swstall delay_slot
	    12    0x00 0x00                                                                        NOPX
.delay_slot
.swstall delay_slot
	    14    0x00 0x00                                                                        NOPX
.label llvm___aie2p___release__end last
.delay_slot
.swstall delay_slot
	    16    0x00 0x00                                                                        NOPX

.text_segment_name
.text global 10 llvm___aie___event0
.function_start
	     0    0x10 0x28 0x00 0x18                                                                                                                                                        RET lr
.delay_slot
	     4    0x10 0x10 0x00 0x18                                                                                                                                                        EVENT #0
.delay_slot
.swstall delay_slot
	     8    0x00 0x00                                                                        NOPX
.delay_slot
.swstall delay_slot
	    10    0x00 0x00                                                                        NOPX
.delay_slot
.swstall delay_slot
	    12    0x00 0x00                                                                        NOPX
.label llvm___aie___event0__end last
.delay_slot
.swstall delay_slot
	    14    0x00 0x00                                                                        NOPX

.text_segment_name
.text global 10 llvm___aie___event1
.function_start
	     0    0x10 0x28 0x00 0x18                                                                                                                                                        RET lr
.delay_slot
	     4    0x12 0x10 0x00 0x18                                                                                                                                                        EVENT #1
.delay_slot
.swstall delay_slot
	     8    0x00 0x00                                                                        NOPX
.delay_slot
.swstall delay_slot
	    10    0x00 0x00                                                                        NOPX
.delay_slot
.swstall delay_slot
	    12    0x00 0x00                                                                        NOPX
.label llvm___aie___event1__end last
.delay_slot
.swstall delay_slot
	    14    0x00 0x00                                                                        NOPX

