
// File generated by darts version V-2024.06#8be6237c82#250729, Mon Jun 29 08:30:40 2026
// Copyright 2014-2024 Synopsys, Inc. All rights reserved.
// darts -I/home/bcloud/torch2aie/toolchain/aietools/data/aie2p/lib -d -h -I/home/bcloud/torch2aie/toolchain/aietools/include -I/home/bcloud/torch2aie/toolchain/aietools/data/aie2p/lib/runtime_cxx/libcxx-lite/include -I/home/bcloud/torch2aie/toolchain/aietools/data/aie2p/lib/runtime_cxx/libs/libcxx-16/include -I/home/bcloud/torch2aie/toolchain/aietools/data/aie2p/lib/runtime_cxx/libs/libcxxabi-16/include -I/home/bcloud/torch2aie/toolchain/aietools/data/aie2p/lib/runtime/include -D__AIENGINE__ -D__AIE_ARCH__=21 -D__AIEARCH__=21 -D__tct_tgt__=250729 -L +Ihex +nanno minimal_i8.mlir.prj/main_input.o me

// Release: ipp V-2024.06-TGT-250729
.undef global data _ZN12me_primitive11control_satE

.undef global data _ZN12me_primitive11control_rndE

.undef global data _anonymous0

.undef global data a_c_cons_buff_1

.undef global data a_c_cons_buff_0

.undef global data b_c_cons_buff_1

.undef global data b_c_cons_buff_0

.undef global data c_c_buff_0

.text_segment_name
.text global 16 core_0_2
.function_start
	     0    0x00 0x18 0x02 0x98 0x8b 0x00 0x02 0x00 0x00 0x00 0x70 0x76                      MOVA r24, #0;                                               MOVS p2, p6;                  PADDXM [sp], #64
	    12    0xff 0xe1 0x07 0xf5 0x1d 0x80 0x06 0x88 0x4b 0xd0 0x78 0x76                      MOVA r1, #-1;                                               ST p2, [sp, #-12];            MOVX r0, #52;                 MOV r2, r15
.aggressive_scheduled_block_id 1
.aggressive_scheduled_block_id first
	    24    0xff 0x8a 0xb0 0x00 0x00 0x00 0x30 0x00 0x11 0x3a                                                                                            ST r2, [sp, #-4];             MOVXM p0, #_anonymous0
.aggressive_scheduled_block_id 1
.no_stack_arguments
.noswbrkpt
	    34    0xff 0x73 0xb0 0x00 0x00 0x00 0x00 0x00 0x41 0x3a                                                                                            ST p7, [sp, #-8];             JL #llvm___aie2p___acquire
.delay_slot
.aggressive_scheduled_block_id 1
.aggressive_scheduled_block_id last
.nohwbrkpt
.noswbrkpt
	    44    0xfe 0x3a 0xb0 0x01 0xe8 0xf0 0x70 0x02                                                                                                      ST r14, [sp, #-16];                                         MOV r15, lr
.delay_slot
	    52    0x08 0x1f 0x11 0x98                                                                                                                          ST r24, [p0], #4
.delay_slot
	    56    0x03 0xe2 0x30 0x03 0x30 0x60 0x70 0x02                                                                                                      ST r24, [p0], #4;                                           MOV p6, p0
.delay_slot
	    64    0x08 0x07 0x11 0x98                                                                                                                          ST r24, [p0]
.delay_slot
	    68    0x00 0x2c 0xf0 0x00 0x20 0x00 0x00 0x03 0xf6 0x0e 0xc1 0x36                      NOPA;                         NOPB;                         ST p0, [sp, #-20];            NOPX
.return_address
.no_stack_arguments
	    80    0x00 0x00 0x00 0x00 0x01 0x04                                                                                                                                              JL #zero_i16
.delay_slot
	    86    0x00 0x00 0x00 0xc0 0x00 0x44                                                                                                                                              MOVXM p0, #c_c_buff_0
.delay_slot
.swstall delay_slot
	    92    0x00 0x00                                                                        NOPX
.delay_slot
.swstall delay_slot
	    94    0x00 0x00                                                                        NOPX
.delay_slot
.swstall delay_slot
	    96    0x00 0x00                                                                        NOPX
.delay_slot
.swstall delay_slot
	    98    0x00 0x2c 0xf0 0x02 0xb6 0x00 0x00 0x40 0x1a 0x57 0x00 0x00 0x1c 0x2e            NOPA;                                                       NOPS;                                                       NOPM;                                   NOPV
.return_address
.no_stack_arguments
	   112    0x00 0x00 0x00 0x00 0x01 0x04                                                                                                                                              JL #llvm___aie2p___acquire
.delay_slot
	   118    0x06 0x20 0x00 0x00 0x00 0x03 0xb0 0x00 0x10 0xba                                MOVA r0, #49;                                                                             MOVXM p7, #_anonymous0
.delay_slot
	   128    0x17 0xc2 0xfd 0x18                                                                                                                                                        MOVX r1, #-1
.delay_slot
.swstall delay_slot
	   132    0x00 0x00                                                                        NOPX
.delay_slot
.swstall delay_slot
	   134    0x00 0x00                                                                        NOPX
.delay_slot
.swstall delay_slot
	   136    0x00 0x2c 0xf0 0x04 0x00 0x00 0x1c 0x22                                          NOPA;                                                                                                                                                           NOPV
.return_address
	   144    0xe2 0xca 0xd0 0x01 0x30 0x28 0x08 0x33 0x58 0xba                                LDA r18, [p7, #4];                                                                        MOVX r19, #1;                 MOV r0, #51
	   154    0x17 0xc2 0xfd 0x18                                                                                                                                                        MOVX r1, #-1
	   158    0x00 0x00                                                                        NOPX
.no_stack_arguments
	   160    0x00 0x00 0x00 0x00 0x01 0x04                                                                                                                                              JL #llvm___aie2p___acquire
.delay_slot
	   166    0x00 0x00 0x08 0x20 0x00 0x44                                                                                                                                              MOVXM r16, #a_c_cons_buff_1
.delay_slot
	   172    0x00 0x00 0x08 0xa0 0x00 0x44                                                                                                                                              MOVXM r17, #a_c_cons_buff_0
.delay_slot
.swstall delay_slot
	   178    0x00 0x00                                                                        NOPX
.delay_slot
	   180    0x14 0xf7 0x27 0x98                                                                                                                                                        EQ r27, r19, r18
.delay_slot
	   184    0x00 0x22 0xe8 0x11 0x00 0x00 0x1c 0x22                                                                                                                                    SEL.EQZ r14, r17, r16, r27;                                           NOPV
.return_address
	   192    0xc2 0xca 0xd0 0x00 0xe0 0x28 0x33 0x90 0x78 0xba                                LDA r18, [p6, #4];                                                                        MOVX r14, #1;                 MOV p0, r14
	   202    0x00 0x00 0x04 0xc0 0x00 0x44                                                                                                                                              MOVXM p2, #c_c_buff_0
	   208    0x00 0x00                                                                        NOPX
	   210    0x00 0x00                                                                        NOPX
.no_stack_arguments
	   212    0x00 0x00 0x00 0x00 0x01 0x04                                                                                                                                              JL #matmul_i8_i16
.delay_slot
	   218    0x00 0x00 0x08 0x20 0x00 0x44                                                                                                                                              MOVXM r16, #b_c_cons_buff_1
.delay_slot
	   224    0x00 0x00 0x08 0xa0 0x00 0x44                                                                                                                                              MOVXM r17, #b_c_cons_buff_0
.delay_slot
	   230    0x13 0xb7 0x27 0x98                                                                                                                                                        EQ r27, r14, r18
.delay_slot
	   234    0x00 0x2c 0xf8 0xc2 0x04 0x2c                                                    NOPA;                                                                                     SEL.EQZ r16, r17, r16, r27
.delay_slot
	   240    0x00 0x2c 0xf0 0x00 0x20 0x01 0x5b 0x00 0x00 0x00 0xb4 0x10 0x78 0x00 0x00 0xe1  NOPA;                         NOPB;                         NOPS;                         NOPX;                         MOV p1, r16;                            NOPV
.return_address
.no_stack_arguments
	   256    0x00 0x00 0x00 0x00 0x01 0x04                                                                                                                                              JL #llvm___aie2p___release
.delay_slot
	   262    0x06 0x00 0x00 0x00 0x00 0x03 0xb0 0x00 0x10 0xba                                MOVA r0, #48;                                                                             MOVXM p7, #_anonymous0
.delay_slot
	   272    0x10 0x02 0x05 0x18                                                                                                                                                        MOVX r1, #1
.delay_slot
.swstall delay_slot
	   276    0x00 0x00                                                                        NOPX
.delay_slot
.swstall delay_slot
	   278    0x00 0x00                                                                        NOPX
.delay_slot
.swstall delay_slot
	   280    0x00 0x2c 0xf0 0x04 0x00 0x00 0x1c 0x22                                          NOPA;                                                                                                                                                           NOPV
.return_address
	   288    0xe2 0xc2 0xd0 0x00 0x06 0x48 0x28 0x01 0x58 0xba                                LDA r16, [p7, #4];                                                                        MOVX r0, #50;                 MOV r1, #1
	   298    0x07 0xec 0x19 0x18                                                              LDA p0, [sp, #-20]
	   302    0x00 0x00                                                                        NOPX
	   304    0x00 0x00                                                                        NOPX
	   306    0x00 0x00                                                                        NOPX
.no_stack_arguments
	   308    0x00 0x00 0x00 0x00 0x01 0x04                                                                                                                                              JL #llvm___aie2p___release
.delay_slot
.swstall delay_slot
	   314    0x00 0x00                                                                        NOPX
.delay_slot
	   316    0x14 0x20 0x07 0x18                                                                                                                                                        ADD r16, r16, #1
.delay_slot
	   320    0x76 0xe1 0x58 0xb0 0xfe 0x24                                                                                                                                              LT r27, r14, r16;             ADD.NC r17, r16, #-2
.delay_slot
	   326    0x00 0x2c 0xf0 0x01 0x5b 0x00 0x04 0x21 0x12 0x7a                                NOPA;                                                       NOPS;                         SEL.EQZ r16, r16, r17, r27
.delay_slot
	   336    0x00 0x2c 0xf0 0x00 0x27 0x16 0x11 0x80 0x00 0x03 0xb0 0x60 0x78 0x00 0x00 0xe1  NOPA;                         NOPB;                         ST r16, [p7, #4];             NOPX;                         MOV p7, p0;                             NOPV
.return_address
	   352    0xc2 0xc2 0xd0 0x00 0x06 0xa8 0x28 0x01 0x58 0xba                                LDA r16, [p6, #4];                                                                        MOVX r0, #53;                 MOV r1, #1
	   362    0x00 0x00                                                                        NOPX
	   364    0x00 0x00                                                                        NOPX
	   366    0x00 0x00                                                                        NOPX
	   368    0x00 0x00                                                                        NOPX
.no_stack_arguments
	   370    0x00 0x00 0x00 0x00 0x01 0x04                                                                                                                                              JL #llvm___aie2p___release
.delay_slot
.swstall delay_slot
	   376    0x00 0x00                                                                        NOPX
.delay_slot
	   378    0x14 0x20 0x07 0x18                                                                                                                                                        ADD r16, r16, #1
.delay_slot
	   382    0x76 0xe1 0x58 0xb0 0xfe 0x24                                                                                                                                              LT r27, r14, r16;             ADD.NC r17, r16, #-2
.delay_slot
	   388    0x14 0x21 0x12 0x18                                                                                                                                                        SEL.EQZ r16, r16, r17, r27
.delay_slot
	   392    0xc2 0xc2 0x30 0x00 0x01 0xa5 0x70 0x02                                                                                                      ST r16, [p6, #4];                                           NOPM
.return_address
	   400    0xfc 0xc2 0xde 0xef 0x41 0xd4                                                    LDA r16, [p7, #-8];                                                                                                     MOV lr, r15
	   406    0x07 0xf8 0x19 0x18                                                              LDA p0, [sp, #-8]
	   410    0x07 0xf7 0x19 0x18                                                              LDA p6, [sp, #-12]
	   414    0x07 0xfd 0xf1 0x18                                                              LDA r15, [sp, #-4]
	   418    0x07 0xf1 0xd1 0x18                                                              LDA r14, [sp, #-16]
	   422    0x10 0x28 0x00 0x18                                                                                                                                                        RET lr
.delay_slot
	   426    0x7f 0xff 0xf8 0xbf 0xfc 0x44                                                                                                                                              MOVXM r17, #2147483646
.delay_slot
	   432    0xff 0xf8 0x00 0x00 0x01 0xc4                                                                                                                                              PADDXM [sp], #-64
.delay_slot
	   438    0x14 0x63 0x0c 0x98                                                                                                                                                        LTU r17, r17, r16
.delay_slot
	   442    0x14 0x61 0x00 0x98                                                                                                                                                        ADD r16, r17, r16
.label core_0_2__end last
.delay_slot
	   446    0xfc 0xc2 0x30 0x03 0xb0 0x60 0x70 0x02                                                                                                      ST r16, [p7, #-8];                                          MOV p7, p0

.undef global data _anonymous0

.undef global data c_c_buff_0

.undef global data a_c_cons_buff_0

.undef global data a_c_cons_buff_1

.undef global data b_c_cons_buff_0

.undef global data b_c_cons_buff_1

.undef global text llvm___aie2p___acquire

.undef global text zero_i16

.undef global text matmul_i8_i16

.undef global text llvm___aie2p___release

.text_segment_name
.text global 10 llvm___aie2p___acquire
.function_start
	     0    0x10 0x12 0x18 0x18                                                                                                                                                        ACQ r0, r1
	     4    0x10 0x28 0x00 0x18                                                                                                                                                        RET lr
.delay_slot
.swstall delay_slot
	     8    0x00 0x00                                                                        NOPX
.delay_slot
.swstall delay_slot
	    10    0x00 0x00                                                                        NOPX
.delay_slot
.swstall delay_slot
	    12    0x00 0x00                                                                        NOPX
.delay_slot
.swstall delay_slot
	    14    0x00 0x00                                                                        NOPX
.label llvm___aie2p___acquire__end last
.delay_slot
.swstall delay_slot
	    16    0x00 0x00                                                                        NOPX

.text_segment_name
.text global 10 llvm___aie2p___release
.function_start
	     0    0x10 0x10 0x18 0x18                                                                                                                                                        REL r0, r1
	     4    0x10 0x28 0x00 0x18                                                                                                                                                        RET lr
.delay_slot
.swstall delay_slot
	     8    0x00 0x00                                                                        NOPX
.delay_slot
.swstall delay_slot
	    10    0x00 0x00                                                                        NOPX
.delay_slot
.swstall delay_slot
	    12    0x00 0x00                                                                        NOPX
.delay_slot
.swstall delay_slot
	    14    0x00 0x00                                                                        NOPX
.label llvm___aie2p___release__end last
.delay_slot
.swstall delay_slot
	    16    0x00 0x00                                                                        NOPX

.text_segment_name
.text global 10 llvm___aie___event0
.function_start
	     0    0x10 0x28 0x00 0x18                                                                                                                                                        RET lr
.delay_slot
	     4    0x10 0x10 0x00 0x18                                                                                                                                                        EVENT #0
.delay_slot
.swstall delay_slot
	     8    0x00 0x00                                                                        NOPX
.delay_slot
.swstall delay_slot
	    10    0x00 0x00                                                                        NOPX
.delay_slot
.swstall delay_slot
	    12    0x00 0x00                                                                        NOPX
.label llvm___aie___event0__end last
.delay_slot
.swstall delay_slot
	    14    0x00 0x00                                                                        NOPX

.text_segment_name
.text global 10 llvm___aie___event1
.function_start
	     0    0x10 0x28 0x00 0x18                                                                                                                                                        RET lr
.delay_slot
	     4    0x12 0x10 0x00 0x18                                                                                                                                                        EVENT #1
.delay_slot
.swstall delay_slot
	     8    0x00 0x00                                                                        NOPX
.delay_slot
.swstall delay_slot
	    10    0x00 0x00                                                                        NOPX
.delay_slot
.swstall delay_slot
	    12    0x00 0x00                                                                        NOPX
.label llvm___aie___event1__end last
.delay_slot
.swstall delay_slot
	    14    0x00 0x00                                                                        NOPX

