
// File generated by darts version V-2024.06#8be6237c82#250729, Mon Jun 29 08:31:09 2026
// Copyright 2014-2024 Synopsys, Inc. All rights reserved.
// darts -I/home/bcloud/torch2aie/toolchain/aietools/data/aie2p/lib -d -h -I/home/bcloud/torch2aie/toolchain/aietools/include -I/home/bcloud/torch2aie/toolchain/aietools/data/aie2p/lib/runtime_cxx/libcxx-lite/include -I/home/bcloud/torch2aie/toolchain/aietools/data/aie2p/lib/runtime_cxx/libs/libcxx-16/include -I/home/bcloud/torch2aie/toolchain/aietools/data/aie2p/lib/runtime_cxx/libs/libcxxabi-16/include -I/home/bcloud/torch2aie/toolchain/aietools/data/aie2p/lib/runtime/include -D__AIENGINE__ -D__AIE_ARCH__=21 -D__AIEARCH__=21 -D__tct_tgt__=250729 -L +Ihex +nanno +u /home/bcloud/npu-sandbox/npu-infer/build/int8/minimal_i8.mlir.prj/main_core_0_2.elf me

// Release: ipp V-2024.06-TGT-250729

.text_segment PM      0
.entry_point
.label __AIE_ARCH_MODEL_VERSION__21011400__inlined__1__me_basic___main_init_
.label _main_init
.function_start
           0    0x00 0x07 0x09 0xe0 0x00 0x44                                                                                                                                              MOVXM sp, #458752
           6    0x00 0x00 0x04 0x20 0x00 0x44                                                                                                                                              MOVXM r8, #0
          12    0x00 0x00 0x08 0x20 0x00 0x44                                                                                                                                              MOVXM r16, #0
          18    0x12 0x21 0x07 0x98                                                                                                                                                        EQ r16, r8, r16
          22    0x80 0x00 0x40 0x40 0x01 0x84                                                                                                                                              JNZ r16, #128
.delay_slot
.swstall delay_slot
          28    0x00 0x00                                                                        NOPX
.delay_slot
.swstall delay_slot
          30    0x00 0x00                                                                        NOPX
.delay_slot
.swstall delay_slot
          32    0x00 0x00                                                                        NOPX
.delay_slot
.swstall delay_slot
          34    0x00 0x00                                                                        NOPX
.delay_slot
.swstall delay_slot
          36    0x00 0x00                                                                        NOPX
          38    0x00 0x2c 0xf7 0x80 0x8b 0x01 0x28 0x50 0x72 0xba                                NOPA;                                                       MOVS p7, p0;                                                MOV r9, r1
          48    0x00 0x2c 0xf0 0x00 0x20 0x01 0x5b 0x3f 0xff 0xff 0x37 0xfe 0x10 0x00 0x00 0xe1  NOPA;                         NOPB;                         NOPS;                         MOVXM p6, #-4;                                                        NOPV
.label TGT_F_main_init_64
.loop_nesting 1
          64    0xdf 0x83 0xd5 0x39 0x81 0xd4                                                    LDA p0, [p6], #-4;                                                                                                      MOV r10, p6
          70    0x00 0x00                                                                        NOPX
          72    0x00 0x00                                                                        NOPX
          74    0x00 0x00                                                                        NOPX
          76    0x00 0x00                                                                        NOPX
          78    0x00 0x00                                                                        NOPX
          80    0x00 0x00                                                                        NOPX
.no_stack_arguments
          82    0x10 0x30 0x00 0x18                                                                                                                                                        JL p0
.delay_slot
.swstall delay_slot
          86    0x00 0x00                                                                        NOPX
.delay_slot
.swstall delay_slot
          88    0x00 0x00                                                                        NOPX
.delay_slot
.swstall delay_slot
          90    0x00 0x00                                                                        NOPX
.delay_slot
.swstall delay_slot
          92    0x00 0x00                                                                        NOPX
.delay_slot
.swstall delay_slot
          94    0x00 0x00                                                                        NOPX
.return_address
          96    0x12 0xa0 0x88 0x98                                                                                                                                                        NE r16, r10, r8
         100    0x80 0x00 0x20 0x40 0x01 0x84                                                                                                                                              JNZ r16, #64
.delay_slot
.swstall delay_slot
         106    0x00 0x00                                                                        NOPX
.delay_slot
.swstall delay_slot
         108    0x00 0x00                                                                        NOPX
.delay_slot
.swstall delay_slot
         110    0x00 0x00                                                                        NOPX
.delay_slot
.swstall delay_slot
         112    0x00 0x00                                                                        NOPX
.delay_slot
.swstall delay_slot
         114    0x00 0x00                                                                        NOPX
.loop_nesting 0
         116    0x00 0x2c 0xf0 0x00 0x20 0x9c 0x8b 0x00 0x2a 0x50 0x70 0xf6                      NOPA;                         NOPB;                         MOVS p0, p7;                                                MOV r1, r9
.label TGT_F_main_init_128
.no_stack_arguments
         128    0x00 0x00 0x70 0x00 0x01 0x04                                                                                                                                              JL #224
.delay_slot
.swstall delay_slot
         134    0x00 0x00                                                                        NOPX
.delay_slot
.swstall delay_slot
         136    0x00 0x00                                                                        NOPX
.delay_slot
.swstall delay_slot
         138    0x00 0x00                                                                        NOPX
.delay_slot
.swstall delay_slot
         140    0x00 0x00                                                                        NOPX
.delay_slot
.swstall delay_slot
         142    0x00 0x00                                                                        NOPX
.return_address
.no_stack_arguments
         144    0x00 0x04 0x98 0x00 0x01 0x04                                                                                                                                              JL #2352
.delay_slot
         150    0x18 0x60 0x00 0xb8                                                                                                                                                                                      MOV p0, #0
.delay_slot
.swstall delay_slot
         154    0x00 0x00                                                                        NOPX
.delay_slot
.swstall delay_slot
         156    0x00 0x00                                                                        NOPX
.delay_slot
.swstall delay_slot
         158    0x00 0x00                                                                        NOPX
.delay_slot
.swstall delay_slot
         160    0x00 0x2c 0xf0 0x00 0x20 0x01 0x5b 0x00 0x00 0x00 0x01 0xa5 0x78 0x00 0x00 0xe1  NOPA;                         NOPB;                         NOPS;                         NOPX;                         NOPM;                                   NOPV
.return_address
.swstall chess_separator_scheduler
         176    0x00 0x00                                                                        NOPX
.swstall chess_separator_scheduler
         178    0x00 0x00                                                                        NOPX
.swstall chess_separator_scheduler
         180    0x00 0x00                                                                        NOPX
.swstall chess_separator_scheduler
         182    0x00 0x00                                                                        NOPX
.swstall chess_separator_scheduler
         184    0x00 0x00                                                                        NOPX
.swstall chess_separator_scheduler
         186    0x00 0x00                                                                        NOPX
         188    0x10 0x08 0x00 0x18                                                                                                                                                        DONE
.swstall chess_separator_scheduler
         192    0x00 0x00                                                                        NOPX
.swstall chess_separator_scheduler
         194    0x00 0x00                                                                        NOPX
.swstall chess_separator_scheduler
         196    0x00 0x00                                                                        NOPX
.swstall chess_separator_scheduler
         198    0x00 0x00                                                                        NOPX
.swstall chess_separator_scheduler
         200    0x00 0x00                                                                        NOPX
.swstall chess_separator_scheduler
         202    0x00 0x00                                                                        NOPX
.swstall for_chess_exit
.exit
         204    0x00 0x01 0x67 0x98                                                              NOPA
.label TGT_F_main_init_208
.loop_nesting 1
         208    0x00 0x00 0x68 0x00 0x00 0x84                                                                                                                                              J #208
.delay_slot
.swstall delay_slot
         214    0x00 0x00                                                                        NOPX
.delay_slot
.swstall delay_slot
         216    0x00 0x00                                                                        NOPX
.delay_slot
.swstall delay_slot
         218    0x00 0x00                                                                        NOPX
.delay_slot
.swstall delay_slot
         220    0x00 0x00                                                                        NOPX
.delay_slot
.swstall delay_slot
         222    0x00 0x00                                                                        NOPX
.label _main_init__end
.label core_0_2
.function_start
         224    0xff 0xe1 0x00 0x00 0x02 0x00 0x00 0x00 0x70 0xba                                MOVA r1, #-1;                                                                             PADDXM [sp], #64
         234    0x0f 0xfc 0x3d 0x98                                                                                                                          ST lr, [sp, #-4]
.no_stack_arguments
         238    0x00 0x00 0xf0 0x00 0x01 0x04                                                                                                                                              JL #480
.delay_slot
         244    0x10 0x00 0xd1 0x18                                                                                                                                                        MOVX r0, #52
.delay_slot
.swstall delay_slot
         248    0x00 0x00                                                                        NOPX
.delay_slot
.swstall delay_slot
         250    0x00 0x00                                                                        NOPX
.delay_slot
.swstall delay_slot
         252    0x00 0x00                                                                        NOPX
.delay_slot
.swstall delay_slot
         254    0x00 0x00                                                                        NOPX
.return_address
.no_stack_arguments
         256    0x00 0x03 0x68 0x00 0x01 0x04                                                                                                                                              JL #1744
.delay_slot
         262    0x00 0x07 0x00 0xc8 0x00 0x44                                                                                                                                              MOVXM p0, #459776
.delay_slot
.swstall delay_slot
         268    0x00 0x00                                                                        NOPX
.delay_slot
.swstall delay_slot
         270    0x00 0x00                                                                        NOPX
.delay_slot
.swstall delay_slot
         272    0x00 0x00                                                                        NOPX
.delay_slot
.swstall delay_slot
         274    0x00 0x2c 0xf0 0x02 0xb6 0x00 0x00 0x40 0x1a 0x57 0x00 0x00 0x1c 0x2e            NOPA;                                                       NOPS;                                                       NOPM;                                   NOPV
.return_address
.no_stack_arguments
         288    0xff 0xe1 0x00 0x00 0x00 0x3c 0x00 0x00 0x40 0xba                                MOVA r1, #-1;                                                                             JL #480
.delay_slot
         298    0x10 0x00 0xc5 0x18                                                                                                                                                        MOVX r0, #49
.delay_slot
.swstall delay_slot
         302    0x00 0x00                                                                        NOPX
.delay_slot
.swstall delay_slot
         304    0x00 0x00                                                                        NOPX
.delay_slot
.swstall delay_slot
         306    0x00 0x00                                                                        NOPX
.delay_slot
.swstall delay_slot
         308    0x00 0x2c 0xf0 0x00 0x20 0x00 0x00 0x00 0x00 0xad 0x81 0x36                      NOPA;                         NOPB;                         NOPS;                         NOPX
.return_address
.no_stack_arguments
         320    0xff 0xe1 0x00 0x00 0x00 0x3c 0x00 0x00 0x40 0xba                                MOVA r1, #-1;                                                                             JL #480
.delay_slot
         330    0x10 0x00 0xcd 0x18                                                                                                                                                        MOVX r0, #51
.delay_slot
.swstall delay_slot
         334    0x00 0x00                                                                        NOPX
.delay_slot
.swstall delay_slot
         336    0x00 0x00                                                                        NOPX
.delay_slot
.swstall delay_slot
         338    0x00 0x00                                                                        NOPX
.delay_slot
.swstall delay_slot
         340    0x00 0x2c 0xf0 0x00 0x20 0x00 0x00 0x00 0x00 0xad 0x81 0x36                      NOPA;                         NOPB;                         NOPS;                         NOPX
.return_address
.no_stack_arguments
         352    0x00 0x01 0x10 0x00 0x01 0x04                                                                                                                                              JL #544
.delay_slot
         358    0x00 0x07 0x04 0xc8 0x00 0x44                                                                                                                                              MOVXM p2, #459776
.delay_slot
         364    0x00 0x07 0x60 0xc8 0x00 0x44                                                                                                                                              MOVXM p0, #484352
.delay_slot
         370    0x00 0x07 0x22 0xc8 0x00 0x44                                                                                                                                              MOVXM p1, #467968
.delay_slot
.swstall delay_slot
         376    0x00 0x00                                                                        NOPX
.delay_slot
.swstall delay_slot
         378    0x00 0x2c 0xf0 0x00 0x20 0x3c                                                    NOPA;                         NOPB
.return_address
.no_stack_arguments
         384    0x00 0x21 0x00 0x00 0x00 0x40 0x00 0x00 0x40 0xba                                MOVA r1, #1;                                                                              JL #512
.delay_slot
         394    0x10 0x00 0xc1 0x18                                                                                                                                                        MOVX r0, #48
.delay_slot
.swstall delay_slot
         398    0x00 0x00                                                                        NOPX
.delay_slot
.swstall delay_slot
         400    0x00 0x00                                                                        NOPX
.delay_slot
.swstall delay_slot
         402    0x00 0x00                                                                        NOPX
.delay_slot
.swstall delay_slot
         404    0x00 0x2c 0xf0 0x00 0x20 0x00 0x00 0x00 0x00 0xad 0x81 0x36                      NOPA;                         NOPB;                         NOPS;                         NOPX
.return_address
.no_stack_arguments
         416    0x00 0x21 0x00 0x00 0x00 0x40 0x00 0x00 0x40 0xba                                MOVA r1, #1;                                                                              JL #512
.delay_slot
         426    0x10 0x00 0xc9 0x18                                                                                                                                                        MOVX r0, #50
.delay_slot
.swstall delay_slot
         430    0x00 0x00                                                                        NOPX
.delay_slot
.swstall delay_slot
         432    0x00 0x00                                                                        NOPX
.delay_slot
.swstall delay_slot
         434    0x00 0x00                                                                        NOPX
.delay_slot
.swstall delay_slot
         436    0x00 0x2c 0xf0 0x00 0x20 0x00 0x00 0x00 0x00 0xad 0x81 0x36                      NOPA;                         NOPB;                         NOPS;                         NOPX
.return_address
         448    0xff 0x87 0x20 0x01 0xaa 0x2c                                                    LDA lr, [sp, #-4];                                                                        MOVX r0, #53
.tail_call
         454    0x00 0x01 0x00 0x00 0x00 0x84                                                                                                                                              J #512
.delay_slot
         460    0x10 0x02 0x05 0x18                                                                                                                                                        MOVX r1, #1
.delay_slot
         464    0xff 0xf8 0x00 0x00 0x01 0xc4                                                                                                                                              PADDXM [sp], #-64
.delay_slot
.swstall delay_slot
         470    0x00 0x00                                                                        NOPX
.delay_slot
.swstall delay_slot
         472    0x00 0x00                                                                        NOPX
.delay_slot
.swstall delay_slot
         474    0x00 0x00                                                                        NOPX
.label core_0_2__end

.text_segment PM    480
.label llvm___aie2p___acquire
.function_start
         480    0x10 0x12 0x18 0x18                                                                                                                                                        ACQ r0, r1
         484    0x10 0x28 0x00 0x18                                                                                                                                                        RET lr
.delay_slot
.swstall delay_slot
         488    0x00 0x00                                                                        NOPX
.delay_slot
.swstall delay_slot
         490    0x00 0x00                                                                        NOPX
.delay_slot
.swstall delay_slot
         492    0x00 0x00                                                                        NOPX
.delay_slot
.swstall delay_slot
         494    0x00 0x00                                                                        NOPX
.delay_slot
.swstall delay_slot
         496    0x00 0x00                                                                        NOPX
.label llvm___aie2p___acquire__end

.text_segment PM    512
.label llvm___aie2p___release
.function_start
         512    0x10 0x10 0x18 0x18                                                                                                                                                        REL r0, r1
         516    0x10 0x28 0x00 0x18                                                                                                                                                        RET lr
.delay_slot
.swstall delay_slot
         520    0x00 0x00                                                                        NOPX
.delay_slot
.swstall delay_slot
         522    0x00 0x00                                                                        NOPX
.delay_slot
.swstall delay_slot
         524    0x00 0x00                                                                        NOPX
.delay_slot
.swstall delay_slot
         526    0x00 0x00                                                                        NOPX
.delay_slot
.swstall delay_slot
         528    0x00 0x00                                                                        NOPX
.label llvm___aie2p___release__end

.text_segment PM    544
.label matmul_i8_i16
.function_start
         544    0x00 0x20 0x00 0x00 0x01 0xdd 0xb2 0x00 0x10 0xba                                MOVA r0, #1;                                                                              MOVXM p3, #488448
         554    0x60 0xc6 0xd0 0x00 0x01 0xdd 0xb2 0x02 0x10 0xba                                LDA r17, [p3];                                                                            MOVXM p3, #488452
         564    0x01 0x61 0x00 0x02 0xc6 0x00 0x88 0x60 0x78 0xba                                MOVA r1, #11;                                                                             MOVX srsSign0, #1;            MOV r4, p0
         574    0x60 0xc0 0x50 0x00 0x80 0x00 0x4a 0x60 0x78 0xba                                LDA.s8 r16, [p3];                                                                         EVENT #0;                     MOV r2, p2
         584    0x01 0x23 0x00 0x00 0x0c 0x00 0x00 0x00 0x70 0xba                                MOVA r3, #9;                                                                              PADDXM [sp], #384
         594    0x00 0x07 0x00 0x00 0xe0 0x02 0x38 0x00 0x58 0xba                                MOVA r7, #0;                                                                              MOVX crUPSMode, #0;           MOV crSRSMode, #0
         604    0x78 0x00 0x80 0x18 0x51 0x08 0x70 0x00 0x58 0xba                                MOVA m0, #960;                                                                            MOVX r5, #776;                MOV s0, #0
         614    0xff 0xff 0xe4 0x08 0x80 0x44                                                                                                                                              MOVXM m2, #-7104
         620    0x80 0x04 0x80 0x23 0xdc 0x00 0x1b 0xe0 0x78 0xba                                MOVA m1, #-1024;                                                                          MOVX crSat, r17;              MOV upsSign0, srsSign0
         630    0x00 0x00 0x00 0xc5 0x00 0x44                                                                                                                                              MOVXM p0, #640
         636    0x14 0x3a 0x80 0x18                                                                                                                                                        MOVX crRnd, r16
.label TGT_Fmatmul_i8_i16_96
.loop_nesting 1
         640    0x00 0xe5 0x42 0x3c 0x68 0x0f 0x11 0xee 0x09 0xc0 0x48 0xb6                      MOVA lc, #7;                  VLDB x8, [p1], #64;                                         LSHL r17, r7, r3;             ADD.NC r16, r7, #1
         652    0x02 0x14 0xe8 0x21 0x11 0xee 0x34 0x48 0xa8 0x3a                                                              VLDB x9, [p1], m0;                                          LSHL r17, r16, r3;            ADD.NC p4, r17, r4
         662    0x83 0xca 0xb0 0x0e 0x70 0xee 0xb4 0x48 0xa8 0xba                                VLDA bmhl4, [p4], #64;                                                                    LSHL r7, r7, r1;              ADD.NC p5, r17, r4
         672    0xa3 0x8e 0xb8 0x38 0x68 0x20 0x70 0xed 0x31 0xc4 0xa8 0xb6                      VLDA bmhh0, [p5], #64;        VLDB x0, [p4], #64;                                         LSHL r7, r16, r1;             ADD.NC p2, r7, r2
         684    0xa3 0x8a 0xb4 0x1c 0x74 0x01 0xb1 0xc4 0xae 0xba                                VLDA bmhl0, [p5], #64;        VLDB x1, [p4], #64;                                                                       ADD.NC p3, r7, r2
         694    0xa3 0xba 0xb8 0x39 0x68 0x00 0x00 0x00 0x7a 0x10 0x10 0xb6                      VLDA bmhl3, [p5], #64;        VLDB x2, [p4], #64;                                         MOVXM ls, #1056
         706    0xa3 0xbe 0xb8 0x39 0xe8 0x00 0x00 0x01 0xba 0xb8 0x10 0xb6                      VLDA bmhh3, [p5], #64;        VLDB x3, [p4], #64;                                         MOVXM le, #1392
         718    0xa3 0x82 0xb8 0x3a 0x68 0x3c                                                    VLDA bmll0, [p5], #64;        VLDB x4, [p4], #64
         724    0x43 0xa0 0x6a 0x3b 0x6f 0xf6 0x73 0x32                                          VLDA.UPS.2x cml2, s0, upsSign0, [p2], #64;VLDB x6, [p5], #64;VST x9, [sp, #-192]
         732    0x43 0xa8 0x68 0x0a 0xef 0xfe 0x56 0xb2                                          VLDA.UPS.2x cmh2, s0, upsSign0, [p2], #64;VLDB x5, [p4];    VST bmhl4, [sp, #-64]
.aggressive_scheduled_block_id 1
.aggressive_scheduled_block_id first
         740    0xff 0xbf 0x7b 0x46 0x25 0xd4                                                    VLDA x7, [sp, #-64];                                                                                                    VMOV x11, bmhh0
.aggressive_scheduled_block_id 1
.noswbrkpt
         746    0x63 0x90 0x62 0x3b 0xe8 0x3c                                                    VLDA.UPS.2x cml1, s0, upsSign0, [p3], #64;VLDB x7, [p1], #64
.aggressive_scheduled_block_id 1
.nohwbrkpt
.noswbrkpt
         752    0x63 0x98 0x62 0x15 0x68 0x3c                                                    VLDA.UPS.2x cmh1, s0, upsSign0, [p3], #64;VLDB x10, [p1], m0
.aggressive_scheduled_block_id 1
.nohwbrkpt
.noswbrkpt
         758    0x63 0xc0 0x62 0x3b 0x68 0x3c                                                    VLDA.UPS.2x cml4, s0, upsSign0, [p3], #64;VLDB x6, [p1], #64
.aggressive_scheduled_block_id 1
.nohwbrkpt
.noswbrkpt
         764    0x03 0xde 0x43 0x18                                                              VLDA.UPS.2x cmh4, s0, upsSign0, [p3], #-192
.aggressive_scheduled_block_id 1
.nohwbrkpt
.noswbrkpt
         768    0x0f 0xf9 0xb3 0x18                                                                                                                          VST x6, [sp, #-128]
.aggressive_scheduled_block_id 1
.nohwbrkpt
.noswbrkpt
         772    0xff 0x3f 0x72 0x14 0xe8 0x3c                                                    VLDA x7, [sp, #-128];         VLDB x9, [p1], m0
.aggressive_scheduled_block_id 1
.nohwbrkpt
.noswbrkpt
         778    0xa0 0xb2 0xb4 0x20 0x12 0xe2 0x2a 0x4f 0x01 0x0a                                VLDA bmll3, [p5];                                                                                                       VMOV x8, bmll0;                         VMAC dm2, dm2, x7, x8,r5
.aggressive_scheduled_block_id 1
.nohwbrkpt
.noswbrkpt
         788    0xa2 0xb6 0xb1 0x1d 0xb4 0x1d 0x29 0x37 0x01 0x0a                                VLDA bmlh3, [p5, #64];        VLDB x6, [p1], #64;                                                                                                               VMAC dm1, dm1, x11, x8,r5
.aggressive_scheduled_block_id 1
.nohwbrkpt
.noswbrkpt
         798    0x82 0x86 0xb2 0x14 0xef 0xf2 0xb3 0x00 0x00 0x02 0x51 0x09 0x79 0x52 0x07 0x09  VLDA bmlh0, [p4, #64];        VLDB x9, [p1], m0;            VST x10, [sp, #-256];         NOPX;                         VMOV x9, bmhl0;                         VMAC dm2, dm2, x0, x7,r5
.aggressive_scheduled_block_id 1
.nohwbrkpt
.noswbrkpt
         814    0x2c 0x97 0x21 0x08                                                                                                                                                                                                                              VMAC dm4, dm4, x11, x9,r5
.aggressive_scheduled_block_id 1
.nohwbrkpt
.noswbrkpt
         818    0x02 0x3c 0xed 0x2e 0x12 0xe6 0x29 0x32 0xe1 0x0a                                                              VLDB x9, [p1], #64;                                                                       VMOV x10, bmhl3;                        VMAC dm1, dm1, x9, x7,r5
.aggressive_scheduled_block_id 1
.nohwbrkpt
.noswbrkpt
         828    0x01 0x0a 0xb4 0x00 0x2c 0x93 0x41 0x22                                                                        VLDB x10, [p1], m0;                                                                                                               VMAC dm4, dm4, x9, x10,r5
.aggressive_scheduled_block_id 1
.nohwbrkpt
.noswbrkpt
         836    0xfd 0xce 0x60 0x02 0x2a 0x42 0xc1 0x22                                                                                                      VST x9, [sp, #-320];                                                                                VMAC dm2, dm2, x1, x6,r5
.aggressive_scheduled_block_id 1
.nohwbrkpt
.noswbrkpt
         844    0x02 0x3c 0xed 0x2f 0x12 0xe6 0x29 0x34 0xc1 0x0a                                                              VLDB x9, [p1], #64;                                                                       VMOV x10, bmhh3;                        VMAC dm1, dm1, x10, x6,r5
.aggressive_scheduled_block_id 1
.nohwbrkpt
.noswbrkpt
         854    0x01 0x0a 0x34 0x00 0x2c 0x95 0x21 0x22                                                                        VLDB x8, [p1], m0;                                                                                                                VMAC dm4, dm4, x10, x9,r5
.aggressive_scheduled_block_id 1
.nohwbrkpt
.noswbrkpt
         862    0xfd 0x4e 0x60 0x02 0x2a 0x44 0xc1 0x22                                                                                                      VST x9, [sp, #-384];                                                                                VMAC dm2, dm2, x2, x6,r5
.aggressive_scheduled_block_id 1
.nohwbrkpt
.noswbrkpt
         870    0x03 0x2c 0x12 0xe6 0x2c 0x95 0x21 0x22                                                                                                                                                                  VMOV x6, bmll3;                         VMAC dm4, dm4, x10, x9,r5
.aggressive_scheduled_block_id 1
.nohwbrkpt
.noswbrkpt
         878    0x01 0x1d 0xf4 0x00 0x29 0x34 0xc1 0x22                                                                        VLDB x7, [p1], #64;                                                                                                               VMAC dm1, dm1, x10, x6,r5
.aggressive_scheduled_block_id 1
.nohwbrkpt
.noswbrkpt
         886    0x01 0x0a 0xf4 0x00 0x2a 0x47 0x21 0x22                                                                        VLDB x11, [p1], m0;                                                                                                               VMAC dm2, dm2, x3, x9,r5
.aggressive_scheduled_block_id 1
.nohwbrkpt
.noswbrkpt
         894    0x01 0x1d 0xf4 0x00 0x29 0x31 0x21 0x22                                                                        VLDB x7, [p1], #64;                                                                                                               VMAC dm1, dm1, x8, x9,r5
.aggressive_scheduled_block_id 1
.nohwbrkpt
.noswbrkpt
         902    0x2c 0x91 0x41 0x08                                                                                                                                                                                                                              VMAC dm4, dm4, x8, x10,r5
.aggressive_scheduled_block_id 1
.nohwbrkpt
.noswbrkpt
         906    0x04 0xad 0x12 0xe6 0x2a 0x49 0x21 0x22                                                                                                                                                                  VMOV x9, bmlh3;                         VMAC dm2, dm2, x4, x9,r5
.aggressive_scheduled_block_id 1
.nohwbrkpt
.noswbrkpt
         914    0xff 0xbf 0x70 0x04 0x29 0x2f 0x21 0x22                                          VLDA x7, [sp, #-64];                                                                                                                                            VMAC dm1, dm1, x7, x9,r5
.aggressive_scheduled_block_id 1
.nohwbrkpt
.noswbrkpt
         922    0x2c 0x8f 0x01 0x08                                                                                                                                                                                                                              VMAC dm4, dm4, x7, x8,r5
.aggressive_scheduled_block_id 1
.nohwbrkpt
.noswbrkpt
         926    0x2a 0x4a 0xe1 0x08                                                                                                                                                                                                                              VMAC dm2, dm2, x5, x7,r5
.aggressive_scheduled_block_id 1
.nohwbrkpt
.noswbrkpt
         930    0x43 0x90 0x63 0x21 0x12 0xe2 0x29 0x2c 0xe1 0x0a                                VLDA.UPS.2x cml1, s0, upsSign0, [p2], #64;                                                                              VMOV x6, bmlh0;                         VMAC dm1, dm1, x6, x7,r5
.aggressive_scheduled_block_id 1
.nohwbrkpt
.noswbrkpt
         940    0x5b 0x98 0x60 0x04 0x2c 0x8d 0x61 0x22                                          VLDA.UPS.2x cmh1, s0, upsSign0, [p2], #-192;                                                                                                                    VMAC dm4, dm4, x6, x11,r5
.aggressive_scheduled_block_id 1
.nohwbrkpt
.noswbrkpt
         948    0x29 0x32 0xe1 0x08                                                                                                                                                                                                                              VMAC dm1, dm1, x9, x7,r5
.aggressive_scheduled_block_id 1
.nohwbrkpt
.noswbrkpt
         952    0x2a 0x4c 0xe1 0x08                                                                                                                                                                                                                              VMAC dm2, dm2, x6, x7,r5
.aggressive_scheduled_block_id 1
.nohwbrkpt
.noswbrkpt
         956    0x07 0xf6 0xbb 0x98                                                              VLDA x10, [sp, #-192]
.aggressive_scheduled_block_id 1
.nohwbrkpt
.noswbrkpt
         960    0x07 0xf1 0xfb 0x98                                                              VLDA x7, [sp, #-256]
.aggressive_scheduled_block_id 1
.nohwbrkpt
.noswbrkpt
         964    0x07 0xee 0xbb 0x98                                                              VLDA x10, [sp, #-320]
.aggressive_scheduled_block_id 1
.nohwbrkpt
.noswbrkpt
         968    0x07 0xe9 0xfb 0x98                                                              VLDA x7, [sp, #-384]
.aggressive_scheduled_block_id 1
.nohwbrkpt
.noswbrkpt
         972    0x0b 0x1c 0xa0 0x18                                                                                                                          VST.SRS.2x cml1, s0, srsSign0, [p3], #64
.aggressive_scheduled_block_id 1
.nohwbrkpt
.noswbrkpt
         976    0x29 0x56 0x86 0x39 0xc0 0x4c                                                                                  VLDB x10, [p1], m2;           VST.SRS.2x cmh1, s0, srsSign0, [p3], #64
.aggressive_scheduled_block_id 1
.nohwbrkpt
.noswbrkpt
         982    0x43 0xa4 0x00 0x01 0x4a 0x49 0x70 0x02                                                                                                      VST.SRS.2x cml2, s0, srsSign0, [p2], #64;                   VMOV bmhl2, x10
.aggressive_scheduled_block_id 1
.nohwbrkpt
.noswbrkpt
         990    0x43 0xac 0x00 0x02 0x29 0x2f 0x41 0x22                                                                                                      VST.SRS.2x cmh2, s0, srsSign0, [p2], #64;                                                           VMAC dm1, dm1, x7, x10,r5
.aggressive_scheduled_block_id 1
.nohwbrkpt
.noswbrkpt
         998    0x00 0x00                                                                        NOPX
.aggressive_scheduled_block_id 1
.nohwbrkpt
.noswbrkpt
        1000    0x29 0x20 0xe1 0x08                                                                                                                                                                                                                              VMAC dm1, dm1, x0, x7,r5
.aggressive_scheduled_block_id 1
.nohwbrkpt
.noswbrkpt
        1004    0x00 0x00                                                                        NOPX
.aggressive_scheduled_block_id 1
.nohwbrkpt
.noswbrkpt
        1006    0x29 0x23 0x41 0x08                                                                                                                                                                                                                              VMAC dm1, dm1, x1, x10,r5
.aggressive_scheduled_block_id 1
.noswbrkpt
        1010    0x03 0xaa 0x12 0xe6 0x2a 0x93 0x41 0x22                                                                                                                                                                  VMOV x7, bmhl2;                         VMAC dm2, dm4, x9, x10,r5
.aggressive_scheduled_block_id 1
.aggressive_scheduled_block_id last
.nohwbrkpt
.noswbrkpt
        1018    0x29 0x24 0xe1 0x08                                                                                                                                                                                                                              VMAC dm1, dm1, x2, x7,r5
        1022    0x00 0x00                                                                        NOPX
        1024    0x29 0x26 0xe1 0x08                                                                                                                                                                                                                              VMAC dm1, dm1, x3, x7,r5
        1028    0x00 0x00                                                                        NOPX
        1030    0x29 0x29 0x01 0x08                                                                                                                                                                                                                              VMAC dm1, dm1, x4, x8,r5
        1034    0x0b 0x1d 0x20 0x18                                                                                                                          VST.SRS.2x cml2, s0, srsSign0, [p3], #64
        1038    0x63 0xac 0x00 0x02 0x29 0x2b 0x61 0x22                                                                                                      VST.SRS.2x cmh2, s0, srsSign0, [p3], #64;                                                           VMAC dm1, dm1, x5, x11,r5
        1046    0x00 0x2c 0xf0 0x00 0x10 0x00 0x01 0xa5 0x7e 0xba                                NOPA;                         NOPB;                                                                                     NOPM
.label ZLS_Fmatmul_i8_i16_512
.loop_nesting 2
.begin_of_loop
        1056    0xff 0xbf 0x72 0x3c 0x6d 0xa3 0x12 0xe2 0x29 0x2d 0x41 0x26                      VLDA x7, [sp, #-64];          VLDB x8, [p1], #64;                                                                       VMOV x11, bmhh0;                        VMAC dm1, dm1, x6, x10,r5
.aggressive_scheduled_block_id 2
.aggressive_scheduled_block_id first
        1068    0x39 0x0a 0x74 0x18                                                                                            VLDB x9, [p1], m0
.aggressive_scheduled_block_id 2
.noswbrkpt
        1072    0x03 0x1c 0x83 0x18                                                              VLDA.UPS.2x cml1, s0, upsSign0, [p3], #64
.aggressive_scheduled_block_id 2
.nohwbrkpt
.noswbrkpt
        1076    0x03 0x1c 0xc3 0x18                                                              VLDA.UPS.2x cmh1, s0, upsSign0, [p3], #64
.aggressive_scheduled_block_id 2
.nohwbrkpt
.noswbrkpt
        1080    0x03 0x1e 0x03 0x18                                                              VLDA.UPS.2x cml4, s0, upsSign0, [p3], #64
.aggressive_scheduled_block_id 2
.nohwbrkpt
.noswbrkpt
        1084    0x03 0xde 0x43 0x18                                                              VLDA.UPS.2x cmh4, s0, upsSign0, [p3], #-192
.aggressive_scheduled_block_id 2
.nohwbrkpt
.noswbrkpt
        1088    0x0a 0x1c 0xa0 0x18                                                                                                                          VST.SRS.2x cml1, s0, srsSign0, [p2], #64
.aggressive_scheduled_block_id 2
.aggressive_scheduled_block_id last
.nohwbrkpt
.noswbrkpt
        1092    0x0a 0x1c 0xe0 0x18                                                                                                                          VST.SRS.2x cmh1, s0, srsSign0, [p2], #64
        1096    0x00 0x00                                                                        NOPX
.aggressive_scheduled_block_id 3
.aggressive_scheduled_block_id first
        1098    0x29 0x37 0x01 0x08                                                                                                                                                                                                                              VMAC dm1, dm1, x11, x8,r5
.aggressive_scheduled_block_id 3
.noswbrkpt
        1102    0x43 0xa0 0x67 0xf6 0x73 0x02 0x51 0x09 0x72 0xba                                VLDA.UPS.2x cml2, s0, upsSign0, [p2], #64;                  VST x9, [sp, #-192];                                        VMOV x9, bmhl0
.aggressive_scheduled_block_id 3
.nohwbrkpt
.noswbrkpt
        1112    0x43 0xa8 0x61 0x1d 0xf4 0x1d 0x2c 0x97 0x21 0x0a                                VLDA.UPS.2x cmh2, s0, upsSign0, [p2], #64;VLDB x7, [p1], #64;                                                                                                   VMAC dm4, dm4, x11, x9,r5
.aggressive_scheduled_block_id 3
.nohwbrkpt
.noswbrkpt
        1122    0x39 0x0a 0xb4 0x18                                                                                            VLDB x10, [p1], m0
.aggressive_scheduled_block_id 3
.nohwbrkpt
.noswbrkpt
        1126    0x39 0x1d 0xb4 0x18                                                                                            VLDB x6, [p1], #64
.aggressive_scheduled_block_id 3
.nohwbrkpt
.noswbrkpt
        1130    0xff 0x3f 0x72 0x14 0xe8 0x3c                                                    VLDA x7, [sp, #-128];         VLDB x9, [p1], m0
.aggressive_scheduled_block_id 3
.nohwbrkpt
.noswbrkpt
        1136    0x00 0x00                                                                        NOPX
.aggressive_scheduled_block_id 3
.nohwbrkpt
.noswbrkpt
        1138    0x23 0xb6 0x88 0x40 0x25 0xf4                                                                                  VLDB x6, [p1], #64;                                                                       VMOV x8, bmll0
.aggressive_scheduled_block_id 3
.nohwbrkpt
.noswbrkpt
        1144    0x01 0x0a 0x74 0x00 0x2a 0x4f 0x01 0x22                                                                        VLDB x9, [p1], m0;                                                                                                                VMAC dm2, dm2, x7, x8,r5
.aggressive_scheduled_block_id 3
.nohwbrkpt
.noswbrkpt
        1152    0x05 0x2e 0x12 0xe6 0x29 0x32 0xe1 0x22                                                                                                                                                                  VMOV x10, bmhl3;                        VMAC dm1, dm1, x9, x7,r5
.aggressive_scheduled_block_id 3
.nohwbrkpt
.noswbrkpt
        1160    0xfe 0x56 0x61 0x1e 0x74 0x01 0x2c 0x93 0x41 0x0a                                                              VLDB x9, [p1], #64;           VST x10, [sp, #-256];                                                                               VMAC dm4, dm4, x9, x10,r5
.aggressive_scheduled_block_id 3
.nohwbrkpt
.noswbrkpt
        1170    0x01 0x0a 0xb4 0x00 0x2a 0x40 0xe1 0x22                                                                        VLDB x10, [p1], m0;                                                                                                               VMAC dm2, dm2, x0, x7,r5
.aggressive_scheduled_block_id 3
.nohwbrkpt
.noswbrkpt
        1178    0xfd 0xce 0x60 0x02 0x29 0x34 0xc1 0x22                                                                                                      VST x9, [sp, #-320];                                                                                VMAC dm1, dm1, x10, x6,r5
.aggressive_scheduled_block_id 3
.nohwbrkpt
.noswbrkpt
        1186    0x02 0x3c 0xed 0x2f 0x12 0xe6 0x2a 0x42 0xc1 0x0a                                                              VLDB x9, [p1], #64;                                                                       VMOV x10, bmhh3;                        VMAC dm2, dm2, x1, x6,r5
.aggressive_scheduled_block_id 3
.nohwbrkpt
.noswbrkpt
        1196    0x01 0x0a 0x34 0x00 0x2c 0x95 0x21 0x22                                                                        VLDB x8, [p1], m0;                                                                                                                VMAC dm4, dm4, x10, x9,r5
.aggressive_scheduled_block_id 3
.nohwbrkpt
.noswbrkpt
        1204    0xfd 0x4e 0x60 0x02 0x29 0x34 0xc1 0x22                                                                                                      VST x9, [sp, #-384];                                                                                VMAC dm1, dm1, x10, x6,r5
.aggressive_scheduled_block_id 3
.nohwbrkpt
.noswbrkpt
        1212    0x02 0x3b 0xeb 0x2c 0x12 0xe6 0x2c 0x95 0x21 0x0a                                                              VLDB x7, [p1], #64;                                                                       VMOV x6, bmll3;                         VMAC dm4, dm4, x10, x9,r5
.aggressive_scheduled_block_id 3
.nohwbrkpt
.noswbrkpt
        1222    0x01 0x0a 0xf4 0x00 0x2a 0x44 0xc1 0x22                                                                        VLDB x11, [p1], m0;                                                                                                               VMAC dm2, dm2, x2, x6,r5
.aggressive_scheduled_block_id 3
.nohwbrkpt
.noswbrkpt
        1230    0x29 0x31 0x21 0x08                                                                                                                                                                                                                              VMAC dm1, dm1, x8, x9,r5
.aggressive_scheduled_block_id 3
.nohwbrkpt
.noswbrkpt
        1234    0x01 0x1d 0xf4 0x00 0x2a 0x47 0x21 0x22                                                                        VLDB x7, [p1], #64;                                                                                                               VMAC dm2, dm2, x3, x9,r5
.aggressive_scheduled_block_id 3
.nohwbrkpt
.noswbrkpt
        1242    0x2c 0x91 0x41 0x08                                                                                                                                                                                                                              VMAC dm4, dm4, x8, x10,r5
.aggressive_scheduled_block_id 3
.nohwbrkpt
.noswbrkpt
        1246    0x29 0x2f 0x21 0x08                                                                                                                                                                                                                              VMAC dm1, dm1, x7, x9,r5
.aggressive_scheduled_block_id 3
.nohwbrkpt
.noswbrkpt
        1250    0xff 0xbf 0x74 0xad 0x12 0xe2 0x2c 0x8f 0x01 0x0a                                VLDA x7, [sp, #-64];                                                                                                    VMOV x9, bmlh3;                         VMAC dm4, dm4, x7, x8,r5
.aggressive_scheduled_block_id 3
.nohwbrkpt
.noswbrkpt
        1260    0x2a 0x49 0x21 0x08                                                                                                                                                                                                                              VMAC dm2, dm2, x4, x9,r5
.aggressive_scheduled_block_id 3
.nohwbrkpt
.noswbrkpt
        1264    0x43 0x90 0x60 0x04 0x29 0x2c 0xe1 0x22                                          VLDA.UPS.2x cml1, s0, upsSign0, [p2], #64;                                                                                                                      VMAC dm1, dm1, x6, x7,r5
.aggressive_scheduled_block_id 3
.nohwbrkpt
.noswbrkpt
        1272    0x5b 0x98 0x60 0x04 0x2a 0x4a 0xe1 0x22                                          VLDA.UPS.2x cmh1, s0, upsSign0, [p2], #-192;                                                                                                                    VMAC dm2, dm2, x5, x7,r5
.aggressive_scheduled_block_id 3
.nohwbrkpt
.noswbrkpt
        1280    0x03 0x21 0x12 0xe6 0x29 0x32 0xe1 0x22                                                                                                                                                                  VMOV x6, bmlh0;                         VMAC dm1, dm1, x9, x7,r5
.aggressive_scheduled_block_id 3
.nohwbrkpt
.noswbrkpt
        1288    0x2c 0x8d 0x61 0x08                                                                                                                                                                                                                              VMAC dm4, dm4, x6, x11,r5
.aggressive_scheduled_block_id 3
.nohwbrkpt
.noswbrkpt
        1292    0xfe 0xd7 0x70 0x04 0x2a 0x4c 0xe1 0x22                                          VLDA x10, [sp, #-192];                                                                                                                                          VMAC dm2, dm2, x6, x7,r5
.aggressive_scheduled_block_id 3
.nohwbrkpt
.noswbrkpt
        1300    0x07 0xf1 0xfb 0x98                                                              VLDA x7, [sp, #-256]
.aggressive_scheduled_block_id 3
.nohwbrkpt
.noswbrkpt
        1304    0x07 0xee 0xbb 0x98                                                              VLDA x10, [sp, #-320]
.aggressive_scheduled_block_id 3
.nohwbrkpt
.noswbrkpt
        1308    0x07 0xe9 0xfb 0x98                                                              VLDA x7, [sp, #-384]
.aggressive_scheduled_block_id 3
.nohwbrkpt
.noswbrkpt
        1312    0x0b 0x1c 0xa0 0x18                                                                                                                          VST.SRS.2x cml1, s0, srsSign0, [p3], #64
.aggressive_scheduled_block_id 3
.nohwbrkpt
.noswbrkpt
        1316    0x29 0x56 0x86 0x39 0xc0 0x4c                                                                                  VLDB x10, [p1], m2;           VST.SRS.2x cmh1, s0, srsSign0, [p3], #64
.aggressive_scheduled_block_id 3
.nohwbrkpt
.noswbrkpt
        1322    0x43 0xa4 0x00 0x01 0x4a 0x49 0x70 0x02                                                                                                      VST.SRS.2x cml2, s0, srsSign0, [p2], #64;                   VMOV bmhl2, x10
.aggressive_scheduled_block_id 3
.nohwbrkpt
.noswbrkpt
        1330    0x43 0xac 0x00 0x02 0x29 0x2f 0x41 0x22                                                                                                      VST.SRS.2x cmh2, s0, srsSign0, [p2], #64;                                                           VMAC dm1, dm1, x7, x10,r5
.aggressive_scheduled_block_id 3
.nohwbrkpt
.noswbrkpt
        1338    0x00 0x00                                                                        NOPX
.aggressive_scheduled_block_id 3
.nohwbrkpt
.noswbrkpt
        1340    0x29 0x20 0xe1 0x08                                                                                                                                                                                                                              VMAC dm1, dm1, x0, x7,r5
.aggressive_scheduled_block_id 3
.nohwbrkpt
.noswbrkpt
        1344    0x00 0x00                                                                        NOPX
.aggressive_scheduled_block_id 3
.nohwbrkpt
.noswbrkpt
        1346    0x29 0x23 0x41 0x08                                                                                                                                                                                                                              VMAC dm1, dm1, x1, x10,r5
.aggressive_scheduled_block_id 3
.noswbrkpt
        1350    0x03 0xaa 0x12 0xe6 0x2a 0x93 0x41 0x22                                                                                                                                                                  VMOV x7, bmhl2;                         VMAC dm2, dm4, x9, x10,r5
.aggressive_scheduled_block_id 3
.aggressive_scheduled_block_id last
.nohwbrkpt
.noswbrkpt
        1358    0x29 0x24 0xe1 0x08                                                                                                                                                                                                                              VMAC dm1, dm1, x2, x7,r5
        1362    0x00 0x00                                                                        NOPX
        1364    0x29 0x26 0xe1 0x08                                                                                                                                                                                                                              VMAC dm1, dm1, x3, x7,r5
        1368    0x00 0x00                                                                        NOPX
        1370    0x29 0x29 0x01 0x08                                                                                                                                                                                                                              VMAC dm1, dm1, x4, x8,r5
        1374    0x0b 0x1d 0x20 0x18                                                                                                                          VST.SRS.2x cml2, s0, srsSign0, [p3], #64
        1378    0x00 0x2c 0xf6 0x3a 0xc0 0x00 0x00 0x40 0x1a 0x57 0x29 0x2b 0x61 0x2e            NOPA;                                                       VST.SRS.2x cmh2, s0, srsSign0, [p3], #64;                   NOPM;                                   VMAC dm1, dm1, x5, x11,r5
.label ZLE_Fmatmul_i8_i16_848
.end_of_loop
        1392    0x00 0x2c 0xf0 0x00 0x20 0x01 0x5b 0x00 0x00 0x00 0x01 0xa5 0x78 0x00 0x00 0xe1  NOPA;                         NOPB;                         NOPS;                         NOPX;                         NOPM;                                   NOPV
.loop_nesting 1
        1408    0x02 0x57 0x20 0x00 0x70 0x4a 0x29 0x2d 0x41 0x2a                                                              PADDB [p1], m1;                                             MOVX r7, #2;                                                          VMAC dm1, dm1, x6, x10,r5
        1418    0x00 0x00                                                                        NOPX
        1420    0x10 0x00 0x20 0x18                                                                                                                                                        JNZD r0, r0, p0
.delay_slot
.swstall delay_slot
        1424    0x00 0x00                                                                        NOPX
.delay_slot
.swstall delay_slot
        1426    0x00 0x00                                                                        NOPX
.delay_slot
.swstall delay_slot
        1428    0x00 0x00                                                                        NOPX
.delay_slot
        1430    0x0a 0x1c 0xa0 0x18                                                                                                                          VST.SRS.2x cml1, s0, srsSign0, [p2], #64
.delay_slot
        1434    0x0a 0x1c 0xe0 0x18                                                                                                                          VST.SRS.2x cmh1, s0, srsSign0, [p2], #64
.loop_nesting 0
        1438    0x10 0x28 0x00 0x18                                                                                                                                                        RET lr
.delay_slot
        1442    0xff 0xd0 0x00 0x00 0x01 0xc4                                                                                                                                              PADDXM [sp], #-384
.delay_slot
        1448    0x12 0x10 0x00 0x18                                                                                                                                                        EVENT #1
.delay_slot
.swstall delay_slot
        1452    0x00 0x00                                                                        NOPX
.delay_slot
.swstall delay_slot
        1454    0x00 0x00                                                                        NOPX
.delay_slot
.swstall delay_slot
        1456    0x00 0x00                                                                        NOPX
.label matmul_i8_i16__end

.text_segment PM   1472
.label matmul_scalar_i8_i16
.function_start
        1472    0x10 0x00 0x80 0x00 0x80 0x00 0x28 0x1f 0x58 0xba                                MOVA m0, #128;                                                                            EVENT #0;                     MOV r1, #31
        1482    0x00 0x00 0x01 0xec 0xa0 0x44                                                                                                                                              MOVXM ls, #1616
        1488    0x00 0x00 0x06 0xec 0xe0 0x44                                                                                                                                              MOVXM le, #1648
        1494    0xff 0xff 0xe2 0x00 0x02 0x44                                                                                                                                              MOVXM m1, #-8191
        1500    0x00 0x00 0x06 0xcc 0x00 0x44                                                                                                                                              MOVXM p3, #1536
        1506    0x00 0x2c 0xf0 0x00 0x20 0x00 0x00 0x46 0x5f 0x02 0x00 0x2b 0x60 0x7e            NOPA;                         NOPB;                         NOPS;                         MOVXM p4, #1520
.label TGT_Fmatmul_scalar_i8_i16_48
.loop_nesting 1
        1520    0x00 0x2c 0xf0 0x00 0x20 0x01 0x5b 0x02 0x37 0xe8 0x01 0xa5 0x78 0x00 0x00 0xe1  NOPA;                         NOPB;                         NOPS;                         MOVX r3, #127;                NOPM;                                   NOPV
.label TGT_Fmatmul_scalar_i8_i16_64
.loop_nesting 2
        1536    0x21 0x18 0x50 0x00 0x0f 0xa8 0x88 0x00 0x58 0xba                                LDA.s8 r6, [p1], m0;                                                                      MOVX lc, #61;                 MOV r4, #0
.aggressive_scheduled_block_id 1
.aggressive_scheduled_block_id first
        1546    0x00 0x1c 0xe2 0x98                                                              LDA.s8 r7, [p0], #1
.aggressive_scheduled_block_id 1
.noswbrkpt
        1550    0x01 0x08 0xc2 0x98                                                              LDA.s8 r6, [p1], m0
.aggressive_scheduled_block_id 1
.nohwbrkpt
.noswbrkpt
        1554    0x00 0x00                                                                        NOPX
.aggressive_scheduled_block_id 1
.nohwbrkpt
.noswbrkpt
        1556    0x03 0x9c 0x50 0x00 0x20 0x00 0x00 0x00 0x00 0xad 0x81 0x36                      LDA.s8 r7, [p0], #1;          NOPB;                         NOPS;                         NOPX
.aggressive_scheduled_block_id 1
.nohwbrkpt
.noswbrkpt
        1568    0x21 0x18 0x50 0x00 0x20 0x01 0x5b 0x00 0x00 0x00 0x01 0xa5 0x78 0x00 0x00 0xe1  LDA.s8 r6, [p1], m0;          NOPB;                         NOPS;                         NOPX;                         NOPM;                                   NOPV
.aggressive_scheduled_block_id 1
.nohwbrkpt
.noswbrkpt
        1584    0x00 0x2c 0xf0 0x00 0x20 0x01 0x5b 0x00 0x00 0x00 0x01 0xa5 0x78 0x00 0x00 0xe1  NOPA;                         NOPB;                         NOPS;                         NOPX;                         NOPM;                                   NOPV
.aggressive_scheduled_block_id 1
.nohwbrkpt
.noswbrkpt
        1600    0x03 0x9c 0x50 0x00 0x20 0x01 0x5b 0x00 0x00 0x00 0x01 0xa5 0x78 0x00 0x00 0xe1  LDA.s8 r7, [p0], #1;          NOPB;                         NOPS;                         NOPX;                         NOPM;                                   NOPV
.label ZLS_Fmatmul_scalar_i8_i16_144
.loop_nesting 3
.begin_of_loop
.aggressive_scheduled_block_id 1
.nohwbrkpt
.noswbrkpt
        1616    0x21 0x18 0x50 0x00 0x20 0x01 0x5b 0x0e 0x43 0x30 0x01 0xa5 0x78 0x00 0x00 0xe1  LDA.s8 r6, [p1], m0;          NOPB;                         NOPS;                         MAC r4, r4, r7, r6;           NOPM;                                   NOPV
.aggressive_scheduled_block_id 1
.nohwbrkpt
.noswbrkpt
        1632    0x00 0x2c 0xf0 0x00 0x20 0x01 0x5b 0x00 0x00 0x00 0x01 0xa5 0x78 0x00 0x00 0xe1  NOPA;                         NOPB;                         NOPS;                         NOPX;                         NOPM;                                   NOPV
.label ZLE_Fmatmul_scalar_i8_i16_176
.end_of_loop
.aggressive_scheduled_block_id 1
.nohwbrkpt
.noswbrkpt
        1648    0x03 0x9c 0x50 0x00 0x20 0x01 0x5b 0x00 0x00 0x00 0x01 0xa5 0x78 0x00 0x00 0xe1  LDA.s8 r7, [p0], #1;          NOPB;                         NOPS;                         NOPX;                         NOPM;                                   NOPV
.loop_nesting 2
.aggressive_scheduled_block_id 1
.nohwbrkpt
.noswbrkpt
        1664    0x40 0x97 0x52 0x57 0x21 0xc8 0x66 0x12                                          LDA.u16 r5, [p2];             PADDB [p1], m1;                                             MAC r4, r4, r7, r6
.aggressive_scheduled_block_id 1
.nohwbrkpt
.noswbrkpt
        1672    0x00 0x00                                                                        NOPX
.aggressive_scheduled_block_id 1
.nohwbrkpt
.noswbrkpt
        1674    0x00 0x00                                                                        NOPX
.aggressive_scheduled_block_id 1
.nohwbrkpt
.noswbrkpt
        1676    0x43 0x92 0xe3 0x90 0xcc 0x2c                                                    ST.s16 r4, [p2], #2;                                                                      MAC r4, r4, r7, r6
.aggressive_scheduled_block_id 1
.nohwbrkpt
.noswbrkpt
        1682    0x10 0xc6 0xe0 0x18                                                                                                                                                        JNZD r3, r3, p3
.delay_slot
.aggressive_scheduled_block_id 1
.nohwbrkpt
.noswbrkpt
        1686    0x38 0xff 0x90 0x18                                                                                            PADDB [p0], #-64
.delay_slot
.aggressive_scheduled_block_id 1
.nohwbrkpt
.noswbrkpt
        1690    0x11 0xc8 0x66 0x18                                                                                                                                                        MAC r4, r4, r7, r6
.delay_slot
.swstall delay_slot
.aggressive_scheduled_block_id 1
.nohwbrkpt
.noswbrkpt
        1694    0x00 0x00                                                                        NOPX
.delay_slot
.aggressive_scheduled_block_id 1
.aggressive_scheduled_block_id last
.nohwbrkpt
.noswbrkpt
        1696    0x11 0x48 0x40 0x98                                                                                                                                                        ADD r4, r5, r4
.delay_slot
.swstall delay_slot
        1700    0x00 0x00                                                                        NOPX
.loop_nesting 1
        1702    0x3d 0xf2 0x00 0x86 0x40 0x1c                                                                                  PADDB [p1], #-128;                                          JNZD r1, r1, p4
.delay_slot
        1708    0x38 0x1f 0x90 0x18                                                                                            PADDB [p0], #64
.delay_slot
.swstall delay_slot
        1712    0x00 0x00                                                                        NOPX
.delay_slot
.swstall delay_slot
        1714    0x00 0x00                                                                        NOPX
.delay_slot
.swstall delay_slot
        1716    0x00 0x00                                                                        NOPX
.delay_slot
.swstall delay_slot
        1718    0x00 0x00                                                                        NOPX
.loop_nesting 0
        1720    0x10 0x28 0x00 0x18                                                                                                                                                        RET lr
.delay_slot
        1724    0x12 0x10 0x00 0x18                                                                                                                                                        EVENT #1
.delay_slot
.swstall delay_slot
        1728    0x00 0x00                                                                        NOPX
.delay_slot
.swstall delay_slot
        1730    0x00 0x00                                                                        NOPX
.delay_slot
.swstall delay_slot
        1732    0x00 0x00                                                                        NOPX
.delay_slot
.swstall delay_slot
        1734    0x00 0x00                                                                        NOPX
.label matmul_scalar_i8_i16__end

.text_segment PM   1744
.label zero_i16
.function_start
        1744    0x18 0x10 0xc0 0xf8                                                                                                                                                                                      MOV r0, p0
        1748    0x00 0x00 0x20 0xa0 0x00 0x44                                                                                                                                              MOVXM r1, #8192
        1754    0x18 0x50 0x81 0x58                                                                                                                                                                                      ADD.NC r1, r1, r0
        1758    0x10 0x04 0x1b 0x98                                                                                                                                                        GEU r2, r0, r1
        1762    0x10 0x03 0xd0 0x40 0x01 0x84                                                                                                                                              JNZ r2, #1952
.delay_slot
        1768    0x10 0x10 0x00 0x18                                                                                                                                                        EVENT #0
.delay_slot
.swstall delay_slot
        1772    0x00 0x00                                                                        NOPX
.delay_slot
.swstall delay_slot
        1774    0x00 0x00                                                                        NOPX
.delay_slot
.swstall delay_slot
        1776    0x00 0x00                                                                        NOPX
.delay_slot
.swstall delay_slot
        1778    0x00 0x00                                                                        NOPX
        1780    0x00 0x18 0x00 0x00 0x00 0x00 0x7b 0xc8 0x10 0xba                                MOVA r24, #0;                                                                             MOVXM ls, #1936
        1790    0x00 0x00 0x06 0xef 0x20 0x44                                                                                                                                              MOVXM le, #1936
        1796    0xff 0x40 0x00 0x02 0x20 0x0c 0x68 0x10 0x08 0xba                                MOVA r0, #-6;                                                                             SUB r2, r1, r0;               ADD.NC r3, r0, #64
        1806    0x00 0x21 0x00 0x07 0xb0 0xe4 0x48 0xbf 0xc8 0xba                                MOVA r1, #1;                                                                              LTU r27, r3, r1;              ADD.NC r2, r2, #-1
        1816    0x10 0x01 0xd0 0xc2 0xe5 0xe4                                                                                                                                              ASHL r0, r2, r0;              VBCST.16 x0, r24
        1822    0x00 0x00 0xe0 0x01 0x25 0xe4                                                                                                                                              ADD r0, r0, #1;               VMOV bmll0, x0
        1828    0x10 0x40 0x02 0x18                                                                                                                                                        SEL.EQZ r0, r1, r0, r27
        1832    0x00 0x2b 0x60 0x02 0xb8 0x10 0x70 0x02                                                                                                      NOPS;                                                       MOV lc, r0
        1840    0x00 0x2c 0xf0 0x00 0x20 0x01 0x5b 0x00 0x00 0x00 0x01 0xa5 0x78 0x00 0x00 0xe1  NOPA;                         NOPB;                         NOPS;                         NOPX;                         NOPM;                                   NOPV
        1856    0x00 0x2c 0xf0 0x00 0x20 0x01 0x5b 0x00 0x00 0x00 0x01 0xa5 0x78 0x00 0x00 0xe1  NOPA;                         NOPB;                         NOPS;                         NOPX;                         NOPM;                                   NOPV
        1872    0x00 0x2c 0xf0 0x00 0x20 0x01 0x5b 0x00 0x00 0x00 0x01 0xa5 0x78 0x00 0x00 0xe1  NOPA;                         NOPB;                         NOPS;                         NOPX;                         NOPM;                                   NOPV
        1888    0x00 0x2c 0xf0 0x00 0x20 0x01 0x5b 0x00 0x00 0x00 0x01 0xa5 0x78 0x00 0x00 0xe1  NOPA;                         NOPB;                         NOPS;                         NOPX;                         NOPM;                                   NOPV
        1904    0x00 0x2c 0xf0 0x00 0x20 0x01 0x5b 0x00 0x00 0x00 0x01 0xa5 0x78 0x00 0x00 0xe1  NOPA;                         NOPB;                         NOPS;                         NOPX;                         NOPM;                                   NOPV
        1920    0x00 0x2c 0xf0 0x00 0x20 0x01 0x5b 0x00 0x00 0x00 0x01 0xa5 0x78 0x00 0x00 0xe1  NOPA;                         NOPB;                         NOPS;                         NOPX;                         NOPM;                                   NOPV
.label ZLS_Fzero_i16_192
.loop_nesting 1
.begin_of_loop
.end_of_loop
        1936    0x00 0x2c 0xf0 0x00 0x20 0x1c 0x06 0x80 0x00 0x00 0x01 0xa5 0x78 0x00 0x00 0xe1  NOPA;                         NOPB;                         VST bmll0, [p0], #64;         NOPX;                         NOPM;                                   NOPV
.label TGT_Fzero_i16_208
.loop_nesting 0
        1952    0x10 0x28 0x00 0x18                                                                                                                                                        RET lr
.delay_slot
        1956    0x12 0x10 0x00 0x18                                                                                                                                                        EVENT #1
.delay_slot
.swstall delay_slot
        1960    0x00 0x00                                                                        NOPX
.delay_slot
.swstall delay_slot
        1962    0x00 0x00                                                                        NOPX
.delay_slot
.swstall delay_slot
        1964    0x00 0x00                                                                        NOPX
.delay_slot
.swstall delay_slot
        1966    0x00 0x00                                                                        NOPX
.label zero_i16__end
.label zero_scalar_i16
.tail_call
.function_start
        1968    0x00 0x00 0x00 0x00 0x01 0x10 0x00 0x00 0x20 0xba                                MOVA r0, #0;                                                                              J #2176
.delay_slot
        1978    0x00 0x00 0x20 0xa0 0x00 0x44                                                                                                                                              MOVXM r1, #8192
.delay_slot
        1984    0x19 0x60 0xc0 0xf8                                                                                                                                                                                      MOV p1, p0
.delay_slot
.swstall delay_slot
        1988    0x00 0x00                                                                        NOPX
.delay_slot
.swstall delay_slot
        1990    0x00 0x00                                                                        NOPX
.delay_slot
.swstall delay_slot
        1992    0x00 0x00                                                                        NOPX
.label zero_scalar_i16__end

.text_segment PM   2000
.label _fini
.function_start
        2000    0x00 0x08 0x00 0x00 0x01 0xc4                                                                                                                                              PADDXM [sp], #64
        2006    0xff 0x3a 0xb0 0x00 0x00 0x02 0x08 0x00 0x11 0x3a                                                                                            ST r14, [sp, #-8];            MOVXM r16, #0
        2016    0xfe 0xf3 0xb0 0x00 0x00 0x01 0xc8 0x00 0x11 0x3a                                                                                            ST p7, [sp, #-12];            MOVXM r14, #0
        2026    0x74 0x20 0xfe 0xd0 0x41 0xe4                                                                                                                                              EQ r16, r14, r16;             MOV p7, r16
        2032    0x80 0x04 0x28 0x40 0x01 0x84                                                                                                                                              JNZ r16, #2128
.delay_slot
        2038    0x0f 0xfd 0xf5 0x98                                                                                                                          ST r15, [sp, #-4]
.delay_slot
        2042    0x0f 0xf0 0x3d 0x98                                                                                                                          ST lr, [sp, #-16]
.delay_slot
.swstall delay_slot
        2046    0x00 0x00                                                                        NOPX
.delay_slot
.swstall delay_slot
        2048    0x00 0x00                                                                        NOPX
.delay_slot
.swstall delay_slot
        2050    0x00 0x2c 0xf0 0x02 0xb6 0x00 0x00 0x40 0x1a 0x57 0x00 0x00 0x1c 0x2e            NOPA;                                                       NOPS;                                                       NOPM;                                   NOPV
.label TGT_F_fini_64
.loop_nesting 1
        2064    0x07 0x1c 0x1e 0x98                                                              LDA p0, [p7], #4
        2068    0x00 0x00                                                                        NOPX
        2070    0x00 0x00                                                                        NOPX
        2072    0x00 0x00                                                                        NOPX
        2074    0x00 0x00                                                                        NOPX
        2076    0x00 0x00                                                                        NOPX
        2078    0x00 0x00                                                                        NOPX
.no_stack_arguments
        2080    0x10 0x30 0x00 0x18                                                                                                                                                        JL p0
.delay_slot
        2084    0x1b 0xde 0xc0 0xf8                                                                                                                                                                                      MOV r15, p7
.delay_slot
.swstall delay_slot
        2088    0x00 0x00                                                                        NOPX
.delay_slot
.swstall delay_slot
        2090    0x00 0x00                                                                        NOPX
.delay_slot
.swstall delay_slot
        2092    0x00 0x00                                                                        NOPX
.delay_slot
.swstall delay_slot
        2094    0x00 0x00                                                                        NOPX
.return_address
        2096    0x13 0xe0 0xe8 0x98                                                                                                                                                        NE r16, r15, r14
        2100    0x80 0x04 0x08 0x40 0x01 0x84                                                                                                                                              JNZ r16, #2064
.delay_slot
.swstall delay_slot
        2106    0x00 0x00                                                                        NOPX
.delay_slot
.swstall delay_slot
        2108    0x00 0x00                                                                        NOPX
.delay_slot
.swstall delay_slot
        2110    0x00 0x00                                                                        NOPX
.delay_slot
.swstall delay_slot
        2112    0x00 0x00                                                                        NOPX
.delay_slot
.swstall delay_slot
        2114    0x00 0x2c 0xf0 0x02 0xb6 0x00 0x00 0x40 0x1a 0x57 0x00 0x00 0x1c 0x2e            NOPA;                                                       NOPS;                                                       NOPM;                                   NOPV
.label TGT_F_fini_128
.loop_nesting 0
        2128    0x07 0xf0 0x39 0x18                                                              LDA lr, [sp, #-16]
        2132    0x07 0xf9 0xd1 0x18                                                              LDA r14, [sp, #-8]
        2136    0x07 0xfd 0xf1 0x18                                                              LDA r15, [sp, #-4]
        2140    0x07 0xf7 0x99 0x18                                                              LDA p7, [sp, #-12]
        2144    0x00 0x00                                                                        NOPX
        2146    0x00 0x00                                                                        NOPX
        2148    0x00 0x00                                                                        NOPX
        2150    0x10 0x28 0x00 0x18                                                                                                                                                        RET lr
.delay_slot
        2154    0xff 0xf8 0x00 0x00 0x01 0xc4                                                                                                                                              PADDXM [sp], #-64
.delay_slot
.swstall delay_slot
        2160    0x00 0x00                                                                        NOPX
.delay_slot
.swstall delay_slot
        2162    0x00 0x00                                                                        NOPX
.delay_slot
.swstall delay_slot
        2164    0x00 0x00                                                                        NOPX
.delay_slot
.swstall delay_slot
        2166    0x00 0x00                                                                        NOPX
.label _fini__end

.text_segment PM   2176
.label memset
.function_start
        2176    0x08 0x04 0x90 0x00 0x01 0x84                                                                                                                                              JZ r1, #2336
.delay_slot
        2182    0x18 0x62 0xc0 0xf8                                                                                                                                                                                      MOV p0, p1
.delay_slot
.swstall delay_slot
        2186    0x00 0x00                                                                        NOPX
.delay_slot
.swstall delay_slot
        2188    0x00 0x00                                                                        NOPX
.delay_slot
.swstall delay_slot
        2190    0x00 0x00                                                                        NOPX
.delay_slot
.swstall delay_slot
        2192    0x00 0x00                                                                        NOPX
        2194    0x30 0x11 0x60 0x02 0xb8 0x50 0x70 0x02                                                                                                      MOVS p1, p0;                                                MOV lc, r1
        2202    0x00 0x00 0x01 0xf1 0x60 0x44                                                                                                                                              MOVXM ls, #2224
        2208    0x00 0x2c 0xf0 0x00 0x20 0x01 0x5b 0x00 0x00 0x01 0xbc 0x88 0x10 0x00 0x00 0xe1  NOPA;                         NOPB;                         NOPS;                         MOVXM le, #2320;                                                      NOPV
.label ZLS_Fmemset_48
.loop_nesting 1
.begin_of_loop
        2224    0x23 0x80 0xe0 0x00 0x20 0x01 0x5b 0x00 0x00 0x00 0x01 0xa5 0x78 0x00 0x00 0xe1  ST.s8 r0, [p1], #1;           NOPB;                         NOPS;                         NOPX;                         NOPM;                                   NOPV
        2240    0x00 0x2c 0xf0 0x00 0x20 0x01 0x5b 0x00 0x00 0x00 0x01 0xa5 0x78 0x00 0x00 0xe1  NOPA;                         NOPB;                         NOPS;                         NOPX;                         NOPM;                                   NOPV
        2256    0x00 0x2c 0xf0 0x00 0x20 0x01 0x5b 0x00 0x00 0x00 0x01 0xa5 0x78 0x00 0x00 0xe1  NOPA;                         NOPB;                         NOPS;                         NOPX;                         NOPM;                                   NOPV
        2272    0x00 0x2c 0xf0 0x00 0x20 0x01 0x5b 0x00 0x00 0x00 0x01 0xa5 0x78 0x00 0x00 0xe1  NOPA;                         NOPB;                         NOPS;                         NOPX;                         NOPM;                                   NOPV
        2288    0x00 0x2c 0xf0 0x00 0x20 0x01 0x5b 0x00 0x00 0x00 0x01 0xa5 0x78 0x00 0x00 0xe1  NOPA;                         NOPB;                         NOPS;                         NOPX;                         NOPM;                                   NOPV
        2304    0x00 0x2c 0xf0 0x00 0x20 0x01 0x5b 0x00 0x00 0x00 0x01 0xa5 0x78 0x00 0x00 0xe1  NOPA;                         NOPB;                         NOPS;                         NOPX;                         NOPM;                                   NOPV
.label ZLE_Fmemset_144
.end_of_loop
        2320    0x00 0x2c 0xf0 0x00 0x20 0x01 0x5b 0x00 0x00 0x00 0x01 0xa5 0x78 0x00 0x00 0xe1  NOPA;                         NOPB;                         NOPS;                         NOPX;                         NOPM;                                   NOPV
.label TGT_Fmemset_160
.loop_nesting 0
        2336    0x10 0x28 0x00 0x18                                                                                                                                                        RET lr
.delay_slot
.swstall delay_slot
        2340    0x00 0x00                                                                        NOPX
.delay_slot
.swstall delay_slot
        2342    0x00 0x00                                                                        NOPX
.delay_slot
.swstall delay_slot
        2344    0x00 0x00                                                                        NOPX
.delay_slot
.swstall delay_slot
        2346    0x00 0x00                                                                        NOPX
.delay_slot
.swstall delay_slot
        2348    0x00 0x00                                                                        NOPX
.label memset__end

.text_segment PM   2352
.label __cxa_finalize
.function_start
        2352    0xff 0xa1 0x00 0x00 0x02 0x00 0x00 0x00 0x70 0xba                                MOVA r1, #-3;                                                                             PADDXM [sp], #64
        2362    0xfa 0x82 0xb0 0x00 0x41 0x08 0x6d 0xe0 0x79 0x3a                                                                                            ST r0, [sp, #-44];            MOVX r4, #8;                  MOV r3, packSign1
        2372    0xfb 0x0e 0xb0 0x00 0x6e 0x30 0x70 0x02                                                                                                      ST r3, [sp, #-40];                                          MOV r3, unpackSign1
        2380    0xfc 0x0e 0xb0 0x00 0x6a 0x30 0x70 0x02                                                                                                      ST r3, [sp, #-32];                                          MOV r3, unpackSign0
        2388    0xfc 0x8e 0xb0 0x00 0x6c 0x70 0x70 0x02                                                                                                      ST r3, [sp, #-28];                                          MOV r3, crSRSMode
        2396    0xfd 0x8e 0xb0 0x00 0x6b 0xb0 0x70 0x02                                                                                                      ST r3, [sp, #-20];                                          MOV r3, crPackSize
        2404    0xfe 0x8e 0xb0 0x00 0x01 0xdc 0x32 0x14 0x11 0x3a                                                                                            ST r3, [sp, #-12];            MOVXM p0, #488488
        2414    0x00 0x8a 0xd7 0xdc 0x3d 0x80 0x6a 0x70 0x72 0xba                                LDA r2, [p0];                                               ST lr, [sp, #-36];                                          MOV r3, crSat
        2424    0xff 0x8e 0xb0 0x00 0x69 0x70 0x70 0x02                                                                                                      ST r3, [sp, #-4];                                           MOV r3, crUnpackSize
        2432    0x00 0x92 0x30 0x01 0x4c 0x30 0x70 0x02                                                                                                      ST r4, [p0];                                                MOV r10, upsSign1
        2440    0xff 0x0e 0xb0 0x01 0x08 0x30 0x70 0x02                                                                                                      ST r3, [sp, #-8];                                           MOV r8, upsSign0
        2448    0x1b 0x1a 0x60 0xf8                                                                                                                                                                                      MOV r12, vaddSign1
        2452    0x1a 0x52 0x60 0xf8                                                                                                                                                                                      MOV r9, vaddSign0
        2456    0x1a 0xdf 0xc0 0xf8                                                                                                                                                                                      MOV r11, srsSign1
        2460    0x10 0xbc 0x66 0xaf 0x81 0xe4                                                                                                                                              ADD r2, r2, #-8;              MOV r13, srsSign0
        2466    0x13 0x83 0xd0 0xbe 0xc1 0xe4                                                                                                                                              ASHL r14, r2, r1;             MOV r1, crRnd
        2472    0xfe 0x06 0xb0 0x00 0x2e 0x70 0x70 0x02                                                                                                      ST r1, [sp, #-16];                                          MOV r1, crUPSMode
        2480    0xfd 0x06 0xb0 0x01 0xe9 0xe0 0x70 0x02                                                                                                      ST r1, [sp, #-24];                                          MOV r15, packSign0
        2488    0x00 0x07 0x70 0xa8 0x10 0x44                                                                                                                                              MOVXM r1, #488456
        2494    0x1e 0x60 0x89 0x58                                                                                                                                                                                      ADD.NC p6, r1, r2
        2498    0x00 0x2c 0xf0 0x00 0x20 0x00 0x00 0x76 0x9d 0x02 0x00 0x2b 0x60 0x7e            NOPA;                         NOPB;                         NOPS;                         MOVXM p7, #2512
.label TGT_F__cxa_finalize_160
.loop_nesting 1
        2512    0x06 0x1c 0x9e 0x98                                                              LDA p1, [p6], #4
        2516    0x06 0xdc 0x1e 0x98                                                              LDA p0, [p6], #-12
        2520    0x00 0x00                                                                        NOPX
        2522    0x00 0x00                                                                        NOPX
        2524    0x00 0x00                                                                        NOPX
        2526    0x00 0x00                                                                        NOPX
        2528    0x00 0x00                                                                        NOPX
.no_stack_arguments
        2530    0x10 0x30 0x40 0x18                                                                                                                                                        JL p1
.delay_slot
.swstall delay_slot
        2534    0x00 0x00                                                                        NOPX
.delay_slot
.swstall delay_slot
        2536    0x00 0x00                                                                        NOPX
.delay_slot
.swstall delay_slot
        2538    0x00 0x00                                                                        NOPX
.delay_slot
.swstall delay_slot
        2540    0x00 0x00                                                                        NOPX
.delay_slot
.swstall delay_slot
        2542    0x00 0x00                                                                        NOPX
.return_address
        2544    0x13 0x9d 0xe0 0x18                                                                                                                                                        JNZD r14, r14, p7
.delay_slot
.swstall delay_slot
        2548    0x00 0x00                                                                        NOPX
.delay_slot
.swstall delay_slot
        2550    0x00 0x00                                                                        NOPX
.delay_slot
.swstall delay_slot
        2552    0x00 0x00                                                                        NOPX
.delay_slot
.swstall delay_slot
        2554    0x00 0x00                                                                        NOPX
.delay_slot
.swstall delay_slot
        2556    0x00 0x00                                                                        NOPX
.loop_nesting 0
        2558    0xfb 0x87 0x20 0x15 0xea 0x02 0x9b 0x10 0x78 0xba                                LDA lr, [sp, #-36];                                                                       MOVX upsSign1, r10;           MOV vaddSign1, r12
        2568    0xfb 0x06 0x20 0x11 0xca 0x00 0x9a 0x50 0x78 0xba                                LDA r1, [sp, #-40];                                                                       MOVX upsSign0, r8;            MOV vaddSign0, r9
        2578    0xfc 0x0a 0x20 0x17 0xe6 0x00 0xf3 0xd0 0x78 0xba                                LDA r2, [sp, #-32];                                                                       MOVX srsSign1, r11;           MOV packSign0, r15
        2588    0xfd 0x82 0x26 0xf1 0x80 0x2c                                                    LDA r0, [sp, #-20];                                                                       MOVX srsSign0, r13
        2594    0x07 0xe4 0xb1 0x18                                                              LDA r5, [sp, #-28]
        2598    0x07 0xf4 0x71 0x18                                                              LDA r3, [sp, #-12]
        2602    0x07 0xfc 0x91 0x18                                                              LDA r4, [sp, #-4]
        2606    0x07 0xf8 0xd1 0x18                                                              LDA r6, [sp, #-8]
        2610    0xfe 0x06 0x20 0xf8 0x80 0x2c                                                    LDA r1, [sp, #-16];                                                                       MOVX packSign1, r1
        2616    0xfd 0x0a 0x21 0x7b 0x80 0x2c                                                    LDA r2, [sp, #-24];                                                                       MOVX unpackSign1, r2
        2622    0xfa 0x82 0x20 0x76 0x00 0x2c                                                    LDA r0, [sp, #-44];                                                                       MOVX crSRSMode, r0
        2628    0x05 0x00 0x04 0x65 0x41 0xe4                                                                                                                                              RET lr;                       MOV unpackSign0, r5
.delay_slot
        2634    0xff 0xf8 0x00 0x00 0x01 0xc4                                                                                                                                              PADDXM [sp], #-64
.delay_slot
        2640    0x1f 0x40 0x04 0xe4 0x41 0xe4                                                                                                                                              MOVX crPackSize, r3;          MOV crSat, r4
.delay_slot
        2646    0x11 0xbc 0x80 0x18                                                                                                                                                        MOVX crUnpackSize, r6
.delay_slot
        2650    0x10 0x7a 0x80 0x18                                                                                                                                                        MOVX crRnd, r1
.delay_slot
        2654    0x10 0xbc 0x00 0x18                                                                                                                                                        MOVX crUPSMode, r2
.label __cxa_finalize__end

.bss_segment DMb 488448	    4

.bss_segment DMb 488452	    1

.data_segment DMb 488456
.label _ZL7atexits
	0xd0
	0x7
	0x0
	0x0
	0x0
	0x0
	0x0
	0x0
	0x0
	0x0
	0x0
	0x0
	0x0
	0x0
	0x0
	0x0
	0x0
	0x0
	0x0
	0x0
	0x0
	0x0
	0x0
	0x0
	0x0
	0x0
	0x0
	0x0
	0x0
	0x0
	0x0
	0x0
.label _ZL10atexit_cnt
	0x8
	0x0
	0x0
	0x0

.stack DM_stack 458752 459776
