
// File generated by darts version V-2024.06#8be6237c82#250729, Sun Jun 28 19:14:22 2026
// Copyright 2014-2024 Synopsys, Inc. All rights reserved.
// darts -I/home/bcloud/torch2aie/toolchain/aietools/data/aie2p/lib -d -h -I/home/bcloud/torch2aie/toolchain/aietools/include -I/home/bcloud/torch2aie/toolchain/aietools/data/aie2p/lib/runtime_cxx/libcxx-lite/include -I/home/bcloud/torch2aie/toolchain/aietools/data/aie2p/lib/runtime_cxx/libs/libcxx-16/include -I/home/bcloud/torch2aie/toolchain/aietools/data/aie2p/lib/runtime_cxx/libs/libcxxabi-16/include -I/home/bcloud/torch2aie/toolchain/aietools/data/aie2p/lib/runtime/include -D__AIENGINE__ -D__AIE_ARCH__=21 -D__AIEARCH__=21 -D__tct_tgt__=250729 -L +Ihex +nanno design_1core_bf16.mlir.prj/main_core_0_2.o me

// Release: ipp V-2024.06-TGT-250729
.undef global data _ZN12me_primitive11control_satE

.undef global data _ZN12me_primitive11control_rndE

.undef global data A_l1_cons_buff_0

.undef global data B_l1_cons_buff_0

.undef global data C_l1_buff_0

.text_segment_name
.text global 16 core_0_2
.function_start
	     0    0x00 0x10 0x00 0x00 0x02 0x00 0x00 0x00 0x70 0xba                                MOVA r16, #0;                                                                             PADDXM [sp], #64
	    10    0xfa 0x42 0xb0 0x00 0x8b 0xd0 0x70 0x02                                                                                                      ST r16, [sp, #-48];                                         MOV r4, r15
	    18    0xff 0xa2 0xb0 0x00 0x6b 0x90 0x70 0x02                                                                                                      ST r8, [sp, #-4];                                           MOV r3, r14
	    26    0xff 0x12 0xb0 0x00 0x4b 0x50 0x70 0x02                                                                                                      ST r4, [sp, #-8];                                           MOV r2, r13
	    34    0xfe 0x8e 0xb0 0x3e 0xc7 0xe8 0x2b 0x10 0x79 0x3a                                                                                            ST r3, [sp, #-12];            MOVX r12, #-1;                MOV r1, r12
	    44    0xfe 0x0a 0xb0 0x00 0x0a 0xd0 0x70 0x02                                                                                                      ST r2, [sp, #-16];                                          MOV r0, r11
	    52    0x0f 0xe8 0x35 0x98                                                                                                                          ST r1, [sp, #-24]
	    56    0x0f 0xe0 0x15 0x98                                                                                                                          ST r0, [sp, #-32]
	    60    0x0f 0xdd 0x55 0x98                                                                                                                          ST r10, [sp, #-36]
	    64    0x0f 0xd9 0x35 0x98                                                                                                                          ST r9, [sp, #-40]
	    68    0x0f 0xef 0x9d 0x98                                                                                                                          ST p7, [sp, #-20]
	    72    0x0f 0xe7 0x1d 0x98                                                                                                                          ST p6, [sp, #-28]
	    76    0x0f 0xd4 0x3d 0x98                                                                                                                          ST lr, [sp, #-44]
.label TGT_Fcore_0_2_80
.loop_nesting 1
	    80    0x00 0x2c 0xf0 0x00 0x27 0xce 0x15 0x80 0x97 0xe8 0x01 0xa5 0x78 0x00 0x00 0xe1  NOPA;                         NOPB;                         ST r16, [sp, #-52];           MOVX r9, #63;                 NOPM;                                   NOPV
.label TGT_Fcore_0_2_96
.loop_nesting 2
.no_stack_arguments
	    96    0x06 0x80 0x00 0x00 0x00 0x00 0x00 0x00 0x40 0xba                                MOVA r0, #52;                                                                             JL #llvm___aie2p___acquire
.delay_slot
	   106    0x17 0xc2 0xfd 0x18                                                                                                                                                        MOVX r1, #-1
.delay_slot
.swstall delay_slot
	   110    0x00 0x00                                                                        NOPX
.delay_slot
.swstall delay_slot
	   112    0x00 0x00                                                                        NOPX
.delay_slot
.swstall delay_slot
	   114    0x00 0x00                                                                        NOPX
.delay_slot
.swstall delay_slot
	   116    0x00 0x2c 0xf0 0x00 0x20 0x00 0x00 0x00 0x00 0xad 0x81 0x36                      NOPA;                         NOPB;                         NOPS;                         NOPX
.return_address
.no_stack_arguments
	   128    0x00 0x00 0x00 0x00 0x01 0x04                                                                                                                                              JL #zero_kernel_bf16
.delay_slot
	   134    0x00 0x00 0x00 0xc0 0x00 0x44                                                                                                                                              MOVXM p0, #C_l1_buff_0
.delay_slot
.swstall delay_slot
	   140    0x00 0x00                                                                        NOPX
.delay_slot
.swstall delay_slot
	   142    0x00 0x00                                                                        NOPX
.delay_slot
.swstall delay_slot
	   144    0x00 0x00                                                                        NOPX
.delay_slot
.swstall delay_slot
	   146    0x00 0x2c 0xf0 0x02 0xb6 0x00 0x00 0x40 0x1a 0x57 0x00 0x00 0x1c 0x2e            NOPA;                                                       NOPS;                                                       NOPM;                                   NOPV
.return_address
	   160    0x00 0x2c 0xf0 0x00 0x20 0x01 0x5b 0x00 0xa1 0xe8 0x01 0xa5 0x78 0x00 0x00 0xe1  NOPA;                         NOPB;                         NOPS;                         MOVX r10, #15;                NOPM;                                   NOPV
.label TGT_Fcore_0_2_176
.loop_nesting 3
.no_stack_arguments
	   176    0xff 0xe1 0x00 0x00 0x00 0x00 0x00 0x00 0x40 0xba                                MOVA r1, #-1;                                                                             JL #llvm___aie2p___acquire
.delay_slot
	   186    0x10 0x00 0xcd 0x18                                                                                                                                                        MOVX r0, #51
.delay_slot
.swstall delay_slot
	   190    0x00 0x00                                                                        NOPX
.delay_slot
.swstall delay_slot
	   192    0x00 0x00                                                                        NOPX
.delay_slot
.swstall delay_slot
	   194    0x00 0x00                                                                        NOPX
.delay_slot
.swstall delay_slot
	   196    0x00 0x2c 0xf0 0x00 0x20 0x00 0x00 0x00 0x00 0xad 0x81 0x36                      NOPA;                         NOPB;                         NOPS;                         NOPX
.return_address
.no_stack_arguments
	   208    0xff 0xe1 0x00 0x00 0x00 0x00 0x00 0x00 0x40 0xba                                MOVA r1, #-1;                                                                             JL #llvm___aie2p___acquire
.delay_slot
	   218    0x10 0x00 0xc5 0x18                                                                                                                                                        MOVX r0, #49
.delay_slot
.swstall delay_slot
	   222    0x00 0x00                                                                        NOPX
.delay_slot
.swstall delay_slot
	   224    0x00 0x00                                                                        NOPX
.delay_slot
.swstall delay_slot
	   226    0x00 0x00                                                                        NOPX
.delay_slot
.swstall delay_slot
	   228    0x00 0x2c 0xf0 0x00 0x20 0x00 0x00 0x00 0x00 0xad 0x81 0x36                      NOPA;                         NOPB;                         NOPS;                         NOPX
.return_address
.no_stack_arguments
	   240    0x00 0x00 0x00 0x00 0x01 0x04                                                                                                                                              JL #matmul_vectorized_bf16
.delay_slot
	   246    0x00 0x00 0x04 0xc0 0x00 0x44                                                                                                                                              MOVXM p2, #C_l1_buff_0
.delay_slot
	   252    0x00 0x00 0x02 0xc0 0x00 0x44                                                                                                                                              MOVXM p1, #B_l1_cons_buff_0
.delay_slot
	   258    0x00 0x00 0x00 0xc0 0x00 0x44                                                                                                                                              MOVXM p0, #A_l1_cons_buff_0
.delay_slot
	   264    0x1e 0x64 0xc0 0xf8                                                                                                                                                                                      MOV p6, p2
.delay_slot
.swstall delay_slot
	   268    0x00 0x01 0x67 0x98                                                              NOPA
.return_address
.no_stack_arguments
	   272    0x00 0x21 0x00 0x00 0x00 0x00 0x00 0x00 0x40 0xba                                MOVA r1, #1;                                                                              JL #llvm___aie2p___release
.delay_slot
	   282    0x10 0x00 0xc1 0x18                                                                                                                                                        MOVX r0, #48
.delay_slot
.swstall delay_slot
	   286    0x00 0x00                                                                        NOPX
.delay_slot
.swstall delay_slot
	   288    0x00 0x00                                                                        NOPX
.delay_slot
.swstall delay_slot
	   290    0x00 0x00                                                                        NOPX
.delay_slot
.swstall delay_slot
	   292    0x00 0x2c 0xf0 0x00 0x20 0x00 0x00 0x00 0x00 0xad 0x81 0x36                      NOPA;                         NOPB;                         NOPS;                         NOPX
.return_address
.no_stack_arguments
	   304    0xff 0xe1 0x00 0x00 0x00 0x00 0x00 0x00 0x40 0xba                                MOVA r1, #-1;                                                                             JL #llvm___aie2p___acquire
.delay_slot
	   314    0x10 0x00 0xc5 0x18                                                                                                                                                        MOVX r0, #49
.delay_slot
.swstall delay_slot
	   318    0x00 0x00                                                                        NOPX
.delay_slot
.swstall delay_slot
	   320    0x00 0x00                                                                        NOPX
.delay_slot
.swstall delay_slot
	   322    0x00 0x00                                                                        NOPX
.delay_slot
.swstall delay_slot
	   324    0x00 0x2c 0xf0 0x00 0x20 0x00 0x00 0x00 0x00 0xad 0x81 0x36                      NOPA;                         NOPB;                         NOPS;                         NOPX
.return_address
.no_stack_arguments
	   336    0x53 0x11 0x60 0x00 0x00 0x00 0x00 0x00 0x41 0x3a                                                                                            MOVS p2, p6;                  JL #matmul_vectorized_bf16
.delay_slot
	   346    0x00 0x00 0x00 0xc0 0x00 0x44                                                                                                                                              MOVXM p0, #A_l1_cons_buff_0
.delay_slot
	   352    0x00 0x00 0x02 0xc0 0x00 0x44                                                                                                                                              MOVXM p1, #B_l1_cons_buff_0
.delay_slot
	   358    0x1e 0x60 0xc0 0xf8                                                                                                                                                                                      MOV p6, p0
.delay_slot
.swstall delay_slot
	   362    0x00 0x00                                                                        NOPX
.delay_slot
.swstall delay_slot
	   364    0x00 0x01 0x67 0x98                                                              NOPA
.return_address
.no_stack_arguments
	   368    0x00 0x21 0x00 0x00 0x00 0x00 0x00 0x00 0x40 0xba                                MOVA r1, #1;                                                                              JL #llvm___aie2p___release
.delay_slot
	   378    0x10 0x00 0xc1 0x18                                                                                                                                                        MOVX r0, #48
.delay_slot
.swstall delay_slot
	   382    0x00 0x00                                                                        NOPX
.delay_slot
.swstall delay_slot
	   384    0x00 0x00                                                                        NOPX
.delay_slot
.swstall delay_slot
	   386    0x00 0x00                                                                        NOPX
.delay_slot
.swstall delay_slot
	   388    0x00 0x2c 0xf0 0x00 0x20 0x00 0x00 0x00 0x00 0xad 0x81 0x36                      NOPA;                         NOPB;                         NOPS;                         NOPX
.return_address
.no_stack_arguments
	   400    0xff 0xe1 0x00 0x00 0x00 0x00 0x00 0x00 0x40 0xba                                MOVA r1, #-1;                                                                             JL #llvm___aie2p___acquire
.delay_slot
	   410    0x10 0x00 0xc5 0x18                                                                                                                                                        MOVX r0, #49
.delay_slot
.swstall delay_slot
	   414    0x00 0x00                                                                        NOPX
.delay_slot
.swstall delay_slot
	   416    0x00 0x00                                                                        NOPX
.delay_slot
.swstall delay_slot
	   418    0x00 0x00                                                                        NOPX
.delay_slot
.swstall delay_slot
	   420    0x00 0x2c 0xf0 0x00 0x20 0x00 0x00 0x00 0x00 0xad 0x81 0x36                      NOPA;                         NOPB;                         NOPS;                         NOPX
.return_address
.no_stack_arguments
	   432    0x13 0x11 0x60 0x00 0x00 0x00 0x00 0x00 0x41 0x3a                                                                                            MOVS p0, p6;                  JL #matmul_vectorized_bf16
.delay_slot
	   442    0x00 0x00 0x02 0xc0 0x00 0x44                                                                                                                                              MOVXM p1, #B_l1_cons_buff_0
.delay_slot
	   448    0x00 0x00 0x04 0xc0 0x00 0x44                                                                                                                                              MOVXM p2, #C_l1_buff_0
.delay_slot
	   454    0x1f 0x62 0xc0 0xf8                                                                                                                                                                                      MOV p7, p1
.delay_slot
.swstall delay_slot
	   458    0x00 0x00                                                                        NOPX
.delay_slot
.swstall delay_slot
	   460    0x00 0x01 0x67 0x98                                                              NOPA
.return_address
.no_stack_arguments
	   464    0x00 0x21 0x00 0x00 0x00 0x00 0x00 0x00 0x40 0xba                                MOVA r1, #1;                                                                              JL #llvm___aie2p___release
.delay_slot
	   474    0x10 0x00 0xc1 0x18                                                                                                                                                        MOVX r0, #48
.delay_slot
.swstall delay_slot
	   478    0x00 0x00                                                                        NOPX
.delay_slot
.swstall delay_slot
	   480    0x00 0x00                                                                        NOPX
.delay_slot
.swstall delay_slot
	   482    0x00 0x00                                                                        NOPX
.delay_slot
.swstall delay_slot
	   484    0x00 0x2c 0xf0 0x00 0x20 0x00 0x00 0x00 0x00 0xad 0x81 0x36                      NOPA;                         NOPB;                         NOPS;                         NOPX
.return_address
.no_stack_arguments
	   496    0x00 0x00 0x00 0x00 0x01 0x04                                                                                                                                              JL #llvm___aie2p___acquire
.delay_slot
	   502    0xff 0xe1 0x00 0x00 0x00 0x03 0x30 0x58 0x10 0xba                                MOVA r1, #-1;                                                                             MOVXM p6, #(TGT_Fcore_0_2_176 + 0)
.delay_slot
	   512    0x10 0x00 0xc5 0x18                                                                                                                                                        MOVX r0, #49
.delay_slot
.swstall delay_slot
	   516    0x00 0x00                                                                        NOPX
.delay_slot
.swstall delay_slot
	   518    0x00 0x00                                                                        NOPX
.delay_slot
.swstall delay_slot
	   520    0x00 0x2c 0xf0 0x04 0x00 0x00 0x1c 0x22                                          NOPA;                                                                                                                                                           NOPV
.return_address
.no_stack_arguments
	   528    0x00 0x00 0x00 0x00 0x01 0x04                                                                                                                                              JL #matmul_vectorized_bf16
.delay_slot
	   534    0x00 0x00 0x04 0xc0 0x00 0x44                                                                                                                                              MOVXM p2, #C_l1_buff_0
.delay_slot
	   540    0x00 0x00 0x00 0xc0 0x00 0x44                                                                                                                                              MOVXM p0, #A_l1_cons_buff_0
.delay_slot
	   546    0x19 0x6e 0xc0 0xf8                                                                                                                                                                                      MOV p1, p7
.delay_slot
.swstall delay_slot
	   550    0x00 0x00                                                                        NOPX
.delay_slot
.swstall delay_slot
	   552    0x00 0x2c 0xf0 0x04 0x00 0x00 0x1c 0x22                                          NOPA;                                                                                                                                                           NOPV
.return_address
.no_stack_arguments
	   560    0x00 0x21 0x00 0x00 0x00 0x00 0x00 0x00 0x40 0xba                                MOVA r1, #1;                                                                              JL #llvm___aie2p___release
.delay_slot
	   570    0x10 0x00 0xc1 0x18                                                                                                                                                        MOVX r0, #48
.delay_slot
.swstall delay_slot
	   574    0x00 0x00                                                                        NOPX
.delay_slot
.swstall delay_slot
	   576    0x00 0x00                                                                        NOPX
.delay_slot
.swstall delay_slot
	   578    0x00 0x00                                                                        NOPX
.delay_slot
.swstall delay_slot
	   580    0x00 0x2c 0xf0 0x00 0x20 0x00 0x00 0x00 0x00 0xad 0x81 0x36                      NOPA;                         NOPB;                         NOPS;                         NOPX
.return_address
.no_stack_arguments
	   592    0x00 0x21 0x00 0x00 0x00 0x00 0x00 0x00 0x40 0xba                                MOVA r1, #1;                                                                              JL #llvm___aie2p___release
.delay_slot
	   602    0x10 0x00 0xc9 0x18                                                                                                                                                        MOVX r0, #50
.delay_slot
.swstall delay_slot
	   606    0x00 0x00                                                                        NOPX
.delay_slot
.swstall delay_slot
	   608    0x00 0x00                                                                        NOPX
.delay_slot
.swstall delay_slot
	   610    0x00 0x00                                                                        NOPX
.delay_slot
.swstall delay_slot
	   612    0x00 0x2c 0xf0 0x00 0x20 0x00 0x00 0x00 0x00 0xad 0x81 0x36                      NOPA;                         NOPB;                         NOPS;                         NOPX
.return_address
	   624    0x12 0x95 0xa0 0x18                                                                                                                                                        JNZD r10, r10, p6
.delay_slot
.swstall delay_slot
	   628    0x00 0x00                                                                        NOPX
.delay_slot
.swstall delay_slot
	   630    0x00 0x00                                                                        NOPX
.delay_slot
.swstall delay_slot
	   632    0x00 0x00                                                                        NOPX
.delay_slot
.swstall delay_slot
	   634    0x00 0x00                                                                        NOPX
.delay_slot
.swstall delay_slot
	   636    0x00 0x00                                                                        NOPX
.loop_nesting 2
.no_stack_arguments
	   638    0x00 0x00 0x00 0x00 0x01 0x04                                                                                                                                              JL #llvm___aie2p___release
.delay_slot
	   644    0x06 0xa0 0x00 0x00 0x00 0x03 0x30 0x30 0x10 0xba                                MOVA r0, #53;                                                                             MOVXM p6, #(TGT_Fcore_0_2_96 + 0)
.delay_slot
	   654    0x10 0x02 0x05 0x18                                                                                                                                                        MOVX r1, #1
.delay_slot
.swstall delay_slot
	   658    0x00 0x00                                                                        NOPX
.delay_slot
.swstall delay_slot
	   660    0x00 0x00                                                                        NOPX
.delay_slot
.swstall delay_slot
	   662    0x00 0x2c 0xf0 0x00 0x10 0x00 0x01 0xa5 0x7e 0xba                                NOPA;                         NOPB;                                                                                     NOPM
.return_address
	   672    0x12 0x53 0xa0 0x18                                                                                                                                                        JNZD r9, r9, p6
.delay_slot
.swstall delay_slot
	   676    0x00 0x00                                                                        NOPX
.delay_slot
.swstall delay_slot
	   678    0x00 0x00                                                                        NOPX
.delay_slot
.swstall delay_slot
	   680    0x00 0x00                                                                        NOPX
.delay_slot
.swstall delay_slot
	   682    0x00 0x00                                                                        NOPX
.delay_slot
.swstall delay_slot
	   684    0x00 0x00                                                                        NOPX
.loop_nesting 1
	   686    0xf9 0xc2 0x20 0x44 0x02 0x2c                                                    LDA r16, [sp, #-52];                                                                      MOVX r17, #0
	   692    0x07 0xd2 0x51 0x18                                                              LDA r18, [sp, #-48]
	   696    0x00 0x00                                                                        NOPX
	   698    0x00 0x00                                                                        NOPX
	   700    0x00 0x00                                                                        NOPX
	   702    0x00 0x00                                                                        NOPX
	   704    0x00 0x00                                                                        NOPX
	   706    0x14 0x20 0x07 0x18                                                                                                                                                        ADD r16, r16, #1
	   710    0x14 0x67 0x22 0x98                                                                                                                                                        ADC r19, r17, r18
	   714    0x13 0x29 0x08 0x98                                                                                                                                                        NE r20, r12, r16
	   718    0x14 0xe4 0xd0 0x18                                                                                                                                                        EQZ r18, r19
	   722    0x14 0xe3 0x1a 0x98                                                                                                                                                        LT r17, r19, r17
	   726    0x14 0xa5 0x44 0x98                                                                                                                                                        AND r18, r18, r20
	   730    0x14 0x63 0x25 0x98                                                                                                                                                        OR r17, r17, r18
	   734    0x88 0x00 0x28 0x40 0x01 0x84                                                                                                                                              JNZ r17, #TGT_Fcore_0_2_80
.delay_slot
	   740    0x0f 0xd2 0x75 0x98                                                                                                                          ST r19, [sp, #-48]
.delay_slot
.swstall delay_slot
	   744    0x00 0x00                                                                        NOPX
.delay_slot
.swstall delay_slot
	   746    0x00 0x00                                                                        NOPX
.delay_slot
.swstall delay_slot
	   748    0x00 0x00                                                                        NOPX
.delay_slot
.swstall delay_slot
	   750    0x00 0x00                                                                        NOPX
.loop_nesting 0
	   752    0x07 0xd4 0x39 0x18                                                              LDA lr, [sp, #-44]
	   756    0x07 0xd9 0x31 0x18                                                              LDA r9, [sp, #-40]
	   760    0x07 0xdd 0x51 0x18                                                              LDA r10, [sp, #-36]
	   764    0x07 0xe1 0x71 0x18                                                              LDA r11, [sp, #-32]
	   768    0x07 0xe9 0x91 0x18                                                              LDA r12, [sp, #-24]
	   772    0x07 0xf1 0xb1 0x18                                                              LDA r13, [sp, #-16]
	   776    0x07 0xf5 0xd1 0x18                                                              LDA r14, [sp, #-12]
	   780    0x07 0xf9 0xf1 0x18                                                              LDA r15, [sp, #-8]
	   784    0x07 0xfd 0x11 0x18                                                              LDA r8, [sp, #-4]
	   788    0x07 0xe7 0x19 0x18                                                              LDA p6, [sp, #-28]
	   792    0x07 0xef 0x99 0x18                                                              LDA p7, [sp, #-20]
	   796    0x10 0x28 0x00 0x18                                                                                                                                                        RET lr
.delay_slot
	   800    0xff 0xf8 0x00 0x00 0x01 0xc4                                                                                                                                              PADDXM [sp], #-64
.delay_slot
.swstall delay_slot
	   806    0x00 0x00                                                                        NOPX
.delay_slot
.swstall delay_slot
	   808    0x00 0x00                                                                        NOPX
.delay_slot
.swstall delay_slot
	   810    0x00 0x00                                                                        NOPX
.label core_0_2__end last
.delay_slot
.swstall delay_slot
	   812    0x00 0x00                                                                        NOPX

.undef global data C_l1_buff_0

.undef global data A_l1_cons_buff_0

.undef global data B_l1_cons_buff_0

.undef global text llvm___aie2p___acquire

.undef global text zero_kernel_bf16

.undef global text matmul_vectorized_bf16

.undef global text llvm___aie2p___release

.text_segment_name
.text global 10 llvm___aie2p___acquire
.function_start
	     0    0x10 0x12 0x18 0x18                                                                                                                                                        ACQ r0, r1
	     4    0x10 0x28 0x00 0x18                                                                                                                                                        RET lr
.delay_slot
.swstall delay_slot
	     8    0x00 0x00                                                                        NOPX
.delay_slot
.swstall delay_slot
	    10    0x00 0x00                                                                        NOPX
.delay_slot
.swstall delay_slot
	    12    0x00 0x00                                                                        NOPX
.delay_slot
.swstall delay_slot
	    14    0x00 0x00                                                                        NOPX
.label llvm___aie2p___acquire__end last
.delay_slot
.swstall delay_slot
	    16    0x00 0x00                                                                        NOPX

.text_segment_name
.text global 10 llvm___aie2p___release
.function_start
	     0    0x10 0x10 0x18 0x18                                                                                                                                                        REL r0, r1
	     4    0x10 0x28 0x00 0x18                                                                                                                                                        RET lr
.delay_slot
.swstall delay_slot
	     8    0x00 0x00                                                                        NOPX
.delay_slot
.swstall delay_slot
	    10    0x00 0x00                                                                        NOPX
.delay_slot
.swstall delay_slot
	    12    0x00 0x00                                                                        NOPX
.delay_slot
.swstall delay_slot
	    14    0x00 0x00                                                                        NOPX
.label llvm___aie2p___release__end last
.delay_slot
.swstall delay_slot
	    16    0x00 0x00                                                                        NOPX

.text_segment_name
.text global 10 llvm___aie___event0
.function_start
	     0    0x10 0x28 0x00 0x18                                                                                                                                                        RET lr
.delay_slot
	     4    0x10 0x10 0x00 0x18                                                                                                                                                        EVENT #0
.delay_slot
.swstall delay_slot
	     8    0x00 0x00                                                                        NOPX
.delay_slot
.swstall delay_slot
	    10    0x00 0x00                                                                        NOPX
.delay_slot
.swstall delay_slot
	    12    0x00 0x00                                                                        NOPX
.label llvm___aie___event0__end last
.delay_slot
.swstall delay_slot
	    14    0x00 0x00                                                                        NOPX

.text_segment_name
.text global 10 llvm___aie___event1
.function_start
	     0    0x10 0x28 0x00 0x18                                                                                                                                                        RET lr
.delay_slot
	     4    0x12 0x10 0x00 0x18                                                                                                                                                        EVENT #1
.delay_slot
.swstall delay_slot
	     8    0x00 0x00                                                                        NOPX
.delay_slot
.swstall delay_slot
	    10    0x00 0x00                                                                        NOPX
.delay_slot
.swstall delay_slot
	    12    0x00 0x00                                                                        NOPX
.label llvm___aie___event1__end last
.delay_slot
.swstall delay_slot
	    14    0x00 0x00                                                                        NOPX



.direct_eval +,-,(,)
