
// File generated by darts version V-2024.06#8be6237c82#250729, Mon Jun 29 01:19:48 2026
// Copyright 2014-2024 Synopsys, Inc. All rights reserved.
// darts -I/home/bcloud/torch2aie/toolchain/aietools/data/aie2p/lib -d -h -I/home/bcloud/torch2aie/toolchain/aietools/include -I/home/bcloud/torch2aie/toolchain/aietools/data/aie2p/lib/runtime_cxx/libcxx-lite/include -I/home/bcloud/torch2aie/toolchain/aietools/data/aie2p/lib/runtime_cxx/libs/libcxx-16/include -I/home/bcloud/torch2aie/toolchain/aietools/data/aie2p/lib/runtime_cxx/libs/libcxxabi-16/include -I/home/bcloud/torch2aie/toolchain/aietools/data/aie2p/lib/runtime/include -D__AIENGINE__ -D__AIE_ARCH__=21 -D__AIEARCH__=21 -DDIM_M=128 -DDIM_K=64 -DDIM_N=128 -D__tct_tgt__=250729 -L +Ihex +nanno mm_bf16_v3.o me

// Release: ipp V-2024.06-TGT-250729
.data_segment_name
.bss local 4 _ZL9g_counter DMb 4

.undef local data _ZL9g_counter

.undef global data _ZN12me_primitive11control_satE

.undef global data _ZN12me_primitive11control_rndE

.text_segment_name
.text global 16 zero_kernel_bf16
.function_start
	     0    0x20 0x05 0x40 0x00 0x20 0x01 0x5b 0x00 0x00 0x00 0x78 0x38 0x10 0x00 0x00 0xe1  MOVA lc, #256;                NOPB;                         NOPS;                         MOVXM ls, #(ZLS_Fzero_kernel_bf16_112 + 0);                           NOPV
	    16    0x00 0x18 0x00 0x00 0x20 0x01 0x5b 0x00 0x00 0x01 0xb8 0x40 0x10 0x00 0x00 0xe1  MOVA r24, #0;                 NOPB;                         NOPS;                         MOVXM le, #(ZLE_Fzero_kernel_bf16_128 + 0);                           NOPV
	    32    0x00 0x2c 0xf0 0x00 0x20 0x01 0x5b 0x00 0x00 0x00 0x30 0xb9 0x78 0x00 0x00 0xe1  NOPA;                         NOPB;                         NOPS;                         NOPX;                         VBCST.16 x0, r24;                       NOPV
	    48    0x00 0x2c 0xf0 0x00 0x20 0x01 0x5b 0x00 0x00 0x00 0x00 0x49 0x78 0x00 0x00 0xe1  NOPA;                         NOPB;                         NOPS;                         NOPX;                         VMOV bmll0, x0;                         NOPV
	    64    0x00 0x2c 0xf0 0x00 0x20 0x01 0x5b 0x00 0x00 0x00 0x01 0xa5 0x78 0x00 0x00 0xe1  NOPA;                         NOPB;                         NOPS;                         NOPX;                         NOPM;                                   NOPV
	    80    0x00 0x2c 0xf0 0x00 0x20 0x01 0x5b 0x00 0x00 0x00 0x01 0xa5 0x78 0x00 0x00 0xe1  NOPA;                         NOPB;                         NOPS;                         NOPX;                         NOPM;                                   NOPV
	    96    0x00 0x2c 0xf0 0x00 0x20 0x01 0x5b 0x00 0x00 0x00 0x01 0xa5 0x78 0x00 0x00 0xe1  NOPA;                         NOPB;                         NOPS;                         NOPX;                         NOPM;                                   NOPV
.label ZLS_Fzero_kernel_bf16_112
.loop_nesting 1
.begin_of_loop
	   112    0x00 0x2c 0xf0 0x00 0x20 0x1c 0x06 0x80 0x00 0x00 0x01 0xa5 0x78 0x00 0x00 0xe1  NOPA;                         NOPB;                         VST bmll0, [p0], #64;         NOPX;                         NOPM;                                   NOPV
.label ZLE_Fzero_kernel_bf16_128
.end_of_loop
	   128    0x00 0x2c 0xf0 0x00 0x20 0x1c 0x06 0x80 0x00 0x00 0x01 0xa5 0x78 0x00 0x00 0xe1  NOPA;                         NOPB;                         VST bmll0, [p0], #64;         NOPX;                         NOPM;                                   NOPV
.loop_nesting 0
	   144    0x10 0x28 0x00 0x18                                                                                                                                                        RET lr
.delay_slot
.swstall delay_slot
	   148    0x00 0x00                                                                        NOPX
.delay_slot
.swstall delay_slot
	   150    0x00 0x00                                                                        NOPX
.delay_slot
.swstall delay_slot
	   152    0x00 0x00                                                                        NOPX
.delay_slot
.swstall delay_slot
	   154    0x00 0x00                                                                        NOPX
.label zero_kernel_bf16__end last
.delay_slot
.swstall delay_slot
	   156    0x00 0x00                                                                        NOPX

.text_segment_name
.text global 10 matmul_vectorized_bf16
.function_start
	     0    0x00 0x60 0x00 0x00 0x0a 0x00 0x00 0x00 0x70 0xba                                MOVA r0, #3;                                                                              PADDXM [sp], #320
	    10    0x01 0xa5 0x07 0xe9 0x55 0x80 0x00 0x01 0xb0 0x00 0x10 0x76                      MOVA r5, #13;                                               ST r10, [sp, #-24];           MOVXM p3, #_ZL9g_counter
	    22    0x60 0x9e 0xd7 0xed 0x75 0x81 0x00 0xaa 0x2e 0x60 0x78 0x76                      LDA r7, [p3];                                               ST r11, [sp, #-20];           MOVX r16, #5;                 MOV r17, p6
	    34    0x00 0xc4 0x07 0xe5 0x35 0x80 0x00 0x02 0x30 0x00 0x10 0x76                      MOVA r4, #6;                                                ST r9, [sp, #-28];            MOVXM p4, #_ZN12me_primitive11control_rndE
	    46    0x80 0x98 0x57 0xf9 0xd5 0x80 0x33 0xca 0x32 0xf0 0x78 0x76                      LDA.s8 r6, [p4];                                            ST r14, [sp, #-8];            MOVX r3, #30;                 MOV p4, sp
	    58    0x03 0xe1 0x09 0xbf 0x20 0x04 0x1d 0x66 0x8c 0x0f 0xfe 0xb2 0xb0 0x7e            MOVA r1, #31;                 PADDB [p4], #-192;            ST r12, [sp, #-12];           MOVX r2, #7;                  MOV p6, p4
	    72    0x0e 0x50 0x8d 0x7f 0x20 0x10 0x61 0x39 0xec 0x0f 0xfc 0x22 0xb0 0x7e            MOVA m4, #114;                PADDB [p6], #-320;            ST r8, [sp, #-32];            MOVX r8, #24;                 MOV r14, p7
	    86    0x1e 0x4c 0x87 0xf1 0xb5 0x80 0xd0 0x49 0x8c 0x60 0x78 0x76                      MOVA m3, #242;                                              ST r13, [sp, #-16];           MOVX r13, #2;                 MOV r12, p4
	    98    0x82 0x08 0x87 0xfd 0xf5 0x80 0xf3 0x68 0x48 0xce 0x78 0x76                      MOVA m2, #-1008;                                            ST r15, [sp, #-4];            MOVX r15, #27;                MOV el1, r17
	   110    0xfa 0x04 0x80 0x0f 0xb0 0x3d 0x69 0xc0 0x48 0xba                                MOVA m1, #-48;                                                                            EQ r27, r7, r0;               ADD.NC r11, r7, #1
	   120    0x60 0x00 0x80 0x01 0x80 0x08 0x07 0x4e 0x78 0xba                                MOVA m0, #768;                                                                            MOVX r24, #0;                 MOV el0, r14
	   130    0x00 0x71 0x00 0x0e 0xa2 0xef 0xd9 0x90 0x78 0xba                                MOVA r17, #3;                                                                             LSHL r10, r7, r5;             MOV crRnd, r6
	   140    0x00 0x85 0x00 0x00 0xe3 0x4a 0x82 0x90 0x78 0xba                                MOVA r5, #4;                                                                              MOVX r14, #26;                MOV m5, r10
	   150    0x03 0xa7 0x05 0x57 0x20 0x00 0x63 0x88 0x26 0x4e 0x78 0xb6                      MOVA r7, #29;                 PADDB [p2], m5;                                             MOVX r6, #28;                 MOV eh0, r12
	   162    0x00 0x2a 0x00 0x3f 0xff 0xff 0x04 0x08 0x10 0xba                                MOVA r10, #1;                                                                             MOVXM m6, #-2032
	   172    0x5a 0x70 0x45 0xa0 0x65 0x64                                                                                                                                              SEL.EQZ r9, r11, r24, r27;    MOV r11, #25
	   178    0xf8 0x09 0x00 0x00 0x20 0x00 0x00 0x50 0x70 0x02 0x60 0xa6 0x30 0x7e            MOVA r9, #-64;                NOPB;                         ST r9, [p3];                  MOVXM m5, #1792
.label TGT_Fmatmul_vectorized_bf16_192
.loop_nesting 1
	   192    0xfb 0xc6 0xb0 0x01 0x21 0xeb 0xb3 0x10 0x79 0x3a                                                                                            ST r17, [sp, #-36];           MOVX r18, #15;                MOV p7, r12
	   202    0x00 0x2c 0xf6 0xd9 0x81 0xd4                                                    NOPA;                                                                                                                   MOV p3, p6
.label TGT_Fmatmul_vectorized_bf16_208
.loop_nesting 2
	   208    0x00 0x11 0x07 0x1f 0x2b 0x00 0x08 0xea 0x37 0x60 0x78 0x76                      MOVA r17, #0;                                               VST sfh, [p7], #64;           MOVX lc, #7;                  MOV p4, p7
.aggressive_scheduled_block_id 1
.aggressive_scheduled_block_id first
	   220    0x03 0xe2 0x57 0x07 0x2b 0x00 0x00 0x00 0x78 0x90 0x10 0x76                      LDA.s16 r24, [p0], #2;                                      VST sfh, [p7];                MOVXM ls, #(ZLS_Fmatmul_vectorized_bf16_288 + 0)
.aggressive_scheduled_block_id 1
.noswbrkpt
	   232    0x03 0xf2 0x57 0xda 0x55 0x80 0x00 0x01 0xb8 0xc8 0x10 0x76                      LDA.s16 r28, [p0], #2;                                      ST r18, [sp, #-40];           MOVXM le, #(ZLE_Fmatmul_vectorized_bf16_400 + 0)
.aggressive_scheduled_block_id 1
.nohwbrkpt
.noswbrkpt
	   244    0x03 0xde 0x55 0x8c 0x0b 0x0b 0x58 0xad 0x88 0x00 0x58 0x76                      LDA.s16 r23, [p0], #2;                                      MOVS p5, r12;                 OR r21, r5, r17;              MOV r12, #0
.aggressive_scheduled_block_id 1
.nohwbrkpt
.noswbrkpt
	   256    0x03 0xce 0x54 0xf1 0x89 0x2c                                                    LDA.s16 r19, [p0], #2;                                                                    AND r28, r9, r12
.aggressive_scheduled_block_id 1
.aggressive_scheduled_block_id last
.nohwbrkpt
.noswbrkpt
	   262    0x03 0xca 0x50 0x23 0xb5 0x2c 0x47 0x10 0x78 0xba                                LDA.s16 r18, [p0], #2;                                                                    OR r27, r17, r10;             MOV dj0, r28
	   272    0x03 0xd2 0x5a 0x01 0xe8 0x01 0x5b 0x1b 0x98 0xac 0x01 0xa5 0x78 0x00 0x00 0xe1  LDA.s16 r20, [p0], #2;        VLDB x3, [p5, dj0];           NOPS;                         OR r25, r13, r17;             NOPM;                                   NOPV
.label ZLS_Fmatmul_vectorized_bf16_288
.loop_nesting 3
.begin_of_loop
	   288    0x00 0x00                                                                        NOPX
	   290    0x14 0x7a 0x84 0x98                                                                                                                                                        AND r29, r17, r8
	   294    0x14 0x74 0x05 0x98                                                                                                                                                        OR r26, r17, r0
	   298    0x14 0x6d 0x05 0x98                                                                                                                                                        OR r22, r17, r16
.aggressive_scheduled_block_id 2
.aggressive_scheduled_block_id first
	   302    0x8f 0x88 0xb6 0x2c 0x10 0x24                                                                                                                                              OR r30, r17, r4;              ADD.NC r12, r12, #16
.aggressive_scheduled_block_id 2
.noswbrkpt
	   308    0x03 0xee 0x50 0x23 0xf1 0x2e 0x2c 0x42 0x08 0xba                                LDA.s16 r27, [p0], #2;                                                                    OR r31, r17, r2;              ADD.NC r17, r17, #8
.aggressive_scheduled_block_id 2
.nohwbrkpt
.noswbrkpt
	   318    0x11 0x66 0x50 0x37 0xd5 0xa5 0x4f 0x84 0xb8 0xba                                LDA.s16 r25, [p0], m4;                                                                    AND r29, r27, r11;            VINSERT.16 x5, x3, r29, r24
.aggressive_scheduled_block_id 2
.aggressive_scheduled_block_id last
.nohwbrkpt
.noswbrkpt
	   328    0xcf 0x5c 0x99 0x5f 0x12 0xe4                                                                                                                                              AND r29, r25, r14;            VINSERT.16 x9, x5, r29, r28
	   334    0x7f 0x74 0x97 0x9d 0xd2 0xe4                                                                                                                                              AND r29, r15, r26;            VINSERT.16 x7, x9, r29, r23
	   340    0xaf 0x4c 0x91 0x7c 0xd2 0xe4                                                                                                                                              AND r29, r21, r6;             VINSERT.16 x1, x7, r29, r19
	   346    0x3f 0x6c 0x9b 0x1c 0x92 0xe4                                                                                                                                              AND r29, r7, r22;             VINSERT.16 x11, x1, r29, r18
.aggressive_scheduled_block_id 3
.aggressive_scheduled_block_id first
	   352    0x03 0xe2 0x50 0x07 0xdf 0x24 0xaf 0x44 0xb8 0xba                                LDA.s16 r24, [p0], #2;                                                                    AND r29, r3, r30;             VINSERT.16 x2, x11, r29, r20
.aggressive_scheduled_block_id 3
.noswbrkpt
	   362    0x03 0xf2 0x50 0x3f 0xd0 0xa5 0x0b 0xb4 0xb8 0xba                                LDA.s16 r28, [p0], #2;                                                                    AND r29, r31, r1;             VINSERT.16 x4, x2, r29, r27
.aggressive_scheduled_block_id 3
.nohwbrkpt
.noswbrkpt
	   372    0x03 0xde 0x50 0x13 0xc6 0x26 0x13 0x94 0xb8 0xba                                LDA.s16 r23, [p0], #2;                                                                    AND r28, r9, r12;             VINSERT.16 x8, x4, r29, r25
.aggressive_scheduled_block_id 3
.nohwbrkpt
.noswbrkpt
	   382    0x03 0xce 0x52 0xd6 0x2b 0x2c                                                    LDA.s16 r19, [p0], #2;                                                                    OR r21, r5, r17
.aggressive_scheduled_block_id 3
.aggressive_scheduled_block_id last
.nohwbrkpt
.noswbrkpt
	   388    0x03 0xca 0x55 0x02 0x13 0x23 0xb5 0x2c 0x47 0x10 0x78 0x76                      LDA.s16 r18, [p0], #2;                                      VST x8, [p5, dj0];            OR r27, r17, r10;             MOV dj0, r28
.label ZLE_Fmatmul_vectorized_bf16_400
.end_of_loop
.aggressive_scheduled_block_id 4
.aggressive_scheduled_block_id first
	   400    0x03 0xd2 0x5a 0x01 0xe8 0x01 0x5b 0x1b 0x98 0xac 0x01 0xa5 0x78 0x00 0x00 0xe1  LDA.s16 r20, [p0], #2;        VLDB x3, [p5, dj0];           NOPS;                         OR r25, r13, r17;             NOPM;                                   NOPV
.loop_nesting 2
.aggressive_scheduled_block_id 4
.noswbrkpt
	   416    0x03 0xee 0x50 0x23 0xd4 0x26 0xb8 0x07 0x58 0xba                                LDA.s16 r27, [p0], #2;                                                                    AND r29, r17, r8;             MOV lc, #7
.aggressive_scheduled_block_id 4
.nohwbrkpt
.noswbrkpt
	   426    0x11 0x66 0x50 0x23 0xa0 0x2d 0x88 0x00 0x58 0xba                                LDA.s16 r25, [p0], m4;                                                                    OR r26, r17, r0;              MOV r12, #0
.aggressive_scheduled_block_id 4
.nohwbrkpt
.noswbrkpt
	   436    0x23 0xe2 0x58 0xda 0x0b 0x2c                                                    LDA.s16 r24, [p1], #2;                                                                    OR r22, r17, r16
.aggressive_scheduled_block_id 4
.nohwbrkpt
.noswbrkpt
	   442    0x14 0x7c 0x45 0x98                                                                                                                                                        OR r30, r17, r4
.aggressive_scheduled_block_id 4
.nohwbrkpt
.noswbrkpt
	   446    0x8f 0xc4 0xb8 0xa0 0x01 0x64                                                                                                                                              OR r31, r17, r2;              MOV r17, #0
.aggressive_scheduled_block_id 4
.nohwbrkpt
.noswbrkpt
	   452    0x00 0x00 0x01 0xe4 0x80 0x44                                                                                                                                              MOVXM ls, #(ZLS_Fmatmul_vectorized_bf16_576 + 0)
.aggressive_scheduled_block_id 4
.nohwbrkpt
.noswbrkpt
	   458    0xdf 0x56 0x95 0x3e 0x12 0xe4                                                                                                                                              AND r29, r27, r11;            VINSERT.16 x5, x3, r29, r24
.aggressive_scheduled_block_id 4
.aggressive_scheduled_block_id last
.nohwbrkpt
.noswbrkpt
	   464    0xcf 0x5c 0x99 0x5f 0x12 0xe4                                                                                                                                              AND r29, r25, r14;            VINSERT.16 x9, x5, r29, r28
	   470    0x7f 0x74 0x97 0x9d 0xd2 0xe4                                                                                                                                              AND r29, r15, r26;            VINSERT.16 x7, x9, r29, r23
.aggressive_scheduled_block_id 5
.aggressive_scheduled_block_id first
	   476    0xaf 0x4c 0x91 0x7c 0xd2 0xe4                                                                                                                                              AND r29, r21, r6;             VINSERT.16 x1, x7, r29, r19
.aggressive_scheduled_block_id 5
.noswbrkpt
	   482    0x23 0xf2 0x50 0x0f 0xdb 0x26 0xc7 0x24 0xb8 0xba                                LDA.s16 r28, [p1], #2;                                                                    AND r29, r7, r22;             VINSERT.16 x11, x1, r29, r18
.aggressive_scheduled_block_id 5
.nohwbrkpt
.noswbrkpt
	   492    0x23 0xde 0x50 0x07 0xdf 0x24 0xaf 0x44 0xb8 0xba                                LDA.s16 r23, [p1], #2;                                                                    AND r29, r3, r30;             VINSERT.16 x2, x11, r29, r20
.aggressive_scheduled_block_id 5
.nohwbrkpt
.noswbrkpt
	   502    0x23 0xce 0x50 0x3f 0xd0 0xa5 0x0b 0xb4 0xb8 0xba                                LDA.s16 r19, [p1], #2;                                                                    AND r29, r31, r1;             VINSERT.16 x4, x2, r29, r27
.aggressive_scheduled_block_id 5
.nohwbrkpt
.noswbrkpt
	   512    0x23 0xca 0x50 0x13 0xc6 0x26 0x13 0x94 0xb8 0xba                                LDA.s16 r18, [p1], #2;                                                                    AND r28, r9, r12;             VINSERT.16 x8, x4, r29, r25
.aggressive_scheduled_block_id 5
.nohwbrkpt
.noswbrkpt
	   522    0x23 0xd2 0x50 0x00 0x00 0x01 0xb9 0x58 0x10 0xba                                LDA.s16 r20, [p1], #2;                                                                    MOVXM le, #(ZLE_Fmatmul_vectorized_bf16_688 + 0)
.aggressive_scheduled_block_id 5
.nohwbrkpt
.noswbrkpt
	   532    0xa0 0x42 0x60 0x0b 0x58 0xae 0xb3 0x60 0x79 0x3a                                                                                            VST x8, [p5, dj0];            OR r21, r5, r17;              MOV p5, p3
.aggressive_scheduled_block_id 5
.aggressive_scheduled_block_id last
.nohwbrkpt
.noswbrkpt
	   542    0x63 0xe5 0x60 0x23 0xb5 0x2c 0xc7 0x10 0x79 0x3a                                                                                            VST sfh, [p3], #64;           OR r27, r17, r10;             MOV dj1, r28
	   552    0x60 0xe5 0x60 0x00 0x23 0x73 0x15 0xd2                                                                        NOPB;                         VST sfh, [p3];                OR r25, r13, r17
	   560    0x00 0x2c 0xfc 0x43 0x68 0x01 0x5b 0x00 0x00 0x00 0x01 0xa5 0x78 0x00 0x00 0xe1  NOPA;                         VLDB x6, [p6, dj1];           NOPS;                         NOPX;                         NOPM;                                   NOPV
.label ZLS_Fmatmul_vectorized_bf16_576
.loop_nesting 3
.begin_of_loop
	   576    0x00 0x00                                                                        NOPX
	   578    0x14 0x7a 0x84 0x98                                                                                                                                                        AND r29, r17, r8
	   582    0x14 0x74 0x05 0x98                                                                                                                                                        OR r26, r17, r0
	   586    0x14 0x6d 0x05 0x98                                                                                                                                                        OR r22, r17, r16
.aggressive_scheduled_block_id 6
.aggressive_scheduled_block_id first
	   590    0x8f 0x88 0xb6 0x2c 0x10 0x24                                                                                                                                              OR r30, r17, r4;              ADD.NC r12, r12, #16
.aggressive_scheduled_block_id 6
.noswbrkpt
	   596    0x23 0xee 0x50 0x23 0xf1 0x2e 0x2c 0x42 0x08 0xba                                LDA.s16 r27, [p1], #2;                                                                    OR r31, r17, r2;              ADD.NC r17, r17, #8
.aggressive_scheduled_block_id 6
.nohwbrkpt
.noswbrkpt
	   606    0x2d 0x66 0x50 0x37 0xd5 0xa4 0x1b 0x84 0xb8 0xba                                LDA.s16 r25, [p1], m3;                                                                    AND r29, r27, r11;            VINSERT.16 x0, x6, r29, r24
.aggressive_scheduled_block_id 6
.aggressive_scheduled_block_id last
.nohwbrkpt
.noswbrkpt
	   616    0xcf 0x5c 0x9a 0x0f 0x12 0xe4                                                                                                                                              AND r29, r25, r14;            VINSERT.16 x10, x0, r29, r28
	   622    0x7f 0x74 0x93 0xad 0xd2 0xe4                                                                                                                                              AND r29, r15, r26;            VINSERT.16 x3, x10, r29, r23
	   628    0xaf 0x4c 0x95 0x3c 0xd2 0xe4                                                                                                                                              AND r29, r21, r6;             VINSERT.16 x5, x3, r29, r19
	   634    0x3f 0x6c 0x92 0x5c 0x92 0xe4                                                                                                                                              AND r29, r7, r22;             VINSERT.16 x2, x5, r29, r18
.aggressive_scheduled_block_id 7
.aggressive_scheduled_block_id first
	   640    0x23 0xe2 0x50 0x07 0xdf 0x25 0x0b 0x44 0xb8 0xba                                LDA.s16 r24, [p1], #2;                                                                    AND r29, r3, r30;             VINSERT.16 x4, x2, r29, r20
.aggressive_scheduled_block_id 7
.noswbrkpt
	   650    0x23 0xf2 0x50 0x3f 0xd0 0xa6 0x53 0xb4 0xb8 0xba                                LDA.s16 r28, [p1], #2;                                                                    AND r29, r31, r1;             VINSERT.16 x9, x4, r29, r27
.aggressive_scheduled_block_id 7
.nohwbrkpt
.noswbrkpt
	   660    0x23 0xde 0x50 0x13 0xc6 0x26 0x27 0x94 0xb8 0xba                                LDA.s16 r23, [p1], #2;                                                                    AND r28, r9, r12;             VINSERT.16 x8, x9, r29, r25
.aggressive_scheduled_block_id 7
.nohwbrkpt
.noswbrkpt
	   670    0x23 0xce 0x52 0xd6 0x2b 0x2c                                                    LDA.s16 r19, [p1], #2;                                                                    OR r21, r5, r17
.aggressive_scheduled_block_id 7
.aggressive_scheduled_block_id last
.nohwbrkpt
.noswbrkpt
	   676    0x23 0xca 0x56 0x22 0x13 0x23 0xb5 0x2c 0xc7 0x10 0x78 0x76                      LDA.s16 r18, [p1], #2;                                      VST x8, [p6, dj1];            OR r27, r17, r10;             MOV dj1, r28
.label ZLE_Fmatmul_vectorized_bf16_688
.end_of_loop
.aggressive_scheduled_block_id 8
.aggressive_scheduled_block_id first
	   688    0x23 0xd2 0x5c 0x43 0x68 0x01 0x5b 0x1b 0x98 0xac 0x01 0xa5 0x78 0x00 0x00 0xe1  LDA.s16 r20, [p1], #2;        VLDB x6, [p6, dj1];           NOPS;                         OR r25, r13, r17;             NOPM;                                   NOPV
.loop_nesting 2
.aggressive_scheduled_block_id 8
.noswbrkpt
	   704    0x23 0xee 0x58 0x0b 0x6c 0x7a 0x84 0xb2 0x11 0xcf 0x09 0x0b 0x60 0x7e            LDA.s16 r27, [p1], #2;        VLDB x6, [p4];                PADDS [p0], m2;               AND r29, r17, r8;             MOV r12, eh0
.aggressive_scheduled_block_id 8
.nohwbrkpt
.noswbrkpt
	   718    0x2d 0x66 0x5f 0xfb 0xec 0x74 0x05 0x92                                          LDA.s16 r25, [p1], m3;        VLDB x7, [p7], #-64;                                        OR r26, r17, r0
.aggressive_scheduled_block_id 8
.nohwbrkpt
.noswbrkpt
	   726    0xfb 0x46 0x23 0x97 0x24 0x6d 0x05 0x92                                          LDA r17, [sp, #-40];          PADDB [p1], m6;                                             OR r22, r17, r16
.aggressive_scheduled_block_id 8
.nohwbrkpt
.noswbrkpt
	   734    0x14 0x7c 0x45 0x98                                                                                                                                                        OR r30, r17, r4
.aggressive_scheduled_block_id 8
.nohwbrkpt
.noswbrkpt
	   738    0x14 0x7e 0x25 0x98                                                                                                                                                        OR r31, r17, r2
.aggressive_scheduled_block_id 8
.nohwbrkpt
.noswbrkpt
	   742    0x00 0x00 0x08 0xc1 0xa0 0x44                                                                                                                                              MOVXM p4, #(TGT_Fmatmul_vectorized_bf16_208 + 0)
.aggressive_scheduled_block_id 8
.nohwbrkpt
.noswbrkpt
	   748    0xdf 0x56 0x90 0x6e 0x12 0xe4                                                                                                                                              AND r29, r27, r11;            VINSERT.16 x0, x6, r29, r24
.aggressive_scheduled_block_id 8
.aggressive_scheduled_block_id last
.nohwbrkpt
.noswbrkpt
	   754    0xcf 0x5c 0x9a 0x0f 0x12 0xe4                                                                                                                                              AND r29, r25, r14;            VINSERT.16 x10, x0, r29, r28
	   760    0x7f 0x74 0x93 0xad 0xd2 0xe4                                                                                                                                              AND r29, r15, r26;            VINSERT.16 x3, x10, r29, r23
	   766    0xaf 0x4c 0x95 0x3c 0xd2 0xe4                                                                                                                                              AND r29, r21, r6;             VINSERT.16 x5, x3, r29, r19
	   772    0x67 0x92 0x00 0x0f 0xdb 0x24 0x97 0x24 0xb8 0xba                                MOVA r18, #828;                                                                           AND r29, r7, r22;             VINSERT.16 x2, x5, r29, r18
	   782    0x1f 0x7c 0x94 0x2d 0x12 0xe4                                                                                                                                              AND r29, r3, r30;             VINSERT.16 x4, x2, r29, r20
	   788    0xff 0x42 0x99 0x4e 0xd2 0xe4                                                                                                                                              AND r29, r31, r1;             VINSERT.16 x9, x4, r29, r27
	   794    0x1c 0x4f 0x29 0x78                                                                                                                                                                                      VINSERT.16 x8, x9, r29, r25
	   798    0x00 0x00                                                                        NOPX
	   800    0x0e 0x22 0x13 0x18                                                                                                                          VST x8, [p6, dj1]
	   804    0x7f 0x8b 0x75 0x04 0x34 0x02 0xb2 0x60 0x7e 0xba                                VLDA x1, [p3], #-64;          VLDB x0, [p5];                                                                            MOV p5, p2
	   814    0x02 0x1c 0x2b 0x98                                                              VLDA.CONV.fp32.bf16 cml0, [p2], #64
	   818    0x02 0x04 0x6b 0x98                                                              VLDA.CONV.fp32.bf16 cmh0, [p2]
	   822    0x00 0x00                                                                        NOPX
	   824    0x00 0x00                                                                        NOPX
	   826    0x00 0x00                                                                        NOPX
	   828    0x00 0x00                                                                        NOPX
	   830    0x90 0x0c 0x11 0x48                                                                                                                                                                                                                              VMAC.f dm0, dm0, y3, y0, r18
	   834    0x00 0x00                                                                        NOPX
	   836    0x14 0x65 0x20 0x18                                                                                                                                                        JNZD r18, r17, p4
.delay_slot
.swstall delay_slot
	   840    0x00 0x00                                                                        NOPX
.delay_slot
.swstall delay_slot
	   842    0x00 0x00                                                                        NOPX
.delay_slot
.swstall delay_slot
	   844    0x00 0x00                                                                        NOPX
.delay_slot
	   846    0x0d 0x04 0x23 0x18                                                                                                                          VST.CONV.bf16.fp32 cml0, [p5]
.delay_slot
	   850    0x0a 0x28 0x63 0x18                                                                                                                          VST.CONV.bf16.fp32 cmh0, [p2], m1
.loop_nesting 1
	   854    0xfb 0xc6 0x20 0x17 0x20 0x00 0x00 0x76 0x0c 0x02 0x55 0x0b 0x60 0x7e            LDA r17, [sp, #-36];          PADDB [p0], m0;               PADDS [p2], m5;               MOVXM p7, #(TGT_Fmatmul_vectorized_bf16_192 + 0)
	   868    0x00 0x00                                                                        NOPX
	   870    0x00 0x00                                                                        NOPX
	   872    0x00 0x00                                                                        NOPX
	   874    0x00 0x00                                                                        NOPX
	   876    0x00 0x00                                                                        NOPX
	   878    0x00 0x00                                                                        NOPX
	   880    0x14 0x63 0xe0 0x18                                                                                                                                                        JNZD r17, r17, p7
.delay_slot
	   884    0x39 0xcf 0x90 0x18                                                                                            PADDB [p1], #-256
.delay_slot
.swstall delay_slot
	   888    0x00 0x00                                                                        NOPX
.delay_slot
.swstall delay_slot
	   890    0x00 0x00                                                                        NOPX
.delay_slot
.swstall delay_slot
	   892    0x00 0x00                                                                        NOPX
.delay_slot
.swstall delay_slot
	   894    0x00 0x00                                                                        NOPX
.loop_nesting 0
	   896    0xff 0xbe 0x25 0xc0 0x39 0xd4                                                    LDA r15, [sp, #-4];                                                                                                     MOV r11, el0
	   902    0x07 0xf9 0xd1 0x18                                                              LDA r14, [sp, #-8]
	   906    0x07 0xf5 0x91 0x18                                                              LDA r12, [sp, #-12]
.aggressive_scheduled_block_id 9
.aggressive_scheduled_block_id first
	   910    0x07 0xf1 0xb1 0x18                                                              LDA r13, [sp, #-16]
.aggressive_scheduled_block_id 9
.noswbrkpt
	   914    0x07 0xed 0x71 0x18                                                              LDA r11, [sp, #-20]
.aggressive_scheduled_block_id 9
.nohwbrkpt
.noswbrkpt
	   918    0x07 0xe9 0x51 0x18                                                              LDA r10, [sp, #-24]
.aggressive_scheduled_block_id 9
.nohwbrkpt
.noswbrkpt
	   922    0x07 0xe5 0x31 0x18                                                              LDA r9, [sp, #-28]
.aggressive_scheduled_block_id 9
.nohwbrkpt
.noswbrkpt
	   926    0x07 0xe1 0x11 0x18                                                              LDA r8, [sp, #-32]
.aggressive_scheduled_block_id 9
.nohwbrkpt
.noswbrkpt
	   930    0x10 0x28 0x00 0x18                                                                                                                                                        RET lr
.delay_slot
.aggressive_scheduled_block_id 9
.nohwbrkpt
.noswbrkpt
	   934    0x1a 0xa2 0x1c 0xf8                                                                                                                                                                                      MOV r10, el1
.delay_slot
.aggressive_scheduled_block_id 9
.nohwbrkpt
.noswbrkpt
	   938    0x1f 0x65 0xa0 0xf8                                                                                                                                                                                      MOV p7, r11
.delay_slot
.aggressive_scheduled_block_id 9
.aggressive_scheduled_block_id last
.nohwbrkpt
.noswbrkpt
	   942    0x1e 0x65 0x20 0xf8                                                                                                                                                                                      MOV p6, r10
.delay_slot
	   946    0xff 0xd8 0x00 0x00 0x01 0xc4                                                                                                                                              PADDXM [sp], #-320
.label matmul_vectorized_bf16__end last
.delay_slot
.swstall delay_slot
	   952    0x00 0x00                                                                        NOPX

.undef global data _ZN12me_primitive11control_rndE



.direct_eval +,-,(,)
