
// File generated by darts version V-2024.06#8be6237c82#250729, Sun Jun 28 23:06:38 2026
// Copyright 2014-2024 Synopsys, Inc. All rights reserved.
// darts -I/home/bcloud/torch2aie/toolchain/aietools/data/aie2p/lib -d -h -I/home/bcloud/torch2aie/toolchain/aietools/include -I/home/bcloud/torch2aie/toolchain/aietools/data/aie2p/lib/runtime_cxx/libcxx-lite/include -I/home/bcloud/torch2aie/toolchain/aietools/data/aie2p/lib/runtime_cxx/libs/libcxx-16/include -I/home/bcloud/torch2aie/toolchain/aietools/data/aie2p/lib/runtime_cxx/libs/libcxxabi-16/include -I/home/bcloud/torch2aie/toolchain/aietools/data/aie2p/lib/runtime/include -D__AIENGINE__ -D__AIE_ARCH__=21 -D__AIEARCH__=21 -DAIE_API_EMULATE_BFLOAT16_MMUL_WITH_BFP16=1 -D__tct_tgt__=250729 -L +Ihex +nanno mm_bf16_direct.o me

// Release: ipp V-2024.06-TGT-250729
.data_segment_name
.bss local 4 _ZL9g_counter DMb 4

.undef local data _ZL9g_counter

.undef global data _ZN12me_primitive11control_satE

.undef global data _ZN12me_primitive11control_rndE

.text_segment_name
.text global 16 zero_kernel_bf16
.function_start
	     0    0x20 0x05 0x40 0x00 0x20 0x01 0x5b 0x00 0x00 0x00 0x78 0x38 0x10 0x00 0x00 0xe1  MOVA lc, #256;                NOPB;                         NOPS;                         MOVXM ls, #(ZLS_Fzero_kernel_bf16_112 + 0);                           NOPV
	    16    0x00 0x18 0x00 0x00 0x20 0x01 0x5b 0x00 0x00 0x01 0xb8 0x40 0x10 0x00 0x00 0xe1  MOVA r24, #0;                 NOPB;                         NOPS;                         MOVXM le, #(ZLE_Fzero_kernel_bf16_128 + 0);                           NOPV
	    32    0x00 0x2c 0xf0 0x00 0x20 0x01 0x5b 0x00 0x00 0x00 0x30 0xb9 0x78 0x00 0x00 0xe1  NOPA;                         NOPB;                         NOPS;                         NOPX;                         VBCST.16 x0, r24;                       NOPV
	    48    0x00 0x2c 0xf0 0x00 0x20 0x01 0x5b 0x00 0x00 0x00 0x00 0x49 0x78 0x00 0x00 0xe1  NOPA;                         NOPB;                         NOPS;                         NOPX;                         VMOV bmll0, x0;                         NOPV
	    64    0x00 0x2c 0xf0 0x00 0x20 0x01 0x5b 0x00 0x00 0x00 0x01 0xa5 0x78 0x00 0x00 0xe1  NOPA;                         NOPB;                         NOPS;                         NOPX;                         NOPM;                                   NOPV
	    80    0x00 0x2c 0xf0 0x00 0x20 0x01 0x5b 0x00 0x00 0x00 0x01 0xa5 0x78 0x00 0x00 0xe1  NOPA;                         NOPB;                         NOPS;                         NOPX;                         NOPM;                                   NOPV
	    96    0x00 0x2c 0xf0 0x00 0x20 0x01 0x5b 0x00 0x00 0x00 0x01 0xa5 0x78 0x00 0x00 0xe1  NOPA;                         NOPB;                         NOPS;                         NOPX;                         NOPM;                                   NOPV
.label ZLS_Fzero_kernel_bf16_112
.loop_nesting 1
.begin_of_loop
	   112    0x00 0x2c 0xf0 0x00 0x20 0x1c 0x06 0x80 0x00 0x00 0x01 0xa5 0x78 0x00 0x00 0xe1  NOPA;                         NOPB;                         VST bmll0, [p0], #64;         NOPX;                         NOPM;                                   NOPV
.label ZLE_Fzero_kernel_bf16_128
.end_of_loop
	   128    0x00 0x2c 0xf0 0x00 0x20 0x1c 0x06 0x80 0x00 0x00 0x01 0xa5 0x78 0x00 0x00 0xe1  NOPA;                         NOPB;                         VST bmll0, [p0], #64;         NOPX;                         NOPM;                                   NOPV
.loop_nesting 0
	   144    0x10 0x28 0x00 0x18                                                                                                                                                        RET lr
.delay_slot
.swstall delay_slot
	   148    0x00 0x00                                                                        NOPX
.delay_slot
.swstall delay_slot
	   150    0x00 0x00                                                                        NOPX
.delay_slot
.swstall delay_slot
	   152    0x00 0x00                                                                        NOPX
.delay_slot
.swstall delay_slot
	   154    0x00 0x00                                                                        NOPX
.label zero_kernel_bf16__end last
.delay_slot
.swstall delay_slot
	   156    0x00 0x00                                                                        NOPX

.text_segment_name
.text global 10 matmul_vectorized_bf16
.function_start
	     0    0x01 0xa1 0x00 0x00 0x00 0x00 0xb0 0x00 0x10 0xba                                MOVA r1, #13;                                                                             MOVXM p1, #_ZL9g_counter
	    10    0x20 0x8e 0xd0 0x00 0x00 0x02 0xbc 0x00 0x10 0xba                                LDA r3, [p1];                                                                             MOVXM lc, #2048
	    20    0x00 0x62 0x00 0x00 0x00 0x00 0x78 0x28 0x10 0xba                                MOVA r2, #3;                                                                              MOVXM ls, #(ZLS_Fmatmul_vectorized_bf16_80 + 0)
	    30    0x00 0x1a 0x00 0x00 0x00 0x01 0xb8 0x48 0x10 0xba                                MOVA r26, #0;                                                                             MOVXM le, #(ZLE_Fmatmul_vectorized_bf16_144 + 0)
	    40    0x00 0x00                                                                        NOPX
	    42    0x00 0x00                                                                        NOPX
	    44    0x00 0x00                                                                        NOPX
	    46    0x00 0x00                                                                        NOPX
	    48    0x19 0x03 0xb0 0xa3 0x01 0x24                                                                                                                                              LSHL r4, r3, r1;              ADD.NC r1, r3, #1
	    54    0x1e 0xc4 0xf0 0x04 0x41 0xe4                                                                                                                                              EQ r27, r3, r2;               MOV m0, r4
	    60    0x41 0x72 0x00 0x87 0x44 0x1c                                                                                  PADDB [p2], m0;                                             SEL.EQZ r1, r1, r26, r27
	    66    0x00 0x2c 0xf2 0x08 0x63 0x00 0x00 0x40 0x1a 0x57 0x00 0x00 0x1c 0x2e            NOPA;                                                       ST r1, [p1];                                                NOPM;                                   NOPV
.label ZLS_Fmatmul_vectorized_bf16_80
.loop_nesting 1
.begin_of_loop
	    80    0x00 0x1c 0x12 0x98                                                              LDA.s16 r0, [p0], #2
	    84    0x02 0x1c 0x17 0x18                                                              ST.s16 r0, [p2], #2
	    88    0x00 0x00                                                                        NOPX
	    90    0x00 0x2c 0xf0 0x00 0x20 0x3c                                                    NOPA;                         NOPB
	    96    0x00 0x2c 0xf0 0x00 0x20 0x01 0x5b 0x00 0x00 0x00 0x01 0xa5 0x78 0x00 0x00 0xe1  NOPA;                         NOPB;                         NOPS;                         NOPX;                         NOPM;                                   NOPV
	   112    0x00 0x2c 0xf0 0x00 0x20 0x01 0x5b 0x00 0x00 0x00 0x01 0xa5 0x78 0x00 0x00 0xe1  NOPA;                         NOPB;                         NOPS;                         NOPX;                         NOPM;                                   NOPV
	   128    0x00 0x2c 0xf0 0x00 0x20 0x01 0x5b 0x00 0x00 0x00 0x01 0xa5 0x78 0x00 0x00 0xe1  NOPA;                         NOPB;                         NOPS;                         NOPX;                         NOPM;                                   NOPV
.label ZLE_Fmatmul_vectorized_bf16_144
.end_of_loop
	   144    0x00 0x2c 0xf0 0x00 0x20 0x01 0x5b 0x00 0x00 0x00 0x01 0xa5 0x78 0x00 0x00 0xe1  NOPA;                         NOPB;                         NOPS;                         NOPX;                         NOPM;                                   NOPV
.loop_nesting 0
	   160    0x10 0x28 0x00 0x18                                                                                                                                                        RET lr
.delay_slot
.swstall delay_slot
	   164    0x00 0x00                                                                        NOPX
.delay_slot
.swstall delay_slot
	   166    0x00 0x00                                                                        NOPX
.delay_slot
.swstall delay_slot
	   168    0x00 0x00                                                                        NOPX
.delay_slot
.swstall delay_slot
	   170    0x00 0x00                                                                        NOPX
.label matmul_vectorized_bf16__end last
.delay_slot
.swstall delay_slot
	   172    0x00 0x00                                                                        NOPX



.direct_eval +,-,(,)
